2015-08-21 18:05:55,241 [8] INFO  - 步骤“开始”: 步骤“开始”已启动
2015-08-21 18:05:55,272 [8] INFO  - 步骤“开始”已成功结束
2015-08-21 18:05:55,274 [8] INFO  - 步骤“测试流”: 步骤“测试流”已启动
2015-08-21 18:05:55,328 [8] INFO  - 步骤“迭代 1”: 步骤“迭代 1”已启动
2015-08-21 18:05:55,330 [8] INFO  - 步骤“连接到mysql数据库”: 步骤“连接到mysql数据库”已启动
2015-08-21 18:05:55,332 [8] INFO  - 步骤“连接到mysql数据库”: Connection string: DSN=localhost;Uid=root;Pwd={PWD};
2015-08-21 18:05:55,339 [8] INFO  - 步骤“连接到mysql数据库”已成功结束
2015-08-21 18:05:55,340 [8] INFO  - 步骤“获取到tb_new_sendmessage_verification表有效行数”: 步骤“获取到tb_new_sendmessage_verification表有效行数”已启动
2015-08-21 18:05:55,345 [8] INFO  - 步骤“获取到tb_new_sendmessage_verification表有效行数”已成功结束
2015-08-21 18:05:55,346 [8] INFO  - 步骤“循环执行tb_new_sendmessage_verification中的测试用例”: 步骤“循环执行tb_new_sendmessage_verification中的测试用例”已启动
2015-08-21 18:05:55,348 [8] INFO  - 步骤“迭代 1”: 步骤“迭代 1”已启动
2015-08-21 18:05:55,349 [8] INFO  - 步骤“查询tb_new_sendmessage_verification表中数据”: 步骤“查询tb_new_sendmessage_verification表中数据”已启动
2015-08-21 18:05:55,351 [8] INFO  - 步骤“查询tb_new_sendmessage_verification表中数据”已成功结束
2015-08-21 18:05:55,352 [8] INFO  - 步骤“查询tb_global_table表中ResponseXsid值”: 步骤“查询tb_global_table表中ResponseXsid值”已启动
2015-08-21 18:05:55,354 [8] INFO  - 步骤“查询tb_global_table表中ResponseXsid值”已成功结束
2015-08-21 18:05:55,355 [8] INFO  - 步骤“将xsid更新至最新值”: 步骤“将xsid更新至最新值”已启动
2015-08-21 18:05:55,358 [8] INFO  - 步骤“将xsid更新至最新值”: 输入参数“源字符串”，值:“”
2015-08-21 18:05:55,360 [8] INFO  - 步骤“将xsid更新至最新值”: 输入参数“搜索字符串 1”，值:“'x_1f1a0e62u0t5j480c916h26642tc3didb95f5an861da049516m0y7pd5aiu00'”
2015-08-21 18:05:55,361 [8] INFO  - 步骤“将xsid更新至最新值”: 输入参数“替换字符串 1”，值:“'x_151ad6pbn8s5r6a9idu3000c0b63u2t8j181c218hc6b4at9jd08b152bn6d09'”
2015-08-21 18:05:55,362 [8] INFO  - 步骤“将xsid更新至最新值”: 输入参数“区分大小写”，值:“True”
2015-08-21 18:05:55,363 [8] INFO  - 步骤“将xsid更新至最新值”: 输出参数“结果”，值:“”
2015-08-21 18:05:55,364 [8] INFO  - 步骤“将xsid更新至最新值”已成功结束
2015-08-21 18:05:55,365 [8] INFO  - 步骤“调用new/SeedMsg/sendMessage”: 步骤“调用new/SeedMsg/sendMessage”已启动
2015-08-21 18:05:55,373 [8] INFO  - 步骤“调用new/SeedMsg/sendMessage”: 提取 HTTP URL: 'http://115.28.183.149:7020/SeedMsg/sendMessage'
2015-08-21 18:05:55,839 [8] INFO  - 步骤“调用new/SeedMsg/sendMessage”: 服务器返回了状态代码: 200
2015-08-21 18:05:55,842 [8] INFO  - 步骤“调用new/SeedMsg/sendMessage”: HTTP 原始请求:
2015-08-21 18:05:55,876 [8] INFO  - 步骤“调用new/SeedMsg/sendMessage”: POST http://115.28.183.149:7020/SeedMsg/sendMessage 1.1
Content-Type: application/x-www-form-urlencoded
Host: 115.28.183.149:7020
Content-Length: 146
Expect: 100-continue
Connection: Keep-Alive
xsid=&messageType=1&from=77401169@365ime.com&cqid=test&content=作业测试&token=706b0aca50a94b176df4abbfb4f37c9f4e3eb67d&to=249901780@365ime.com

2015-08-21 18:05:55,880 [8] INFO  - 步骤“调用new/SeedMsg/sendMessage”: HTTP 原始响应:
2015-08-21 18:05:55,882 [8] INFO  - 步骤“调用new/SeedMsg/sendMessage”: HTTP/1.1 200 OK
Connection: keep-alive
Content-Length: 47
Content-Type: application/json; charset=utf-8,text/html
Date: Fri, 21-Aug-2015 10:05:52 GMT
Server: swoole-http-server
{"errorCode":-1,"errorMessage":"invalid token"}
2015-08-21 18:05:55,889 [8] INFO  - 步骤“调用new/SeedMsg/sendMessage”已成功结束
2015-08-21 18:05:55,891 [8] INFO  - 步骤“获取返回值转换为JSON”: 步骤“获取返回值转换为JSON”已启动
2015-08-21 18:05:55,899 [8] INFO  - 步骤“获取返回值转换为JSON”已成功结束
2015-08-21 18:05:55,900 [8] INFO  - 步骤“将Response插入到InterfaceResponse字段中”: 步骤“将Response插入到InterfaceResponse字段中”已启动
2015-08-21 18:05:55,994 [8] INFO  - 步骤“将Response插入到InterfaceResponse字段中”已成功结束
2015-08-21 18:05:55,997 [8] INFO  - 步骤“将errorcode更新到sql中”: 步骤“将errorcode更新到sql中”已启动
2015-08-21 18:05:56,027 [8] INFO  - 步骤“将errorcode更新到sql中”已成功结束
2015-08-21 18:05:56,029 [8] INFO  - 步骤“获取当前Case的实际值”: 步骤“获取当前Case的实际值”已启动
2015-08-21 18:05:56,035 [8] INFO  - 步骤“获取当前Case的实际值”已成功结束
2015-08-21 18:05:56,037 [8] INFO  - 步骤“获取当前Case的期待值”: 步骤“获取当前Case的期待值”已启动
2015-08-21 18:05:56,041 [8] INFO  - 步骤“获取当前Case的期待值”已成功结束
2015-08-21 18:05:56,043 [8] INFO  - 步骤“填写Result”: 步骤“填写Result”已启动
2015-08-21 18:05:56,048 [8] INFO  - 步骤“IfElse148”: 计算方式: 使用条件
2015-08-21 18:05:56,050 [8] INFO  - 步骤“是”: 步骤“是”已启动
2015-08-21 18:05:56,052 [8] INFO  - 步骤“在Result字段插入True”: 步骤“在Result字段插入True”已启动
2015-08-21 18:05:56,076 [8] INFO  - 步骤“在Result字段插入True”已成功结束
2015-08-21 18:05:56,078 [8] INFO  - 步骤“是”已成功结束
2015-08-21 18:05:56,080 [8] INFO  - 步骤“填写Result”已成功结束
2015-08-21 18:05:56,082 [8] INFO  - 步骤“迭代 1”已成功结束
2015-08-21 18:05:56,084 [8] INFO  - 步骤“循环执行tb_new_sendmessage_verification中的测试用例”已成功结束
2015-08-21 18:05:56,085 [8] INFO  - 步骤“对/SeedMsg/sendMessage接口token实行加密”: 步骤“对/SeedMsg/sendMessage接口token实行加密”已启动
2015-08-21 18:05:56,110 [8] INFO  - 步骤“对/SeedMsg/sendMessage接口token实行加密”已成功结束
2015-08-21 18:05:56,111 [8] INFO  - 步骤“Encryption.SHA1”: 步骤“Encryption.SHA1”已启动
2015-08-21 18:06:11,720 [8] INFO  - 步骤“Encryption.SHA1”已成功结束
2015-08-21 18:06:11,721 [8] INFO  - 步骤“查询出加密后EncryptionResult字段的值”: 步骤“查询出加密后EncryptionResult字段的值”已启动
2015-08-21 18:06:11,726 [8] INFO  - 步骤“查询出加密后EncryptionResult字段的值”已成功结束
2015-08-21 18:06:11,726 [8] INFO  - 步骤“查询tb_global_table表中ResponseXsid值”: 步骤“查询tb_global_table表中ResponseXsid值”已启动
2015-08-21 18:06:11,728 [8] INFO  - 步骤“查询tb_global_table表中ResponseXsid值”已成功结束
2015-08-21 18:06:11,730 [8] INFO  - 步骤“调用new/SeedMsg/sendMessage”: 步骤“调用new/SeedMsg/sendMessage”已启动
2015-08-21 18:06:11,732 [8] INFO  - 步骤“调用new/SeedMsg/sendMessage”: 提取 HTTP URL: 'http://115.28.183.149:7020/SeedMsg/sendMessage'
2015-08-21 18:06:14,901 [8] INFO  - 步骤“调用new/SeedMsg/sendMessage”: 服务器返回了状态代码: 200
2015-08-21 18:06:14,904 [8] INFO  - 步骤“调用new/SeedMsg/sendMessage”: HTTP 原始请求:
2015-08-21 18:06:14,908 [8] INFO  - 步骤“调用new/SeedMsg/sendMessage”: POST http://115.28.183.149:7020/SeedMsg/sendMessage 1.1
Content-Type: application/x-www-form-urlencoded
Host: 115.28.183.149:7020
Content-Length: 212
Expect: 100-continue
xsid=x_151ad6pbn8s5r6a9idu3000c0b63u2t8j181c218hc6b4at9jd08b152bn6d09&messageType=2&from=77401170@365ime.com&cqid=2&content=测试语文作业&token=ab85ee68077dcfc8f241984242686fc1d385a54e&to=77401169@365ime.com

2015-08-21 18:06:14,910 [8] INFO  - 步骤“调用new/SeedMsg/sendMessage”: HTTP 原始响应:
2015-08-21 18:06:14,912 [8] INFO  - 步骤“调用new/SeedMsg/sendMessage”: HTTP/1.1 200 OK
Connection: keep-alive
Content-Length: 40
Content-Type: text/html
Date: Fri, 21-Aug-2015 10:06:11 GMT
Server: swoole-http-server
{"errorMessage":"6702677","errorCode":0}
2015-08-21 18:06:14,920 [8] INFO  - 步骤“调用new/SeedMsg/sendMessage”已成功结束
2015-08-21 18:06:14,923 [8] INFO  - 步骤“将接口返回的Json更新至tb_result_table”: 步骤“将接口返回的Json更新至tb_result_table”已启动
2015-08-21 18:06:14,968 [8] INFO  - 步骤“将接口返回的Json更新至tb_result_table”已成功结束
2015-08-21 18:06:14,971 [8] INFO  - 步骤“迭代 1”已成功结束
2015-08-21 18:06:14,974 [8] INFO  - 步骤“测试流”已成功结束
2015-08-21 18:06:15,173 [8] INFO  - 步骤“结束”: 步骤“结束”已启动
2015-08-21 18:06:15,183 [8] INFO  - 步骤“结束”已成功结束
