2015-09-01 10:35:27,746 [8] INFO  - 步骤“开始”: 步骤“开始”已启动
2015-09-01 10:35:27,759 [8] INFO  - 步骤“开始”已成功结束
2015-09-01 10:35:27,761 [8] INFO  - 步骤“测试流”: 步骤“测试流”已启动
2015-09-01 10:35:27,802 [8] INFO  - 步骤“迭代 1”: 步骤“迭代 1”已启动
2015-09-01 10:35:27,805 [8] INFO  - 步骤“连接到mysql数据库”: 步骤“连接到mysql数据库”已启动
2015-09-01 10:35:27,811 [8] INFO  - 步骤“连接到mysql数据库”: Connection string: DSN=192.168.50.11;Uid=ime;Pwd=www.365ime.com!;
2015-09-01 10:35:27,828 [8] INFO  - 步骤“连接到mysql数据库”已成功结束
2015-09-01 10:35:27,829 [8] INFO  - 步骤“获取到tb_getVCards_verification表有效行数”: 步骤“获取到tb_getVCards_verification表有效行数”已启动
2015-09-01 10:35:27,837 [8] INFO  - 步骤“获取到tb_getVCards_verification表有效行数”已成功结束
2015-09-01 10:35:27,838 [8] INFO  - 步骤“循环执行tb_getVCards_verification中的测试用例”: 步骤“循环执行tb_getVCards_verification中的测试用例”已启动
2015-09-01 10:35:27,841 [8] INFO  - 步骤“迭代 1”: 步骤“迭代 1”已启动
2015-09-01 10:35:27,842 [8] INFO  - 步骤“查询tb_getVCards_verification表中数据”: 步骤“查询tb_getVCards_verification表中数据”已启动
2015-09-01 10:35:27,845 [8] INFO  - 步骤“查询tb_getVCards_verification表中数据”已成功结束
2015-09-01 10:35:27,846 [8] INFO  - 步骤“查询tb_global_table表中ResponseXsid值”: 步骤“查询tb_global_table表中ResponseXsid值”已启动
2015-09-01 10:35:27,849 [8] INFO  - 步骤“查询tb_global_table表中ResponseXsid值”已成功结束
2015-09-01 10:35:27,850 [8] INFO  - 步骤“将xsid更新至最新值”: 步骤“将xsid更新至最新值”已启动
2015-09-01 10:35:27,854 [8] INFO  - 步骤“将xsid更新至最新值”: 输入参数“源字符串”，值:“x_1f1a0e62u0t5j480c916h26642tc3didb95f5an861da049516m0y7pd5aiu00”
2015-09-01 10:35:27,856 [8] INFO  - 步骤“将xsid更新至最新值”: 输入参数“搜索字符串 1”，值:“'x_1f1a0e62u0t5j480c916h26642tc3didb95f5an861da049516m0y7pd5aiu00'”
2015-09-01 10:35:27,857 [8] INFO  - 步骤“将xsid更新至最新值”: 输入参数“替换字符串 1”，值:“'x_071aha6b4ft633ibbc5052n169d70091e688e8ubm7a8ifud07030e6cutj8c1'”
2015-09-01 10:35:27,858 [8] INFO  - 步骤“将xsid更新至最新值”: 输出参数“结果”，值:“x_071aha6b4ft633ibbc5052n169d70091e688e8ubm7a8ifud07030e6cutj8c1”
2015-09-01 10:35:27,860 [8] INFO  - 步骤“将xsid更新至最新值”已成功结束
2015-09-01 10:35:27,861 [8] INFO  - 步骤“调用tb_getVCards_verification”: 步骤“调用tb_getVCards_verification”已启动
2015-09-01 10:35:27,868 [8] INFO  - 步骤“调用tb_getVCards_verification”: 提取 HTTP URL: 'http://yace-iq.365ime.com/iq/getVCards.php'
2015-09-01 10:35:27,970 [8] INFO  - 步骤“调用tb_getVCards_verification”: 服务器返回了状态代码: 200
2015-09-01 10:35:27,976 [8] INFO  - 步骤“调用tb_getVCards_verification”: HTTP 原始请求:
2015-09-01 10:35:27,980 [8] INFO  - 步骤“调用tb_getVCards_verification”: POST http://yace-iq.365ime.com/iq/getVCards.php 1.1
Content-Type: application/x-www-form-urlencoded
Host: yace-iq.365ime.com
Content-Length: 170
Expect: 100-continue
Connection: Keep-Alive
myJid=887021520@365ime.com&xsid=x_071aha6b4ft633ibbc5052n169d70091e688e8ubm7a8ifud07030e6cutj8c1&toJid=249901780@365ime.com&token=f220e24cce10aa285c4f69e51286780369c37b77

2015-09-01 10:35:27,984 [8] INFO  - 步骤“调用tb_getVCards_verification”: HTTP 原始响应:
2015-09-01 10:35:27,987 [8] INFO  - 步骤“调用tb_getVCards_verification”: HTTP/1.1 200 OK
Access-Control-Allow-Origin: *
Transfer-Encoding: chunked
Content-Type: text/html;charset=UTF-8
Date: Tue, 01 Sep 2015 02:35:45 GMT
Server: Apache-Coyote/1.1
{"message":"user not exist! ","data":[],"errorCode":"1"}

2015-09-01 10:35:27,997 [8] INFO  - 步骤“调用tb_getVCards_verification”已成功结束
2015-09-01 10:35:28,001 [8] INFO  - 步骤“获取返回值转换为JSON”: 步骤“获取返回值转换为JSON”已启动
2015-09-01 10:35:28,012 [8] INFO  - 步骤“获取返回值转换为JSON”已成功结束
2015-09-01 10:35:28,015 [8] INFO  - 步骤“将Response插入到InterfaceResponse字段中”: 步骤“将Response插入到InterfaceResponse字段中”已启动
2015-09-01 10:35:28,019 [8] INFO  - 步骤“将Response插入到InterfaceResponse字段中”已成功结束
2015-09-01 10:35:28,022 [8] INFO  - 步骤“将errorcode更新到sql中”: 步骤“将errorcode更新到sql中”已启动
2015-09-01 10:35:28,026 [8] INFO  - 步骤“将errorcode更新到sql中”已成功结束
2015-09-01 10:35:28,028 [8] INFO  - 步骤“获取当前Case的实际值”: 步骤“获取当前Case的实际值”已启动
2015-09-01 10:35:28,032 [8] INFO  - 步骤“获取当前Case的实际值”已成功结束
2015-09-01 10:35:28,034 [8] INFO  - 步骤“获取当前Case的期待值”: 步骤“获取当前Case的期待值”已启动
2015-09-01 10:35:28,041 [8] INFO  - 步骤“获取当前Case的期待值”已成功结束
2015-09-01 10:35:28,043 [8] INFO  - 步骤“填写Result”: 步骤“填写Result”已启动
2015-09-01 10:35:28,045 [8] INFO  - 步骤“IfElse189”: 计算方式: 使用条件
2015-09-01 10:35:28,046 [8] INFO  - 步骤“是”: 步骤“是”已启动
2015-09-01 10:35:28,047 [8] INFO  - 步骤“在Result字段插入True”: 步骤“在Result字段插入True”已启动
2015-09-01 10:35:28,050 [8] INFO  - 步骤“在Result字段插入True”已成功结束
2015-09-01 10:35:28,051 [8] INFO  - 步骤“是”已成功结束
2015-09-01 10:35:28,052 [8] INFO  - 步骤“填写Result”已成功结束
2015-09-01 10:35:28,054 [8] INFO  - 步骤“迭代 1”已成功结束
2015-09-01 10:35:28,057 [8] INFO  - 步骤“迭代 2”: 步骤“迭代 2”已启动
2015-09-01 10:35:28,058 [8] INFO  - 步骤“查询tb_getVCards_verification表中数据”: 步骤“查询tb_getVCards_verification表中数据”已启动
2015-09-01 10:35:28,061 [8] INFO  - 步骤“查询tb_getVCards_verification表中数据”已成功结束
2015-09-01 10:35:28,062 [8] INFO  - 步骤“查询tb_global_table表中ResponseXsid值”: 步骤“查询tb_global_table表中ResponseXsid值”已启动
2015-09-01 10:35:28,065 [8] INFO  - 步骤“查询tb_global_table表中ResponseXsid值”已成功结束
2015-09-01 10:35:28,066 [8] INFO  - 步骤“将xsid更新至最新值”: 步骤“将xsid更新至最新值”已启动
2015-09-01 10:35:28,067 [8] INFO  - 步骤“将xsid更新至最新值”: 输入参数“源字符串”，值:“x_1f1a0e62u0t5j480c916h26642tc3didb95f5an861da049516m0y7pd5aiu00”
2015-09-01 10:35:28,068 [8] INFO  - 步骤“将xsid更新至最新值”: 输入参数“搜索字符串 1”，值:“'x_1f1a0e62u0t5j480c916h26642tc3didb95f5an861da049516m0y7pd5aiu00'”
2015-09-01 10:35:28,069 [8] INFO  - 步骤“将xsid更新至最新值”: 输入参数“替换字符串 1”，值:“'x_071aha6b4ft633ibbc5052n169d70091e688e8ubm7a8ifud07030e6cutj8c1'”
2015-09-01 10:35:28,070 [8] INFO  - 步骤“将xsid更新至最新值”: 输出参数“结果”，值:“x_071aha6b4ft633ibbc5052n169d70091e688e8ubm7a8ifud07030e6cutj8c1”
2015-09-01 10:35:28,072 [8] INFO  - 步骤“将xsid更新至最新值”已成功结束
2015-09-01 10:35:28,073 [8] INFO  - 步骤“调用tb_getVCards_verification”: 步骤“调用tb_getVCards_verification”已启动
2015-09-01 10:35:28,074 [8] INFO  - 步骤“调用tb_getVCards_verification”: 提取 HTTP URL: 'http://yace-iq.365ime.com/iq/getVCards.php'
2015-09-01 10:35:28,122 [8] INFO  - 步骤“调用tb_getVCards_verification”: 服务器返回了状态代码: 200
2015-09-01 10:35:28,125 [8] INFO  - 步骤“调用tb_getVCards_verification”: HTTP 原始请求:
2015-09-01 10:35:28,128 [8] INFO  - 步骤“调用tb_getVCards_verification”: POST http://yace-iq.365ime.com/iq/getVCards.php 1.1
Content-Type: application/x-www-form-urlencoded
Host: yace-iq.365ime.com
Content-Length: 150
Expect: 100-continue
myJid=&xsid=x_071aha6b4ft633ibbc5052n169d70091e688e8ubm7a8ifud07030e6cutj8c1&toJid=249901780@365ime.com&token=e3d4ea82ded93f96856f5f9d6d4dc2ee17ffe55f

2015-09-01 10:35:28,131 [8] INFO  - 步骤“调用tb_getVCards_verification”: HTTP 原始响应:
2015-09-01 10:35:28,133 [8] INFO  - 步骤“调用tb_getVCards_verification”: HTTP/1.1 200 OK
Access-Control-Allow-Origin: *
Transfer-Encoding: chunked
Content-Type: text/html;charset=UTF-8
Date: Tue, 01 Sep 2015 02:35:45 GMT
Server: Apache-Coyote/1.1
{"message":"user not exist! ","data":[],"errorCode":"1"}

2015-09-01 10:35:28,137 [8] INFO  - 步骤“调用tb_getVCards_verification”已成功结束
2015-09-01 10:35:28,141 [8] INFO  - 步骤“获取返回值转换为JSON”: 步骤“获取返回值转换为JSON”已启动
2015-09-01 10:35:28,146 [8] INFO  - 步骤“获取返回值转换为JSON”已成功结束
2015-09-01 10:35:28,150 [8] INFO  - 步骤“将Response插入到InterfaceResponse字段中”: 步骤“将Response插入到InterfaceResponse字段中”已启动
2015-09-01 10:35:28,157 [8] INFO  - 步骤“将Response插入到InterfaceResponse字段中”已成功结束
2015-09-01 10:35:28,161 [8] INFO  - 步骤“将errorcode更新到sql中”: 步骤“将errorcode更新到sql中”已启动
2015-09-01 10:35:28,166 [8] INFO  - 步骤“将errorcode更新到sql中”已成功结束
2015-09-01 10:35:28,168 [8] INFO  - 步骤“获取当前Case的实际值”: 步骤“获取当前Case的实际值”已启动
2015-09-01 10:35:28,174 [8] INFO  - 步骤“获取当前Case的实际值”已成功结束
2015-09-01 10:35:28,176 [8] INFO  - 步骤“获取当前Case的期待值”: 步骤“获取当前Case的期待值”已启动
2015-09-01 10:35:28,182 [8] INFO  - 步骤“获取当前Case的期待值”已成功结束
2015-09-01 10:35:28,184 [8] INFO  - 步骤“填写Result”: 步骤“填写Result”已启动
2015-09-01 10:35:28,187 [8] INFO  - 步骤“IfElse189”: 计算方式: 使用条件
2015-09-01 10:35:28,192 [8] INFO  - 步骤“是”: 步骤“是”已启动
2015-09-01 10:35:28,194 [8] INFO  - 步骤“在Result字段插入True”: 步骤“在Result字段插入True”已启动
2015-09-01 10:35:28,202 [8] INFO  - 步骤“在Result字段插入True”已成功结束
2015-09-01 10:35:28,206 [8] INFO  - 步骤“是”已成功结束
2015-09-01 10:35:28,209 [8] INFO  - 步骤“填写Result”已成功结束
2015-09-01 10:35:28,211 [8] INFO  - 步骤“迭代 2”已成功结束
2015-09-01 10:35:28,214 [8] INFO  - 步骤“迭代 3”: 步骤“迭代 3”已启动
2015-09-01 10:35:28,216 [8] INFO  - 步骤“查询tb_getVCards_verification表中数据”: 步骤“查询tb_getVCards_verification表中数据”已启动
2015-09-01 10:35:28,219 [8] INFO  - 步骤“查询tb_getVCards_verification表中数据”已成功结束
2015-09-01 10:35:28,221 [8] INFO  - 步骤“查询tb_global_table表中ResponseXsid值”: 步骤“查询tb_global_table表中ResponseXsid值”已启动
2015-09-01 10:35:28,224 [8] INFO  - 步骤“查询tb_global_table表中ResponseXsid值”已成功结束
2015-09-01 10:35:28,226 [8] INFO  - 步骤“将xsid更新至最新值”: 步骤“将xsid更新至最新值”已启动
2015-09-01 10:35:28,229 [8] INFO  - 步骤“将xsid更新至最新值”: 输入参数“源字符串”，值:“x_1f1a0e62u0t5j480c916h26642tc3didb95f5an861da049516m0y7pd5aiu00”
2015-09-01 10:35:28,230 [8] INFO  - 步骤“将xsid更新至最新值”: 输入参数“搜索字符串 1”，值:“'x_1f1a0e62u0t5j480c916h26642tc3didb95f5an861da049516m0y7pd5aiu00'”
2015-09-01 10:35:28,231 [8] INFO  - 步骤“将xsid更新至最新值”: 输入参数“替换字符串 1”，值:“'x_071aha6b4ft633ibbc5052n169d70091e688e8ubm7a8ifud07030e6cutj8c1'”
2015-09-01 10:35:28,232 [8] INFO  - 步骤“将xsid更新至最新值”: 输出参数“结果”，值:“x_071aha6b4ft633ibbc5052n169d70091e688e8ubm7a8ifud07030e6cutj8c1”
2015-09-01 10:35:28,234 [8] INFO  - 步骤“将xsid更新至最新值”已成功结束
2015-09-01 10:35:28,234 [8] INFO  - 步骤“调用tb_getVCards_verification”: 步骤“调用tb_getVCards_verification”已启动
2015-09-01 10:35:28,236 [8] INFO  - 步骤“调用tb_getVCards_verification”: 提取 HTTP URL: 'http://yace-iq.365ime.com/iq/getVCards.php'
2015-09-01 10:35:28,282 [8] INFO  - 步骤“调用tb_getVCards_verification”: 服务器返回了状态代码: 200
2015-09-01 10:35:28,283 [8] INFO  - 步骤“调用tb_getVCards_verification”: HTTP 原始请求:
2015-09-01 10:35:28,284 [8] INFO  - 步骤“调用tb_getVCards_verification”: POST http://yace-iq.365ime.com/iq/getVCards.php 1.1
Content-Type: application/x-www-form-urlencoded
Host: yace-iq.365ime.com
Content-Length: 158
Expect: 100-continue
myJid=77401169&xsid=x_071aha6b4ft633ibbc5052n169d70091e688e8ubm7a8ifud07030e6cutj8c1&toJid=249901780@365ime.com&token=93cf39b3cf9d6694fd85b3aefef85f44f13cf72d

2015-09-01 10:35:28,285 [8] INFO  - 步骤“调用tb_getVCards_verification”: HTTP 原始响应:
2015-09-01 10:35:28,286 [8] INFO  - 步骤“调用tb_getVCards_verification”: HTTP/1.1 200 OK
Access-Control-Allow-Origin: *
Transfer-Encoding: chunked
Content-Type: text/html;charset=UTF-8
Date: Tue, 01 Sep 2015 02:35:45 GMT
Server: Apache-Coyote/1.1
{"message":"user not exist! ","data":[],"errorCode":"1"}

2015-09-01 10:35:28,288 [8] INFO  - 步骤“调用tb_getVCards_verification”已成功结束
2015-09-01 10:35:28,289 [8] INFO  - 步骤“获取返回值转换为JSON”: 步骤“获取返回值转换为JSON”已启动
2015-09-01 10:35:28,295 [8] INFO  - 步骤“获取返回值转换为JSON”已成功结束
2015-09-01 10:35:28,297 [8] INFO  - 步骤“将Response插入到InterfaceResponse字段中”: 步骤“将Response插入到InterfaceResponse字段中”已启动
2015-09-01 10:35:28,300 [8] INFO  - 步骤“将Response插入到InterfaceResponse字段中”已成功结束
2015-09-01 10:35:28,301 [8] INFO  - 步骤“将errorcode更新到sql中”: 步骤“将errorcode更新到sql中”已启动
2015-09-01 10:35:28,304 [8] INFO  - 步骤“将errorcode更新到sql中”已成功结束
2015-09-01 10:35:28,305 [8] INFO  - 步骤“获取当前Case的实际值”: 步骤“获取当前Case的实际值”已启动
2015-09-01 10:35:28,308 [8] INFO  - 步骤“获取当前Case的实际值”已成功结束
2015-09-01 10:35:28,309 [8] INFO  - 步骤“获取当前Case的期待值”: 步骤“获取当前Case的期待值”已启动
2015-09-01 10:35:28,312 [8] INFO  - 步骤“获取当前Case的期待值”已成功结束
2015-09-01 10:35:28,313 [8] INFO  - 步骤“填写Result”: 步骤“填写Result”已启动
2015-09-01 10:35:28,315 [8] INFO  - 步骤“IfElse189”: 计算方式: 使用条件
2015-09-01 10:35:28,316 [8] INFO  - 步骤“是”: 步骤“是”已启动
2015-09-01 10:35:28,317 [8] INFO  - 步骤“在Result字段插入True”: 步骤“在Result字段插入True”已启动
2015-09-01 10:35:28,320 [8] INFO  - 步骤“在Result字段插入True”已成功结束
2015-09-01 10:35:28,321 [8] INFO  - 步骤“是”已成功结束
2015-09-01 10:35:28,323 [8] INFO  - 步骤“填写Result”已成功结束
2015-09-01 10:35:28,324 [8] INFO  - 步骤“迭代 3”已成功结束
2015-09-01 10:35:28,326 [8] INFO  - 步骤“迭代 4”: 步骤“迭代 4”已启动
2015-09-01 10:35:28,327 [8] INFO  - 步骤“查询tb_getVCards_verification表中数据”: 步骤“查询tb_getVCards_verification表中数据”已启动
2015-09-01 10:35:28,330 [8] INFO  - 步骤“查询tb_getVCards_verification表中数据”已成功结束
2015-09-01 10:35:28,331 [8] INFO  - 步骤“查询tb_global_table表中ResponseXsid值”: 步骤“查询tb_global_table表中ResponseXsid值”已启动
2015-09-01 10:35:28,334 [8] INFO  - 步骤“查询tb_global_table表中ResponseXsid值”已成功结束
2015-09-01 10:35:28,335 [8] INFO  - 步骤“将xsid更新至最新值”: 步骤“将xsid更新至最新值”已启动
2015-09-01 10:35:28,337 [8] INFO  - 步骤“将xsid更新至最新值”: 输入参数“源字符串”，值:“x_1f1a0e62u0t5j480c916h26642tc3didb95f5an861da049516m0y7pd5aiu00”
2015-09-01 10:35:28,338 [8] INFO  - 步骤“将xsid更新至最新值”: 输入参数“搜索字符串 1”，值:“'x_1f1a0e62u0t5j480c916h26642tc3didb95f5an861da049516m0y7pd5aiu00'”
2015-09-01 10:35:28,339 [8] INFO  - 步骤“将xsid更新至最新值”: 输入参数“替换字符串 1”，值:“'x_071aha6b4ft633ibbc5052n169d70091e688e8ubm7a8ifud07030e6cutj8c1'”
2015-09-01 10:35:28,339 [8] INFO  - 步骤“将xsid更新至最新值”: 输出参数“结果”，值:“x_071aha6b4ft633ibbc5052n169d70091e688e8ubm7a8ifud07030e6cutj8c1”
2015-09-01 10:35:28,341 [8] INFO  - 步骤“将xsid更新至最新值”已成功结束
2015-09-01 10:35:28,342 [8] INFO  - 步骤“调用tb_getVCards_verification”: 步骤“调用tb_getVCards_verification”已启动
2015-09-01 10:35:28,343 [8] INFO  - 步骤“调用tb_getVCards_verification”: 提取 HTTP URL: 'http://yace-iq.365ime.com/iq/getVCards.php'
2015-09-01 10:35:28,390 [8] INFO  - 步骤“调用tb_getVCards_verification”: 服务器返回了状态代码: 200
2015-09-01 10:35:28,394 [8] INFO  - 步骤“调用tb_getVCards_verification”: HTTP 原始请求:
2015-09-01 10:35:28,398 [8] INFO  - 步骤“调用tb_getVCards_verification”: POST http://yace-iq.365ime.com/iq/getVCards.php 1.1
Content-Type: application/x-www-form-urlencoded
Host: yace-iq.365ime.com
Content-Length: 189
Expect: 100-continue
myJid=77401169@365ime.com,77401170@365ime.com&xsid=x_071aha6b4ft633ibbc5052n169d70091e688e8ubm7a8ifud07030e6cutj8c1&toJid=249901780@365ime.com&token=6fca97cf230d2b1b9a155f8d517187e83a8b4b75

2015-09-01 10:35:28,402 [8] INFO  - 步骤“调用tb_getVCards_verification”: HTTP 原始响应:
2015-09-01 10:35:28,407 [8] INFO  - 步骤“调用tb_getVCards_verification”: HTTP/1.1 200 OK
Access-Control-Allow-Origin: *
Transfer-Encoding: chunked
Content-Type: text/html;charset=UTF-8
Date: Tue, 01 Sep 2015 02:35:45 GMT
Server: Apache-Coyote/1.1
{"message":"user not exist! ","data":[],"errorCode":"1"}

2015-09-01 10:35:28,415 [8] INFO  - 步骤“调用tb_getVCards_verification”已成功结束
2015-09-01 10:35:28,419 [8] INFO  - 步骤“获取返回值转换为JSON”: 步骤“获取返回值转换为JSON”已启动
2015-09-01 10:35:28,428 [8] INFO  - 步骤“获取返回值转换为JSON”已成功结束
2015-09-01 10:35:28,432 [8] INFO  - 步骤“将Response插入到InterfaceResponse字段中”: 步骤“将Response插入到InterfaceResponse字段中”已启动
2015-09-01 10:35:28,437 [8] INFO  - 步骤“将Response插入到InterfaceResponse字段中”已成功结束
2015-09-01 10:35:28,441 [8] INFO  - 步骤“将errorcode更新到sql中”: 步骤“将errorcode更新到sql中”已启动
2015-09-01 10:35:28,446 [8] INFO  - 步骤“将errorcode更新到sql中”已成功结束
2015-09-01 10:35:28,448 [8] INFO  - 步骤“获取当前Case的实际值”: 步骤“获取当前Case的实际值”已启动
2015-09-01 10:35:28,462 [8] INFO  - 步骤“获取当前Case的实际值”已成功结束
2015-09-01 10:35:28,464 [8] INFO  - 步骤“获取当前Case的期待值”: 步骤“获取当前Case的期待值”已启动
2015-09-01 10:35:28,467 [8] INFO  - 步骤“获取当前Case的期待值”已成功结束
2015-09-01 10:35:28,469 [8] INFO  - 步骤“填写Result”: 步骤“填写Result”已启动
2015-09-01 10:35:28,471 [8] INFO  - 步骤“IfElse189”: 计算方式: 使用条件
2015-09-01 10:35:28,473 [8] INFO  - 步骤“是”: 步骤“是”已启动
2015-09-01 10:35:28,475 [8] INFO  - 步骤“在Result字段插入True”: 步骤“在Result字段插入True”已启动
2015-09-01 10:35:28,479 [8] INFO  - 步骤“在Result字段插入True”已成功结束
2015-09-01 10:35:28,481 [8] INFO  - 步骤“是”已成功结束
2015-09-01 10:35:28,482 [8] INFO  - 步骤“填写Result”已成功结束
2015-09-01 10:35:28,484 [8] INFO  - 步骤“迭代 4”已成功结束
2015-09-01 10:35:28,486 [8] INFO  - 步骤“迭代 5”: 步骤“迭代 5”已启动
2015-09-01 10:35:28,488 [8] INFO  - 步骤“查询tb_getVCards_verification表中数据”: 步骤“查询tb_getVCards_verification表中数据”已启动
2015-09-01 10:35:28,492 [8] INFO  - 步骤“查询tb_getVCards_verification表中数据”已成功结束
2015-09-01 10:35:28,494 [8] INFO  - 步骤“查询tb_global_table表中ResponseXsid值”: 步骤“查询tb_global_table表中ResponseXsid值”已启动
2015-09-01 10:35:28,497 [8] INFO  - 步骤“查询tb_global_table表中ResponseXsid值”已成功结束
2015-09-01 10:35:28,499 [8] INFO  - 步骤“将xsid更新至最新值”: 步骤“将xsid更新至最新值”已启动
2015-09-01 10:35:28,500 [8] INFO  - 步骤“将xsid更新至最新值”: 输入参数“源字符串”，值:“x_1f1a0e62u0t5j480c916h26642tc3didb95f5an861da049516m0y7pd5aiu00”
2015-09-01 10:35:28,502 [8] INFO  - 步骤“将xsid更新至最新值”: 输入参数“搜索字符串 1”，值:“'x_1f1a0e62u0t5j480c916h26642tc3didb95f5an861da049516m0y7pd5aiu00'”
2015-09-01 10:35:28,502 [8] INFO  - 步骤“将xsid更新至最新值”: 输入参数“替换字符串 1”，值:“'x_071aha6b4ft633ibbc5052n169d70091e688e8ubm7a8ifud07030e6cutj8c1'”
2015-09-01 10:35:28,504 [8] INFO  - 步骤“将xsid更新至最新值”: 输出参数“结果”，值:“x_071aha6b4ft633ibbc5052n169d70091e688e8ubm7a8ifud07030e6cutj8c1”
2015-09-01 10:35:28,506 [8] INFO  - 步骤“将xsid更新至最新值”已成功结束
2015-09-01 10:35:28,507 [8] INFO  - 步骤“调用tb_getVCards_verification”: 步骤“调用tb_getVCards_verification”已启动
2015-09-01 10:35:28,509 [8] INFO  - 步骤“调用tb_getVCards_verification”: 提取 HTTP URL: 'http://yace-iq.365ime.com/iq/getVCards.php'
2015-09-01 10:35:28,558 [8] INFO  - 步骤“调用tb_getVCards_verification”: 服务器返回了状态代码: 200
2015-09-01 10:35:28,559 [8] INFO  - 步骤“调用tb_getVCards_verification”: HTTP 原始请求:
2015-09-01 10:35:28,561 [8] INFO  - 步骤“调用tb_getVCards_verification”: POST http://yace-iq.365ime.com/iq/getVCards.php 1.1
Content-Type: application/x-www-form-urlencoded
Host: yace-iq.365ime.com
Content-Length: 157
Expect: 100-continue
myJid=!@#$%^&&xsid=x_071aha6b4ft633ibbc5052n169d70091e688e8ubm7a8ifud07030e6cutj8c1&toJid=249901780@365ime.com&token=650f0348a3c2e0b636877d5bd7c2de3c5264634d

2015-09-01 10:35:28,562 [8] INFO  - 步骤“调用tb_getVCards_verification”: HTTP 原始响应:
2015-09-01 10:35:28,563 [8] INFO  - 步骤“调用tb_getVCards_verification”: HTTP/1.1 200 OK
Access-Control-Allow-Origin: *
Transfer-Encoding: chunked
Content-Type: text/html;charset=UTF-8
Date: Tue, 01 Sep 2015 02:35:45 GMT
Server: Apache-Coyote/1.1
{"message":"user not exist! ","data":[],"errorCode":"1"}

2015-09-01 10:35:28,566 [8] INFO  - 步骤“调用tb_getVCards_verification”已成功结束
2015-09-01 10:35:28,567 [8] INFO  - 步骤“获取返回值转换为JSON”: 步骤“获取返回值转换为JSON”已启动
2015-09-01 10:35:28,569 [8] INFO  - 步骤“获取返回值转换为JSON”已成功结束
2015-09-01 10:35:28,571 [8] INFO  - 步骤“将Response插入到InterfaceResponse字段中”: 步骤“将Response插入到InterfaceResponse字段中”已启动
2015-09-01 10:35:28,576 [8] INFO  - 步骤“将Response插入到InterfaceResponse字段中”已成功结束
2015-09-01 10:35:28,577 [8] INFO  - 步骤“将errorcode更新到sql中”: 步骤“将errorcode更新到sql中”已启动
2015-09-01 10:35:28,580 [8] INFO  - 步骤“将errorcode更新到sql中”已成功结束
2015-09-01 10:35:28,582 [8] INFO  - 步骤“获取当前Case的实际值”: 步骤“获取当前Case的实际值”已启动
2015-09-01 10:35:28,585 [8] INFO  - 步骤“获取当前Case的实际值”已成功结束
2015-09-01 10:35:28,586 [8] INFO  - 步骤“获取当前Case的期待值”: 步骤“获取当前Case的期待值”已启动
2015-09-01 10:35:28,589 [8] INFO  - 步骤“获取当前Case的期待值”已成功结束
2015-09-01 10:35:28,590 [8] INFO  - 步骤“填写Result”: 步骤“填写Result”已启动
2015-09-01 10:35:28,592 [8] INFO  - 步骤“IfElse189”: 计算方式: 使用条件
2015-09-01 10:35:28,593 [8] INFO  - 步骤“是”: 步骤“是”已启动
2015-09-01 10:35:28,594 [8] INFO  - 步骤“在Result字段插入True”: 步骤“在Result字段插入True”已启动
2015-09-01 10:35:28,597 [8] INFO  - 步骤“在Result字段插入True”已成功结束
2015-09-01 10:35:28,599 [8] INFO  - 步骤“是”已成功结束
2015-09-01 10:35:28,600 [8] INFO  - 步骤“填写Result”已成功结束
2015-09-01 10:35:28,602 [8] INFO  - 步骤“迭代 5”已成功结束
2015-09-01 10:35:28,604 [8] INFO  - 步骤“迭代 6”: 步骤“迭代 6”已启动
2015-09-01 10:35:28,605 [8] INFO  - 步骤“查询tb_getVCards_verification表中数据”: 步骤“查询tb_getVCards_verification表中数据”已启动
2015-09-01 10:35:28,608 [8] INFO  - 步骤“查询tb_getVCards_verification表中数据”已成功结束
2015-09-01 10:35:28,609 [8] INFO  - 步骤“查询tb_global_table表中ResponseXsid值”: 步骤“查询tb_global_table表中ResponseXsid值”已启动
2015-09-01 10:35:28,612 [8] INFO  - 步骤“查询tb_global_table表中ResponseXsid值”已成功结束
2015-09-01 10:35:28,613 [8] INFO  - 步骤“将xsid更新至最新值”: 步骤“将xsid更新至最新值”已启动
2015-09-01 10:35:28,615 [8] INFO  - 步骤“将xsid更新至最新值”: 输入参数“源字符串”，值:“”
2015-09-01 10:35:28,616 [8] INFO  - 步骤“将xsid更新至最新值”: 输入参数“搜索字符串 1”，值:“'x_1f1a0e62u0t5j480c916h26642tc3didb95f5an861da049516m0y7pd5aiu00'”
2015-09-01 10:35:28,618 [8] INFO  - 步骤“将xsid更新至最新值”: 输入参数“替换字符串 1”，值:“'x_071aha6b4ft633ibbc5052n169d70091e688e8ubm7a8ifud07030e6cutj8c1'”
2015-09-01 10:35:28,620 [8] INFO  - 步骤“将xsid更新至最新值”: 输入参数“区分大小写”，值:“True”
2015-09-01 10:35:28,621 [8] INFO  - 步骤“将xsid更新至最新值”: 输出参数“结果”，值:“”
2015-09-01 10:35:28,622 [8] INFO  - 步骤“将xsid更新至最新值”已成功结束
2015-09-01 10:35:28,623 [8] INFO  - 步骤“调用tb_getVCards_verification”: 步骤“调用tb_getVCards_verification”已启动
2015-09-01 10:35:28,626 [8] INFO  - 步骤“调用tb_getVCards_verification”: 提取 HTTP URL: 'http://yace-iq.365ime.com/iq/getVCards.php'
2015-09-01 10:35:28,680 [8] INFO  - 步骤“调用tb_getVCards_verification”: 服务器返回了状态代码: 200
2015-09-01 10:35:28,685 [8] INFO  - 步骤“调用tb_getVCards_verification”: HTTP 原始请求:
2015-09-01 10:35:28,690 [8] INFO  - 步骤“调用tb_getVCards_verification”: POST http://yace-iq.365ime.com/iq/getVCards.php 1.1
Content-Type: application/x-www-form-urlencoded
Host: yace-iq.365ime.com
Content-Length: 105
Expect: 100-continue
myJid=77401169@365ime.com&xsid=&toJid=249901780@365ime.com&token=87b9ceea95320d0f0bf513ce12fe82593b8c2956

2015-09-01 10:35:28,695 [8] INFO  - 步骤“调用tb_getVCards_verification”: HTTP 原始响应:
2015-09-01 10:35:28,700 [8] INFO  - 步骤“调用tb_getVCards_verification”: HTTP/1.1 200 OK
Access-Control-Allow-Origin: *
Transfer-Encoding: chunked
Content-Type: text/html;charset=UTF-8
Date: Tue, 01 Sep 2015 02:35:45 GMT
Server: Apache-Coyote/1.1
{"message":"user not exist! ","data":[],"errorCode":"1"}

2015-09-01 10:35:28,710 [8] INFO  - 步骤“调用tb_getVCards_verification”已成功结束
2015-09-01 10:35:28,715 [8] INFO  - 步骤“获取返回值转换为JSON”: 步骤“获取返回值转换为JSON”已启动
2015-09-01 10:35:28,728 [8] INFO  - 步骤“获取返回值转换为JSON”已成功结束
2015-09-01 10:35:28,732 [8] INFO  - 步骤“将Response插入到InterfaceResponse字段中”: 步骤“将Response插入到InterfaceResponse字段中”已启动
2015-09-01 10:35:28,738 [8] INFO  - 步骤“将Response插入到InterfaceResponse字段中”已成功结束
2015-09-01 10:35:28,740 [8] INFO  - 步骤“将errorcode更新到sql中”: 步骤“将errorcode更新到sql中”已启动
2015-09-01 10:35:28,746 [8] INFO  - 步骤“将errorcode更新到sql中”已成功结束
2015-09-01 10:35:28,748 [8] INFO  - 步骤“获取当前Case的实际值”: 步骤“获取当前Case的实际值”已启动
2015-09-01 10:35:28,753 [8] INFO  - 步骤“获取当前Case的实际值”已成功结束
2015-09-01 10:35:28,755 [8] INFO  - 步骤“获取当前Case的期待值”: 步骤“获取当前Case的期待值”已启动
2015-09-01 10:35:28,760 [8] INFO  - 步骤“获取当前Case的期待值”已成功结束
2015-09-01 10:35:28,763 [8] INFO  - 步骤“填写Result”: 步骤“填写Result”已启动
2015-09-01 10:35:28,766 [8] INFO  - 步骤“IfElse189”: 计算方式: 使用条件
2015-09-01 10:35:28,768 [8] INFO  - 步骤“是”: 步骤“是”已启动
2015-09-01 10:35:28,771 [8] INFO  - 步骤“在Result字段插入True”: 步骤“在Result字段插入True”已启动
2015-09-01 10:35:28,783 [8] INFO  - 步骤“在Result字段插入True”已成功结束
2015-09-01 10:35:28,787 [8] INFO  - 步骤“是”已成功结束
2015-09-01 10:35:28,790 [8] INFO  - 步骤“填写Result”已成功结束
2015-09-01 10:35:28,793 [8] INFO  - 步骤“迭代 6”已成功结束
2015-09-01 10:35:28,795 [8] INFO  - 步骤“迭代 7”: 步骤“迭代 7”已启动
2015-09-01 10:35:28,797 [8] INFO  - 步骤“查询tb_getVCards_verification表中数据”: 步骤“查询tb_getVCards_verification表中数据”已启动
2015-09-01 10:35:28,800 [8] INFO  - 步骤“查询tb_getVCards_verification表中数据”已成功结束
2015-09-01 10:35:28,801 [8] INFO  - 步骤“查询tb_global_table表中ResponseXsid值”: 步骤“查询tb_global_table表中ResponseXsid值”已启动
2015-09-01 10:35:28,806 [8] INFO  - 步骤“查询tb_global_table表中ResponseXsid值”已成功结束
2015-09-01 10:35:28,807 [8] INFO  - 步骤“将xsid更新至最新值”: 步骤“将xsid更新至最新值”已启动
2015-09-01 10:35:28,809 [8] INFO  - 步骤“将xsid更新至最新值”: 输入参数“源字符串”，值:“123”
2015-09-01 10:35:28,810 [8] INFO  - 步骤“将xsid更新至最新值”: 输入参数“搜索字符串 1”，值:“'x_1f1a0e62u0t5j480c916h26642tc3didb95f5an861da049516m0y7pd5aiu00'”
2015-09-01 10:35:28,811 [8] INFO  - 步骤“将xsid更新至最新值”: 输入参数“替换字符串 1”，值:“'x_071aha6b4ft633ibbc5052n169d70091e688e8ubm7a8ifud07030e6cutj8c1'”
2015-09-01 10:35:28,812 [8] INFO  - 步骤“将xsid更新至最新值”: 输出参数“结果”，值:“123”
2015-09-01 10:35:28,813 [8] INFO  - 步骤“将xsid更新至最新值”已成功结束
2015-09-01 10:35:28,814 [8] INFO  - 步骤“调用tb_getVCards_verification”: 步骤“调用tb_getVCards_verification”已启动
2015-09-01 10:35:28,816 [8] INFO  - 步骤“调用tb_getVCards_verification”: 提取 HTTP URL: 'http://yace-iq.365ime.com/iq/getVCards.php'
2015-09-01 10:35:31,367 [8] INFO  - 步骤“调用tb_getVCards_verification”: 服务器返回了状态代码: 200
2015-09-01 10:35:31,372 [8] INFO  - 步骤“调用tb_getVCards_verification”: HTTP 原始请求:
2015-09-01 10:35:31,378 [8] INFO  - 步骤“调用tb_getVCards_verification”: POST http://yace-iq.365ime.com/iq/getVCards.php 1.1
Content-Type: application/x-www-form-urlencoded
Host: yace-iq.365ime.com
Content-Length: 108
Expect: 100-continue
myJid=77401169@365ime.com&xsid=123&toJid=249901780@365ime.com&token=87b9ceea95320d0f0bf513ce12fe82593b8c2956

2015-09-01 10:35:31,383 [8] INFO  - 步骤“调用tb_getVCards_verification”: HTTP 原始响应:
2015-09-01 10:35:31,387 [8] INFO  - 步骤“调用tb_getVCards_verification”: HTTP/1.1 200 OK
Access-Control-Allow-Origin: *
Transfer-Encoding: chunked
Content-Type: text/html;charset=UTF-8
Date: Tue, 01 Sep 2015 02:35:49 GMT
Server: Apache-Coyote/1.1
{"message":"user not exist! ","data":[],"errorCode":"1"}

2015-09-01 10:35:31,399 [8] INFO  - 步骤“调用tb_getVCards_verification”已成功结束
2015-09-01 10:35:31,404 [8] INFO  - 步骤“获取返回值转换为JSON”: 步骤“获取返回值转换为JSON”已启动
2015-09-01 10:35:31,411 [8] INFO  - 步骤“获取返回值转换为JSON”已成功结束
2015-09-01 10:35:31,415 [8] INFO  - 步骤“将Response插入到InterfaceResponse字段中”: 步骤“将Response插入到InterfaceResponse字段中”已启动
2015-09-01 10:35:31,425 [8] INFO  - 步骤“将Response插入到InterfaceResponse字段中”已成功结束
2015-09-01 10:35:31,428 [8] INFO  - 步骤“将errorcode更新到sql中”: 步骤“将errorcode更新到sql中”已启动
2015-09-01 10:35:31,435 [8] INFO  - 步骤“将errorcode更新到sql中”已成功结束
2015-09-01 10:35:31,438 [8] INFO  - 步骤“获取当前Case的实际值”: 步骤“获取当前Case的实际值”已启动
2015-09-01 10:35:31,442 [8] INFO  - 步骤“获取当前Case的实际值”已成功结束
2015-09-01 10:35:31,445 [8] INFO  - 步骤“获取当前Case的期待值”: 步骤“获取当前Case的期待值”已启动
2015-09-01 10:35:31,449 [8] INFO  - 步骤“获取当前Case的期待值”已成功结束
2015-09-01 10:35:31,451 [8] INFO  - 步骤“填写Result”: 步骤“填写Result”已启动
2015-09-01 10:35:31,454 [8] INFO  - 步骤“IfElse189”: 计算方式: 使用条件
2015-09-01 10:35:31,456 [8] INFO  - 步骤“是”: 步骤“是”已启动
2015-09-01 10:35:31,459 [8] INFO  - 步骤“在Result字段插入True”: 步骤“在Result字段插入True”已启动
2015-09-01 10:35:31,464 [8] INFO  - 步骤“在Result字段插入True”已成功结束
2015-09-01 10:35:31,466 [8] INFO  - 步骤“是”已成功结束
2015-09-01 10:35:31,469 [8] INFO  - 步骤“填写Result”已成功结束
2015-09-01 10:35:31,471 [8] INFO  - 步骤“迭代 7”已成功结束
2015-09-01 10:35:31,474 [8] INFO  - 步骤“迭代 8”: 步骤“迭代 8”已启动
2015-09-01 10:35:31,476 [8] INFO  - 步骤“查询tb_getVCards_verification表中数据”: 步骤“查询tb_getVCards_verification表中数据”已启动
2015-09-01 10:35:31,481 [8] INFO  - 步骤“查询tb_getVCards_verification表中数据”已成功结束
2015-09-01 10:35:31,483 [8] INFO  - 步骤“查询tb_global_table表中ResponseXsid值”: 步骤“查询tb_global_table表中ResponseXsid值”已启动
2015-09-01 10:35:31,487 [8] INFO  - 步骤“查询tb_global_table表中ResponseXsid值”已成功结束
2015-09-01 10:35:31,489 [8] INFO  - 步骤“将xsid更新至最新值”: 步骤“将xsid更新至最新值”已启动
2015-09-01 10:35:31,492 [8] INFO  - 步骤“将xsid更新至最新值”: 输入参数“源字符串”，值:“abc”
2015-09-01 10:35:31,494 [8] INFO  - 步骤“将xsid更新至最新值”: 输入参数“搜索字符串 1”，值:“'x_1f1a0e62u0t5j480c916h26642tc3didb95f5an861da049516m0y7pd5aiu00'”
2015-09-01 10:35:31,496 [8] INFO  - 步骤“将xsid更新至最新值”: 输入参数“替换字符串 1”，值:“'x_071aha6b4ft633ibbc5052n169d70091e688e8ubm7a8ifud07030e6cutj8c1'”
2015-09-01 10:35:31,498 [8] INFO  - 步骤“将xsid更新至最新值”: 输出参数“结果”，值:“abc”
2015-09-01 10:35:31,501 [8] INFO  - 步骤“将xsid更新至最新值”已成功结束
2015-09-01 10:35:31,502 [8] INFO  - 步骤“调用tb_getVCards_verification”: 步骤“调用tb_getVCards_verification”已启动
2015-09-01 10:35:31,505 [8] INFO  - 步骤“调用tb_getVCards_verification”: 提取 HTTP URL: 'http://yace-iq.365ime.com/iq/getVCards.php'
2015-09-01 10:35:34,054 [8] INFO  - 步骤“调用tb_getVCards_verification”: 服务器返回了状态代码: 200
2015-09-01 10:35:34,074 [8] INFO  - 步骤“调用tb_getVCards_verification”: HTTP 原始请求:
2015-09-01 10:35:34,078 [8] INFO  - 步骤“调用tb_getVCards_verification”: POST http://yace-iq.365ime.com/iq/getVCards.php 1.1
Content-Type: application/x-www-form-urlencoded
Host: yace-iq.365ime.com
Content-Length: 108
Expect: 100-continue
myJid=77401169@365ime.com&xsid=abc&toJid=249901780@365ime.com&token=87b9ceea95320d0f0bf513ce12fe82593b8c2956

2015-09-01 10:35:34,081 [8] INFO  - 步骤“调用tb_getVCards_verification”: HTTP 原始响应:
2015-09-01 10:35:34,084 [8] INFO  - 步骤“调用tb_getVCards_verification”: HTTP/1.1 200 OK
Access-Control-Allow-Origin: *
Transfer-Encoding: chunked
Content-Type: text/html;charset=UTF-8
Date: Tue, 01 Sep 2015 02:35:52 GMT
Server: Apache-Coyote/1.1
{"message":"user not exist! ","data":[],"errorCode":"1"}

2015-09-01 10:35:34,088 [8] INFO  - 步骤“调用tb_getVCards_verification”已成功结束
2015-09-01 10:35:34,091 [8] INFO  - 步骤“获取返回值转换为JSON”: 步骤“获取返回值转换为JSON”已启动
2015-09-01 10:35:34,094 [8] INFO  - 步骤“获取返回值转换为JSON”已成功结束
2015-09-01 10:35:34,097 [8] INFO  - 步骤“将Response插入到InterfaceResponse字段中”: 步骤“将Response插入到InterfaceResponse字段中”已启动
2015-09-01 10:35:34,104 [8] INFO  - 步骤“将Response插入到InterfaceResponse字段中”已成功结束
2015-09-01 10:35:34,108 [8] INFO  - 步骤“将errorcode更新到sql中”: 步骤“将errorcode更新到sql中”已启动
2015-09-01 10:35:34,114 [8] INFO  - 步骤“将errorcode更新到sql中”已成功结束
2015-09-01 10:35:34,116 [8] INFO  - 步骤“获取当前Case的实际值”: 步骤“获取当前Case的实际值”已启动
2015-09-01 10:35:34,119 [8] INFO  - 步骤“获取当前Case的实际值”已成功结束
2015-09-01 10:35:34,121 [8] INFO  - 步骤“获取当前Case的期待值”: 步骤“获取当前Case的期待值”已启动
2015-09-01 10:35:34,124 [8] INFO  - 步骤“获取当前Case的期待值”已成功结束
2015-09-01 10:35:34,126 [8] INFO  - 步骤“填写Result”: 步骤“填写Result”已启动
2015-09-01 10:35:34,127 [8] INFO  - 步骤“IfElse189”: 计算方式: 使用条件
2015-09-01 10:35:34,128 [8] INFO  - 步骤“是”: 步骤“是”已启动
2015-09-01 10:35:34,129 [8] INFO  - 步骤“在Result字段插入True”: 步骤“在Result字段插入True”已启动
2015-09-01 10:35:34,133 [8] INFO  - 步骤“在Result字段插入True”已成功结束
2015-09-01 10:35:34,135 [8] INFO  - 步骤“是”已成功结束
2015-09-01 10:35:34,136 [8] INFO  - 步骤“填写Result”已成功结束
2015-09-01 10:35:34,138 [8] INFO  - 步骤“迭代 8”已成功结束
2015-09-01 10:35:34,140 [8] INFO  - 步骤“迭代 9”: 步骤“迭代 9”已启动
2015-09-01 10:35:34,141 [8] INFO  - 步骤“查询tb_getVCards_verification表中数据”: 步骤“查询tb_getVCards_verification表中数据”已启动
2015-09-01 10:35:34,144 [8] INFO  - 步骤“查询tb_getVCards_verification表中数据”已成功结束
2015-09-01 10:35:34,145 [8] INFO  - 步骤“查询tb_global_table表中ResponseXsid值”: 步骤“查询tb_global_table表中ResponseXsid值”已启动
2015-09-01 10:35:34,148 [8] INFO  - 步骤“查询tb_global_table表中ResponseXsid值”已成功结束
2015-09-01 10:35:34,150 [8] INFO  - 步骤“将xsid更新至最新值”: 步骤“将xsid更新至最新值”已启动
2015-09-01 10:35:34,152 [8] INFO  - 步骤“将xsid更新至最新值”: 输入参数“源字符串”，值:“!@#$%^&”
2015-09-01 10:35:34,153 [8] INFO  - 步骤“将xsid更新至最新值”: 输入参数“搜索字符串 1”，值:“'x_1f1a0e62u0t5j480c916h26642tc3didb95f5an861da049516m0y7pd5aiu00'”
2015-09-01 10:35:34,154 [8] INFO  - 步骤“将xsid更新至最新值”: 输入参数“替换字符串 1”，值:“'x_071aha6b4ft633ibbc5052n169d70091e688e8ubm7a8ifud07030e6cutj8c1'”
2015-09-01 10:35:34,155 [8] INFO  - 步骤“将xsid更新至最新值”: 输出参数“结果”，值:“!@#$%^&”
2015-09-01 10:35:34,157 [8] INFO  - 步骤“将xsid更新至最新值”已成功结束
2015-09-01 10:35:34,158 [8] INFO  - 步骤“调用tb_getVCards_verification”: 步骤“调用tb_getVCards_verification”已启动
2015-09-01 10:35:34,160 [8] INFO  - 步骤“调用tb_getVCards_verification”: 提取 HTTP URL: 'http://yace-iq.365ime.com/iq/getVCards.php'
2015-09-01 10:35:34,209 [8] INFO  - 步骤“调用tb_getVCards_verification”: 服务器返回了状态代码: 200
2015-09-01 10:35:34,214 [8] INFO  - 步骤“调用tb_getVCards_verification”: HTTP 原始请求:
2015-09-01 10:35:34,219 [8] INFO  - 步骤“调用tb_getVCards_verification”: POST http://yace-iq.365ime.com/iq/getVCards.php 1.1
Content-Type: application/x-www-form-urlencoded
Host: yace-iq.365ime.com
Content-Length: 112
Expect: 100-continue
myJid=77401169@365ime.com&xsid=!@#$%^&&toJid=249901780@365ime.com&token=87b9ceea95320d0f0bf513ce12fe82593b8c2956

2015-09-01 10:35:34,224 [8] INFO  - 步骤“调用tb_getVCards_verification”: HTTP 原始响应:
2015-09-01 10:35:34,229 [8] INFO  - 步骤“调用tb_getVCards_verification”: HTTP/1.1 200 OK
Access-Control-Allow-Origin: *
Transfer-Encoding: chunked
Content-Type: text/html;charset=UTF-8
Date: Tue, 01 Sep 2015 02:35:52 GMT
Server: Apache-Coyote/1.1
{"message":"user not exist! ","data":[],"errorCode":"1"}

2015-09-01 10:35:34,239 [8] INFO  - 步骤“调用tb_getVCards_verification”已成功结束
2015-09-01 10:35:34,244 [8] INFO  - 步骤“获取返回值转换为JSON”: 步骤“获取返回值转换为JSON”已启动
2015-09-01 10:35:34,252 [8] INFO  - 步骤“获取返回值转换为JSON”已成功结束
2015-09-01 10:35:34,256 [8] INFO  - 步骤“将Response插入到InterfaceResponse字段中”: 步骤“将Response插入到InterfaceResponse字段中”已启动
2015-09-01 10:35:34,264 [8] INFO  - 步骤“将Response插入到InterfaceResponse字段中”已成功结束
2015-09-01 10:35:34,268 [8] INFO  - 步骤“将errorcode更新到sql中”: 步骤“将errorcode更新到sql中”已启动
2015-09-01 10:35:34,275 [8] INFO  - 步骤“将errorcode更新到sql中”已成功结束
2015-09-01 10:35:34,279 [8] INFO  - 步骤“获取当前Case的实际值”: 步骤“获取当前Case的实际值”已启动
2015-09-01 10:35:34,286 [8] INFO  - 步骤“获取当前Case的实际值”已成功结束
2015-09-01 10:35:34,290 [8] INFO  - 步骤“获取当前Case的期待值”: 步骤“获取当前Case的期待值”已启动
2015-09-01 10:35:34,302 [8] INFO  - 步骤“获取当前Case的期待值”已成功结束
2015-09-01 10:35:34,306 [8] INFO  - 步骤“填写Result”: 步骤“填写Result”已启动
2015-09-01 10:35:34,311 [8] INFO  - 步骤“IfElse189”: 计算方式: 使用条件
2015-09-01 10:35:34,314 [8] INFO  - 步骤“是”: 步骤“是”已启动
2015-09-01 10:35:34,318 [8] INFO  - 步骤“在Result字段插入True”: 步骤“在Result字段插入True”已启动
2015-09-01 10:35:34,325 [8] INFO  - 步骤“在Result字段插入True”已成功结束
2015-09-01 10:35:34,329 [8] INFO  - 步骤“是”已成功结束
2015-09-01 10:35:34,334 [8] INFO  - 步骤“填写Result”已成功结束
2015-09-01 10:35:34,338 [8] INFO  - 步骤“迭代 9”已成功结束
2015-09-01 10:35:34,344 [8] INFO  - 步骤“迭代 10”: 步骤“迭代 10”已启动
2015-09-01 10:35:34,348 [8] INFO  - 步骤“查询tb_getVCards_verification表中数据”: 步骤“查询tb_getVCards_verification表中数据”已启动
2015-09-01 10:35:34,359 [8] INFO  - 步骤“查询tb_getVCards_verification表中数据”已成功结束
2015-09-01 10:35:34,362 [8] INFO  - 步骤“查询tb_global_table表中ResponseXsid值”: 步骤“查询tb_global_table表中ResponseXsid值”已启动
2015-09-01 10:35:34,376 [8] INFO  - 步骤“查询tb_global_table表中ResponseXsid值”已成功结束
2015-09-01 10:35:34,378 [8] INFO  - 步骤“将xsid更新至最新值”: 步骤“将xsid更新至最新值”已启动
2015-09-01 10:35:34,380 [8] INFO  - 步骤“将xsid更新至最新值”: 输入参数“源字符串”，值:“123.abc”
2015-09-01 10:35:34,383 [8] INFO  - 步骤“将xsid更新至最新值”: 输入参数“搜索字符串 1”，值:“'x_1f1a0e62u0t5j480c916h26642tc3didb95f5an861da049516m0y7pd5aiu00'”
2015-09-01 10:35:34,385 [8] INFO  - 步骤“将xsid更新至最新值”: 输入参数“替换字符串 1”，值:“'x_071aha6b4ft633ibbc5052n169d70091e688e8ubm7a8ifud07030e6cutj8c1'”
2015-09-01 10:35:34,387 [8] INFO  - 步骤“将xsid更新至最新值”: 输出参数“结果”，值:“123.abc”
2015-09-01 10:35:34,389 [8] INFO  - 步骤“将xsid更新至最新值”已成功结束
2015-09-01 10:35:34,393 [8] INFO  - 步骤“调用tb_getVCards_verification”: 步骤“调用tb_getVCards_verification”已启动
2015-09-01 10:35:34,395 [8] INFO  - 步骤“调用tb_getVCards_verification”: 提取 HTTP URL: 'http://yace-iq.365ime.com/iq/getVCards.php'
2015-09-01 10:35:36,943 [8] INFO  - 步骤“调用tb_getVCards_verification”: 服务器返回了状态代码: 200
2015-09-01 10:35:36,953 [8] INFO  - 步骤“调用tb_getVCards_verification”: HTTP 原始请求:
2015-09-01 10:35:36,963 [8] INFO  - 步骤“调用tb_getVCards_verification”: POST http://yace-iq.365ime.com/iq/getVCards.php 1.1
Content-Type: application/x-www-form-urlencoded
Host: yace-iq.365ime.com
Content-Length: 112
Expect: 100-continue
myJid=77401169@365ime.com&xsid=123.abc&toJid=249901780@365ime.com&token=87b9ceea95320d0f0bf513ce12fe82593b8c2956

2015-09-01 10:35:36,967 [8] INFO  - 步骤“调用tb_getVCards_verification”: HTTP 原始响应:
2015-09-01 10:35:36,969 [8] INFO  - 步骤“调用tb_getVCards_verification”: HTTP/1.1 200 OK
Access-Control-Allow-Origin: *
Transfer-Encoding: chunked
Content-Type: text/html;charset=UTF-8
Date: Tue, 01 Sep 2015 02:35:54 GMT
Server: Apache-Coyote/1.1
{"message":"user not exist! ","data":[],"errorCode":"1"}

2015-09-01 10:35:36,974 [8] INFO  - 步骤“调用tb_getVCards_verification”已成功结束
2015-09-01 10:35:36,977 [8] INFO  - 步骤“获取返回值转换为JSON”: 步骤“获取返回值转换为JSON”已启动
2015-09-01 10:35:36,983 [8] INFO  - 步骤“获取返回值转换为JSON”已成功结束
2015-09-01 10:35:36,984 [8] INFO  - 步骤“将Response插入到InterfaceResponse字段中”: 步骤“将Response插入到InterfaceResponse字段中”已启动
2015-09-01 10:35:36,989 [8] INFO  - 步骤“将Response插入到InterfaceResponse字段中”已成功结束
2015-09-01 10:35:36,991 [8] INFO  - 步骤“将errorcode更新到sql中”: 步骤“将errorcode更新到sql中”已启动
2015-09-01 10:35:36,996 [8] INFO  - 步骤“将errorcode更新到sql中”已成功结束
2015-09-01 10:35:36,998 [8] INFO  - 步骤“获取当前Case的实际值”: 步骤“获取当前Case的实际值”已启动
2015-09-01 10:35:37,002 [8] INFO  - 步骤“获取当前Case的实际值”已成功结束
2015-09-01 10:35:37,004 [8] INFO  - 步骤“获取当前Case的期待值”: 步骤“获取当前Case的期待值”已启动
2015-09-01 10:35:37,008 [8] INFO  - 步骤“获取当前Case的期待值”已成功结束
2015-09-01 10:35:37,009 [8] INFO  - 步骤“填写Result”: 步骤“填写Result”已启动
2015-09-01 10:35:37,011 [8] INFO  - 步骤“IfElse189”: 计算方式: 使用条件
2015-09-01 10:35:37,014 [8] INFO  - 步骤“是”: 步骤“是”已启动
2015-09-01 10:35:37,016 [8] INFO  - 步骤“在Result字段插入True”: 步骤“在Result字段插入True”已启动
2015-09-01 10:35:37,022 [8] INFO  - 步骤“在Result字段插入True”已成功结束
2015-09-01 10:35:37,024 [8] INFO  - 步骤“是”已成功结束
2015-09-01 10:35:37,026 [8] INFO  - 步骤“填写Result”已成功结束
2015-09-01 10:35:37,028 [8] INFO  - 步骤“迭代 10”已成功结束
2015-09-01 10:35:37,030 [8] INFO  - 步骤“迭代 11”: 步骤“迭代 11”已启动
2015-09-01 10:35:37,031 [8] INFO  - 步骤“查询tb_getVCards_verification表中数据”: 步骤“查询tb_getVCards_verification表中数据”已启动
2015-09-01 10:35:37,034 [8] INFO  - 步骤“查询tb_getVCards_verification表中数据”已成功结束
2015-09-01 10:35:37,035 [8] INFO  - 步骤“查询tb_global_table表中ResponseXsid值”: 步骤“查询tb_global_table表中ResponseXsid值”已启动
2015-09-01 10:35:37,038 [8] INFO  - 步骤“查询tb_global_table表中ResponseXsid值”已成功结束
2015-09-01 10:35:37,040 [8] INFO  - 步骤“将xsid更新至最新值”: 步骤“将xsid更新至最新值”已启动
2015-09-01 10:35:37,041 [8] INFO  - 步骤“将xsid更新至最新值”: 输入参数“源字符串”，值:“x_1f1a0e62u0t5j480c916h26642tc3didb95f5an861da049516m0y7pd5aiu00”
2015-09-01 10:35:37,043 [8] INFO  - 步骤“将xsid更新至最新值”: 输入参数“搜索字符串 1”，值:“'x_1f1a0e62u0t5j480c916h26642tc3didb95f5an861da049516m0y7pd5aiu00'”
2015-09-01 10:35:37,044 [8] INFO  - 步骤“将xsid更新至最新值”: 输入参数“替换字符串 1”，值:“'x_071aha6b4ft633ibbc5052n169d70091e688e8ubm7a8ifud07030e6cutj8c1'”
2015-09-01 10:35:37,045 [8] INFO  - 步骤“将xsid更新至最新值”: 输出参数“结果”，值:“x_071aha6b4ft633ibbc5052n169d70091e688e8ubm7a8ifud07030e6cutj8c1”
2015-09-01 10:35:37,046 [8] INFO  - 步骤“将xsid更新至最新值”已成功结束
2015-09-01 10:35:37,047 [8] INFO  - 步骤“调用tb_getVCards_verification”: 步骤“调用tb_getVCards_verification”已启动
2015-09-01 10:35:37,050 [8] INFO  - 步骤“调用tb_getVCards_verification”: 提取 HTTP URL: 'http://yace-iq.365ime.com/iq/getVCards.php'
2015-09-01 10:35:37,107 [8] INFO  - 步骤“调用tb_getVCards_verification”: 服务器返回了状态代码: 200
2015-09-01 10:35:37,111 [8] INFO  - 步骤“调用tb_getVCards_verification”: HTTP 原始请求:
2015-09-01 10:35:37,117 [8] INFO  - 步骤“调用tb_getVCards_verification”: POST http://yace-iq.365ime.com/iq/getVCards.php 1.1
Content-Type: application/x-www-form-urlencoded
Host: yace-iq.365ime.com
Content-Length: 158
Expect: 100-continue
myJid=77401169@365ime.com&xsid=x_071aha6b4ft633ibbc5052n169d70091e688e8ubm7a8ifud07030e6cutj8c1&toJid=887021520&token=c2ddde339d611ca924d7d422853ac1e81b0cf0d1

2015-09-01 10:35:37,122 [8] INFO  - 步骤“调用tb_getVCards_verification”: HTTP 原始响应:
2015-09-01 10:35:37,127 [8] INFO  - 步骤“调用tb_getVCards_verification”: HTTP/1.1 200 OK
Access-Control-Allow-Origin: *
Transfer-Encoding: chunked
Content-Type: text/html;charset=UTF-8
Date: Tue, 01 Sep 2015 02:35:54 GMT
Server: Apache-Coyote/1.1
{"message":"user not exist! ","data":[],"errorCode":"1"}

2015-09-01 10:35:37,135 [8] INFO  - 步骤“调用tb_getVCards_verification”已成功结束
2015-09-01 10:35:37,138 [8] INFO  - 步骤“获取返回值转换为JSON”: 步骤“获取返回值转换为JSON”已启动
2015-09-01 10:35:37,144 [8] INFO  - 步骤“获取返回值转换为JSON”已成功结束
2015-09-01 10:35:37,148 [8] INFO  - 步骤“将Response插入到InterfaceResponse字段中”: 步骤“将Response插入到InterfaceResponse字段中”已启动
2015-09-01 10:35:37,156 [8] INFO  - 步骤“将Response插入到InterfaceResponse字段中”已成功结束
2015-09-01 10:35:37,159 [8] INFO  - 步骤“将errorcode更新到sql中”: 步骤“将errorcode更新到sql中”已启动
2015-09-01 10:35:37,167 [8] INFO  - 步骤“将errorcode更新到sql中”已成功结束
2015-09-01 10:35:37,171 [8] INFO  - 步骤“获取当前Case的实际值”: 步骤“获取当前Case的实际值”已启动
2015-09-01 10:35:37,178 [8] INFO  - 步骤“获取当前Case的实际值”已成功结束
2015-09-01 10:35:37,184 [8] INFO  - 步骤“获取当前Case的期待值”: 步骤“获取当前Case的期待值”已启动
2015-09-01 10:35:37,191 [8] INFO  - 步骤“获取当前Case的期待值”已成功结束
2015-09-01 10:35:37,195 [8] INFO  - 步骤“填写Result”: 步骤“填写Result”已启动
2015-09-01 10:35:37,199 [8] INFO  - 步骤“IfElse189”: 计算方式: 使用条件
2015-09-01 10:35:37,202 [8] INFO  - 步骤“是”: 步骤“是”已启动
2015-09-01 10:35:37,206 [8] INFO  - 步骤“在Result字段插入True”: 步骤“在Result字段插入True”已启动
2015-09-01 10:35:37,214 [8] INFO  - 步骤“在Result字段插入True”已成功结束
2015-09-01 10:35:37,219 [8] INFO  - 步骤“是”已成功结束
2015-09-01 10:35:37,224 [8] INFO  - 步骤“填写Result”已成功结束
2015-09-01 10:35:37,228 [8] INFO  - 步骤“迭代 11”已成功结束
2015-09-01 10:35:37,234 [8] INFO  - 步骤“迭代 12”: 步骤“迭代 12”已启动
2015-09-01 10:35:37,238 [8] INFO  - 步骤“查询tb_getVCards_verification表中数据”: 步骤“查询tb_getVCards_verification表中数据”已启动
2015-09-01 10:35:37,245 [8] INFO  - 步骤“查询tb_getVCards_verification表中数据”已成功结束
2015-09-01 10:35:37,248 [8] INFO  - 步骤“查询tb_global_table表中ResponseXsid值”: 步骤“查询tb_global_table表中ResponseXsid值”已启动
2015-09-01 10:35:37,255 [8] INFO  - 步骤“查询tb_global_table表中ResponseXsid值”已成功结束
2015-09-01 10:35:37,258 [8] INFO  - 步骤“将xsid更新至最新值”: 步骤“将xsid更新至最新值”已启动
2015-09-01 10:35:37,266 [8] INFO  - 步骤“将xsid更新至最新值”: 输入参数“源字符串”，值:“x_1f1a0e62u0t5j480c916h26642tc3didb95f5an861da049516m0y7pd5aiu00”
2015-09-01 10:35:37,270 [8] INFO  - 步骤“将xsid更新至最新值”: 输入参数“搜索字符串 1”，值:“'x_1f1a0e62u0t5j480c916h26642tc3didb95f5an861da049516m0y7pd5aiu00'”
2015-09-01 10:35:37,274 [8] INFO  - 步骤“将xsid更新至最新值”: 输入参数“替换字符串 1”，值:“'x_071aha6b4ft633ibbc5052n169d70091e688e8ubm7a8ifud07030e6cutj8c1'”
2015-09-01 10:35:37,277 [8] INFO  - 步骤“将xsid更新至最新值”: 输出参数“结果”，值:“x_071aha6b4ft633ibbc5052n169d70091e688e8ubm7a8ifud07030e6cutj8c1”
2015-09-01 10:35:37,282 [8] INFO  - 步骤“将xsid更新至最新值”已成功结束
2015-09-01 10:35:37,284 [8] INFO  - 步骤“调用tb_getVCards_verification”: 步骤“调用tb_getVCards_verification”已启动
2015-09-01 10:35:37,288 [8] INFO  - 步骤“调用tb_getVCards_verification”: 提取 HTTP URL: 'http://yace-iq.365ime.com/iq/getVCards.php'
2015-09-01 10:35:37,349 [8] INFO  - 步骤“调用tb_getVCards_verification”: 服务器返回了状态代码: 200
2015-09-01 10:35:37,355 [8] INFO  - 步骤“调用tb_getVCards_verification”: HTTP 原始请求:
2015-09-01 10:35:37,360 [8] INFO  - 步骤“调用tb_getVCards_verification”: POST http://yace-iq.365ime.com/iq/getVCards.php 1.1
Content-Type: application/x-www-form-urlencoded
Host: yace-iq.365ime.com
Content-Length: 168
Expect: 100-continue
myJid=77401169@365ime.com&xsid=x_071aha6b4ft633ibbc5052n169d70091e688e8ubm7a8ifud07030e6cutj8c1&toJid=77401169@365ime.com&token=47c86b6f13cb01db71e8d1c4f08e24d4aa215b13

2015-09-01 10:35:37,365 [8] INFO  - 步骤“调用tb_getVCards_verification”: HTTP 原始响应:
2015-09-01 10:35:37,369 [8] INFO  - 步骤“调用tb_getVCards_verification”: HTTP/1.1 200 OK
Access-Control-Allow-Origin: *
Transfer-Encoding: chunked
Content-Type: text/html;charset=UTF-8
Date: Tue, 01 Sep 2015 02:35:54 GMT
Server: Apache-Coyote/1.1
{"message":"success","data":[{"phone":"","status":"1","pid":"77246885","userRole":"s2","orgName":"刘丽","version":"1431138618","orgId":"622195","category":"0","email":"","thumbUrl":"http://download.ac-bj-oss.365ime.com/storage/2015-08-05/d83cb81c8ab1c78b12ed4475b56cba53e5a7f007","gender":"1","jid":"77401169@365ime.com","userDescription":"test","photoUrl":"http://download.ac-bj-oss.365ime.com/storage/2015-08-05/c05dfb5505a9e142874eba2cebeeb41b41cd4009","fn":"张坤老师"}],"errorCode":"0"}

2015-09-01 10:35:37,377 [8] INFO  - 步骤“调用tb_getVCards_verification”已成功结束
2015-09-01 10:35:37,381 [8] INFO  - 步骤“获取返回值转换为JSON”: 步骤“获取返回值转换为JSON”已启动
2015-09-01 10:35:37,390 [8] INFO  - 步骤“获取返回值转换为JSON”已成功结束
2015-09-01 10:35:37,393 [8] INFO  - 步骤“将Response插入到InterfaceResponse字段中”: 步骤“将Response插入到InterfaceResponse字段中”已启动
2015-09-01 10:35:37,402 [8] INFO  - 步骤“将Response插入到InterfaceResponse字段中”已成功结束
2015-09-01 10:35:37,405 [8] INFO  - 步骤“将errorcode更新到sql中”: 步骤“将errorcode更新到sql中”已启动
2015-09-01 10:35:37,411 [8] INFO  - 步骤“将errorcode更新到sql中”已成功结束
2015-09-01 10:35:37,414 [8] INFO  - 步骤“获取当前Case的实际值”: 步骤“获取当前Case的实际值”已启动
2015-09-01 10:35:37,420 [8] INFO  - 步骤“获取当前Case的实际值”已成功结束
2015-09-01 10:35:37,423 [8] INFO  - 步骤“获取当前Case的期待值”: 步骤“获取当前Case的期待值”已启动
2015-09-01 10:35:37,428 [8] INFO  - 步骤“获取当前Case的期待值”已成功结束
2015-09-01 10:35:37,430 [8] INFO  - 步骤“填写Result”: 步骤“填写Result”已启动
2015-09-01 10:35:37,434 [8] INFO  - 步骤“IfElse189”: 计算方式: 使用条件
2015-09-01 10:35:37,436 [8] INFO  - 步骤“是”: 步骤“是”已启动
2015-09-01 10:35:37,439 [8] INFO  - 步骤“在Result字段插入True”: 步骤“在Result字段插入True”已启动
2015-09-01 10:35:37,444 [8] INFO  - 步骤“在Result字段插入True”已成功结束
2015-09-01 10:35:37,447 [8] INFO  - 步骤“是”已成功结束
2015-09-01 10:35:37,451 [8] INFO  - 步骤“填写Result”已成功结束
2015-09-01 10:35:37,453 [8] INFO  - 步骤“迭代 12”已成功结束
2015-09-01 10:35:37,457 [8] INFO  - 步骤“迭代 13”: 步骤“迭代 13”已启动
2015-09-01 10:35:37,460 [8] INFO  - 步骤“查询tb_getVCards_verification表中数据”: 步骤“查询tb_getVCards_verification表中数据”已启动
2015-09-01 10:35:37,465 [8] INFO  - 步骤“查询tb_getVCards_verification表中数据”已成功结束
2015-09-01 10:35:37,468 [8] INFO  - 步骤“查询tb_global_table表中ResponseXsid值”: 步骤“查询tb_global_table表中ResponseXsid值”已启动
2015-09-01 10:35:37,472 [8] INFO  - 步骤“查询tb_global_table表中ResponseXsid值”已成功结束
2015-09-01 10:35:37,476 [8] INFO  - 步骤“将xsid更新至最新值”: 步骤“将xsid更新至最新值”已启动
2015-09-01 10:35:37,481 [8] INFO  - 步骤“将xsid更新至最新值”: 输入参数“源字符串”，值:“x_1f1a0e62u0t5j480c916h26642tc3didb95f5an861da049516m0y7pd5aiu00”
2015-09-01 10:35:37,483 [8] INFO  - 步骤“将xsid更新至最新值”: 输入参数“搜索字符串 1”，值:“'x_1f1a0e62u0t5j480c916h26642tc3didb95f5an861da049516m0y7pd5aiu00'”
2015-09-01 10:35:37,486 [8] INFO  - 步骤“将xsid更新至最新值”: 输入参数“替换字符串 1”，值:“'x_071aha6b4ft633ibbc5052n169d70091e688e8ubm7a8ifud07030e6cutj8c1'”
2015-09-01 10:35:37,488 [8] INFO  - 步骤“将xsid更新至最新值”: 输出参数“结果”，值:“x_071aha6b4ft633ibbc5052n169d70091e688e8ubm7a8ifud07030e6cutj8c1”
2015-09-01 10:35:37,491 [8] INFO  - 步骤“将xsid更新至最新值”已成功结束
2015-09-01 10:35:37,494 [8] INFO  - 步骤“调用tb_getVCards_verification”: 步骤“调用tb_getVCards_verification”已启动
2015-09-01 10:35:37,497 [8] INFO  - 步骤“调用tb_getVCards_verification”: 提取 HTTP URL: 'http://yace-iq.365ime.com/iq/getVCards.php'
2015-09-01 10:35:37,546 [8] INFO  - 步骤“调用tb_getVCards_verification”: 服务器返回了状态代码: 200
2015-09-01 10:35:37,549 [8] INFO  - 步骤“调用tb_getVCards_verification”: HTTP 原始请求:
2015-09-01 10:35:37,551 [8] INFO  - 步骤“调用tb_getVCards_verification”: POST http://yace-iq.365ime.com/iq/getVCards.php 1.1
Content-Type: application/x-www-form-urlencoded
Host: yace-iq.365ime.com
Content-Length: 149
Expect: 100-continue
myJid=77401169@365ime.com&xsid=x_071aha6b4ft633ibbc5052n169d70091e688e8ubm7a8ifud07030e6cutj8c1&toJid=&token=eb5c87da6465df51315823a5a8605b523322f200

2015-09-01 10:35:37,556 [8] INFO  - 步骤“调用tb_getVCards_verification”: HTTP 原始响应:
2015-09-01 10:35:37,560 [8] INFO  - 步骤“调用tb_getVCards_verification”: HTTP/1.1 200 OK
Access-Control-Allow-Origin: *
Transfer-Encoding: chunked
Content-Type: text/html;charset=UTF-8
Date: Tue, 01 Sep 2015 02:35:54 GMT
Server: Apache-Coyote/1.1
{"message":"user not exist! ","data":[],"errorCode":"1"}

2015-09-01 10:35:37,569 [8] INFO  - 步骤“调用tb_getVCards_verification”已成功结束
2015-09-01 10:35:37,574 [8] INFO  - 步骤“获取返回值转换为JSON”: 步骤“获取返回值转换为JSON”已启动
2015-09-01 10:35:37,582 [8] INFO  - 步骤“获取返回值转换为JSON”已成功结束
2015-09-01 10:35:37,584 [8] INFO  - 步骤“将Response插入到InterfaceResponse字段中”: 步骤“将Response插入到InterfaceResponse字段中”已启动
2015-09-01 10:35:37,589 [8] INFO  - 步骤“将Response插入到InterfaceResponse字段中”已成功结束
2015-09-01 10:35:37,591 [8] INFO  - 步骤“将errorcode更新到sql中”: 步骤“将errorcode更新到sql中”已启动
2015-09-01 10:35:37,596 [8] INFO  - 步骤“将errorcode更新到sql中”已成功结束
2015-09-01 10:35:37,598 [8] INFO  - 步骤“获取当前Case的实际值”: 步骤“获取当前Case的实际值”已启动
2015-09-01 10:35:37,601 [8] INFO  - 步骤“获取当前Case的实际值”已成功结束
2015-09-01 10:35:37,603 [8] INFO  - 步骤“获取当前Case的期待值”: 步骤“获取当前Case的期待值”已启动
2015-09-01 10:35:37,607 [8] INFO  - 步骤“获取当前Case的期待值”已成功结束
2015-09-01 10:35:37,609 [8] INFO  - 步骤“填写Result”: 步骤“填写Result”已启动
2015-09-01 10:35:37,611 [8] INFO  - 步骤“IfElse189”: 计算方式: 使用条件
2015-09-01 10:35:37,612 [8] INFO  - 步骤“是”: 步骤“是”已启动
2015-09-01 10:35:37,614 [8] INFO  - 步骤“在Result字段插入True”: 步骤“在Result字段插入True”已启动
2015-09-01 10:35:37,618 [8] INFO  - 步骤“在Result字段插入True”已成功结束
2015-09-01 10:35:37,619 [8] INFO  - 步骤“是”已成功结束
2015-09-01 10:35:37,621 [8] INFO  - 步骤“填写Result”已成功结束
2015-09-01 10:35:37,623 [8] INFO  - 步骤“迭代 13”已成功结束
2015-09-01 10:35:37,625 [8] INFO  - 步骤“迭代 14”: 步骤“迭代 14”已启动
2015-09-01 10:35:37,627 [8] INFO  - 步骤“查询tb_getVCards_verification表中数据”: 步骤“查询tb_getVCards_verification表中数据”已启动
2015-09-01 10:35:37,630 [8] INFO  - 步骤“查询tb_getVCards_verification表中数据”已成功结束
2015-09-01 10:35:37,631 [8] INFO  - 步骤“查询tb_global_table表中ResponseXsid值”: 步骤“查询tb_global_table表中ResponseXsid值”已启动
2015-09-01 10:35:37,636 [8] INFO  - 步骤“查询tb_global_table表中ResponseXsid值”已成功结束
2015-09-01 10:35:37,638 [8] INFO  - 步骤“将xsid更新至最新值”: 步骤“将xsid更新至最新值”已启动
2015-09-01 10:35:37,640 [8] INFO  - 步骤“将xsid更新至最新值”: 输入参数“源字符串”，值:“x_1f1a0e62u0t5j480c916h26642tc3didb95f5an861da049516m0y7pd5aiu00”
2015-09-01 10:35:37,641 [8] INFO  - 步骤“将xsid更新至最新值”: 输入参数“搜索字符串 1”，值:“'x_1f1a0e62u0t5j480c916h26642tc3didb95f5an861da049516m0y7pd5aiu00'”
2015-09-01 10:35:37,642 [8] INFO  - 步骤“将xsid更新至最新值”: 输入参数“替换字符串 1”，值:“'x_071aha6b4ft633ibbc5052n169d70091e688e8ubm7a8ifud07030e6cutj8c1'”
2015-09-01 10:35:37,644 [8] INFO  - 步骤“将xsid更新至最新值”: 输出参数“结果”，值:“x_071aha6b4ft633ibbc5052n169d70091e688e8ubm7a8ifud07030e6cutj8c1”
2015-09-01 10:35:37,646 [8] INFO  - 步骤“将xsid更新至最新值”已成功结束
2015-09-01 10:35:37,647 [8] INFO  - 步骤“调用tb_getVCards_verification”: 步骤“调用tb_getVCards_verification”已启动
2015-09-01 10:35:37,649 [8] INFO  - 步骤“调用tb_getVCards_verification”: 提取 HTTP URL: 'http://yace-iq.365ime.com/iq/getVCards.php'
2015-09-01 10:35:37,698 [8] INFO  - 步骤“调用tb_getVCards_verification”: 服务器返回了状态代码: 200
2015-09-01 10:35:37,700 [8] INFO  - 步骤“调用tb_getVCards_verification”: HTTP 原始请求:
2015-09-01 10:35:37,702 [8] INFO  - 步骤“调用tb_getVCards_verification”: POST http://yace-iq.365ime.com/iq/getVCards.php 1.1
Content-Type: application/x-www-form-urlencoded
Host: yace-iq.365ime.com
Content-Length: 157
Expect: 100-continue
myJid=77401169@365ime.com&xsid=x_071aha6b4ft633ibbc5052n169d70091e688e8ubm7a8ifud07030e6cutj8c1&toJid=!@#$%^&'&token=763531f9bd049e3fddbcaaccc510625a233b11f7

2015-09-01 10:35:37,706 [8] INFO  - 步骤“调用tb_getVCards_verification”: HTTP 原始响应:
2015-09-01 10:35:37,710 [8] INFO  - 步骤“调用tb_getVCards_verification”: HTTP/1.1 200 OK
Access-Control-Allow-Origin: *
Transfer-Encoding: chunked
Content-Type: text/html;charset=UTF-8
Date: Tue, 01 Sep 2015 02:35:54 GMT
Server: Apache-Coyote/1.1
{"message":"user not exist! ","data":[],"errorCode":"1"}

2015-09-01 10:35:37,717 [8] INFO  - 步骤“调用tb_getVCards_verification”已成功结束
2015-09-01 10:35:37,721 [8] INFO  - 步骤“获取返回值转换为JSON”: 步骤“获取返回值转换为JSON”已启动
2015-09-01 10:35:37,730 [8] INFO  - 步骤“获取返回值转换为JSON”已成功结束
2015-09-01 10:35:37,737 [8] INFO  - 步骤“将Response插入到InterfaceResponse字段中”: 步骤“将Response插入到InterfaceResponse字段中”已启动
2015-09-01 10:35:37,745 [8] INFO  - 步骤“将Response插入到InterfaceResponse字段中”已成功结束
2015-09-01 10:35:37,748 [8] INFO  - 步骤“将errorcode更新到sql中”: 步骤“将errorcode更新到sql中”已启动
2015-09-01 10:35:37,754 [8] INFO  - 步骤“将errorcode更新到sql中”已成功结束
2015-09-01 10:35:37,757 [8] INFO  - 步骤“获取当前Case的实际值”: 步骤“获取当前Case的实际值”已启动
2015-09-01 10:35:37,762 [8] INFO  - 步骤“获取当前Case的实际值”已成功结束
2015-09-01 10:35:37,765 [8] INFO  - 步骤“获取当前Case的期待值”: 步骤“获取当前Case的期待值”已启动
2015-09-01 10:35:37,770 [8] INFO  - 步骤“获取当前Case的期待值”已成功结束
2015-09-01 10:35:37,773 [8] INFO  - 步骤“填写Result”: 步骤“填写Result”已启动
2015-09-01 10:35:37,778 [8] INFO  - 步骤“IfElse189”: 计算方式: 使用条件
2015-09-01 10:35:37,781 [8] INFO  - 步骤“是”: 步骤“是”已启动
2015-09-01 10:35:37,784 [8] INFO  - 步骤“在Result字段插入True”: 步骤“在Result字段插入True”已启动
2015-09-01 10:35:37,791 [8] INFO  - 步骤“在Result字段插入True”已成功结束
2015-09-01 10:35:37,794 [8] INFO  - 步骤“是”已成功结束
2015-09-01 10:35:37,796 [8] INFO  - 步骤“填写Result”已成功结束
2015-09-01 10:35:37,799 [8] INFO  - 步骤“迭代 14”已成功结束
2015-09-01 10:35:37,801 [8] INFO  - 步骤“迭代 15”: 步骤“迭代 15”已启动
2015-09-01 10:35:37,804 [8] INFO  - 步骤“查询tb_getVCards_verification表中数据”: 步骤“查询tb_getVCards_verification表中数据”已启动
2015-09-01 10:35:37,808 [8] INFO  - 步骤“查询tb_getVCards_verification表中数据”已成功结束
2015-09-01 10:35:37,809 [8] INFO  - 步骤“查询tb_global_table表中ResponseXsid值”: 步骤“查询tb_global_table表中ResponseXsid值”已启动
2015-09-01 10:35:37,815 [8] INFO  - 步骤“查询tb_global_table表中ResponseXsid值”已成功结束
2015-09-01 10:35:37,818 [8] INFO  - 步骤“将xsid更新至最新值”: 步骤“将xsid更新至最新值”已启动
2015-09-01 10:35:37,820 [8] INFO  - 步骤“将xsid更新至最新值”: 输入参数“源字符串”，值:“x_1f1a0e62u0t5j480c916h26642tc3didb95f5an861da049516m0y7pd5aiu00”
2015-09-01 10:35:37,822 [8] INFO  - 步骤“将xsid更新至最新值”: 输入参数“搜索字符串 1”，值:“'x_1f1a0e62u0t5j480c916h26642tc3didb95f5an861da049516m0y7pd5aiu00'”
2015-09-01 10:35:37,824 [8] INFO  - 步骤“将xsid更新至最新值”: 输入参数“替换字符串 1”，值:“'x_071aha6b4ft633ibbc5052n169d70091e688e8ubm7a8ifud07030e6cutj8c1'”
2015-09-01 10:35:37,825 [8] INFO  - 步骤“将xsid更新至最新值”: 输出参数“结果”，值:“x_071aha6b4ft633ibbc5052n169d70091e688e8ubm7a8ifud07030e6cutj8c1”
2015-09-01 10:35:37,827 [8] INFO  - 步骤“将xsid更新至最新值”已成功结束
2015-09-01 10:35:37,828 [8] INFO  - 步骤“调用tb_getVCards_verification”: 步骤“调用tb_getVCards_verification”已启动
2015-09-01 10:35:37,829 [8] INFO  - 步骤“调用tb_getVCards_verification”: 提取 HTTP URL: 'http://yace-iq.365ime.com/iq/getVCards.php'
2015-09-01 10:35:37,914 [8] INFO  - 步骤“调用tb_getVCards_verification”: 服务器返回了状态代码: 200
2015-09-01 10:35:37,920 [8] INFO  - 步骤“调用tb_getVCards_verification”: HTTP 原始请求:
2015-09-01 10:35:37,925 [8] INFO  - 步骤“调用tb_getVCards_verification”: POST http://yace-iq.365ime.com/iq/getVCards.php 1.1
Content-Type: application/x-www-form-urlencoded
Host: yace-iq.365ime.com
Content-Length: 168
Expect: 100-continue
myJid=77401169@365ime.com&xsid=x_071aha6b4ft633ibbc5052n169d70091e688e8ubm7a8ifud07030e6cutj8c1&toJid=249901780@365ime.co&token=4cfc2d78b832e6ec7b95bed1ab142bfb18b0f692

2015-09-01 10:35:37,930 [8] INFO  - 步骤“调用tb_getVCards_verification”: HTTP 原始响应:
2015-09-01 10:35:37,935 [8] INFO  - 步骤“调用tb_getVCards_verification”: HTTP/1.1 200 OK
Access-Control-Allow-Origin: *
Transfer-Encoding: chunked
Content-Type: text/html;charset=UTF-8
Date: Tue, 01 Sep 2015 02:35:54 GMT
Server: Apache-Coyote/1.1
{"message":"user not exist! ","data":[],"errorCode":"1"}

2015-09-01 10:35:37,944 [8] INFO  - 步骤“调用tb_getVCards_verification”已成功结束
2015-09-01 10:35:37,951 [8] INFO  - 步骤“获取返回值转换为JSON”: 步骤“获取返回值转换为JSON”已启动
2015-09-01 10:35:37,962 [8] INFO  - 步骤“获取返回值转换为JSON”已成功结束
2015-09-01 10:35:37,967 [8] INFO  - 步骤“将Response插入到InterfaceResponse字段中”: 步骤“将Response插入到InterfaceResponse字段中”已启动
2015-09-01 10:35:37,976 [8] INFO  - 步骤“将Response插入到InterfaceResponse字段中”已成功结束
2015-09-01 10:35:37,979 [8] INFO  - 步骤“将errorcode更新到sql中”: 步骤“将errorcode更新到sql中”已启动
2015-09-01 10:35:37,985 [8] INFO  - 步骤“将errorcode更新到sql中”已成功结束
2015-09-01 10:35:37,988 [8] INFO  - 步骤“获取当前Case的实际值”: 步骤“获取当前Case的实际值”已启动
2015-09-01 10:35:37,993 [8] INFO  - 步骤“获取当前Case的实际值”已成功结束
2015-09-01 10:35:37,996 [8] INFO  - 步骤“获取当前Case的期待值”: 步骤“获取当前Case的期待值”已启动
2015-09-01 10:35:38,001 [8] INFO  - 步骤“获取当前Case的期待值”已成功结束
2015-09-01 10:35:38,004 [8] INFO  - 步骤“填写Result”: 步骤“填写Result”已启动
2015-09-01 10:35:38,008 [8] INFO  - 步骤“IfElse189”: 计算方式: 使用条件
2015-09-01 10:35:38,011 [8] INFO  - 步骤“是”: 步骤“是”已启动
2015-09-01 10:35:38,013 [8] INFO  - 步骤“在Result字段插入True”: 步骤“在Result字段插入True”已启动
2015-09-01 10:35:38,019 [8] INFO  - 步骤“在Result字段插入True”已成功结束
2015-09-01 10:35:38,023 [8] INFO  - 步骤“是”已成功结束
2015-09-01 10:35:38,026 [8] INFO  - 步骤“填写Result”已成功结束
2015-09-01 10:35:38,029 [8] INFO  - 步骤“迭代 15”已成功结束
2015-09-01 10:35:38,033 [8] INFO  - 步骤“迭代 16”: 步骤“迭代 16”已启动
2015-09-01 10:35:38,035 [8] INFO  - 步骤“查询tb_getVCards_verification表中数据”: 步骤“查询tb_getVCards_verification表中数据”已启动
2015-09-01 10:35:38,039 [8] INFO  - 步骤“查询tb_getVCards_verification表中数据”已成功结束
2015-09-01 10:35:38,040 [8] INFO  - 步骤“查询tb_global_table表中ResponseXsid值”: 步骤“查询tb_global_table表中ResponseXsid值”已启动
2015-09-01 10:35:38,044 [8] INFO  - 步骤“查询tb_global_table表中ResponseXsid值”已成功结束
2015-09-01 10:35:38,046 [8] INFO  - 步骤“将xsid更新至最新值”: 步骤“将xsid更新至最新值”已启动
2015-09-01 10:35:38,048 [8] INFO  - 步骤“将xsid更新至最新值”: 输入参数“源字符串”，值:“x_1f1a0e62u0t5j480c916h26642tc3didb95f5an861da049516m0y7pd5aiu00”
2015-09-01 10:35:38,050 [8] INFO  - 步骤“将xsid更新至最新值”: 输入参数“搜索字符串 1”，值:“'x_1f1a0e62u0t5j480c916h26642tc3didb95f5an861da049516m0y7pd5aiu00'”
2015-09-01 10:35:38,051 [8] INFO  - 步骤“将xsid更新至最新值”: 输入参数“替换字符串 1”，值:“'x_071aha6b4ft633ibbc5052n169d70091e688e8ubm7a8ifud07030e6cutj8c1'”
2015-09-01 10:35:38,053 [8] INFO  - 步骤“将xsid更新至最新值”: 输出参数“结果”，值:“x_071aha6b4ft633ibbc5052n169d70091e688e8ubm7a8ifud07030e6cutj8c1”
2015-09-01 10:35:38,054 [8] INFO  - 步骤“将xsid更新至最新值”已成功结束
2015-09-01 10:35:38,055 [8] INFO  - 步骤“调用tb_getVCards_verification”: 步骤“调用tb_getVCards_verification”已启动
2015-09-01 10:35:38,058 [8] INFO  - 步骤“调用tb_getVCards_verification”: 提取 HTTP URL: 'http://yace-iq.365ime.com/iq/getVCards.php'
2015-09-01 10:35:38,135 [8] INFO  - 步骤“调用tb_getVCards_verification”: 服务器返回了状态代码: 200
2015-09-01 10:35:38,140 [8] INFO  - 步骤“调用tb_getVCards_verification”: HTTP 原始请求:
2015-09-01 10:35:38,145 [8] INFO  - 步骤“调用tb_getVCards_verification”: POST http://yace-iq.365ime.com/iq/getVCards.php 1.1
Content-Type: application/x-www-form-urlencoded
Host: yace-iq.365ime.com
Content-Length: 211
Expect: 100-continue
myJid=77401169@365ime.com&xsid=x_071aha6b4ft633ibbc5052n169d70091e688e8ubm7a8ifud07030e6cutj8c1&toJid=887021520@365ime.com,316866050@365ime.com,249901780@365ime.com&token=5d4c86ba4cb50c3bde4d27e7df656746dca1c6b4

2015-09-01 10:35:38,150 [8] INFO  - 步骤“调用tb_getVCards_verification”: HTTP 原始响应:
2015-09-01 10:35:38,154 [8] INFO  - 步骤“调用tb_getVCards_verification”: HTTP/1.1 200 OK
Access-Control-Allow-Origin: *
Transfer-Encoding: chunked
Content-Type: text/html;charset=UTF-8
Date: Tue, 01 Sep 2015 02:35:56 GMT
Server: Apache-Coyote/1.1
{"message":"success","data":[{"phone":"","status":"1","pid":"707805","userRole":"s1","orgName":"未分组用户","version":"1431138618","orgId":"8","category":"0","email":"","thumbUrl":"http://download.ac-bj-oss.365ime.com/storage/2015-07-31/235b405e012c77f612558916d4741933659ece36","gender":"1","jid":"887021520@365ime.com","userDescription":"","photoUrl":"http://download.ac-bj-oss.365ime.com/storage/2015-07-31/d1e98342e663e311f79d6d50473d94cacf82ae67","fn":"小户型"},{"phone":"","status":"1","pid":"707734","userRole":"s1","orgName":"未分组用户","version":"1431138618","orgId":"8","category":"0","email":"","thumbUrl":"http://download.ac-qd-oss.365ime.com/static/ic_64.png","gender":"0","jid":"316866050@365ime.com","userDescription":"","photoUrl":"http://download.ac-qd-oss.365ime.com/static/ic_256.png","fn":"你看看"},{"phone":"","status":"1","pid":"707738","userRole":"s1","orgName":"未分组用户","version":"1431138618","orgId":"8","category":"0","email":"","thumbUrl":"http://download.ac-qd-oss.365ime.com/static/ic_64.png","gender":"0","jid":"249901780@365ime.com","userDescription":"","photoUrl":"http://download.ac-qd-oss.365ime.com/static/ic_256.png","fn":"的few地方"}],"errorCode":"0"}

2015-09-01 10:35:38,162 [8] INFO  - 步骤“调用tb_getVCards_verification”已成功结束
2015-09-01 10:35:38,166 [8] INFO  - 步骤“获取返回值转换为JSON”: 步骤“获取返回值转换为JSON”已启动
2015-09-01 10:35:38,175 [8] INFO  - 步骤“获取返回值转换为JSON”已成功结束
2015-09-01 10:35:38,179 [8] INFO  - 步骤“将Response插入到InterfaceResponse字段中”: 步骤“将Response插入到InterfaceResponse字段中”已启动
2015-09-01 10:35:38,186 [8] INFO  - 步骤“将Response插入到InterfaceResponse字段中”已成功结束
2015-09-01 10:35:38,189 [8] INFO  - 步骤“将errorcode更新到sql中”: 步骤“将errorcode更新到sql中”已启动
2015-09-01 10:35:38,195 [8] INFO  - 步骤“将errorcode更新到sql中”已成功结束
2015-09-01 10:35:38,197 [8] INFO  - 步骤“获取当前Case的实际值”: 步骤“获取当前Case的实际值”已启动
2015-09-01 10:35:38,202 [8] INFO  - 步骤“获取当前Case的实际值”已成功结束
2015-09-01 10:35:38,204 [8] INFO  - 步骤“获取当前Case的期待值”: 步骤“获取当前Case的期待值”已启动
2015-09-01 10:35:38,208 [8] INFO  - 步骤“获取当前Case的期待值”已成功结束
2015-09-01 10:35:38,211 [8] INFO  - 步骤“填写Result”: 步骤“填写Result”已启动
2015-09-01 10:35:38,214 [8] INFO  - 步骤“IfElse189”: 计算方式: 使用条件
2015-09-01 10:35:38,217 [8] INFO  - 步骤“是”: 步骤“是”已启动
2015-09-01 10:35:38,219 [8] INFO  - 步骤“在Result字段插入True”: 步骤“在Result字段插入True”已启动
2015-09-01 10:35:38,226 [8] INFO  - 步骤“在Result字段插入True”已成功结束
2015-09-01 10:35:38,228 [8] INFO  - 步骤“是”已成功结束
2015-09-01 10:35:38,231 [8] INFO  - 步骤“填写Result”已成功结束
2015-09-01 10:35:38,240 [8] INFO  - 步骤“迭代 16”已成功结束
2015-09-01 10:35:38,243 [8] INFO  - 步骤“迭代 17”: 步骤“迭代 17”已启动
2015-09-01 10:35:38,245 [8] INFO  - 步骤“查询tb_getVCards_verification表中数据”: 步骤“查询tb_getVCards_verification表中数据”已启动
2015-09-01 10:35:38,248 [8] INFO  - 步骤“查询tb_getVCards_verification表中数据”已成功结束
2015-09-01 10:35:38,249 [8] INFO  - 步骤“查询tb_global_table表中ResponseXsid值”: 步骤“查询tb_global_table表中ResponseXsid值”已启动
2015-09-01 10:35:38,252 [8] INFO  - 步骤“查询tb_global_table表中ResponseXsid值”已成功结束
2015-09-01 10:35:38,253 [8] INFO  - 步骤“将xsid更新至最新值”: 步骤“将xsid更新至最新值”已启动
2015-09-01 10:35:38,255 [8] INFO  - 步骤“将xsid更新至最新值”: 输入参数“源字符串”，值:“x_1f1a0e62u0t5j480c916h26642tc3didb95f5an861da049516m0y7pd5aiu00”
2015-09-01 10:35:38,256 [8] INFO  - 步骤“将xsid更新至最新值”: 输入参数“搜索字符串 1”，值:“'x_1f1a0e62u0t5j480c916h26642tc3didb95f5an861da049516m0y7pd5aiu00'”
2015-09-01 10:35:38,257 [8] INFO  - 步骤“将xsid更新至最新值”: 输入参数“替换字符串 1”，值:“'x_071aha6b4ft633ibbc5052n169d70091e688e8ubm7a8ifud07030e6cutj8c1'”
2015-09-01 10:35:38,258 [8] INFO  - 步骤“将xsid更新至最新值”: 输出参数“结果”，值:“x_071aha6b4ft633ibbc5052n169d70091e688e8ubm7a8ifud07030e6cutj8c1”
2015-09-01 10:35:38,260 [8] INFO  - 步骤“将xsid更新至最新值”已成功结束
2015-09-01 10:35:38,261 [8] INFO  - 步骤“调用tb_getVCards_verification”: 步骤“调用tb_getVCards_verification”已启动
2015-09-01 10:35:38,262 [8] INFO  - 步骤“调用tb_getVCards_verification”: 提取 HTTP URL: 'http://yace-iq.365ime.com/iq/getVCards.php'
2015-09-01 10:35:38,327 [8] INFO  - 步骤“调用tb_getVCards_verification”: 服务器返回了状态代码: 200
2015-09-01 10:35:38,333 [8] INFO  - 步骤“调用tb_getVCards_verification”: HTTP 原始请求:
2015-09-01 10:35:38,338 [8] INFO  - 步骤“调用tb_getVCards_verification”: POST http://yace-iq.365ime.com/iq/getVCards.php 1.1
Content-Type: application/x-www-form-urlencoded
Host: yace-iq.365ime.com
Content-Length: 209
Expect: 100-continue
myJid=77401169@365ime.com&xsid=x_071aha6b4ft633ibbc5052n169d70091e688e8ubm7a8ifud07030e6cutj8c1&toJid=249901780@365ime.com,77401169@365ime.com,77401170@365ime.com&token=1e23d182e18a06e840d109e00732ecb0c783eb4d

2015-09-01 10:35:38,343 [8] INFO  - 步骤“调用tb_getVCards_verification”: HTTP 原始响应:
2015-09-01 10:35:38,348 [8] INFO  - 步骤“调用tb_getVCards_verification”: HTTP/1.1 200 OK
Access-Control-Allow-Origin: *
Transfer-Encoding: chunked
Content-Type: text/html;charset=UTF-8
Date: Tue, 01 Sep 2015 02:35:56 GMT
Server: Apache-Coyote/1.1
{"message":"success","data":[{"phone":"","status":"1","pid":"707738","userRole":"s1","orgName":"未分组用户","version":"1431138618","orgId":"8","category":"0","email":"","thumbUrl":"http://download.ac-qd-oss.365ime.com/static/ic_64.png","gender":"0","jid":"249901780@365ime.com","userDescription":"","photoUrl":"http://download.ac-qd-oss.365ime.com/static/ic_256.png","fn":"的few地方"},{"phone":"","status":"1","pid":"77246885","userRole":"s2","orgName":"刘丽","version":"1431138618","orgId":"622195","category":"0","email":"","thumbUrl":"http://download.ac-bj-oss.365ime.com/storage/2015-08-05/d83cb81c8ab1c78b12ed4475b56cba53e5a7f007","gender":"1","jid":"77401169@365ime.com","userDescription":"test","photoUrl":"http://download.ac-bj-oss.365ime.com/storage/2015-08-05/c05dfb5505a9e142874eba2cebeeb41b41cd4009","fn":"张坤老师"},{"phone":"","status":"1","pid":"77246891","userRole":"s2","orgName":"刘丽","version":"1431138618","orgId":"622195","category":"0","email":"","thumbUrl":"http://download.ac-qd-oss.365ime.com/static/ic_64.png","gender":"0","jid":"77401170@365ime.com","userDescription":"","photoUrl":"http://download.ac-qd-oss.365ime.com/static/ic_256.png","fn":"张坤老师2"}],"errorCode":"0"}

2015-09-01 10:35:38,358 [8] INFO  - 步骤“调用tb_getVCards_verification”已成功结束
2015-09-01 10:35:38,363 [8] INFO  - 步骤“获取返回值转换为JSON”: 步骤“获取返回值转换为JSON”已启动
2015-09-01 10:35:38,369 [8] INFO  - 步骤“获取返回值转换为JSON”已成功结束
2015-09-01 10:35:38,373 [8] INFO  - 步骤“将Response插入到InterfaceResponse字段中”: 步骤“将Response插入到InterfaceResponse字段中”已启动
2015-09-01 10:35:38,381 [8] INFO  - 步骤“将Response插入到InterfaceResponse字段中”已成功结束
2015-09-01 10:35:38,385 [8] INFO  - 步骤“将errorcode更新到sql中”: 步骤“将errorcode更新到sql中”已启动
2015-09-01 10:35:38,393 [8] INFO  - 步骤“将errorcode更新到sql中”已成功结束
2015-09-01 10:35:38,396 [8] INFO  - 步骤“获取当前Case的实际值”: 步骤“获取当前Case的实际值”已启动
2015-09-01 10:35:38,401 [8] INFO  - 步骤“获取当前Case的实际值”已成功结束
2015-09-01 10:35:38,403 [8] INFO  - 步骤“获取当前Case的期待值”: 步骤“获取当前Case的期待值”已启动
2015-09-01 10:35:38,408 [8] INFO  - 步骤“获取当前Case的期待值”已成功结束
2015-09-01 10:35:38,410 [8] INFO  - 步骤“填写Result”: 步骤“填写Result”已启动
2015-09-01 10:35:38,414 [8] INFO  - 步骤“IfElse189”: 计算方式: 使用条件
2015-09-01 10:35:38,416 [8] INFO  - 步骤“是”: 步骤“是”已启动
2015-09-01 10:35:38,419 [8] INFO  - 步骤“在Result字段插入True”: 步骤“在Result字段插入True”已启动
2015-09-01 10:35:38,424 [8] INFO  - 步骤“在Result字段插入True”已成功结束
2015-09-01 10:35:38,427 [8] INFO  - 步骤“是”已成功结束
2015-09-01 10:35:38,430 [8] INFO  - 步骤“填写Result”已成功结束
2015-09-01 10:35:38,433 [8] INFO  - 步骤“迭代 17”已成功结束
2015-09-01 10:35:38,436 [8] INFO  - 步骤“迭代 18”: 步骤“迭代 18”已启动
2015-09-01 10:35:38,438 [8] INFO  - 步骤“查询tb_getVCards_verification表中数据”: 步骤“查询tb_getVCards_verification表中数据”已启动
2015-09-01 10:35:38,443 [8] INFO  - 步骤“查询tb_getVCards_verification表中数据”已成功结束
2015-09-01 10:35:38,445 [8] INFO  - 步骤“查询tb_global_table表中ResponseXsid值”: 步骤“查询tb_global_table表中ResponseXsid值”已启动
2015-09-01 10:35:38,449 [8] INFO  - 步骤“查询tb_global_table表中ResponseXsid值”已成功结束
2015-09-01 10:35:38,452 [8] INFO  - 步骤“将xsid更新至最新值”: 步骤“将xsid更新至最新值”已启动
2015-09-01 10:35:38,454 [8] INFO  - 步骤“将xsid更新至最新值”: 输入参数“源字符串”，值:“x_1f1a0e62u0t5j480c916h26642tc3didb95f5an861da049516m0y7pd5aiu00”
2015-09-01 10:35:38,457 [8] INFO  - 步骤“将xsid更新至最新值”: 输入参数“搜索字符串 1”，值:“'x_1f1a0e62u0t5j480c916h26642tc3didb95f5an861da049516m0y7pd5aiu00'”
2015-09-01 10:35:38,459 [8] INFO  - 步骤“将xsid更新至最新值”: 输入参数“替换字符串 1”，值:“'x_071aha6b4ft633ibbc5052n169d70091e688e8ubm7a8ifud07030e6cutj8c1'”
2015-09-01 10:35:38,461 [8] INFO  - 步骤“将xsid更新至最新值”: 输出参数“结果”，值:“x_071aha6b4ft633ibbc5052n169d70091e688e8ubm7a8ifud07030e6cutj8c1”
2015-09-01 10:35:38,463 [8] INFO  - 步骤“将xsid更新至最新值”已成功结束
2015-09-01 10:35:38,465 [8] INFO  - 步骤“调用tb_getVCards_verification”: 步骤“调用tb_getVCards_verification”已启动
2015-09-01 10:35:38,467 [8] INFO  - 步骤“调用tb_getVCards_verification”: 提取 HTTP URL: 'http://yace-iq.365ime.com/iq/getVCards.php'
2015-09-01 10:35:38,521 [8] INFO  - 步骤“调用tb_getVCards_verification”: 服务器返回了状态代码: 200
2015-09-01 10:35:38,526 [8] INFO  - 步骤“调用tb_getVCards_verification”: HTTP 原始请求:
2015-09-01 10:35:38,531 [8] INFO  - 步骤“调用tb_getVCards_verification”: POST http://yace-iq.365ime.com/iq/getVCards.php 1.1
Content-Type: application/x-www-form-urlencoded
Host: yace-iq.365ime.com
Content-Length: 169
Expect: 100-continue
myJid=77401169@365ime.com&xsid=x_071aha6b4ft633ibbc5052n169d70091e688e8ubm7a8ifud07030e6cutj8c1&toJid=249901780@365ime.com&token=87b9ceea95320d0f0bf513ce12fe82593b8c2956

2015-09-01 10:35:38,536 [8] INFO  - 步骤“调用tb_getVCards_verification”: HTTP 原始响应:
2015-09-01 10:35:38,541 [8] INFO  - 步骤“调用tb_getVCards_verification”: HTTP/1.1 200 OK
Access-Control-Allow-Origin: *
Transfer-Encoding: chunked
Content-Type: text/html;charset=UTF-8
Date: Tue, 01 Sep 2015 02:35:56 GMT
Server: Apache-Coyote/1.1
{"message":"success","data":[{"phone":"","status":"1","pid":"707738","userRole":"s1","orgName":"未分组用户","version":"1431138618","orgId":"8","category":"0","email":"","thumbUrl":"http://download.ac-qd-oss.365ime.com/static/ic_64.png","gender":"0","jid":"249901780@365ime.com","userDescription":"","photoUrl":"http://download.ac-qd-oss.365ime.com/static/ic_256.png","fn":"的few地方"}],"errorCode":"0"}

2015-09-01 10:35:38,551 [8] INFO  - 步骤“调用tb_getVCards_verification”已成功结束
2015-09-01 10:35:38,556 [8] INFO  - 步骤“获取返回值转换为JSON”: 步骤“获取返回值转换为JSON”已启动
2015-09-01 10:35:38,565 [8] INFO  - 步骤“获取返回值转换为JSON”已成功结束
2015-09-01 10:35:38,572 [8] INFO  - 步骤“将Response插入到InterfaceResponse字段中”: 步骤“将Response插入到InterfaceResponse字段中”已启动
2015-09-01 10:35:38,578 [8] INFO  - 步骤“将Response插入到InterfaceResponse字段中”已成功结束
2015-09-01 10:35:38,580 [8] INFO  - 步骤“将errorcode更新到sql中”: 步骤“将errorcode更新到sql中”已启动
2015-09-01 10:35:38,586 [8] INFO  - 步骤“将errorcode更新到sql中”已成功结束
2015-09-01 10:35:38,588 [8] INFO  - 步骤“获取当前Case的实际值”: 步骤“获取当前Case的实际值”已启动
2015-09-01 10:35:38,592 [8] INFO  - 步骤“获取当前Case的实际值”已成功结束
2015-09-01 10:35:38,594 [8] INFO  - 步骤“获取当前Case的期待值”: 步骤“获取当前Case的期待值”已启动
2015-09-01 10:35:38,600 [8] INFO  - 步骤“获取当前Case的期待值”已成功结束
2015-09-01 10:35:38,602 [8] INFO  - 步骤“填写Result”: 步骤“填写Result”已启动
2015-09-01 10:35:38,605 [8] INFO  - 步骤“IfElse189”: 计算方式: 使用条件
2015-09-01 10:35:38,607 [8] INFO  - 步骤“是”: 步骤“是”已启动
2015-09-01 10:35:38,609 [8] INFO  - 步骤“在Result字段插入True”: 步骤“在Result字段插入True”已启动
2015-09-01 10:35:38,614 [8] INFO  - 步骤“在Result字段插入True”已成功结束
2015-09-01 10:35:38,617 [8] INFO  - 步骤“是”已成功结束
2015-09-01 10:35:38,619 [8] INFO  - 步骤“填写Result”已成功结束
2015-09-01 10:35:38,622 [8] INFO  - 步骤“迭代 18”已成功结束
2015-09-01 10:35:38,624 [8] INFO  - 步骤“迭代 19”: 步骤“迭代 19”已启动
2015-09-01 10:35:38,627 [8] INFO  - 步骤“查询tb_getVCards_verification表中数据”: 步骤“查询tb_getVCards_verification表中数据”已启动
2015-09-01 10:35:38,631 [8] INFO  - 步骤“查询tb_getVCards_verification表中数据”已成功结束
2015-09-01 10:35:38,633 [8] INFO  - 步骤“查询tb_global_table表中ResponseXsid值”: 步骤“查询tb_global_table表中ResponseXsid值”已启动
2015-09-01 10:35:38,636 [8] INFO  - 步骤“查询tb_global_table表中ResponseXsid值”已成功结束
2015-09-01 10:35:38,637 [8] INFO  - 步骤“将xsid更新至最新值”: 步骤“将xsid更新至最新值”已启动
2015-09-01 10:35:38,639 [8] INFO  - 步骤“将xsid更新至最新值”: 输入参数“源字符串”，值:“x_1f1a0e62u0t5j480c916h26642tc3didb95f5an861da049516m0y7pd5aiu00”
2015-09-01 10:35:38,640 [8] INFO  - 步骤“将xsid更新至最新值”: 输入参数“搜索字符串 1”，值:“'x_1f1a0e62u0t5j480c916h26642tc3didb95f5an861da049516m0y7pd5aiu00'”
2015-09-01 10:35:38,641 [8] INFO  - 步骤“将xsid更新至最新值”: 输入参数“替换字符串 1”，值:“'x_071aha6b4ft633ibbc5052n169d70091e688e8ubm7a8ifud07030e6cutj8c1'”
2015-09-01 10:35:38,643 [8] INFO  - 步骤“将xsid更新至最新值”: 输出参数“结果”，值:“x_071aha6b4ft633ibbc5052n169d70091e688e8ubm7a8ifud07030e6cutj8c1”
2015-09-01 10:35:38,644 [8] INFO  - 步骤“将xsid更新至最新值”已成功结束
2015-09-01 10:35:38,645 [8] INFO  - 步骤“调用tb_getVCards_verification”: 步骤“调用tb_getVCards_verification”已启动
2015-09-01 10:35:38,647 [8] INFO  - 步骤“调用tb_getVCards_verification”: 提取 HTTP URL: 'http://yace-iq.365ime.com/iq/getVCards.php'
2015-09-01 10:35:38,694 [8] INFO  - 步骤“调用tb_getVCards_verification”: 服务器返回了状态代码: 200
2015-09-01 10:35:38,699 [8] INFO  - 步骤“调用tb_getVCards_verification”: HTTP 原始请求:
2015-09-01 10:35:38,704 [8] INFO  - 步骤“调用tb_getVCards_verification”: POST http://yace-iq.365ime.com/iq/getVCards.php 1.1
Content-Type: application/x-www-form-urlencoded
Host: yace-iq.365ime.com
Content-Length: 129
Expect: 100-continue
myJid=77401169@365ime.com&xsid=x_071aha6b4ft633ibbc5052n169d70091e688e8ubm7a8ifud07030e6cutj8c1&toJid=249901780@365ime.com&token=

2015-09-01 10:35:38,709 [8] INFO  - 步骤“调用tb_getVCards_verification”: HTTP 原始响应:
2015-09-01 10:35:38,714 [8] INFO  - 步骤“调用tb_getVCards_verification”: HTTP/1.1 200 OK
Access-Control-Allow-Origin: *
Transfer-Encoding: chunked
Content-Type: text/html;charset=UTF-8
Date: Tue, 01 Sep 2015 02:35:56 GMT
Server: Apache-Coyote/1.1
{"message":"user not exist! ","data":[],"errorCode":"1"}

2015-09-01 10:35:38,722 [8] INFO  - 步骤“调用tb_getVCards_verification”已成功结束
2015-09-01 10:35:38,725 [8] INFO  - 步骤“获取返回值转换为JSON”: 步骤“获取返回值转换为JSON”已启动
2015-09-01 10:35:38,730 [8] INFO  - 步骤“获取返回值转换为JSON”已成功结束
2015-09-01 10:35:38,733 [8] INFO  - 步骤“将Response插入到InterfaceResponse字段中”: 步骤“将Response插入到InterfaceResponse字段中”已启动
2015-09-01 10:35:38,740 [8] INFO  - 步骤“将Response插入到InterfaceResponse字段中”已成功结束
2015-09-01 10:35:38,742 [8] INFO  - 步骤“将errorcode更新到sql中”: 步骤“将errorcode更新到sql中”已启动
2015-09-01 10:35:38,751 [8] INFO  - 步骤“将errorcode更新到sql中”已成功结束
2015-09-01 10:35:38,753 [8] INFO  - 步骤“获取当前Case的实际值”: 步骤“获取当前Case的实际值”已启动
2015-09-01 10:35:38,759 [8] INFO  - 步骤“获取当前Case的实际值”已成功结束
2015-09-01 10:35:38,761 [8] INFO  - 步骤“获取当前Case的期待值”: 步骤“获取当前Case的期待值”已启动
2015-09-01 10:35:38,766 [8] INFO  - 步骤“获取当前Case的期待值”已成功结束
2015-09-01 10:35:38,769 [8] INFO  - 步骤“填写Result”: 步骤“填写Result”已启动
2015-09-01 10:35:38,772 [8] INFO  - 步骤“IfElse189”: 计算方式: 使用条件
2015-09-01 10:35:38,774 [8] INFO  - 步骤“是”: 步骤“是”已启动
2015-09-01 10:35:38,777 [8] INFO  - 步骤“在Result字段插入True”: 步骤“在Result字段插入True”已启动
2015-09-01 10:35:38,783 [8] INFO  - 步骤“在Result字段插入True”已成功结束
2015-09-01 10:35:38,786 [8] INFO  - 步骤“是”已成功结束
2015-09-01 10:35:38,789 [8] INFO  - 步骤“填写Result”已成功结束
2015-09-01 10:35:38,792 [8] INFO  - 步骤“迭代 19”已成功结束
2015-09-01 10:35:38,796 [8] INFO  - 步骤“迭代 20”: 步骤“迭代 20”已启动
2015-09-01 10:35:38,800 [8] INFO  - 步骤“查询tb_getVCards_verification表中数据”: 步骤“查询tb_getVCards_verification表中数据”已启动
2015-09-01 10:35:38,805 [8] INFO  - 步骤“查询tb_getVCards_verification表中数据”已成功结束
2015-09-01 10:35:38,807 [8] INFO  - 步骤“查询tb_global_table表中ResponseXsid值”: 步骤“查询tb_global_table表中ResponseXsid值”已启动
2015-09-01 10:35:38,812 [8] INFO  - 步骤“查询tb_global_table表中ResponseXsid值”已成功结束
2015-09-01 10:35:38,814 [8] INFO  - 步骤“将xsid更新至最新值”: 步骤“将xsid更新至最新值”已启动
2015-09-01 10:35:38,817 [8] INFO  - 步骤“将xsid更新至最新值”: 输入参数“源字符串”，值:“x_1f1a0e62u0t5j480c916h26642tc3didb95f5an861da049516m0y7pd5aiu00”
2015-09-01 10:35:38,818 [8] INFO  - 步骤“将xsid更新至最新值”: 输入参数“搜索字符串 1”，值:“'x_1f1a0e62u0t5j480c916h26642tc3didb95f5an861da049516m0y7pd5aiu00'”
2015-09-01 10:35:38,820 [8] INFO  - 步骤“将xsid更新至最新值”: 输入参数“替换字符串 1”，值:“'x_071aha6b4ft633ibbc5052n169d70091e688e8ubm7a8ifud07030e6cutj8c1'”
2015-09-01 10:35:38,821 [8] INFO  - 步骤“将xsid更新至最新值”: 输出参数“结果”，值:“x_071aha6b4ft633ibbc5052n169d70091e688e8ubm7a8ifud07030e6cutj8c1”
2015-09-01 10:35:38,823 [8] INFO  - 步骤“将xsid更新至最新值”已成功结束
2015-09-01 10:35:38,824 [8] INFO  - 步骤“调用tb_getVCards_verification”: 步骤“调用tb_getVCards_verification”已启动
2015-09-01 10:35:38,826 [8] INFO  - 步骤“调用tb_getVCards_verification”: 提取 HTTP URL: 'http://yace-iq.365ime.com/iq/getVCards.php'
2015-09-01 10:35:38,873 [8] INFO  - 步骤“调用tb_getVCards_verification”: 服务器返回了状态代码: 200
2015-09-01 10:35:38,879 [8] INFO  - 步骤“调用tb_getVCards_verification”: HTTP 原始请求:
2015-09-01 10:35:38,883 [8] INFO  - 步骤“调用tb_getVCards_verification”: POST http://yace-iq.365ime.com/iq/getVCards.php 1.1
Content-Type: application/x-www-form-urlencoded
Host: yace-iq.365ime.com
Content-Length: 161
Expect: 100-continue
myJid=77401169@365ime.com&xsid=x_071aha6b4ft633ibbc5052n169d70091e688e8ubm7a8ifud07030e6cutj8c1&toJid=249901780@365ime.com&token=0ef7f677da887b293c7d1fdfdde78b14

2015-09-01 10:35:38,889 [8] INFO  - 步骤“调用tb_getVCards_verification”: HTTP 原始响应:
2015-09-01 10:35:38,894 [8] INFO  - 步骤“调用tb_getVCards_verification”: HTTP/1.1 200 OK
Access-Control-Allow-Origin: *
Transfer-Encoding: chunked
Content-Type: text/html;charset=UTF-8
Date: Tue, 01 Sep 2015 02:35:56 GMT
Server: Apache-Coyote/1.1
{"message":"user not exist! ","data":[],"errorCode":"1"}

2015-09-01 10:35:38,903 [8] INFO  - 步骤“调用tb_getVCards_verification”已成功结束
2015-09-01 10:35:38,907 [8] INFO  - 步骤“获取返回值转换为JSON”: 步骤“获取返回值转换为JSON”已启动
2015-09-01 10:35:38,913 [8] INFO  - 步骤“获取返回值转换为JSON”已成功结束
2015-09-01 10:35:38,917 [8] INFO  - 步骤“将Response插入到InterfaceResponse字段中”: 步骤“将Response插入到InterfaceResponse字段中”已启动
2015-09-01 10:35:38,926 [8] INFO  - 步骤“将Response插入到InterfaceResponse字段中”已成功结束
2015-09-01 10:35:38,930 [8] INFO  - 步骤“将errorcode更新到sql中”: 步骤“将errorcode更新到sql中”已启动
2015-09-01 10:35:38,936 [8] INFO  - 步骤“将errorcode更新到sql中”已成功结束
2015-09-01 10:35:38,939 [8] INFO  - 步骤“获取当前Case的实际值”: 步骤“获取当前Case的实际值”已启动
2015-09-01 10:35:38,943 [8] INFO  - 步骤“获取当前Case的实际值”已成功结束
2015-09-01 10:35:38,946 [8] INFO  - 步骤“获取当前Case的期待值”: 步骤“获取当前Case的期待值”已启动
2015-09-01 10:35:38,950 [8] INFO  - 步骤“获取当前Case的期待值”已成功结束
2015-09-01 10:35:38,953 [8] INFO  - 步骤“填写Result”: 步骤“填写Result”已启动
2015-09-01 10:35:38,957 [8] INFO  - 步骤“IfElse189”: 计算方式: 使用条件
2015-09-01 10:35:38,959 [8] INFO  - 步骤“是”: 步骤“是”已启动
2015-09-01 10:35:38,962 [8] INFO  - 步骤“在Result字段插入True”: 步骤“在Result字段插入True”已启动
2015-09-01 10:35:38,968 [8] INFO  - 步骤“在Result字段插入True”已成功结束
2015-09-01 10:35:38,970 [8] INFO  - 步骤“是”已成功结束
2015-09-01 10:35:38,973 [8] INFO  - 步骤“填写Result”已成功结束
2015-09-01 10:35:38,976 [8] INFO  - 步骤“迭代 20”已成功结束
2015-09-01 10:35:38,979 [8] INFO  - 步骤“迭代 21”: 步骤“迭代 21”已启动
2015-09-01 10:35:38,982 [8] INFO  - 步骤“查询tb_getVCards_verification表中数据”: 步骤“查询tb_getVCards_verification表中数据”已启动
2015-09-01 10:35:38,986 [8] INFO  - 步骤“查询tb_getVCards_verification表中数据”已成功结束
2015-09-01 10:35:38,989 [8] INFO  - 步骤“查询tb_global_table表中ResponseXsid值”: 步骤“查询tb_global_table表中ResponseXsid值”已启动
2015-09-01 10:35:38,993 [8] INFO  - 步骤“查询tb_global_table表中ResponseXsid值”已成功结束
2015-09-01 10:35:38,995 [8] INFO  - 步骤“将xsid更新至最新值”: 步骤“将xsid更新至最新值”已启动
2015-09-01 10:35:38,998 [8] INFO  - 步骤“将xsid更新至最新值”: 输入参数“源字符串”，值:“x_1f1a0e62u0t5j480c916h26642tc3didb95f5an861da049516m0y7pd5aiu00”
2015-09-01 10:35:39,001 [8] INFO  - 步骤“将xsid更新至最新值”: 输入参数“搜索字符串 1”，值:“'x_1f1a0e62u0t5j480c916h26642tc3didb95f5an861da049516m0y7pd5aiu00'”
2015-09-01 10:35:39,003 [8] INFO  - 步骤“将xsid更新至最新值”: 输入参数“替换字符串 1”，值:“'x_071aha6b4ft633ibbc5052n169d70091e688e8ubm7a8ifud07030e6cutj8c1'”
2015-09-01 10:35:39,005 [8] INFO  - 步骤“将xsid更新至最新值”: 输出参数“结果”，值:“x_071aha6b4ft633ibbc5052n169d70091e688e8ubm7a8ifud07030e6cutj8c1”
2015-09-01 10:35:39,008 [8] INFO  - 步骤“将xsid更新至最新值”已成功结束
2015-09-01 10:35:39,010 [8] INFO  - 步骤“调用tb_getVCards_verification”: 步骤“调用tb_getVCards_verification”已启动
2015-09-01 10:35:39,013 [8] INFO  - 步骤“调用tb_getVCards_verification”: 提取 HTTP URL: 'http://yace-iq.365ime.com/iq/getVCards.php'
2015-09-01 10:35:39,060 [8] INFO  - 步骤“调用tb_getVCards_verification”: 服务器返回了状态代码: 200
2015-09-01 10:35:39,065 [8] INFO  - 步骤“调用tb_getVCards_verification”: HTTP 原始请求:
2015-09-01 10:35:39,071 [8] INFO  - 步骤“调用tb_getVCards_verification”: POST http://yace-iq.365ime.com/iq/getVCards.php 1.1
Content-Type: application/x-www-form-urlencoded
Host: yace-iq.365ime.com
Content-Length: 183
Expect: 100-continue
myJid=77401169@365ime.com&xsid=x_071aha6b4ft633ibbc5052n169d70091e688e8ubm7a8ifud07030e6cutj8c1&toJid=249901780@365ime.com&token=77401169@365ime.comDeVawMFWs6q622195-13@muc.365ime.com

2015-09-01 10:35:39,076 [8] INFO  - 步骤“调用tb_getVCards_verification”: HTTP 原始响应:
2015-09-01 10:35:39,080 [8] INFO  - 步骤“调用tb_getVCards_verification”: HTTP/1.1 200 OK
Access-Control-Allow-Origin: *
Transfer-Encoding: chunked
Content-Type: text/html;charset=UTF-8
Date: Tue, 01 Sep 2015 02:35:56 GMT
Server: Apache-Coyote/1.1
{"message":"user not exist! ","data":[],"errorCode":"1"}

2015-09-01 10:35:39,090 [8] INFO  - 步骤“调用tb_getVCards_verification”已成功结束
2015-09-01 10:35:39,095 [8] INFO  - 步骤“获取返回值转换为JSON”: 步骤“获取返回值转换为JSON”已启动
2015-09-01 10:35:39,103 [8] INFO  - 步骤“获取返回值转换为JSON”已成功结束
2015-09-01 10:35:39,108 [8] INFO  - 步骤“将Response插入到InterfaceResponse字段中”: 步骤“将Response插入到InterfaceResponse字段中”已启动
2015-09-01 10:35:39,117 [8] INFO  - 步骤“将Response插入到InterfaceResponse字段中”已成功结束
2015-09-01 10:35:39,120 [8] INFO  - 步骤“将errorcode更新到sql中”: 步骤“将errorcode更新到sql中”已启动
2015-09-01 10:35:39,128 [8] INFO  - 步骤“将errorcode更新到sql中”已成功结束
2015-09-01 10:35:39,131 [8] INFO  - 步骤“获取当前Case的实际值”: 步骤“获取当前Case的实际值”已启动
2015-09-01 10:35:39,139 [8] INFO  - 步骤“获取当前Case的实际值”已成功结束
2015-09-01 10:35:39,143 [8] INFO  - 步骤“获取当前Case的期待值”: 步骤“获取当前Case的期待值”已启动
2015-09-01 10:35:39,150 [8] INFO  - 步骤“获取当前Case的期待值”已成功结束
2015-09-01 10:35:39,152 [8] INFO  - 步骤“填写Result”: 步骤“填写Result”已启动
2015-09-01 10:35:39,159 [8] INFO  - 步骤“IfElse189”: 计算方式: 使用条件
2015-09-01 10:35:39,162 [8] INFO  - 步骤“是”: 步骤“是”已启动
2015-09-01 10:35:39,166 [8] INFO  - 步骤“在Result字段插入True”: 步骤“在Result字段插入True”已启动
2015-09-01 10:35:39,172 [8] INFO  - 步骤“在Result字段插入True”已成功结束
2015-09-01 10:35:39,174 [8] INFO  - 步骤“是”已成功结束
2015-09-01 10:35:39,177 [8] INFO  - 步骤“填写Result”已成功结束
2015-09-01 10:35:39,179 [8] INFO  - 步骤“迭代 21”已成功结束
2015-09-01 10:35:39,181 [8] INFO  - 步骤“迭代 22”: 步骤“迭代 22”已启动
2015-09-01 10:35:39,184 [8] INFO  - 步骤“查询tb_getVCards_verification表中数据”: 步骤“查询tb_getVCards_verification表中数据”已启动
2015-09-01 10:35:39,188 [8] INFO  - 步骤“查询tb_getVCards_verification表中数据”已成功结束
2015-09-01 10:35:39,190 [8] INFO  - 步骤“查询tb_global_table表中ResponseXsid值”: 步骤“查询tb_global_table表中ResponseXsid值”已启动
2015-09-01 10:35:39,194 [8] INFO  - 步骤“查询tb_global_table表中ResponseXsid值”已成功结束
2015-09-01 10:35:39,196 [8] INFO  - 步骤“将xsid更新至最新值”: 步骤“将xsid更新至最新值”已启动
2015-09-01 10:35:39,199 [8] INFO  - 步骤“将xsid更新至最新值”: 输入参数“源字符串”，值:“x_1f1a0e62u0t5j480c916h26642tc3didb95f5an861da049516m0y7pd5aiu00”
2015-09-01 10:35:39,200 [8] INFO  - 步骤“将xsid更新至最新值”: 输入参数“搜索字符串 1”，值:“'x_1f1a0e62u0t5j480c916h26642tc3didb95f5an861da049516m0y7pd5aiu00'”
2015-09-01 10:35:39,202 [8] INFO  - 步骤“将xsid更新至最新值”: 输入参数“替换字符串 1”，值:“'x_071aha6b4ft633ibbc5052n169d70091e688e8ubm7a8ifud07030e6cutj8c1'”
2015-09-01 10:35:39,203 [8] INFO  - 步骤“将xsid更新至最新值”: 输出参数“结果”，值:“x_071aha6b4ft633ibbc5052n169d70091e688e8ubm7a8ifud07030e6cutj8c1”
2015-09-01 10:35:39,204 [8] INFO  - 步骤“将xsid更新至最新值”已成功结束
2015-09-01 10:35:39,205 [8] INFO  - 步骤“调用tb_getVCards_verification”: 步骤“调用tb_getVCards_verification”已启动
2015-09-01 10:35:39,208 [8] INFO  - 步骤“调用tb_getVCards_verification”: 提取 HTTP URL: 'http://yace-iq.365ime.com/iq/getVCards.php'
2015-09-01 10:35:39,255 [8] INFO  - 步骤“调用tb_getVCards_verification”: 服务器返回了状态代码: 200
2015-09-01 10:35:39,257 [8] INFO  - 步骤“调用tb_getVCards_verification”: HTTP 原始请求:
2015-09-01 10:35:39,259 [8] INFO  - 步骤“调用tb_getVCards_verification”: POST http://yace-iq.365ime.com/iq/getVCards.php 1.1
Content-Type: application/x-www-form-urlencoded
Host: yace-iq.365ime.com
Content-Length: 133
Expect: 100-continue
myJid=77401169@365ime.com&xsid=x_071aha6b4ft633ibbc5052n169d70091e688e8ubm7a8ifud07030e6cutj8c1&toJid=249901780@365ime.com&token=test

2015-09-01 10:35:39,261 [8] INFO  - 步骤“调用tb_getVCards_verification”: HTTP 原始响应:
2015-09-01 10:35:39,262 [8] INFO  - 步骤“调用tb_getVCards_verification”: HTTP/1.1 200 OK
Access-Control-Allow-Origin: *
Transfer-Encoding: chunked
Content-Type: text/html;charset=UTF-8
Date: Tue, 01 Sep 2015 02:35:57 GMT
Server: Apache-Coyote/1.1
{"message":"user not exist! ","data":[],"errorCode":"1"}

2015-09-01 10:35:39,264 [8] INFO  - 步骤“调用tb_getVCards_verification”已成功结束
2015-09-01 10:35:39,266 [8] INFO  - 步骤“获取返回值转换为JSON”: 步骤“获取返回值转换为JSON”已启动
2015-09-01 10:35:39,267 [8] INFO  - 步骤“获取返回值转换为JSON”已成功结束
2015-09-01 10:35:39,272 [8] INFO  - 步骤“将Response插入到InterfaceResponse字段中”: 步骤“将Response插入到InterfaceResponse字段中”已启动
2015-09-01 10:35:39,278 [8] INFO  - 步骤“将Response插入到InterfaceResponse字段中”已成功结束
2015-09-01 10:35:39,280 [8] INFO  - 步骤“将errorcode更新到sql中”: 步骤“将errorcode更新到sql中”已启动
2015-09-01 10:35:39,285 [8] INFO  - 步骤“将errorcode更新到sql中”已成功结束
2015-09-01 10:35:39,287 [8] INFO  - 步骤“获取当前Case的实际值”: 步骤“获取当前Case的实际值”已启动
2015-09-01 10:35:39,290 [8] INFO  - 步骤“获取当前Case的实际值”已成功结束
2015-09-01 10:35:39,291 [8] INFO  - 步骤“获取当前Case的期待值”: 步骤“获取当前Case的期待值”已启动
2015-09-01 10:35:39,295 [8] INFO  - 步骤“获取当前Case的期待值”已成功结束
2015-09-01 10:35:39,297 [8] INFO  - 步骤“填写Result”: 步骤“填写Result”已启动
2015-09-01 10:35:39,299 [8] INFO  - 步骤“IfElse189”: 计算方式: 使用条件
2015-09-01 10:35:39,301 [8] INFO  - 步骤“是”: 步骤“是”已启动
2015-09-01 10:35:39,303 [8] INFO  - 步骤“在Result字段插入True”: 步骤“在Result字段插入True”已启动
2015-09-01 10:35:39,307 [8] INFO  - 步骤“在Result字段插入True”已成功结束
2015-09-01 10:35:39,309 [8] INFO  - 步骤“是”已成功结束
2015-09-01 10:35:39,312 [8] INFO  - 步骤“填写Result”已成功结束
2015-09-01 10:35:39,314 [8] INFO  - 步骤“迭代 22”已成功结束
2015-09-01 10:35:39,316 [8] INFO  - 步骤“迭代 23”: 步骤“迭代 23”已启动
2015-09-01 10:35:39,318 [8] INFO  - 步骤“查询tb_getVCards_verification表中数据”: 步骤“查询tb_getVCards_verification表中数据”已启动
2015-09-01 10:35:39,320 [8] INFO  - 步骤“查询tb_getVCards_verification表中数据”已成功结束
2015-09-01 10:35:39,322 [8] INFO  - 步骤“查询tb_global_table表中ResponseXsid值”: 步骤“查询tb_global_table表中ResponseXsid值”已启动
2015-09-01 10:35:39,326 [8] INFO  - 步骤“查询tb_global_table表中ResponseXsid值”已成功结束
2015-09-01 10:35:39,343 [8] INFO  - 步骤“将xsid更新至最新值”: 步骤“将xsid更新至最新值”已启动
2015-09-01 10:35:39,345 [8] INFO  - 步骤“将xsid更新至最新值”: 输入参数“源字符串”，值:“x_1f1a0e62u0t5j480c916h26642tc3didb95f5an861da049516m0y7pd5aiu00”
2015-09-01 10:35:39,347 [8] INFO  - 步骤“将xsid更新至最新值”: 输入参数“搜索字符串 1”，值:“'x_1f1a0e62u0t5j480c916h26642tc3didb95f5an861da049516m0y7pd5aiu00'”
2015-09-01 10:35:39,348 [8] INFO  - 步骤“将xsid更新至最新值”: 输入参数“替换字符串 1”，值:“'x_071aha6b4ft633ibbc5052n169d70091e688e8ubm7a8ifud07030e6cutj8c1'”
2015-09-01 10:35:39,350 [8] INFO  - 步骤“将xsid更新至最新值”: 输出参数“结果”，值:“x_071aha6b4ft633ibbc5052n169d70091e688e8ubm7a8ifud07030e6cutj8c1”
2015-09-01 10:35:39,352 [8] INFO  - 步骤“将xsid更新至最新值”已成功结束
2015-09-01 10:35:39,353 [8] INFO  - 步骤“调用tb_getVCards_verification”: 步骤“调用tb_getVCards_verification”已启动
2015-09-01 10:35:39,355 [8] INFO  - 步骤“调用tb_getVCards_verification”: 提取 HTTP URL: 'http://yace-iq.365ime.com/iq/getVCards.php'
2015-09-01 10:35:39,418 [8] INFO  - 步骤“调用tb_getVCards_verification”: 服务器返回了状态代码: 200
2015-09-01 10:35:39,424 [8] INFO  - 步骤“调用tb_getVCards_verification”: HTTP 原始请求:
2015-09-01 10:35:39,429 [8] INFO  - 步骤“调用tb_getVCards_verification”: POST http://yace-iq.365ime.com/iq/getVCards.php 1.1
Content-Type: application/x-www-form-urlencoded
Host: yace-iq.365ime.com
Content-Length: 169
Expect: 100-continue
myJid=77401169@365ime.com&xsid=x_071aha6b4ft633ibbc5052n169d70091e688e8ubm7a8ifud07030e6cutj8c1&toJid=249901780@365ime.com&token=87b9ceea95320d0f0bf513ce12fe82593b8c2956

2015-09-01 10:35:39,434 [8] INFO  - 步骤“调用tb_getVCards_verification”: HTTP 原始响应:
2015-09-01 10:35:39,439 [8] INFO  - 步骤“调用tb_getVCards_verification”: HTTP/1.1 200 OK
Access-Control-Allow-Origin: *
Transfer-Encoding: chunked
Content-Type: text/html;charset=UTF-8
Date: Tue, 01 Sep 2015 02:35:57 GMT
Server: Apache-Coyote/1.1
{"message":"success","data":[{"phone":"","status":"1","pid":"707738","userRole":"s1","orgName":"未分组用户","version":"1431138618","orgId":"8","category":"0","email":"","thumbUrl":"http://download.ac-qd-oss.365ime.com/static/ic_64.png","gender":"0","jid":"249901780@365ime.com","userDescription":"","photoUrl":"http://download.ac-qd-oss.365ime.com/static/ic_256.png","fn":"的few地方"}],"errorCode":"0"}

2015-09-01 10:35:39,445 [8] INFO  - 步骤“调用tb_getVCards_verification”已成功结束
2015-09-01 10:35:39,447 [8] INFO  - 步骤“获取返回值转换为JSON”: 步骤“获取返回值转换为JSON”已启动
2015-09-01 10:35:39,451 [8] INFO  - 步骤“获取返回值转换为JSON”已成功结束
2015-09-01 10:35:39,453 [8] INFO  - 步骤“将Response插入到InterfaceResponse字段中”: 步骤“将Response插入到InterfaceResponse字段中”已启动
2015-09-01 10:35:39,460 [8] INFO  - 步骤“将Response插入到InterfaceResponse字段中”已成功结束
2015-09-01 10:35:39,466 [8] INFO  - 步骤“将errorcode更新到sql中”: 步骤“将errorcode更新到sql中”已启动
2015-09-01 10:35:39,471 [8] INFO  - 步骤“将errorcode更新到sql中”已成功结束
2015-09-01 10:35:39,474 [8] INFO  - 步骤“获取当前Case的实际值”: 步骤“获取当前Case的实际值”已启动
2015-09-01 10:35:39,479 [8] INFO  - 步骤“获取当前Case的实际值”已成功结束
2015-09-01 10:35:39,481 [8] INFO  - 步骤“获取当前Case的期待值”: 步骤“获取当前Case的期待值”已启动
2015-09-01 10:35:39,486 [8] INFO  - 步骤“获取当前Case的期待值”已成功结束
2015-09-01 10:35:39,489 [8] INFO  - 步骤“填写Result”: 步骤“填写Result”已启动
2015-09-01 10:35:39,492 [8] INFO  - 步骤“IfElse189”: 计算方式: 使用条件
2015-09-01 10:35:39,494 [8] INFO  - 步骤“是”: 步骤“是”已启动
2015-09-01 10:35:39,496 [8] INFO  - 步骤“在Result字段插入True”: 步骤“在Result字段插入True”已启动
2015-09-01 10:35:39,501 [8] INFO  - 步骤“在Result字段插入True”已成功结束
2015-09-01 10:35:39,506 [8] INFO  - 步骤“是”已成功结束
2015-09-01 10:35:39,510 [8] INFO  - 步骤“填写Result”已成功结束
2015-09-01 10:35:39,513 [8] INFO  - 步骤“迭代 23”已成功结束
2015-09-01 10:35:39,516 [8] INFO  - 步骤“循环执行tb_getVCards_verification中的测试用例”已成功结束
2015-09-01 10:35:39,518 [8] INFO  - 步骤“对/iq/getVCards.php接口token实行加密”: 步骤“对/iq/getVCards.php接口token实行加密”已启动
2015-09-01 10:35:39,524 [8] INFO  - 步骤“对/iq/getVCards.php接口token实行加密”已成功结束
2015-09-01 10:35:39,526 [8] INFO  - 步骤“Encryption.SHA1”: 步骤“Encryption.SHA1”已启动
2015-09-01 10:35:42,842 [8] INFO  - 步骤“Encryption.SHA1”已成功结束
2015-09-01 10:35:42,845 [8] INFO  - 步骤“查询出加密后EncryptionResult字段的值”: 步骤“查询出加密后EncryptionResult字段的值”已启动
2015-09-01 10:35:42,851 [8] INFO  - 步骤“查询出加密后EncryptionResult字段的值”已成功结束
2015-09-01 10:35:42,855 [8] INFO  - 步骤“查询tb_global_table表中ResponseXsid值”: 步骤“查询tb_global_table表中ResponseXsid值”已启动
2015-09-01 10:35:42,860 [8] INFO  - 步骤“查询tb_global_table表中ResponseXsid值”已成功结束
2015-09-01 10:35:42,863 [8] INFO  - 步骤“调用tb_getVCards_verification”: 步骤“调用tb_getVCards_verification”已启动
2015-09-01 10:35:42,869 [8] INFO  - 步骤“调用tb_getVCards_verification”: 提取 HTTP URL: 'http://yace-iq.365ime.com/iq/getVCards.php'
2015-09-01 10:35:42,923 [8] INFO  - 步骤“调用tb_getVCards_verification”: 服务器返回了状态代码: 200
2015-09-01 10:35:42,925 [8] INFO  - 步骤“调用tb_getVCards_verification”: HTTP 原始请求:
2015-09-01 10:35:42,927 [8] INFO  - 步骤“调用tb_getVCards_verification”: POST http://yace-iq.365ime.com/iq/getVCards.php 1.1
Content-Type: application/x-www-form-urlencoded
Host: yace-iq.365ime.com
Content-Length: 168
Expect: 100-continue
myJid=77401169@365ime.com&xsid=x_071aha6b4ft633ibbc5052n169d70091e688e8ubm7a8ifud07030e6cutj8c1&toJid=77401170@365ime.com&token=c49a2bedd493015995202b7df8e4a7a42b815e70

2015-09-01 10:35:42,929 [8] INFO  - 步骤“调用tb_getVCards_verification”: HTTP 原始响应:
2015-09-01 10:35:42,930 [8] INFO  - 步骤“调用tb_getVCards_verification”: HTTP/1.1 200 OK
Access-Control-Allow-Origin: *
Transfer-Encoding: chunked
Content-Type: text/html;charset=UTF-8
Date: Tue, 01 Sep 2015 02:36:00 GMT
Server: Apache-Coyote/1.1
{"message":"success","data":[{"phone":"","status":"1","pid":"77246891","userRole":"s2","orgName":"刘丽","version":"1431138618","orgId":"622195","category":"0","email":"","thumbUrl":"http://download.ac-qd-oss.365ime.com/static/ic_64.png","gender":"0","jid":"77401170@365ime.com","userDescription":"","photoUrl":"http://download.ac-qd-oss.365ime.com/static/ic_256.png","fn":"张坤老师2"}],"errorCode":"0"}

2015-09-01 10:35:42,932 [8] INFO  - 步骤“调用tb_getVCards_verification”已成功结束
2015-09-01 10:35:42,933 [8] INFO  - 步骤“获取返回值转换为JSON”: 步骤“获取返回值转换为JSON”已启动
2015-09-01 10:35:42,937 [8] INFO  - 步骤“获取返回值转换为JSON”已成功结束
2015-09-01 10:35:42,938 [8] INFO  - 步骤“将接口返回的Json更新至tb_result_table”: 步骤“将接口返回的Json更新至tb_result_table”已启动
2015-09-01 10:35:42,947 [8] INFO  - 步骤“将接口返回的Json更新至tb_result_table”已成功结束
2015-09-01 10:35:42,950 [8] INFO  - 步骤“迭代 1”已成功结束
2015-09-01 10:35:42,952 [8] INFO  - 步骤“测试流”已成功结束
2015-09-01 10:35:43,113 [8] INFO  - 步骤“结束”: 步骤“结束”已启动
2015-09-01 10:35:43,130 [8] INFO  - 步骤“结束”已成功结束
