2015-08-22 13:48:50,151 [8] INFO  - 步骤“开始”: 步骤“开始”已启动
2015-08-22 13:48:50,167 [8] INFO  - 步骤“开始”已成功结束
2015-08-22 13:48:50,169 [8] INFO  - 步骤“测试流”: 步骤“测试流”已启动
2015-08-22 13:48:50,212 [8] INFO  - 步骤“迭代 1”: 步骤“迭代 1”已启动
2015-08-22 13:48:50,213 [8] INFO  - 步骤“连接到mysql数据库”: 步骤“连接到mysql数据库”已启动
2015-08-22 13:48:50,216 [8] INFO  - 步骤“连接到mysql数据库”: Connection string: DSN=localhost;Uid=root;Pwd={PWD};
2015-08-22 13:48:50,220 [8] INFO  - 步骤“连接到mysql数据库”已成功结束
2015-08-22 13:48:50,221 [8] INFO  - 步骤“获取到tb_removeroster_verification表有效行数”: 步骤“获取到tb_removeroster_verification表有效行数”已启动
2015-08-22 13:48:50,233 [8] ERROR - Checkpoint 2: "22" = "37" 失败
2015-08-22 13:48:50,236 [8] INFO  - 步骤“获取到tb_removeroster_verification表有效行数”已成功结束
2015-08-22 13:48:50,237 [8] INFO  - 步骤“查询tb_global_table表中ResponseXsid值”: 步骤“查询tb_global_table表中ResponseXsid值”已启动
2015-08-22 13:48:50,239 [8] INFO  - 步骤“查询tb_global_table表中ResponseXsid值”已成功结束
2015-08-22 13:48:50,240 [8] INFO  - 步骤“获取全局表中用户名密码”: 步骤“获取全局表中用户名密码”已启动
2015-08-22 13:48:50,242 [8] INFO  - 步骤“获取全局表中用户名密码”已成功结束
2015-08-22 13:48:50,243 [8] INFO  - 步骤“将需要加密的信息赋值到全局表中EncryptionStr”: 步骤“将需要加密的信息赋值到全局表中EncryptionStr”已启动
2015-08-22 13:48:50,286 [8] INFO  - 步骤“将需要加密的信息赋值到全局表中EncryptionStr”已成功结束
2015-08-22 13:48:50,287 [8] INFO  - 步骤“Encryption.SHA1”: 步骤“Encryption.SHA1”已启动
2015-08-22 13:48:57,999 [8] INFO  - 步骤“Encryption.SHA1”已成功结束
2015-08-22 13:48:58,001 [8] INFO  - 步骤“查询出全局表中EncryptionResult字段”: 步骤“查询出全局表中EncryptionResult字段”已启动
2015-08-22 13:48:58,003 [8] INFO  - 步骤“查询出全局表中EncryptionResult字段”已成功结束
2015-08-22 13:48:58,004 [8] INFO  - 步骤“Encryption.SHA1”: 步骤“Encryption.SHA1”已启动
2015-08-22 13:49:06,841 [8] INFO  - 步骤“Encryption.SHA1”已成功结束
2015-08-22 13:49:06,844 [8] INFO  - 步骤“查询出全局表中EncryptionResult字段”: 步骤“查询出全局表中EncryptionResult字段”已启动
2015-08-22 13:49:06,847 [8] INFO  - 步骤“查询出全局表中EncryptionResult字段”已成功结束
2015-08-22 13:49:06,847 [8] INFO  - 步骤“调用登录接口进行学生登录操作”: 步骤“调用登录接口进行学生登录操作”已启动
2015-08-22 13:49:06,863 [8] INFO  - 步骤“调用登录接口进行学生登录操作”: 提取 HTTP URL: 'http://yace-sso.365ime.com/sso/authorize'
2015-08-22 13:49:07,072 [8] INFO  - 步骤“调用登录接口进行学生登录操作”: 服务器返回了状态代码: 200
2015-08-22 13:49:07,073 [8] INFO  - 步骤“调用登录接口进行学生登录操作”: HTTP 原始请求:
2015-08-22 13:49:07,074 [8] INFO  - 步骤“调用登录接口进行学生登录操作”: POST http://yace-sso.365ime.com/sso/authorize 1.1
Content-Type: application/x-www-form-urlencoded
Host: yace-sso.365ime.com
Content-Length: 204
Expect: 100-continue
Connection: Keep-Alive
username=77401230&response_type=xsid&sha1shadow=7c222fb2927d828af22f592134e8932480637c0d&logintype=username&ver=2.6.9&client_id=ime_android&password=hjkj&md5shadow=7c222fb2927d828af22f592134e8932480637c0d

2015-08-22 13:49:07,075 [8] INFO  - 步骤“调用登录接口进行学生登录操作”: HTTP 原始响应:
2015-08-22 13:49:07,076 [8] INFO  - 步骤“调用登录接口进行学生登录操作”: HTTP/1.1 200 OK
Transfer-Encoding: chunked
Connection: keep-alive
Vary: Accept-Encoding,Accept-Encoding
Content-Type: text/html
Date: Sat, 22 Aug 2015 05:49:03 GMT
Set-Cookie: SERVERID=61def84601bb160c1a7eac976c6c91ff|1440222543|1440222543;Path=/
X-Powered-By: PHP/5.5.9-1ubuntu4.9
{"error":"","xsid":"x_051ac318h26f81rdjc02be03b3cba2dcg28ejdq3d0te16adidu6070706utj8","jid":"77401230@365ime.com","message":"success","pfr":{"type":"teacher","xms":["101.201.174.84:80"]}}
2015-08-22 13:49:07,081 [8] INFO  - 步骤“调用登录接口进行学生登录操作”已成功结束
2015-08-22 13:49:07,082 [8] INFO  - 步骤“将登录接口返回的response转换为JSON”: 步骤“将登录接口返回的response转换为JSON”已启动
2015-08-22 13:49:07,087 [8] INFO  - 步骤“将登录接口返回的response转换为JSON”已成功结束
2015-08-22 13:49:07,087 [8] INFO  - 步骤“循环执行tb_removeroster_verification中的测试用例”: 步骤“循环执行tb_removeroster_verification中的测试用例”已启动
2015-08-22 13:49:07,089 [8] INFO  - 步骤“迭代 1”: 步骤“迭代 1”已启动
2015-08-22 13:49:07,097 [8] INFO  - 步骤“调用发起加好友申请请求”: 步骤“调用发起加好友申请请求”已启动
2015-08-22 13:49:07,098 [8] INFO  - 步骤“调用发起加好友申请请求”: 提取 HTTP URL: 'http://yace-sso.365ime.com/api/ClientFriendRequest/create'
2015-08-22 13:49:07,226 [8] INFO  - 步骤“调用发起加好友申请请求”: 服务器返回了状态代码: 200
2015-08-22 13:49:07,229 [8] INFO  - 步骤“调用发起加好友申请请求”: HTTP 原始请求:
2015-08-22 13:49:07,234 [8] INFO  - 步骤“调用发起加好友申请请求”: POST http://yace-sso.365ime.com/api/ClientFriendRequest/create 1.1
Content-Type: application/x-www-form-urlencoded
Host: yace-sso.365ime.com
Content-Length: 168
Expect: 100-continue
message=你好，我是测试张坤保存我为你的联系人吧&receiver_jid=77401230@365ime.com&xsid=x_021at4j48cc115hc644atbj52bbd3132n7a9dd0990c872t9q596a3ieu0006u

2015-08-22 13:49:07,239 [8] INFO  - 步骤“调用发起加好友申请请求”: HTTP 原始响应:
2015-08-22 13:49:07,242 [8] INFO  - 步骤“调用发起加好友申请请求”: HTTP/1.1 200 OK
Transfer-Encoding: chunked
Connection: keep-alive
Vary: Accept-Encoding
Content-Type: application/json; charset=utf-8
Date: Sat, 22 Aug 2015 05:49:03 GMT
Set-Cookie: SERVERID=61def84601bb160c1a7eac976c6c91ff|1440222543|1440222543;Path=/
X-Powered-By: PHP/5.5.9-1ubuntu4.9
{"errorCode":0,"errorMessage":null,"data":"19905307"}
2015-08-22 13:49:07,249 [8] INFO  - 步骤“调用发起加好友申请请求”已成功结束
2015-08-22 13:49:07,251 [8] INFO  - 步骤“调用获取所有请求申请接口”: 步骤“调用获取所有请求申请接口”已启动
2015-08-22 13:49:07,254 [8] INFO  - 步骤“调用获取所有请求申请接口”: 提取 HTTP URL: 'http://yace-sso.365ime.com/api/ClientFriendRequest/all'
2015-08-22 13:49:07,349 [8] INFO  - 步骤“调用获取所有请求申请接口”: 服务器返回了状态代码: 200
2015-08-22 13:49:07,351 [8] INFO  - 步骤“调用获取所有请求申请接口”: HTTP 原始请求:
2015-08-22 13:49:07,354 [8] INFO  - 步骤“调用获取所有请求申请接口”: POST http://yace-sso.365ime.com/api/ClientFriendRequest/all 1.1
Content-Type: application/x-www-form-urlencoded
Host: yace-sso.365ime.com
Content-Length: 69
Expect: 100-continue
xsid=x_081a618cr83fibb60080k7nbdcg29emdq718s0w0a9icuf030f026buatj8c1h

2015-08-22 13:49:07,356 [8] INFO  - 步骤“调用获取所有请求申请接口”: HTTP 原始响应:
2015-08-22 13:49:07,358 [8] INFO  - 步骤“调用获取所有请求申请接口”: HTTP/1.1 200 OK
Transfer-Encoding: chunked
Connection: keep-alive
Vary: Accept-Encoding,Accept-Encoding
Content-Type: text/html
Date: Sat, 22 Aug 2015 05:49:03 GMT
Set-Cookie: SERVERID=61def84601bb160c1a7eac976c6c91ff|1440222543|1440222543;Path=/
X-Powered-By: PHP/5.5.9-1ubuntu4.9
{
    "errorCode": -1,
    "errorType": "RuntimeException",
    "error": "invalid token"
}
2015-08-22 13:49:07,363 [8] INFO  - 步骤“调用获取所有请求申请接口”已成功结束
2015-08-22 13:49:07,366 [8] INFO  - 步骤“获取教师账号中所有的请求申请”: 步骤“获取教师账号中所有的请求申请”已启动
2015-08-22 13:49:07,371 [8] INFO  - 步骤“获取教师账号中所有的请求申请”已成功结束
2015-08-22 13:49:07,373 [8] INFO  - 步骤“调用同意申请接口”: 步骤“调用同意申请接口”已启动
2015-08-22 13:49:07,377 [8] INFO  - 步骤“调用同意申请接口”: 提取 HTTP URL: 'http://yace-sso.365ime.com/api/ClientFriendRequest/approve'
2015-08-22 13:49:07,483 [8] INFO  - 步骤“调用同意申请接口”: 服务器返回了状态代码: 200
2015-08-22 13:49:07,486 [8] INFO  - 步骤“调用同意申请接口”: HTTP 原始请求:
2015-08-22 13:49:07,488 [8] INFO  - 步骤“调用同意申请接口”: POST http://yace-sso.365ime.com/api/ClientFriendRequest/approve 1.1
Content-Type: application/x-www-form-urlencoded
Host: yace-sso.365ime.com
Content-Length: 97
Expect: 100-continue
id=System.Xml.XPathNodeList&xsid=x_081a618cr83fibb60080k7nbdcg29emdq718s0w0a9icuf030f026buatj8c1h

2015-08-22 13:49:07,491 [8] INFO  - 步骤“调用同意申请接口”: HTTP 原始响应:
2015-08-22 13:49:07,493 [8] INFO  - 步骤“调用同意申请接口”: HTTP/1.1 200 OK
Transfer-Encoding: chunked
Connection: keep-alive
Vary: Accept-Encoding,Accept-Encoding
Content-Type: text/html
Date: Sat, 22 Aug 2015 05:49:04 GMT
Set-Cookie: SERVERID=61def84601bb160c1a7eac976c6c91ff|1440222544|1440222544;Path=/
X-Powered-By: PHP/5.5.9-1ubuntu4.9
{
    "errorCode": -1,
    "errorType": "RuntimeException",
    "error": "invalid token"
}
2015-08-22 13:49:07,497 [8] INFO  - 步骤“调用同意申请接口”已成功结束
2015-08-22 13:49:07,499 [8] INFO  - 步骤“查询tb_removeroster_verification表中字段信息”: 步骤“查询tb_removeroster_verification表中字段信息”已启动
2015-08-22 13:49:07,505 [8] ERROR - Checkpoint 5: "72738f03c2eb66d693992576857807ee7718b2fc" = "61f048fc016c13ea5cdfa6416c6e6ef9532716b8" 失败
2015-08-22 13:49:07,510 [8] INFO  - 步骤“查询tb_removeroster_verification表中字段信息”已成功结束
2015-08-22 13:49:07,512 [8] INFO  - 步骤“更新本地表中groupid字段”: 步骤“更新本地表中groupid字段”已启动
2015-08-22 13:49:07,519 [8] INFO  - 步骤“更新本地表中groupid字段”: 输入参数“源字符串”，值:“”
2015-08-22 13:49:07,523 [8] INFO  - 步骤“更新本地表中groupid字段”: 输入参数“搜索字符串 1”，值:“'b84ff35507754b1db1631c26abdc61f0@muc.365ime.com'”
2015-08-22 13:49:07,524 [8] INFO  - 步骤“更新本地表中groupid字段”: 输入参数“替换字符串 1”，值:“''”
2015-08-22 13:49:07,526 [8] INFO  - 步骤“更新本地表中groupid字段”: 输入参数“区分大小写”，值:“True”
2015-08-22 13:49:07,527 [8] INFO  - 步骤“更新本地表中groupid字段”: 输出参数“结果”，值:“”
2015-08-22 13:49:07,529 [8] INFO  - 步骤“更新本地表中groupid字段”已成功结束
2015-08-22 13:49:07,530 [8] INFO  - 步骤“更新本地表中xsid字段”: 步骤“更新本地表中xsid字段”已启动
2015-08-22 13:49:07,532 [8] INFO  - 步骤“更新本地表中xsid字段”: 输入参数“源字符串”，值:“”
2015-08-22 13:49:07,533 [8] INFO  - 步骤“更新本地表中xsid字段”: 输入参数“搜索字符串 1”，值:“'x_1f1a0e62u0t5j480c916h26642tc3didb95f5an861da049516m0y7pd5aiu00'”
2015-08-22 13:49:07,534 [8] INFO  - 步骤“更新本地表中xsid字段”: 输入参数“替换字符串 1”，值:“'x_081a618cr83fibb60080k7nbdcg29emdq718s0w0a9icuf030f026buatj8c1h'”
2015-08-22 13:49:07,535 [8] INFO  - 步骤“更新本地表中xsid字段”: 输入参数“区分大小写”，值:“True”
2015-08-22 13:49:07,536 [8] INFO  - 步骤“更新本地表中xsid字段”: 输出参数“结果”，值:“”
2015-08-22 13:49:07,538 [8] INFO  - 步骤“更新本地表中xsid字段”已成功结束
2015-08-22 13:49:07,539 [8] INFO  - 步骤“对于本地表中token进行加密”: 步骤“对于本地表中token进行加密”已启动
2015-08-22 13:49:07,567 [8] INFO  - 步骤“对于本地表中token进行加密”已成功结束
2015-08-22 13:49:07,568 [8] INFO  - 步骤“Encryption.SHA1”: 步骤“Encryption.SHA1”已启动
2015-08-22 13:49:16,061 [8] INFO  - 步骤“Encryption.SHA1”已成功结束
2015-08-22 13:49:16,063 [8] INFO  - 步骤“获取加密后的信息”: 步骤“获取加密后的信息”已启动
2015-08-22 13:49:16,066 [8] INFO  - 步骤“获取加密后的信息”已成功结束
2015-08-22 13:49:16,066 [8] INFO  - 步骤“更新本地表中token字段”: 步骤“更新本地表中token字段”已启动
2015-08-22 13:49:16,068 [8] INFO  - 步骤“更新本地表中token字段”: 输入参数“源字符串”，值:“72738f03c2eb66d693992576857807ee7718b2fc”
2015-08-22 13:49:16,069 [8] INFO  - 步骤“更新本地表中token字段”: 输入参数“搜索字符串 1”，值:“'72738f03c2eb66d693992576857807ee7718b2fc'”
2015-08-22 13:49:16,070 [8] INFO  - 步骤“更新本地表中token字段”: 输入参数“替换字符串 1”，值:“'3fbea8efecbb0d7875052edfbfd87e596a88fe21'”
2015-08-22 13:49:16,071 [8] INFO  - 步骤“更新本地表中token字段”: 输出参数“结果”，值:“3fbea8efecbb0d7875052edfbfd87e596a88fe21”
2015-08-22 13:49:16,075 [8] INFO  - 步骤“更新本地表中token字段”已成功结束
2015-08-22 13:49:16,077 [8] INFO  - 步骤“调用/xmp/removeRoster.php”: 步骤“调用/xmp/removeRoster.php”已启动
2015-08-22 13:49:16,082 [8] INFO  - 步骤“调用/xmp/removeRoster.php”: 提取 HTTP URL: 'http://yace-iq.365ime.com/xmp/removeRoster.php'
2015-08-22 13:49:16,171 [8] INFO  - 步骤“调用/xmp/removeRoster.php”: 服务器返回了状态代码: 200
2015-08-22 13:49:16,171 [8] INFO  - 步骤“调用/xmp/removeRoster.php”: HTTP 原始请求:
2015-08-22 13:49:16,172 [8] INFO  - 步骤“调用/xmp/removeRoster.php”: POST http://yace-iq.365ime.com/xmp/removeRoster.php 1.1
Content-Type: application/x-www-form-urlencoded
Host: yace-iq.365ime.com
Content-Length: 106
Connection: Keep-Alive
xsid=&Jid=77401169@365ime.com&rosterJid=77401171@365ime.com&token=3fbea8efecbb0d7875052edfbfd87e596a88fe21

2015-08-22 13:49:16,173 [8] INFO  - 步骤“调用/xmp/removeRoster.php”: HTTP 原始响应:
2015-08-22 13:49:16,173 [8] INFO  - 步骤“调用/xmp/removeRoster.php”: HTTP/1.1 200 OK
Access-Control-Allow-Origin: *
Transfer-Encoding: chunked
Content-Type: text/html;charset=UTF-8
Date: Sat, 22 Aug 2015 05:49:20 GMT
Server: Apache-Coyote/1.1
{"message":"Parameter is error !","errorCode":"2"}

2015-08-22 13:49:16,174 [8] INFO  - 步骤“调用/xmp/removeRoster.php”已成功结束
2015-08-22 13:49:16,175 [8] INFO  - 步骤“获取返回值转换为JSON”: 步骤“获取返回值转换为JSON”已启动
2015-08-22 13:49:16,176 [8] INFO  - 步骤“获取返回值转换为JSON”已成功结束
2015-08-22 13:49:16,178 [8] INFO  - 步骤“将获取到的JSON插入到sql中”: 步骤“将获取到的JSON插入到sql中”已启动
2015-08-22 13:49:16,314 [8] INFO  - 步骤“将获取到的JSON插入到sql中”已成功结束
2015-08-22 13:49:16,317 [8] INFO  - 步骤“将errorcode更新到sql中”: 步骤“将errorcode更新到sql中”已启动
2015-08-22 13:49:16,376 [8] INFO  - 步骤“将errorcode更新到sql中”已成功结束
2015-08-22 13:49:16,377 [8] INFO  - 步骤“获取当前Case的实际值”: 步骤“获取当前Case的实际值”已启动
2015-08-22 13:49:16,379 [8] INFO  - 步骤“获取当前Case的实际值”已成功结束
2015-08-22 13:49:16,380 [8] INFO  - 步骤“获取当前Case的期待值”: 步骤“获取当前Case的期待值”已启动
2015-08-22 13:49:16,383 [8] INFO  - 步骤“获取当前Case的期待值”已成功结束
2015-08-22 13:49:16,384 [8] INFO  - 步骤“填写Result”: 步骤“填写Result”已启动
2015-08-22 13:49:16,385 [8] INFO  - 步骤“IfElse64”: 计算方式: 使用条件
2015-08-22 13:49:16,386 [8] INFO  - 步骤“否”: 步骤“否”已启动
2015-08-22 13:49:16,386 [8] INFO  - 步骤“在Result字段插入False”: 步骤“在Result字段插入False”已启动
2015-08-22 13:49:16,413 [8] INFO  - 步骤“在Result字段插入False”已成功结束
2015-08-22 13:49:16,414 [8] INFO  - 步骤“否”已成功结束
2015-08-22 13:49:16,415 [8] INFO  - 步骤“填写Result”已成功结束
2015-08-22 13:49:16,416 [8] INFO  - 步骤“迭代 1”已成功结束
2015-08-22 13:49:16,417 [8] INFO  - 步骤“循环执行tb_removeroster_verification中的测试用例”已成功结束
2015-08-22 13:49:16,418 [8] INFO  - 步骤“调用发起加好友申请请求”: 步骤“调用发起加好友申请请求”已启动
2015-08-22 13:49:16,419 [8] INFO  - 步骤“调用发起加好友申请请求”: 提取 HTTP URL: 'http://yace-sso.365ime.com/api/ClientFriendRequest/create'
2015-08-22 13:49:16,513 [8] INFO  - 步骤“调用发起加好友申请请求”: 服务器返回了状态代码: 200
2015-08-22 13:49:16,516 [8] INFO  - 步骤“调用发起加好友申请请求”: HTTP 原始请求:
2015-08-22 13:49:16,518 [8] INFO  - 步骤“调用发起加好友申请请求”: POST http://yace-sso.365ime.com/api/ClientFriendRequest/create 1.1
Content-Type: application/x-www-form-urlencoded
Host: yace-sso.365ime.com
Content-Length: 168
Expect: 100-continue
message=你好，我是张坤测试保存我为你的联系人吧&receiver_jid=77401229@365ime.com&xsid=x_021at4j48cc115hc644atbj52bbd3132n7a9dd0990c872t9q596a3ieu0006u

2015-08-22 13:49:16,520 [8] INFO  - 步骤“调用发起加好友申请请求”: HTTP 原始响应:
2015-08-22 13:49:16,523 [8] INFO  - 步骤“调用发起加好友申请请求”: HTTP/1.1 200 OK
Transfer-Encoding: chunked
Connection: keep-alive
Vary: Accept-Encoding
Content-Type: application/json; charset=utf-8
Date: Sat, 22 Aug 2015 05:49:13 GMT
Set-Cookie: SERVERID=61def84601bb160c1a7eac976c6c91ff|1440222553|1440222553;Path=/
X-Powered-By: PHP/5.5.9-1ubuntu4.9
{"errorCode":0,"errorMessage":null,"data":"19905308"}
2015-08-22 13:49:16,530 [8] INFO  - 步骤“调用发起加好友申请请求”已成功结束
2015-08-22 13:49:16,532 [8] INFO  - 步骤“调用获取所有请求申请接口”: 步骤“调用获取所有请求申请接口”已启动
2015-08-22 13:49:16,537 [8] INFO  - 步骤“调用获取所有请求申请接口”: 提取 HTTP URL: 'http://yace-sso.365ime.com/api/ClientFriendRequest/all'
2015-08-22 13:49:16,597 [8] INFO  - 步骤“调用获取所有请求申请接口”: 服务器返回了状态代码: 200
2015-08-22 13:49:16,599 [8] INFO  - 步骤“调用获取所有请求申请接口”: HTTP 原始请求:
2015-08-22 13:49:16,601 [8] INFO  - 步骤“调用获取所有请求申请接口”: POST http://yace-sso.365ime.com/api/ClientFriendRequest/all 1.1
Content-Type: application/x-www-form-urlencoded
Host: yace-sso.365ime.com
Content-Length: 69
Expect: 100-continue
xsid=x_081a618cr83fibb60080k7nbdcg29emdq718s0w0a9icuf030f026buatj8c1h

2015-08-22 13:49:16,604 [8] INFO  - 步骤“调用获取所有请求申请接口”: HTTP 原始响应:
2015-08-22 13:49:16,606 [8] INFO  - 步骤“调用获取所有请求申请接口”: HTTP/1.1 200 OK
Transfer-Encoding: chunked
Connection: keep-alive
Vary: Accept-Encoding,Accept-Encoding
Content-Type: text/html
Date: Sat, 22 Aug 2015 05:49:13 GMT
Set-Cookie: SERVERID=61def84601bb160c1a7eac976c6c91ff|1440222553|1440222553;Path=/
X-Powered-By: PHP/5.5.9-1ubuntu4.9
{
    "errorCode": -1,
    "errorType": "RuntimeException",
    "error": "invalid token"
}
2015-08-22 13:49:16,611 [8] INFO  - 步骤“调用获取所有请求申请接口”已成功结束
2015-08-22 13:49:16,613 [8] INFO  - 步骤“获取教师账号中所有的请求申请”: 步骤“获取教师账号中所有的请求申请”已启动
2015-08-22 13:49:16,619 [8] INFO  - 步骤“获取教师账号中所有的请求申请”已成功结束
2015-08-22 13:49:16,622 [8] INFO  - 步骤“调用同意申请接口”: 步骤“调用同意申请接口”已启动
2015-08-22 13:49:16,627 [8] INFO  - 步骤“调用同意申请接口”: 提取 HTTP URL: 'http://yace-sso.365ime.com/api/ClientFriendRequest/approve'
2015-08-22 13:49:16,683 [8] INFO  - 步骤“调用同意申请接口”: 服务器返回了状态代码: 200
2015-08-22 13:49:16,685 [8] INFO  - 步骤“调用同意申请接口”: HTTP 原始请求:
2015-08-22 13:49:16,687 [8] INFO  - 步骤“调用同意申请接口”: POST http://yace-sso.365ime.com/api/ClientFriendRequest/approve 1.1
Content-Type: application/x-www-form-urlencoded
Host: yace-sso.365ime.com
Content-Length: 97
Expect: 100-continue
id=System.Xml.XPathNodeList&xsid=x_081a618cr83fibb60080k7nbdcg29emdq718s0w0a9icuf030f026buatj8c1h

2015-08-22 13:49:16,690 [8] INFO  - 步骤“调用同意申请接口”: HTTP 原始响应:
2015-08-22 13:49:16,693 [8] INFO  - 步骤“调用同意申请接口”: HTTP/1.1 200 OK
Transfer-Encoding: chunked
Connection: keep-alive
Vary: Accept-Encoding,Accept-Encoding
Content-Type: text/html
Date: Sat, 22 Aug 2015 05:49:13 GMT
Set-Cookie: SERVERID=61def84601bb160c1a7eac976c6c91ff|1440222553|1440222553;Path=/
X-Powered-By: PHP/5.5.9-1ubuntu4.9
{
    "errorCode": -1,
    "errorType": "RuntimeException",
    "error": "invalid token"
}
2015-08-22 13:49:16,698 [8] INFO  - 步骤“调用同意申请接口”已成功结束
2015-08-22 13:49:16,700 [8] INFO  - 步骤“对/xmp/createGroup.php接口token实行加密”: 步骤“对/xmp/createGroup.php接口token实行加密”已启动
2015-08-22 13:49:16,743 [8] INFO  - 步骤“对/xmp/createGroup.php接口token实行加密”已成功结束
2015-08-22 13:49:16,745 [8] INFO  - 步骤“Encryption.SHA1”: 步骤“Encryption.SHA1”已启动
2015-08-22 13:49:25,125 [8] INFO  - 步骤“Encryption.SHA1”已成功结束
2015-08-22 13:49:25,129 [8] INFO  - 步骤“查询出加密后EncryptionResult字段的值”: 步骤“查询出加密后EncryptionResult字段的值”已启动
2015-08-22 13:49:25,136 [8] INFO  - 步骤“查询出加密后EncryptionResult字段的值”已成功结束
2015-08-22 13:49:25,137 [8] INFO  - 步骤“调用/xmp/removeRoster.php”: 步骤“调用/xmp/removeRoster.php”已启动
2015-08-22 13:49:25,139 [8] INFO  - 步骤“调用/xmp/removeRoster.php”: 提取 HTTP URL: 'http://yace-iq.365ime.com/xmp/removeRoster.php'
2015-08-22 13:49:25,237 [8] INFO  - 步骤“调用/xmp/removeRoster.php”: 服务器返回了状态代码: 200
2015-08-22 13:49:25,238 [8] INFO  - 步骤“调用/xmp/removeRoster.php”: HTTP 原始请求:
2015-08-22 13:49:25,239 [8] INFO  - 步骤“调用/xmp/removeRoster.php”: POST http://yace-iq.365ime.com/xmp/removeRoster.php 1.1
Content-Type: application/x-www-form-urlencoded
Host: yace-iq.365ime.com
Content-Length: 170
xsid=x_081a618cr83fibb60080k7nbdcg29emdq718s0w0a9icuf030f026buatj8c1h&Jid=77401229@365ime.com&rosterJid=77401230@365ime.com&token=6b180035b99da501b4e0209f500692223d9dbc9e

2015-08-22 13:49:25,239 [8] INFO  - 步骤“调用/xmp/removeRoster.php”: HTTP 原始响应:
2015-08-22 13:49:25,240 [8] INFO  - 步骤“调用/xmp/removeRoster.php”: HTTP/1.1 200 OK
Access-Control-Allow-Origin: *
Transfer-Encoding: chunked
Content-Type: text/html;charset=UTF-8
Date: Sat, 22 Aug 2015 05:49:29 GMT
Server: Apache-Coyote/1.1
{"message":"removeRoster is failed!","errorCode":"1"}

2015-08-22 13:49:25,241 [8] INFO  - 步骤“调用/xmp/removeRoster.php”已成功结束
2015-08-22 13:49:25,242 [8] INFO  - 步骤“将接口返回的Json更新至tb_result_table”: 步骤“将接口返回的Json更新至tb_result_table”已启动
2015-08-22 13:49:25,274 [8] INFO  - 步骤“将接口返回的Json更新至tb_result_table”已成功结束
2015-08-22 13:49:25,275 [8] INFO  - 步骤“迭代 1”已成功结束
2015-08-22 13:49:25,277 [8] INFO  - 步骤“测试流”已成功结束
2015-08-22 13:49:25,465 [8] INFO  - 步骤“结束”: 步骤“结束”已启动
2015-08-22 13:49:25,473 [8] INFO  - 步骤“结束”已成功结束
