2015-09-08 14:42:38,681 [7] INFO  - 步骤“开始”: 步骤“开始”已启动
2015-09-08 14:42:38,693 [7] INFO  - 步骤“开始”已成功结束
2015-09-08 14:42:38,694 [7] INFO  - 步骤“测试流”: 步骤“测试流”已启动
2015-09-08 14:42:38,736 [7] INFO  - 步骤“迭代 1”: 步骤“迭代 1”已启动
2015-09-08 14:42:38,737 [7] INFO  - 步骤“连接到mysql数据库”: 步骤“连接到mysql数据库”已启动
2015-09-08 14:42:38,740 [7] INFO  - 步骤“连接到mysql数据库”: Connection string: DSN=192.168.50.11;Uid=ime;Pwd=www.365ime.com!;
2015-09-08 14:42:38,747 [7] INFO  - 步骤“连接到mysql数据库”已成功结束
2015-09-08 14:42:38,748 [7] INFO  - 步骤“获取到tb_getCard_verification表有效行数”: 步骤“获取到tb_getCard_verification表有效行数”已启动
2015-09-08 14:42:38,761 [7] ERROR - Checkpoint 2: "16" = "37" 失败
2015-09-08 14:42:38,765 [7] INFO  - 步骤“获取到tb_getCard_verification表有效行数”已成功结束
2015-09-08 14:42:38,765 [7] INFO  - 步骤“查询全局表中xsid”: 步骤“查询全局表中xsid”已启动
2015-09-08 14:42:38,768 [7] INFO  - 步骤“查询全局表中xsid”已成功结束
2015-09-08 14:42:38,769 [7] INFO  - 步骤“循环执行tb_getCard_verification中的测试用例”: 步骤“循环执行tb_getCard_verification中的测试用例”已启动
2015-09-08 14:42:38,773 [7] INFO  - 步骤“迭代 1”: 步骤“迭代 1”已启动
2015-09-08 14:42:38,775 [7] INFO  - 步骤“查询tb_getCard_verification表中字段信息”: 步骤“查询tb_getCard_verification表中字段信息”已启动
2015-09-08 14:42:38,777 [7] ERROR - Checkpoint 5: "305bbc2b43542b3d0203daffe9073c3cba5b47d9" = "61f048fc016c13ea5cdfa6416c6e6ef9532716b8" 失败
2015-09-08 14:42:38,779 [7] INFO  - 步骤“查询tb_getCard_verification表中字段信息”已成功结束
2015-09-08 14:42:38,779 [7] INFO  - 步骤“将本地表的xsid更新”: 步骤“将本地表的xsid更新”已启动
2015-09-08 14:42:38,782 [7] INFO  - 步骤“将本地表的xsid更新”: 输入参数“源字符串”，值:“”
2015-09-08 14:42:38,784 [7] INFO  - 步骤“将本地表的xsid更新”: 输入参数“搜索字符串 1”，值:“'x_1f1a0e62u0t5j480c916h26642tc3didb95f5an861da049516m0y7pd5aiu00'”
2015-09-08 14:42:38,785 [7] INFO  - 步骤“将本地表的xsid更新”: 输入参数“替换字符串 1”，值:“'x_0a1aq7ja8cbc73q2g6e8d1g1831538w4w4r5a6i8u30d0b0e60g3s938cc1k60'”
2015-09-08 14:42:38,785 [7] INFO  - 步骤“将本地表的xsid更新”: 输入参数“区分大小写”，值:“True”
2015-09-08 14:42:38,786 [7] INFO  - 步骤“将本地表的xsid更新”: 输出参数“结果”，值:“”
2015-09-08 14:42:38,787 [7] INFO  - 步骤“将本地表的xsid更新”已成功结束
2015-09-08 14:42:38,788 [7] INFO  - 步骤“将需要加密的数据赋值到全局表EncryptionStr字段中”: 步骤“将需要加密的数据赋值到全局表EncryptionStr字段中”已启动
2015-09-08 14:42:38,792 [7] INFO  - 步骤“将需要加密的数据赋值到全局表EncryptionStr字段中”已成功结束
2015-09-08 14:42:38,793 [7] INFO  - 步骤“Encryption.SHA1”: 步骤“Encryption.SHA1”已启动
2015-09-08 14:42:41,458 [7] INFO  - 步骤“Encryption.SHA1”已成功结束
2015-09-08 14:42:41,459 [7] INFO  - 步骤“查询出加密后的token信息”: 步骤“查询出加密后的token信息”已启动
2015-09-08 14:42:41,466 [7] INFO  - 步骤“查询出加密后的token信息”已成功结束
2015-09-08 14:42:41,473 [7] INFO  - 步骤“将token更新至最新值”: 步骤“将token更新至最新值”已启动
2015-09-08 14:42:41,475 [7] INFO  - 步骤“将token更新至最新值”: 输入参数“源字符串”，值:“305bbc2b43542b3d0203daffe9073c3cba5b47d9”
2015-09-08 14:42:41,477 [7] INFO  - 步骤“将token更新至最新值”: 输入参数“搜索字符串 1”，值:“'305bbc2b43542b3d0203daffe9073c3cba5b47d9'”
2015-09-08 14:42:41,478 [7] INFO  - 步骤“将token更新至最新值”: 输入参数“替换字符串 1”，值:“'305bbc2b43542b3d0203daffe9073c3cba5b47d9'”
2015-09-08 14:42:41,481 [7] INFO  - 步骤“将token更新至最新值”: 输出参数“结果”，值:“305bbc2b43542b3d0203daffe9073c3cba5b47d9”
2015-09-08 14:42:41,483 [7] INFO  - 步骤“将token更新至最新值”已成功结束
2015-09-08 14:42:41,483 [7] INFO  - 步骤“调用/iq/getCard.php”: 步骤“调用/iq/getCard.php”已启动
2015-09-08 14:42:41,494 [7] INFO  - 步骤“调用/iq/getCard.php”: 提取 HTTP URL: 'http://yace-iq.365ime.com/iq/getCard.php'
2015-09-08 14:42:42,181 [7] INFO  - 步骤“调用/iq/getCard.php”: 服务器返回了状态代码: 200
2015-09-08 14:42:42,200 [7] INFO  - 步骤“调用/iq/getCard.php”: HTTP 原始请求:
2015-09-08 14:42:42,201 [7] INFO  - 步骤“调用/iq/getCard.php”: POST http://yace-iq.365ime.com/iq/getCard.php 1.1
Content-Type: application/x-www-form-urlencoded
Host: yace-iq.365ime.com
Content-Length: 78
Expect: 100-continue
Connection: Keep-Alive
xsid=&toJid=77401169@365ime.com&token=305bbc2b43542b3d0203daffe9073c3cba5b47d9

2015-09-08 14:42:42,204 [7] INFO  - 步骤“调用/iq/getCard.php”: HTTP 原始响应:
2015-09-08 14:42:42,207 [7] INFO  - 步骤“调用/iq/getCard.php”: HTTP/1.1 200 OK
Transfer-Encoding: chunked
Content-Type: application/json;charset=UTF-8
Date: Tue, 08 Sep 2015 06:43:10 GMT
Server: Apache-Coyote/1.1
{"message":"","data":{"phone":"","status":"1","pid":"77246885","userRole":"s2","orgName":"刘丽","version":"1431138618","orgId":"622195","category":"0","email":"","thumbUrl":"http://download.ac-bj-oss.365ime.com/storage/2015-08-05/d83cb81c8ab1c78b12ed4475b56cba53e5a7f007","gender":"1","jid":"77401169@365ime.com","userDescription":"test","photoUrl":"http://download.ac-bj-oss.365ime.com/storage/2015-08-05/c05dfb5505a9e142874eba2cebeeb41b41cd4009","fn":"张坤老师"},"errorCode":"0"}
2015-09-08 14:42:42,218 [7] INFO  - 步骤“调用/iq/getCard.php”已成功结束
2015-09-08 14:42:42,219 [7] INFO  - 步骤“获取返回值转换为JSON”: 步骤“获取返回值转换为JSON”已启动
2015-09-08 14:42:42,225 [7] INFO  - 步骤“获取返回值转换为JSON”已成功结束
2015-09-08 14:42:42,226 [7] INFO  - 步骤“将获取到的JSON插入到sql中”: 步骤“将获取到的JSON插入到sql中”已启动
2015-09-08 14:42:42,232 [7] INFO  - 步骤“将获取到的JSON插入到sql中”已成功结束
2015-09-08 14:42:42,233 [7] INFO  - 步骤“将errorcode更新到sql中”: 步骤“将errorcode更新到sql中”已启动
2015-09-08 14:42:42,236 [7] INFO  - 步骤“将errorcode更新到sql中”已成功结束
2015-09-08 14:42:42,238 [7] INFO  - 步骤“获取当前Case的实际值”: 步骤“获取当前Case的实际值”已启动
2015-09-08 14:42:42,241 [7] INFO  - 步骤“获取当前Case的实际值”已成功结束
2015-09-08 14:42:42,241 [7] INFO  - 步骤“获取当前Case的期待值”: 步骤“获取当前Case的期待值”已启动
2015-09-08 14:42:42,244 [7] INFO  - 步骤“获取当前Case的期待值”已成功结束
2015-09-08 14:42:42,245 [7] INFO  - 步骤“填写Result”: 步骤“填写Result”已启动
2015-09-08 14:42:42,251 [7] INFO  - 步骤“IfElse64”: 计算方式: 使用条件
2015-09-08 14:42:42,252 [7] INFO  - 步骤“是”: 步骤“是”已启动
2015-09-08 14:42:42,254 [7] INFO  - 步骤“在Result字段插入True”: 步骤“在Result字段插入True”已启动
2015-09-08 14:42:42,257 [7] INFO  - 步骤“在Result字段插入True”已成功结束
2015-09-08 14:42:42,258 [7] INFO  - 步骤“是”已成功结束
2015-09-08 14:42:42,260 [7] INFO  - 步骤“填写Result”已成功结束
2015-09-08 14:42:42,261 [7] INFO  - 步骤“迭代 1”已成功结束
2015-09-08 14:42:42,263 [7] INFO  - 步骤“迭代 2”: 步骤“迭代 2”已启动
2015-09-08 14:42:42,264 [7] INFO  - 步骤“查询tb_getCard_verification表中字段信息”: 步骤“查询tb_getCard_verification表中字段信息”已启动
2015-09-08 14:42:42,268 [7] ERROR - Checkpoint 5: "305bbc2b43542b3d0203daffe9073c3cba5b47d9" = "61f048fc016c13ea5cdfa6416c6e6ef9532716b8" 失败
2015-09-08 14:42:42,270 [7] INFO  - 步骤“查询tb_getCard_verification表中字段信息”已成功结束
2015-09-08 14:42:42,271 [7] INFO  - 步骤“将本地表的xsid更新”: 步骤“将本地表的xsid更新”已启动
2015-09-08 14:42:42,272 [7] INFO  - 步骤“将本地表的xsid更新”: 输入参数“源字符串”，值:“123”
2015-09-08 14:42:42,273 [7] INFO  - 步骤“将本地表的xsid更新”: 输入参数“搜索字符串 1”，值:“'x_1f1a0e62u0t5j480c916h26642tc3didb95f5an861da049516m0y7pd5aiu00'”
2015-09-08 14:42:42,273 [7] INFO  - 步骤“将本地表的xsid更新”: 输入参数“替换字符串 1”，值:“'x_0a1aq7ja8cbc73q2g6e8d1g1831538w4w4r5a6i8u30d0b0e60g3s938cc1k60'”
2015-09-08 14:42:42,274 [7] INFO  - 步骤“将本地表的xsid更新”: 输出参数“结果”，值:“123”
2015-09-08 14:42:42,275 [7] INFO  - 步骤“将本地表的xsid更新”已成功结束
2015-09-08 14:42:42,275 [7] INFO  - 步骤“将需要加密的数据赋值到全局表EncryptionStr字段中”: 步骤“将需要加密的数据赋值到全局表EncryptionStr字段中”已启动
2015-09-08 14:42:42,278 [7] INFO  - 步骤“将需要加密的数据赋值到全局表EncryptionStr字段中”已成功结束
2015-09-08 14:42:42,280 [7] INFO  - 步骤“Encryption.SHA1”: 步骤“Encryption.SHA1”已启动
2015-09-08 14:42:46,521 [7] INFO  - 步骤“Encryption.SHA1”已成功结束
2015-09-08 14:42:46,522 [7] INFO  - 步骤“查询出加密后的token信息”: 步骤“查询出加密后的token信息”已启动
2015-09-08 14:42:46,524 [7] INFO  - 步骤“查询出加密后的token信息”已成功结束
2015-09-08 14:42:46,525 [7] INFO  - 步骤“将token更新至最新值”: 步骤“将token更新至最新值”已启动
2015-09-08 14:42:46,526 [7] INFO  - 步骤“将token更新至最新值”: 输入参数“源字符串”，值:“305bbc2b43542b3d0203daffe9073c3cba5b47d9”
2015-09-08 14:42:46,527 [7] INFO  - 步骤“将token更新至最新值”: 输入参数“搜索字符串 1”，值:“'305bbc2b43542b3d0203daffe9073c3cba5b47d9'”
2015-09-08 14:42:46,528 [7] INFO  - 步骤“将token更新至最新值”: 输入参数“替换字符串 1”，值:“'305bbc2b43542b3d0203daffe9073c3cba5b47d9'”
2015-09-08 14:42:46,529 [7] INFO  - 步骤“将token更新至最新值”: 输出参数“结果”，值:“305bbc2b43542b3d0203daffe9073c3cba5b47d9”
2015-09-08 14:42:46,529 [7] INFO  - 步骤“将token更新至最新值”已成功结束
2015-09-08 14:42:46,530 [7] INFO  - 步骤“调用/iq/getCard.php”: 步骤“调用/iq/getCard.php”已启动
2015-09-08 14:42:46,534 [7] INFO  - 步骤“调用/iq/getCard.php”: 提取 HTTP URL: 'http://yace-iq.365ime.com/iq/getCard.php'
2015-09-08 14:42:46,602 [7] INFO  - 步骤“调用/iq/getCard.php”: 服务器返回了状态代码: 200
2015-09-08 14:42:46,603 [7] INFO  - 步骤“调用/iq/getCard.php”: HTTP 原始请求:
2015-09-08 14:42:46,603 [7] INFO  - 步骤“调用/iq/getCard.php”: POST http://yace-iq.365ime.com/iq/getCard.php 1.1
Content-Type: application/x-www-form-urlencoded
Host: yace-iq.365ime.com
Content-Length: 81
Expect: 100-continue
xsid=123&toJid=77401169@365ime.com&token=305bbc2b43542b3d0203daffe9073c3cba5b47d9

2015-09-08 14:42:46,604 [7] INFO  - 步骤“调用/iq/getCard.php”: HTTP 原始响应:
2015-09-08 14:42:46,604 [7] INFO  - 步骤“调用/iq/getCard.php”: HTTP/1.1 200 OK
Transfer-Encoding: chunked
Content-Type: application/json;charset=UTF-8
Date: Tue, 08 Sep 2015 06:43:14 GMT
Server: Apache-Coyote/1.1
{"message":"","data":{"phone":"","status":"1","pid":"77246885","userRole":"s2","orgName":"刘丽","version":"1431138618","orgId":"622195","category":"0","email":"","thumbUrl":"http://download.ac-bj-oss.365ime.com/storage/2015-08-05/d83cb81c8ab1c78b12ed4475b56cba53e5a7f007","gender":"1","jid":"77401169@365ime.com","userDescription":"test","photoUrl":"http://download.ac-bj-oss.365ime.com/storage/2015-08-05/c05dfb5505a9e142874eba2cebeeb41b41cd4009","fn":"张坤老师"},"errorCode":"0"}
2015-09-08 14:42:46,606 [7] INFO  - 步骤“调用/iq/getCard.php”已成功结束
2015-09-08 14:42:46,607 [7] INFO  - 步骤“获取返回值转换为JSON”: 步骤“获取返回值转换为JSON”已启动
2015-09-08 14:42:46,609 [7] INFO  - 步骤“获取返回值转换为JSON”已成功结束
2015-09-08 14:42:46,610 [7] INFO  - 步骤“将获取到的JSON插入到sql中”: 步骤“将获取到的JSON插入到sql中”已启动
2015-09-08 14:42:46,615 [7] INFO  - 步骤“将获取到的JSON插入到sql中”已成功结束
2015-09-08 14:42:46,616 [7] INFO  - 步骤“将errorcode更新到sql中”: 步骤“将errorcode更新到sql中”已启动
2015-09-08 14:42:46,619 [7] INFO  - 步骤“将errorcode更新到sql中”已成功结束
2015-09-08 14:42:46,620 [7] INFO  - 步骤“获取当前Case的实际值”: 步骤“获取当前Case的实际值”已启动
2015-09-08 14:42:46,623 [7] INFO  - 步骤“获取当前Case的实际值”已成功结束
2015-09-08 14:42:46,623 [7] INFO  - 步骤“获取当前Case的期待值”: 步骤“获取当前Case的期待值”已启动
2015-09-08 14:42:46,626 [7] INFO  - 步骤“获取当前Case的期待值”已成功结束
2015-09-08 14:42:46,633 [7] INFO  - 步骤“填写Result”: 步骤“填写Result”已启动
2015-09-08 14:42:46,635 [7] INFO  - 步骤“IfElse64”: 计算方式: 使用条件
2015-09-08 14:42:46,636 [7] INFO  - 步骤“是”: 步骤“是”已启动
2015-09-08 14:42:46,637 [7] INFO  - 步骤“在Result字段插入True”: 步骤“在Result字段插入True”已启动
2015-09-08 14:42:46,641 [7] INFO  - 步骤“在Result字段插入True”已成功结束
2015-09-08 14:42:46,642 [7] INFO  - 步骤“是”已成功结束
2015-09-08 14:42:46,643 [7] INFO  - 步骤“填写Result”已成功结束
2015-09-08 14:42:46,644 [7] INFO  - 步骤“迭代 2”已成功结束
2015-09-08 14:42:46,646 [7] INFO  - 步骤“迭代 3”: 步骤“迭代 3”已启动
2015-09-08 14:42:46,647 [7] INFO  - 步骤“查询tb_getCard_verification表中字段信息”: 步骤“查询tb_getCard_verification表中字段信息”已启动
2015-09-08 14:42:46,651 [7] ERROR - Checkpoint 5: "305bbc2b43542b3d0203daffe9073c3cba5b47d9" = "61f048fc016c13ea5cdfa6416c6e6ef9532716b8" 失败
2015-09-08 14:42:46,653 [7] INFO  - 步骤“查询tb_getCard_verification表中字段信息”已成功结束
2015-09-08 14:42:46,653 [7] INFO  - 步骤“将本地表的xsid更新”: 步骤“将本地表的xsid更新”已启动
2015-09-08 14:42:46,655 [7] INFO  - 步骤“将本地表的xsid更新”: 输入参数“源字符串”，值:“abc”
2015-09-08 14:42:46,656 [7] INFO  - 步骤“将本地表的xsid更新”: 输入参数“搜索字符串 1”，值:“'x_1f1a0e62u0t5j480c916h26642tc3didb95f5an861da049516m0y7pd5aiu00'”
2015-09-08 14:42:46,656 [7] INFO  - 步骤“将本地表的xsid更新”: 输入参数“替换字符串 1”，值:“'x_0a1aq7ja8cbc73q2g6e8d1g1831538w4w4r5a6i8u30d0b0e60g3s938cc1k60'”
2015-09-08 14:42:46,657 [7] INFO  - 步骤“将本地表的xsid更新”: 输出参数“结果”，值:“abc”
2015-09-08 14:42:46,659 [7] INFO  - 步骤“将本地表的xsid更新”已成功结束
2015-09-08 14:42:46,659 [7] INFO  - 步骤“将需要加密的数据赋值到全局表EncryptionStr字段中”: 步骤“将需要加密的数据赋值到全局表EncryptionStr字段中”已启动
2015-09-08 14:42:46,663 [7] INFO  - 步骤“将需要加密的数据赋值到全局表EncryptionStr字段中”已成功结束
2015-09-08 14:42:46,663 [7] INFO  - 步骤“Encryption.SHA1”: 步骤“Encryption.SHA1”已启动
2015-09-08 14:42:50,463 [7] INFO  - 步骤“Encryption.SHA1”已成功结束
2015-09-08 14:42:50,466 [7] INFO  - 步骤“查询出加密后的token信息”: 步骤“查询出加密后的token信息”已启动
2015-09-08 14:42:50,474 [7] INFO  - 步骤“查询出加密后的token信息”已成功结束
2015-09-08 14:42:50,477 [7] INFO  - 步骤“将token更新至最新值”: 步骤“将token更新至最新值”已启动
2015-09-08 14:42:50,480 [7] INFO  - 步骤“将token更新至最新值”: 输入参数“源字符串”，值:“305bbc2b43542b3d0203daffe9073c3cba5b47d9”
2015-09-08 14:42:50,480 [7] INFO  - 步骤“将token更新至最新值”: 输入参数“搜索字符串 1”，值:“'305bbc2b43542b3d0203daffe9073c3cba5b47d9'”
2015-09-08 14:42:50,481 [7] INFO  - 步骤“将token更新至最新值”: 输入参数“替换字符串 1”，值:“'305bbc2b43542b3d0203daffe9073c3cba5b47d9'”
2015-09-08 14:42:50,482 [7] INFO  - 步骤“将token更新至最新值”: 输出参数“结果”，值:“305bbc2b43542b3d0203daffe9073c3cba5b47d9”
2015-09-08 14:42:50,485 [7] INFO  - 步骤“将token更新至最新值”已成功结束
2015-09-08 14:42:50,488 [7] INFO  - 步骤“调用/iq/getCard.php”: 步骤“调用/iq/getCard.php”已启动
2015-09-08 14:42:50,490 [7] INFO  - 步骤“调用/iq/getCard.php”: 提取 HTTP URL: 'http://yace-iq.365ime.com/iq/getCard.php'
2015-09-08 14:42:50,589 [7] INFO  - 步骤“调用/iq/getCard.php”: 服务器返回了状态代码: 200
2015-09-08 14:42:50,590 [7] INFO  - 步骤“调用/iq/getCard.php”: HTTP 原始请求:
2015-09-08 14:42:50,591 [7] INFO  - 步骤“调用/iq/getCard.php”: POST http://yace-iq.365ime.com/iq/getCard.php 1.1
Content-Type: application/x-www-form-urlencoded
Host: yace-iq.365ime.com
Content-Length: 81
Expect: 100-continue
xsid=abc&toJid=77401169@365ime.com&token=305bbc2b43542b3d0203daffe9073c3cba5b47d9

2015-09-08 14:42:50,591 [7] INFO  - 步骤“调用/iq/getCard.php”: HTTP 原始响应:
2015-09-08 14:42:50,592 [7] INFO  - 步骤“调用/iq/getCard.php”: HTTP/1.1 200 OK
Transfer-Encoding: chunked
Content-Type: application/json;charset=UTF-8
Date: Tue, 08 Sep 2015 06:43:18 GMT
Server: Apache-Coyote/1.1
{"message":"","data":{"phone":"","status":"1","pid":"77246885","userRole":"s2","orgName":"刘丽","version":"1431138618","orgId":"622195","category":"0","email":"","thumbUrl":"http://download.ac-bj-oss.365ime.com/storage/2015-08-05/d83cb81c8ab1c78b12ed4475b56cba53e5a7f007","gender":"1","jid":"77401169@365ime.com","userDescription":"test","photoUrl":"http://download.ac-bj-oss.365ime.com/storage/2015-08-05/c05dfb5505a9e142874eba2cebeeb41b41cd4009","fn":"张坤老师"},"errorCode":"0"}
2015-09-08 14:42:50,593 [7] INFO  - 步骤“调用/iq/getCard.php”已成功结束
2015-09-08 14:42:50,594 [7] INFO  - 步骤“获取返回值转换为JSON”: 步骤“获取返回值转换为JSON”已启动
2015-09-08 14:42:50,595 [7] INFO  - 步骤“获取返回值转换为JSON”已成功结束
2015-09-08 14:42:50,596 [7] INFO  - 步骤“将获取到的JSON插入到sql中”: 步骤“将获取到的JSON插入到sql中”已启动
2015-09-08 14:42:50,600 [7] INFO  - 步骤“将获取到的JSON插入到sql中”已成功结束
2015-09-08 14:42:50,601 [7] INFO  - 步骤“将errorcode更新到sql中”: 步骤“将errorcode更新到sql中”已启动
2015-09-08 14:42:50,604 [7] INFO  - 步骤“将errorcode更新到sql中”已成功结束
2015-09-08 14:42:50,605 [7] INFO  - 步骤“获取当前Case的实际值”: 步骤“获取当前Case的实际值”已启动
2015-09-08 14:42:50,608 [7] INFO  - 步骤“获取当前Case的实际值”已成功结束
2015-09-08 14:42:50,608 [7] INFO  - 步骤“获取当前Case的期待值”: 步骤“获取当前Case的期待值”已启动
2015-09-08 14:42:50,611 [7] INFO  - 步骤“获取当前Case的期待值”已成功结束
2015-09-08 14:42:50,611 [7] INFO  - 步骤“填写Result”: 步骤“填写Result”已启动
2015-09-08 14:42:50,612 [7] INFO  - 步骤“IfElse64”: 计算方式: 使用条件
2015-09-08 14:42:50,613 [7] INFO  - 步骤“是”: 步骤“是”已启动
2015-09-08 14:42:50,614 [7] INFO  - 步骤“在Result字段插入True”: 步骤“在Result字段插入True”已启动
2015-09-08 14:42:50,618 [7] INFO  - 步骤“在Result字段插入True”已成功结束
2015-09-08 14:42:50,619 [7] INFO  - 步骤“是”已成功结束
2015-09-08 14:42:50,620 [7] INFO  - 步骤“填写Result”已成功结束
2015-09-08 14:42:50,621 [7] INFO  - 步骤“迭代 3”已成功结束
2015-09-08 14:42:50,623 [7] INFO  - 步骤“迭代 4”: 步骤“迭代 4”已启动
2015-09-08 14:42:50,624 [7] INFO  - 步骤“查询tb_getCard_verification表中字段信息”: 步骤“查询tb_getCard_verification表中字段信息”已启动
2015-09-08 14:42:50,626 [7] ERROR - Checkpoint 5: "305bbc2b43542b3d0203daffe9073c3cba5b47d9" = "61f048fc016c13ea5cdfa6416c6e6ef9532716b8" 失败
2015-09-08 14:42:50,627 [7] INFO  - 步骤“查询tb_getCard_verification表中字段信息”已成功结束
2015-09-08 14:42:50,628 [7] INFO  - 步骤“将本地表的xsid更新”: 步骤“将本地表的xsid更新”已启动
2015-09-08 14:42:50,629 [7] INFO  - 步骤“将本地表的xsid更新”: 输入参数“源字符串”，值:“!@#$%^&”
2015-09-08 14:42:50,630 [7] INFO  - 步骤“将本地表的xsid更新”: 输入参数“搜索字符串 1”，值:“'x_1f1a0e62u0t5j480c916h26642tc3didb95f5an861da049516m0y7pd5aiu00'”
2015-09-08 14:42:50,631 [7] INFO  - 步骤“将本地表的xsid更新”: 输入参数“替换字符串 1”，值:“'x_0a1aq7ja8cbc73q2g6e8d1g1831538w4w4r5a6i8u30d0b0e60g3s938cc1k60'”
2015-09-08 14:42:50,632 [7] INFO  - 步骤“将本地表的xsid更新”: 输出参数“结果”，值:“!@#$%^&”
2015-09-08 14:42:50,633 [7] INFO  - 步骤“将本地表的xsid更新”已成功结束
2015-09-08 14:42:50,633 [7] INFO  - 步骤“将需要加密的数据赋值到全局表EncryptionStr字段中”: 步骤“将需要加密的数据赋值到全局表EncryptionStr字段中”已启动
2015-09-08 14:42:50,636 [7] INFO  - 步骤“将需要加密的数据赋值到全局表EncryptionStr字段中”已成功结束
2015-09-08 14:42:50,637 [7] INFO  - 步骤“Encryption.SHA1”: 步骤“Encryption.SHA1”已启动
2015-09-08 14:42:54,503 [7] INFO  - 步骤“Encryption.SHA1”已成功结束
2015-09-08 14:42:54,504 [7] INFO  - 步骤“查询出加密后的token信息”: 步骤“查询出加密后的token信息”已启动
2015-09-08 14:42:54,506 [7] INFO  - 步骤“查询出加密后的token信息”已成功结束
2015-09-08 14:42:54,507 [7] INFO  - 步骤“将token更新至最新值”: 步骤“将token更新至最新值”已启动
2015-09-08 14:42:54,508 [7] INFO  - 步骤“将token更新至最新值”: 输入参数“源字符串”，值:“305bbc2b43542b3d0203daffe9073c3cba5b47d9”
2015-09-08 14:42:54,509 [7] INFO  - 步骤“将token更新至最新值”: 输入参数“搜索字符串 1”，值:“'305bbc2b43542b3d0203daffe9073c3cba5b47d9'”
2015-09-08 14:42:54,509 [7] INFO  - 步骤“将token更新至最新值”: 输入参数“替换字符串 1”，值:“'305bbc2b43542b3d0203daffe9073c3cba5b47d9'”
2015-09-08 14:42:54,510 [7] INFO  - 步骤“将token更新至最新值”: 输出参数“结果”，值:“305bbc2b43542b3d0203daffe9073c3cba5b47d9”
2015-09-08 14:42:54,511 [7] INFO  - 步骤“将token更新至最新值”已成功结束
2015-09-08 14:42:54,511 [7] INFO  - 步骤“调用/iq/getCard.php”: 步骤“调用/iq/getCard.php”已启动
2015-09-08 14:42:54,512 [7] INFO  - 步骤“调用/iq/getCard.php”: 提取 HTTP URL: 'http://yace-iq.365ime.com/iq/getCard.php'
2015-09-08 14:42:54,564 [7] INFO  - 步骤“调用/iq/getCard.php”: 服务器返回了状态代码: 200
2015-09-08 14:42:54,566 [7] INFO  - 步骤“调用/iq/getCard.php”: HTTP 原始请求:
2015-09-08 14:42:54,568 [7] INFO  - 步骤“调用/iq/getCard.php”: POST http://yace-iq.365ime.com/iq/getCard.php 1.1
Content-Type: application/x-www-form-urlencoded
Host: yace-iq.365ime.com
Content-Length: 85
Expect: 100-continue
xsid=!@#$%^&&toJid=77401169@365ime.com&token=305bbc2b43542b3d0203daffe9073c3cba5b47d9

2015-09-08 14:42:54,570 [7] INFO  - 步骤“调用/iq/getCard.php”: HTTP 原始响应:
2015-09-08 14:42:54,571 [7] INFO  - 步骤“调用/iq/getCard.php”: HTTP/1.1 200 OK
Transfer-Encoding: chunked
Content-Type: application/json;charset=UTF-8
Date: Tue, 08 Sep 2015 06:43:22 GMT
Server: Apache-Coyote/1.1
{"message":"","data":{"phone":"","status":"1","pid":"77246885","userRole":"s2","orgName":"刘丽","version":"1431138618","orgId":"622195","category":"0","email":"","thumbUrl":"http://download.ac-bj-oss.365ime.com/storage/2015-08-05/d83cb81c8ab1c78b12ed4475b56cba53e5a7f007","gender":"1","jid":"77401169@365ime.com","userDescription":"test","photoUrl":"http://download.ac-bj-oss.365ime.com/storage/2015-08-05/c05dfb5505a9e142874eba2cebeeb41b41cd4009","fn":"张坤老师"},"errorCode":"0"}
2015-09-08 14:42:54,575 [7] INFO  - 步骤“调用/iq/getCard.php”已成功结束
2015-09-08 14:42:54,577 [7] INFO  - 步骤“获取返回值转换为JSON”: 步骤“获取返回值转换为JSON”已启动
2015-09-08 14:42:54,580 [7] INFO  - 步骤“获取返回值转换为JSON”已成功结束
2015-09-08 14:42:54,581 [7] INFO  - 步骤“将获取到的JSON插入到sql中”: 步骤“将获取到的JSON插入到sql中”已启动
2015-09-08 14:42:54,588 [7] INFO  - 步骤“将获取到的JSON插入到sql中”已成功结束
2015-09-08 14:42:54,589 [7] INFO  - 步骤“将errorcode更新到sql中”: 步骤“将errorcode更新到sql中”已启动
2015-09-08 14:42:54,593 [7] INFO  - 步骤“将errorcode更新到sql中”已成功结束
2015-09-08 14:42:54,594 [7] INFO  - 步骤“获取当前Case的实际值”: 步骤“获取当前Case的实际值”已启动
2015-09-08 14:42:54,596 [7] INFO  - 步骤“获取当前Case的实际值”已成功结束
2015-09-08 14:42:54,597 [7] INFO  - 步骤“获取当前Case的期待值”: 步骤“获取当前Case的期待值”已启动
2015-09-08 14:42:54,599 [7] INFO  - 步骤“获取当前Case的期待值”已成功结束
2015-09-08 14:42:54,600 [7] INFO  - 步骤“填写Result”: 步骤“填写Result”已启动
2015-09-08 14:42:54,602 [7] INFO  - 步骤“IfElse64”: 计算方式: 使用条件
2015-09-08 14:42:54,603 [7] INFO  - 步骤“是”: 步骤“是”已启动
2015-09-08 14:42:54,603 [7] INFO  - 步骤“在Result字段插入True”: 步骤“在Result字段插入True”已启动
2015-09-08 14:42:54,606 [7] INFO  - 步骤“在Result字段插入True”已成功结束
2015-09-08 14:42:54,607 [7] INFO  - 步骤“是”已成功结束
2015-09-08 14:42:54,608 [7] INFO  - 步骤“填写Result”已成功结束
2015-09-08 14:42:54,609 [7] INFO  - 步骤“迭代 4”已成功结束
2015-09-08 14:42:54,610 [7] INFO  - 步骤“迭代 5”: 步骤“迭代 5”已启动
2015-09-08 14:42:54,611 [7] INFO  - 步骤“查询tb_getCard_verification表中字段信息”: 步骤“查询tb_getCard_verification表中字段信息”已启动
2015-09-08 14:42:54,614 [7] ERROR - Checkpoint 5: "305bbc2b43542b3d0203daffe9073c3cba5b47d9" = "61f048fc016c13ea5cdfa6416c6e6ef9532716b8" 失败
2015-09-08 14:42:54,615 [7] INFO  - 步骤“查询tb_getCard_verification表中字段信息”已成功结束
2015-09-08 14:42:54,617 [7] INFO  - 步骤“将本地表的xsid更新”: 步骤“将本地表的xsid更新”已启动
2015-09-08 14:42:54,619 [7] INFO  - 步骤“将本地表的xsid更新”: 输入参数“源字符串”，值:“123.abc”
2015-09-08 14:42:54,620 [7] INFO  - 步骤“将本地表的xsid更新”: 输入参数“搜索字符串 1”，值:“'x_1f1a0e62u0t5j480c916h26642tc3didb95f5an861da049516m0y7pd5aiu00'”
2015-09-08 14:42:54,621 [7] INFO  - 步骤“将本地表的xsid更新”: 输入参数“替换字符串 1”，值:“'x_0a1aq7ja8cbc73q2g6e8d1g1831538w4w4r5a6i8u30d0b0e60g3s938cc1k60'”
2015-09-08 14:42:54,621 [7] INFO  - 步骤“将本地表的xsid更新”: 输出参数“结果”，值:“123.abc”
2015-09-08 14:42:54,622 [7] INFO  - 步骤“将本地表的xsid更新”已成功结束
2015-09-08 14:42:54,622 [7] INFO  - 步骤“将需要加密的数据赋值到全局表EncryptionStr字段中”: 步骤“将需要加密的数据赋值到全局表EncryptionStr字段中”已启动
2015-09-08 14:42:54,632 [7] INFO  - 步骤“将需要加密的数据赋值到全局表EncryptionStr字段中”已成功结束
2015-09-08 14:42:54,633 [7] INFO  - 步骤“Encryption.SHA1”: 步骤“Encryption.SHA1”已启动
2015-09-08 14:42:58,389 [7] INFO  - 步骤“Encryption.SHA1”已成功结束
2015-09-08 14:42:58,392 [7] INFO  - 步骤“查询出加密后的token信息”: 步骤“查询出加密后的token信息”已启动
2015-09-08 14:42:58,396 [7] INFO  - 步骤“查询出加密后的token信息”已成功结束
2015-09-08 14:42:58,397 [7] INFO  - 步骤“将token更新至最新值”: 步骤“将token更新至最新值”已启动
2015-09-08 14:42:58,399 [7] INFO  - 步骤“将token更新至最新值”: 输入参数“源字符串”，值:“305bbc2b43542b3d0203daffe9073c3cba5b47d9”
2015-09-08 14:42:58,401 [7] INFO  - 步骤“将token更新至最新值”: 输入参数“搜索字符串 1”，值:“'305bbc2b43542b3d0203daffe9073c3cba5b47d9'”
2015-09-08 14:42:58,405 [7] INFO  - 步骤“将token更新至最新值”: 输入参数“替换字符串 1”，值:“'305bbc2b43542b3d0203daffe9073c3cba5b47d9'”
2015-09-08 14:42:58,407 [7] INFO  - 步骤“将token更新至最新值”: 输出参数“结果”，值:“305bbc2b43542b3d0203daffe9073c3cba5b47d9”
2015-09-08 14:42:58,409 [7] INFO  - 步骤“将token更新至最新值”已成功结束
2015-09-08 14:42:58,409 [7] INFO  - 步骤“调用/iq/getCard.php”: 步骤“调用/iq/getCard.php”已启动
2015-09-08 14:42:58,411 [7] INFO  - 步骤“调用/iq/getCard.php”: 提取 HTTP URL: 'http://yace-iq.365ime.com/iq/getCard.php'
2015-09-08 14:42:58,465 [7] INFO  - 步骤“调用/iq/getCard.php”: 服务器返回了状态代码: 200
2015-09-08 14:42:58,465 [7] INFO  - 步骤“调用/iq/getCard.php”: HTTP 原始请求:
2015-09-08 14:42:58,466 [7] INFO  - 步骤“调用/iq/getCard.php”: POST http://yace-iq.365ime.com/iq/getCard.php 1.1
Content-Type: application/x-www-form-urlencoded
Host: yace-iq.365ime.com
Content-Length: 85
Expect: 100-continue
xsid=123.abc&toJid=77401169@365ime.com&token=305bbc2b43542b3d0203daffe9073c3cba5b47d9

2015-09-08 14:42:58,474 [7] INFO  - 步骤“调用/iq/getCard.php”: HTTP 原始响应:
2015-09-08 14:42:58,475 [7] INFO  - 步骤“调用/iq/getCard.php”: HTTP/1.1 200 OK
Transfer-Encoding: chunked
Content-Type: application/json;charset=UTF-8
Date: Tue, 08 Sep 2015 06:43:26 GMT
Server: Apache-Coyote/1.1
{"message":"","data":{"phone":"","status":"1","pid":"77246885","userRole":"s2","orgName":"刘丽","version":"1431138618","orgId":"622195","category":"0","email":"","thumbUrl":"http://download.ac-bj-oss.365ime.com/storage/2015-08-05/d83cb81c8ab1c78b12ed4475b56cba53e5a7f007","gender":"1","jid":"77401169@365ime.com","userDescription":"test","photoUrl":"http://download.ac-bj-oss.365ime.com/storage/2015-08-05/c05dfb5505a9e142874eba2cebeeb41b41cd4009","fn":"张坤老师"},"errorCode":"0"}
2015-09-08 14:42:58,477 [7] INFO  - 步骤“调用/iq/getCard.php”已成功结束
2015-09-08 14:42:58,479 [7] INFO  - 步骤“获取返回值转换为JSON”: 步骤“获取返回值转换为JSON”已启动
2015-09-08 14:42:58,483 [7] INFO  - 步骤“获取返回值转换为JSON”已成功结束
2015-09-08 14:42:58,485 [7] INFO  - 步骤“将获取到的JSON插入到sql中”: 步骤“将获取到的JSON插入到sql中”已启动
2015-09-08 14:42:58,490 [7] INFO  - 步骤“将获取到的JSON插入到sql中”已成功结束
2015-09-08 14:42:58,490 [7] INFO  - 步骤“将errorcode更新到sql中”: 步骤“将errorcode更新到sql中”已启动
2015-09-08 14:42:58,494 [7] INFO  - 步骤“将errorcode更新到sql中”已成功结束
2015-09-08 14:42:58,495 [7] INFO  - 步骤“获取当前Case的实际值”: 步骤“获取当前Case的实际值”已启动
2015-09-08 14:42:58,497 [7] INFO  - 步骤“获取当前Case的实际值”已成功结束
2015-09-08 14:42:58,498 [7] INFO  - 步骤“获取当前Case的期待值”: 步骤“获取当前Case的期待值”已启动
2015-09-08 14:42:58,501 [7] INFO  - 步骤“获取当前Case的期待值”已成功结束
2015-09-08 14:42:58,502 [7] INFO  - 步骤“填写Result”: 步骤“填写Result”已启动
2015-09-08 14:42:58,504 [7] INFO  - 步骤“IfElse64”: 计算方式: 使用条件
2015-09-08 14:42:58,504 [7] INFO  - 步骤“是”: 步骤“是”已启动
2015-09-08 14:42:58,505 [7] INFO  - 步骤“在Result字段插入True”: 步骤“在Result字段插入True”已启动
2015-09-08 14:42:58,508 [7] INFO  - 步骤“在Result字段插入True”已成功结束
2015-09-08 14:42:58,509 [7] INFO  - 步骤“是”已成功结束
2015-09-08 14:42:58,510 [7] INFO  - 步骤“填写Result”已成功结束
2015-09-08 14:42:58,511 [7] INFO  - 步骤“迭代 5”已成功结束
2015-09-08 14:42:58,513 [7] INFO  - 步骤“迭代 6”: 步骤“迭代 6”已启动
2015-09-08 14:42:58,514 [7] INFO  - 步骤“查询tb_getCard_verification表中字段信息”: 步骤“查询tb_getCard_verification表中字段信息”已启动
2015-09-08 14:42:58,516 [7] ERROR - Checkpoint 5: "305bbc2b43542b3d0203daffe9073c3cba5b47d9" = "61f048fc016c13ea5cdfa6416c6e6ef9532716b8" 失败
2015-09-08 14:42:58,518 [7] INFO  - 步骤“查询tb_getCard_verification表中字段信息”已成功结束
2015-09-08 14:42:58,519 [7] INFO  - 步骤“将本地表的xsid更新”: 步骤“将本地表的xsid更新”已启动
2015-09-08 14:42:58,521 [7] INFO  - 步骤“将本地表的xsid更新”: 输入参数“源字符串”，值:“x_1f1a0e62u0t5j480c916h26642tc3didb95f5an861da049516m0y7pd5aiu00”
2015-09-08 14:42:58,522 [7] INFO  - 步骤“将本地表的xsid更新”: 输入参数“搜索字符串 1”，值:“'x_1f1a0e62u0t5j480c916h26642tc3didb95f5an861da049516m0y7pd5aiu00'”
2015-09-08 14:42:58,522 [7] INFO  - 步骤“将本地表的xsid更新”: 输入参数“替换字符串 1”，值:“'x_0a1aq7ja8cbc73q2g6e8d1g1831538w4w4r5a6i8u30d0b0e60g3s938cc1k60'”
2015-09-08 14:42:58,523 [7] INFO  - 步骤“将本地表的xsid更新”: 输出参数“结果”，值:“x_0a1aq7ja8cbc73q2g6e8d1g1831538w4w4r5a6i8u30d0b0e60g3s938cc1k60”
2015-09-08 14:42:58,524 [7] INFO  - 步骤“将本地表的xsid更新”已成功结束
2015-09-08 14:42:58,524 [7] INFO  - 步骤“将需要加密的数据赋值到全局表EncryptionStr字段中”: 步骤“将需要加密的数据赋值到全局表EncryptionStr字段中”已启动
2015-09-08 14:42:58,527 [7] INFO  - 步骤“将需要加密的数据赋值到全局表EncryptionStr字段中”已成功结束
2015-09-08 14:42:58,528 [7] INFO  - 步骤“Encryption.SHA1”: 步骤“Encryption.SHA1”已启动
2015-09-08 14:43:02,327 [7] INFO  - 步骤“Encryption.SHA1”已成功结束
2015-09-08 14:43:02,329 [7] INFO  - 步骤“查询出加密后的token信息”: 步骤“查询出加密后的token信息”已启动
2015-09-08 14:43:02,335 [7] INFO  - 步骤“查询出加密后的token信息”已成功结束
2015-09-08 14:43:02,337 [7] INFO  - 步骤“将token更新至最新值”: 步骤“将token更新至最新值”已启动
2015-09-08 14:43:02,340 [7] INFO  - 步骤“将token更新至最新值”: 输入参数“源字符串”，值:“305bbc2b43542b3d0203daffe9073c3cba5b47d9”
2015-09-08 14:43:02,342 [7] INFO  - 步骤“将token更新至最新值”: 输入参数“搜索字符串 1”，值:“'305bbc2b43542b3d0203daffe9073c3cba5b47d9'”
2015-09-08 14:43:02,343 [7] INFO  - 步骤“将token更新至最新值”: 输入参数“替换字符串 1”，值:“'cf07366a64cdcd38e711c796e5d40fc30b42064f'”
2015-09-08 14:43:02,345 [7] INFO  - 步骤“将token更新至最新值”: 输出参数“结果”，值:“cf07366a64cdcd38e711c796e5d40fc30b42064f”
2015-09-08 14:43:02,347 [7] INFO  - 步骤“将token更新至最新值”已成功结束
2015-09-08 14:43:02,348 [7] INFO  - 步骤“调用/iq/getCard.php”: 步骤“调用/iq/getCard.php”已启动
2015-09-08 14:43:02,349 [7] INFO  - 步骤“调用/iq/getCard.php”: 提取 HTTP URL: 'http://yace-iq.365ime.com/iq/getCard.php'
2015-09-08 14:43:02,398 [7] INFO  - 步骤“调用/iq/getCard.php”: 服务器返回了状态代码: 200
2015-09-08 14:43:02,399 [7] INFO  - 步骤“调用/iq/getCard.php”: HTTP 原始请求:
2015-09-08 14:43:02,399 [7] INFO  - 步骤“调用/iq/getCard.php”: POST http://yace-iq.365ime.com/iq/getCard.php 1.1
Content-Type: application/x-www-form-urlencoded
Host: yace-iq.365ime.com
Content-Length: 142
Expect: 100-continue
xsid=x_0a1aq7ja8cbc73q2g6e8d1g1831538w4w4r5a6i8u30d0b0e60g3s938cc1k60&toJid=77401170@365ime.com&token=cf07366a64cdcd38e711c796e5d40fc30b42064f

2015-09-08 14:43:02,400 [7] INFO  - 步骤“调用/iq/getCard.php”: HTTP 原始响应:
2015-09-08 14:43:02,404 [7] INFO  - 步骤“调用/iq/getCard.php”: HTTP/1.1 200 OK
Transfer-Encoding: chunked
Content-Type: application/json;charset=UTF-8
Date: Tue, 08 Sep 2015 06:43:30 GMT
Server: Apache-Coyote/1.1
{"message":"","data":{"phone":"","status":"1","pid":"77246891","userRole":"s2","orgName":"刘丽","version":"1431138618","orgId":"622195","category":"0","email":"","thumbUrl":"http://download.ac-qd-oss.365ime.com/static/ic_64.png","gender":"0","jid":"77401170@365ime.com","userDescription":"","photoUrl":"http://download.ac-qd-oss.365ime.com/static/ic_256.png","fn":"张坤老师2"},"errorCode":"0"}
2015-09-08 14:43:02,408 [7] INFO  - 步骤“调用/iq/getCard.php”已成功结束
2015-09-08 14:43:02,410 [7] INFO  - 步骤“获取返回值转换为JSON”: 步骤“获取返回值转换为JSON”已启动
2015-09-08 14:43:02,412 [7] INFO  - 步骤“获取返回值转换为JSON”已成功结束
2015-09-08 14:43:02,413 [7] INFO  - 步骤“将获取到的JSON插入到sql中”: 步骤“将获取到的JSON插入到sql中”已启动
2015-09-08 14:43:02,433 [7] INFO  - 步骤“将获取到的JSON插入到sql中”已成功结束
2015-09-08 14:43:02,433 [7] INFO  - 步骤“将errorcode更新到sql中”: 步骤“将errorcode更新到sql中”已启动
2015-09-08 14:43:02,438 [7] INFO  - 步骤“将errorcode更新到sql中”已成功结束
2015-09-08 14:43:02,439 [7] INFO  - 步骤“获取当前Case的实际值”: 步骤“获取当前Case的实际值”已启动
2015-09-08 14:43:02,442 [7] INFO  - 步骤“获取当前Case的实际值”已成功结束
2015-09-08 14:43:02,442 [7] INFO  - 步骤“获取当前Case的期待值”: 步骤“获取当前Case的期待值”已启动
2015-09-08 14:43:02,445 [7] INFO  - 步骤“获取当前Case的期待值”已成功结束
2015-09-08 14:43:02,445 [7] INFO  - 步骤“填写Result”: 步骤“填写Result”已启动
2015-09-08 14:43:02,446 [7] INFO  - 步骤“IfElse64”: 计算方式: 使用条件
2015-09-08 14:43:02,447 [7] INFO  - 步骤“是”: 步骤“是”已启动
2015-09-08 14:43:02,448 [7] INFO  - 步骤“在Result字段插入True”: 步骤“在Result字段插入True”已启动
2015-09-08 14:43:02,450 [7] INFO  - 步骤“在Result字段插入True”已成功结束
2015-09-08 14:43:02,453 [7] INFO  - 步骤“是”已成功结束
2015-09-08 14:43:02,456 [7] INFO  - 步骤“填写Result”已成功结束
2015-09-08 14:43:02,457 [7] INFO  - 步骤“迭代 6”已成功结束
2015-09-08 14:43:02,459 [7] INFO  - 步骤“迭代 7”: 步骤“迭代 7”已启动
2015-09-08 14:43:02,459 [7] INFO  - 步骤“查询tb_getCard_verification表中字段信息”: 步骤“查询tb_getCard_verification表中字段信息”已启动
2015-09-08 14:43:02,462 [7] ERROR - Checkpoint 5: "305bbc2b43542b3d0203daffe9073c3cba5b47d9" = "61f048fc016c13ea5cdfa6416c6e6ef9532716b8" 失败
2015-09-08 14:43:02,463 [7] INFO  - 步骤“查询tb_getCard_verification表中字段信息”已成功结束
2015-09-08 14:43:02,464 [7] INFO  - 步骤“将本地表的xsid更新”: 步骤“将本地表的xsid更新”已启动
2015-09-08 14:43:02,465 [7] INFO  - 步骤“将本地表的xsid更新”: 输入参数“源字符串”，值:“x_1f1a0e62u0t5j480c916h26642tc3didb95f5an861da049516m0y7pd5aiu00”
2015-09-08 14:43:02,466 [7] INFO  - 步骤“将本地表的xsid更新”: 输入参数“搜索字符串 1”，值:“'x_1f1a0e62u0t5j480c916h26642tc3didb95f5an861da049516m0y7pd5aiu00'”
2015-09-08 14:43:02,466 [7] INFO  - 步骤“将本地表的xsid更新”: 输入参数“替换字符串 1”，值:“'x_0a1aq7ja8cbc73q2g6e8d1g1831538w4w4r5a6i8u30d0b0e60g3s938cc1k60'”
2015-09-08 14:43:02,467 [7] INFO  - 步骤“将本地表的xsid更新”: 输出参数“结果”，值:“x_0a1aq7ja8cbc73q2g6e8d1g1831538w4w4r5a6i8u30d0b0e60g3s938cc1k60”
2015-09-08 14:43:02,468 [7] INFO  - 步骤“将本地表的xsid更新”已成功结束
2015-09-08 14:43:02,469 [7] INFO  - 步骤“将需要加密的数据赋值到全局表EncryptionStr字段中”: 步骤“将需要加密的数据赋值到全局表EncryptionStr字段中”已启动
2015-09-08 14:43:02,474 [7] INFO  - 步骤“将需要加密的数据赋值到全局表EncryptionStr字段中”已成功结束
2015-09-08 14:43:02,474 [7] INFO  - 步骤“Encryption.SHA1”: 步骤“Encryption.SHA1”已启动
2015-09-08 14:43:06,300 [7] INFO  - 步骤“Encryption.SHA1”已成功结束
2015-09-08 14:43:06,301 [7] INFO  - 步骤“查询出加密后的token信息”: 步骤“查询出加密后的token信息”已启动
2015-09-08 14:43:06,306 [7] INFO  - 步骤“查询出加密后的token信息”已成功结束
2015-09-08 14:43:06,307 [7] INFO  - 步骤“将token更新至最新值”: 步骤“将token更新至最新值”已启动
2015-09-08 14:43:06,309 [7] INFO  - 步骤“将token更新至最新值”: 输入参数“源字符串”，值:“305bbc2b43542b3d0203daffe9073c3cba5b47d9”
2015-09-08 14:43:06,309 [7] INFO  - 步骤“将token更新至最新值”: 输入参数“搜索字符串 1”，值:“'305bbc2b43542b3d0203daffe9073c3cba5b47d9'”
2015-09-08 14:43:06,310 [7] INFO  - 步骤“将token更新至最新值”: 输入参数“替换字符串 1”，值:“'4264493e03b433d30e0376f364a3102169490d77'”
2015-09-08 14:43:06,310 [7] INFO  - 步骤“将token更新至最新值”: 输出参数“结果”，值:“4264493e03b433d30e0376f364a3102169490d77”
2015-09-08 14:43:06,313 [7] INFO  - 步骤“将token更新至最新值”已成功结束
2015-09-08 14:43:06,314 [7] INFO  - 步骤“调用/iq/getCard.php”: 步骤“调用/iq/getCard.php”已启动
2015-09-08 14:43:06,315 [7] INFO  - 步骤“调用/iq/getCard.php”: 提取 HTTP URL: 'http://yace-iq.365ime.com/iq/getCard.php'
2015-09-08 14:43:06,361 [7] INFO  - 步骤“调用/iq/getCard.php”: 服务器返回了状态代码: 200
2015-09-08 14:43:06,362 [7] INFO  - 步骤“调用/iq/getCard.php”: HTTP 原始请求:
2015-09-08 14:43:06,362 [7] INFO  - 步骤“调用/iq/getCard.php”: POST http://yace-iq.365ime.com/iq/getCard.php 1.1
Content-Type: application/x-www-form-urlencoded
Host: yace-iq.365ime.com
Content-Length: 131
Expect: 100-continue
xsid=x_0a1aq7ja8cbc73q2g6e8d1g1831538w4w4r5a6i8u30d0b0e60g3s938cc1k60&toJid=77401169&token=4264493e03b433d30e0376f364a3102169490d77

2015-09-08 14:43:06,363 [7] INFO  - 步骤“调用/iq/getCard.php”: HTTP 原始响应:
2015-09-08 14:43:06,363 [7] INFO  - 步骤“调用/iq/getCard.php”: HTTP/1.1 200 OK
Transfer-Encoding: chunked
Content-Type: application/json;charset=UTF-8
Date: Tue, 08 Sep 2015 06:43:34 GMT
Server: Apache-Coyote/1.1
{"message":"user not exist!","data":{},"errorCode":"1"}
2015-09-08 14:43:06,365 [7] INFO  - 步骤“调用/iq/getCard.php”已成功结束
2015-09-08 14:43:06,365 [7] INFO  - 步骤“获取返回值转换为JSON”: 步骤“获取返回值转换为JSON”已启动
2015-09-08 14:43:06,367 [7] INFO  - 步骤“获取返回值转换为JSON”已成功结束
2015-09-08 14:43:06,368 [7] INFO  - 步骤“将获取到的JSON插入到sql中”: 步骤“将获取到的JSON插入到sql中”已启动
2015-09-08 14:43:06,373 [7] INFO  - 步骤“将获取到的JSON插入到sql中”已成功结束
2015-09-08 14:43:06,374 [7] INFO  - 步骤“将errorcode更新到sql中”: 步骤“将errorcode更新到sql中”已启动
2015-09-08 14:43:06,377 [7] INFO  - 步骤“将errorcode更新到sql中”已成功结束
2015-09-08 14:43:06,378 [7] INFO  - 步骤“获取当前Case的实际值”: 步骤“获取当前Case的实际值”已启动
2015-09-08 14:43:06,381 [7] INFO  - 步骤“获取当前Case的实际值”已成功结束
2015-09-08 14:43:06,382 [7] INFO  - 步骤“获取当前Case的期待值”: 步骤“获取当前Case的期待值”已启动
2015-09-08 14:43:06,385 [7] INFO  - 步骤“获取当前Case的期待值”已成功结束
2015-09-08 14:43:06,386 [7] INFO  - 步骤“填写Result”: 步骤“填写Result”已启动
2015-09-08 14:43:06,388 [7] INFO  - 步骤“IfElse64”: 计算方式: 使用条件
2015-09-08 14:43:06,389 [7] INFO  - 步骤“是”: 步骤“是”已启动
2015-09-08 14:43:06,390 [7] INFO  - 步骤“在Result字段插入True”: 步骤“在Result字段插入True”已启动
2015-09-08 14:43:06,404 [7] INFO  - 步骤“在Result字段插入True”已成功结束
2015-09-08 14:43:06,406 [7] INFO  - 步骤“是”已成功结束
2015-09-08 14:43:06,407 [7] INFO  - 步骤“填写Result”已成功结束
2015-09-08 14:43:06,408 [7] INFO  - 步骤“迭代 7”已成功结束
2015-09-08 14:43:06,410 [7] INFO  - 步骤“迭代 8”: 步骤“迭代 8”已启动
2015-09-08 14:43:06,411 [7] INFO  - 步骤“查询tb_getCard_verification表中字段信息”: 步骤“查询tb_getCard_verification表中字段信息”已启动
2015-09-08 14:43:06,414 [7] ERROR - Checkpoint 5: "305bbc2b43542b3d0203daffe9073c3cba5b47d9" = "61f048fc016c13ea5cdfa6416c6e6ef9532716b8" 失败
2015-09-08 14:43:06,415 [7] INFO  - 步骤“查询tb_getCard_verification表中字段信息”已成功结束
2015-09-08 14:43:06,416 [7] INFO  - 步骤“将本地表的xsid更新”: 步骤“将本地表的xsid更新”已启动
2015-09-08 14:43:06,418 [7] INFO  - 步骤“将本地表的xsid更新”: 输入参数“源字符串”，值:“x_1f1a0e62u0t5j480c916h26642tc3didb95f5an861da049516m0y7pd5aiu00”
2015-09-08 14:43:06,419 [7] INFO  - 步骤“将本地表的xsid更新”: 输入参数“搜索字符串 1”，值:“'x_1f1a0e62u0t5j480c916h26642tc3didb95f5an861da049516m0y7pd5aiu00'”
2015-09-08 14:43:06,420 [7] INFO  - 步骤“将本地表的xsid更新”: 输入参数“替换字符串 1”，值:“'x_0a1aq7ja8cbc73q2g6e8d1g1831538w4w4r5a6i8u30d0b0e60g3s938cc1k60'”
2015-09-08 14:43:06,421 [7] INFO  - 步骤“将本地表的xsid更新”: 输出参数“结果”，值:“x_0a1aq7ja8cbc73q2g6e8d1g1831538w4w4r5a6i8u30d0b0e60g3s938cc1k60”
2015-09-08 14:43:06,422 [7] INFO  - 步骤“将本地表的xsid更新”已成功结束
2015-09-08 14:43:06,423 [7] INFO  - 步骤“将需要加密的数据赋值到全局表EncryptionStr字段中”: 步骤“将需要加密的数据赋值到全局表EncryptionStr字段中”已启动
2015-09-08 14:43:06,427 [7] INFO  - 步骤“将需要加密的数据赋值到全局表EncryptionStr字段中”已成功结束
2015-09-08 14:43:06,428 [7] INFO  - 步骤“Encryption.SHA1”: 步骤“Encryption.SHA1”已启动
2015-09-08 14:43:10,162 [7] INFO  - 步骤“Encryption.SHA1”已成功结束
2015-09-08 14:43:10,164 [7] INFO  - 步骤“查询出加密后的token信息”: 步骤“查询出加密后的token信息”已启动
2015-09-08 14:43:10,170 [7] INFO  - 步骤“查询出加密后的token信息”已成功结束
2015-09-08 14:43:10,172 [7] INFO  - 步骤“将token更新至最新值”: 步骤“将token更新至最新值”已启动
2015-09-08 14:43:10,178 [7] INFO  - 步骤“将token更新至最新值”: 输入参数“源字符串”，值:“305bbc2b43542b3d0203daffe9073c3cba5b47d9”
2015-09-08 14:43:10,182 [7] INFO  - 步骤“将token更新至最新值”: 输入参数“搜索字符串 1”，值:“'305bbc2b43542b3d0203daffe9073c3cba5b47d9'”
2015-09-08 14:43:10,183 [7] INFO  - 步骤“将token更新至最新值”: 输入参数“替换字符串 1”，值:“'f100f6d2e10d8629506b9ed43735d9cb444b0817'”
2015-09-08 14:43:10,184 [7] INFO  - 步骤“将token更新至最新值”: 输出参数“结果”，值:“f100f6d2e10d8629506b9ed43735d9cb444b0817”
2015-09-08 14:43:10,185 [7] INFO  - 步骤“将token更新至最新值”已成功结束
2015-09-08 14:43:10,186 [7] INFO  - 步骤“调用/iq/getCard.php”: 步骤“调用/iq/getCard.php”已启动
2015-09-08 14:43:10,187 [7] INFO  - 步骤“调用/iq/getCard.php”: 提取 HTTP URL: 'http://yace-iq.365ime.com/iq/getCard.php'
2015-09-08 14:43:10,237 [7] INFO  - 步骤“调用/iq/getCard.php”: 服务器返回了状态代码: 200
2015-09-08 14:43:10,238 [7] INFO  - 步骤“调用/iq/getCard.php”: HTTP 原始请求:
2015-09-08 14:43:10,240 [7] INFO  - 步骤“调用/iq/getCard.php”: POST http://yace-iq.365ime.com/iq/getCard.php 1.1
Content-Type: application/x-www-form-urlencoded
Host: yace-iq.365ime.com
Content-Length: 134
Expect: 100-continue
xsid=x_0a1aq7ja8cbc73q2g6e8d1g1831538w4w4r5a6i8u30d0b0e60g3s938cc1k60&toJid=@365ime.com&token=f100f6d2e10d8629506b9ed43735d9cb444b0817

2015-09-08 14:43:10,243 [7] INFO  - 步骤“调用/iq/getCard.php”: HTTP 原始响应:
2015-09-08 14:43:10,244 [7] INFO  - 步骤“调用/iq/getCard.php”: HTTP/1.1 200 OK
Transfer-Encoding: chunked
Content-Type: application/json;charset=UTF-8
Date: Tue, 08 Sep 2015 06:43:38 GMT
Server: Apache-Coyote/1.1
{"message":"user not exist!","data":{},"errorCode":"1"}
2015-09-08 14:43:10,247 [7] INFO  - 步骤“调用/iq/getCard.php”已成功结束
2015-09-08 14:43:10,248 [7] INFO  - 步骤“获取返回值转换为JSON”: 步骤“获取返回值转换为JSON”已启动
2015-09-08 14:43:10,250 [7] INFO  - 步骤“获取返回值转换为JSON”已成功结束
2015-09-08 14:43:10,250 [7] INFO  - 步骤“将获取到的JSON插入到sql中”: 步骤“将获取到的JSON插入到sql中”已启动
2015-09-08 14:43:10,255 [7] INFO  - 步骤“将获取到的JSON插入到sql中”已成功结束
2015-09-08 14:43:10,257 [7] INFO  - 步骤“将errorcode更新到sql中”: 步骤“将errorcode更新到sql中”已启动
2015-09-08 14:43:10,263 [7] INFO  - 步骤“将errorcode更新到sql中”已成功结束
2015-09-08 14:43:10,264 [7] INFO  - 步骤“获取当前Case的实际值”: 步骤“获取当前Case的实际值”已启动
2015-09-08 14:43:10,267 [7] INFO  - 步骤“获取当前Case的实际值”已成功结束
2015-09-08 14:43:10,268 [7] INFO  - 步骤“获取当前Case的期待值”: 步骤“获取当前Case的期待值”已启动
2015-09-08 14:43:10,272 [7] INFO  - 步骤“获取当前Case的期待值”已成功结束
2015-09-08 14:43:10,273 [7] INFO  - 步骤“填写Result”: 步骤“填写Result”已启动
2015-09-08 14:43:10,275 [7] INFO  - 步骤“IfElse64”: 计算方式: 使用条件
2015-09-08 14:43:10,276 [7] INFO  - 步骤“是”: 步骤“是”已启动
2015-09-08 14:43:10,277 [7] INFO  - 步骤“在Result字段插入True”: 步骤“在Result字段插入True”已启动
2015-09-08 14:43:10,280 [7] INFO  - 步骤“在Result字段插入True”已成功结束
2015-09-08 14:43:10,281 [7] INFO  - 步骤“是”已成功结束
2015-09-08 14:43:10,282 [7] INFO  - 步骤“填写Result”已成功结束
2015-09-08 14:43:10,283 [7] INFO  - 步骤“迭代 8”已成功结束
2015-09-08 14:43:10,285 [7] INFO  - 步骤“迭代 9”: 步骤“迭代 9”已启动
2015-09-08 14:43:10,286 [7] INFO  - 步骤“查询tb_getCard_verification表中字段信息”: 步骤“查询tb_getCard_verification表中字段信息”已启动
2015-09-08 14:43:10,289 [7] ERROR - Checkpoint 5: "305bbc2b43542b3d0203daffe9073c3cba5b47d9" = "61f048fc016c13ea5cdfa6416c6e6ef9532716b8" 失败
2015-09-08 14:43:10,291 [7] INFO  - 步骤“查询tb_getCard_verification表中字段信息”已成功结束
2015-09-08 14:43:10,292 [7] INFO  - 步骤“将本地表的xsid更新”: 步骤“将本地表的xsid更新”已启动
2015-09-08 14:43:10,293 [7] INFO  - 步骤“将本地表的xsid更新”: 输入参数“源字符串”，值:“x_1f1a0e62u0t5j480c916h26642tc3didb95f5an861da049516m0y7pd5aiu00”
2015-09-08 14:43:10,294 [7] INFO  - 步骤“将本地表的xsid更新”: 输入参数“搜索字符串 1”，值:“'x_1f1a0e62u0t5j480c916h26642tc3didb95f5an861da049516m0y7pd5aiu00'”
2015-09-08 14:43:10,294 [7] INFO  - 步骤“将本地表的xsid更新”: 输入参数“替换字符串 1”，值:“'x_0a1aq7ja8cbc73q2g6e8d1g1831538w4w4r5a6i8u30d0b0e60g3s938cc1k60'”
2015-09-08 14:43:10,295 [7] INFO  - 步骤“将本地表的xsid更新”: 输出参数“结果”，值:“x_0a1aq7ja8cbc73q2g6e8d1g1831538w4w4r5a6i8u30d0b0e60g3s938cc1k60”
2015-09-08 14:43:10,296 [7] INFO  - 步骤“将本地表的xsid更新”已成功结束
2015-09-08 14:43:10,296 [7] INFO  - 步骤“将需要加密的数据赋值到全局表EncryptionStr字段中”: 步骤“将需要加密的数据赋值到全局表EncryptionStr字段中”已启动
2015-09-08 14:43:10,299 [7] INFO  - 步骤“将需要加密的数据赋值到全局表EncryptionStr字段中”已成功结束
2015-09-08 14:43:10,300 [7] INFO  - 步骤“Encryption.SHA1”: 步骤“Encryption.SHA1”已启动
2015-09-08 14:43:14,058 [7] INFO  - 步骤“Encryption.SHA1”已成功结束
2015-09-08 14:43:14,060 [7] INFO  - 步骤“查询出加密后的token信息”: 步骤“查询出加密后的token信息”已启动
2015-09-08 14:43:14,064 [7] INFO  - 步骤“查询出加密后的token信息”已成功结束
2015-09-08 14:43:14,065 [7] INFO  - 步骤“将token更新至最新值”: 步骤“将token更新至最新值”已启动
2015-09-08 14:43:14,066 [7] INFO  - 步骤“将token更新至最新值”: 输入参数“源字符串”，值:“305bbc2b43542b3d0203daffe9073c3cba5b47d9”
2015-09-08 14:43:14,067 [7] INFO  - 步骤“将token更新至最新值”: 输入参数“搜索字符串 1”，值:“'305bbc2b43542b3d0203daffe9073c3cba5b47d9'”
2015-09-08 14:43:14,068 [7] INFO  - 步骤“将token更新至最新值”: 输入参数“替换字符串 1”，值:“'bf2b4c830ff1aadd2d6527b645eabb0e41adbce0'”
2015-09-08 14:43:14,068 [7] INFO  - 步骤“将token更新至最新值”: 输出参数“结果”，值:“bf2b4c830ff1aadd2d6527b645eabb0e41adbce0”
2015-09-08 14:43:14,069 [7] INFO  - 步骤“将token更新至最新值”已成功结束
2015-09-08 14:43:14,070 [7] INFO  - 步骤“调用/iq/getCard.php”: 步骤“调用/iq/getCard.php”已启动
2015-09-08 14:43:14,074 [7] INFO  - 步骤“调用/iq/getCard.php”: 提取 HTTP URL: 'http://yace-iq.365ime.com/iq/getCard.php'
2015-09-08 14:43:14,115 [7] INFO  - 步骤“调用/iq/getCard.php”: 服务器返回了状态代码: 200
2015-09-08 14:43:14,116 [7] INFO  - 步骤“调用/iq/getCard.php”: HTTP 原始请求:
2015-09-08 14:43:14,116 [7] INFO  - 步骤“调用/iq/getCard.php”: POST http://yace-iq.365ime.com/iq/getCard.php 1.1
Content-Type: application/x-www-form-urlencoded
Host: yace-iq.365ime.com
Content-Length: 130
Expect: 100-continue
xsid=x_0a1aq7ja8cbc73q2g6e8d1g1831538w4w4r5a6i8u30d0b0e60g3s938cc1k60&toJid=!@#$%^&&token=bf2b4c830ff1aadd2d6527b645eabb0e41adbce0

2015-09-08 14:43:14,118 [7] INFO  - 步骤“调用/iq/getCard.php”: HTTP 原始响应:
2015-09-08 14:43:14,119 [7] INFO  - 步骤“调用/iq/getCard.php”: HTTP/1.1 200 OK
Transfer-Encoding: chunked
Content-Type: application/json;charset=UTF-8
Date: Tue, 08 Sep 2015 06:43:42 GMT
Server: Apache-Coyote/1.1
{"message":"Parameter is error !","data":{},"errorCode":"2"}
2015-09-08 14:43:14,123 [7] INFO  - 步骤“调用/iq/getCard.php”已成功结束
2015-09-08 14:43:14,126 [7] INFO  - 步骤“获取返回值转换为JSON”: 步骤“获取返回值转换为JSON”已启动
2015-09-08 14:43:14,131 [7] INFO  - 步骤“获取返回值转换为JSON”已成功结束
2015-09-08 14:43:14,132 [7] INFO  - 步骤“将获取到的JSON插入到sql中”: 步骤“将获取到的JSON插入到sql中”已启动
2015-09-08 14:43:14,139 [7] INFO  - 步骤“将获取到的JSON插入到sql中”已成功结束
2015-09-08 14:43:14,141 [7] INFO  - 步骤“将errorcode更新到sql中”: 步骤“将errorcode更新到sql中”已启动
2015-09-08 14:43:14,147 [7] INFO  - 步骤“将errorcode更新到sql中”已成功结束
2015-09-08 14:43:14,148 [7] INFO  - 步骤“获取当前Case的实际值”: 步骤“获取当前Case的实际值”已启动
2015-09-08 14:43:14,152 [7] INFO  - 步骤“获取当前Case的实际值”已成功结束
2015-09-08 14:43:14,153 [7] INFO  - 步骤“获取当前Case的期待值”: 步骤“获取当前Case的期待值”已启动
2015-09-08 14:43:14,157 [7] INFO  - 步骤“获取当前Case的期待值”已成功结束
2015-09-08 14:43:14,158 [7] INFO  - 步骤“填写Result”: 步骤“填写Result”已启动
2015-09-08 14:43:14,160 [7] INFO  - 步骤“IfElse64”: 计算方式: 使用条件
2015-09-08 14:43:14,161 [7] INFO  - 步骤“是”: 步骤“是”已启动
2015-09-08 14:43:14,163 [7] INFO  - 步骤“在Result字段插入True”: 步骤“在Result字段插入True”已启动
2015-09-08 14:43:14,167 [7] INFO  - 步骤“在Result字段插入True”已成功结束
2015-09-08 14:43:14,168 [7] INFO  - 步骤“是”已成功结束
2015-09-08 14:43:14,170 [7] INFO  - 步骤“填写Result”已成功结束
2015-09-08 14:43:14,172 [7] INFO  - 步骤“迭代 9”已成功结束
2015-09-08 14:43:14,175 [7] INFO  - 步骤“迭代 10”: 步骤“迭代 10”已启动
2015-09-08 14:43:14,176 [7] INFO  - 步骤“查询tb_getCard_verification表中字段信息”: 步骤“查询tb_getCard_verification表中字段信息”已启动
2015-09-08 14:43:14,179 [7] ERROR - Checkpoint 5: "305bbc2b43542b3d0203daffe9073c3cba5b47d9" = "61f048fc016c13ea5cdfa6416c6e6ef9532716b8" 失败
2015-09-08 14:43:14,182 [7] INFO  - 步骤“查询tb_getCard_verification表中字段信息”已成功结束
2015-09-08 14:43:14,183 [7] INFO  - 步骤“将本地表的xsid更新”: 步骤“将本地表的xsid更新”已启动
2015-09-08 14:43:14,185 [7] INFO  - 步骤“将本地表的xsid更新”: 输入参数“源字符串”，值:“x_1f1a0e62u0t5j480c916h26642tc3didb95f5an861da049516m0y7pd5aiu00”
2015-09-08 14:43:14,186 [7] INFO  - 步骤“将本地表的xsid更新”: 输入参数“搜索字符串 1”，值:“'x_1f1a0e62u0t5j480c916h26642tc3didb95f5an861da049516m0y7pd5aiu00'”
2015-09-08 14:43:14,187 [7] INFO  - 步骤“将本地表的xsid更新”: 输入参数“替换字符串 1”，值:“'x_0a1aq7ja8cbc73q2g6e8d1g1831538w4w4r5a6i8u30d0b0e60g3s938cc1k60'”
2015-09-08 14:43:14,189 [7] INFO  - 步骤“将本地表的xsid更新”: 输出参数“结果”，值:“x_0a1aq7ja8cbc73q2g6e8d1g1831538w4w4r5a6i8u30d0b0e60g3s938cc1k60”
2015-09-08 14:43:14,192 [7] INFO  - 步骤“将本地表的xsid更新”已成功结束
2015-09-08 14:43:14,193 [7] INFO  - 步骤“将需要加密的数据赋值到全局表EncryptionStr字段中”: 步骤“将需要加密的数据赋值到全局表EncryptionStr字段中”已启动
2015-09-08 14:43:14,201 [7] INFO  - 步骤“将需要加密的数据赋值到全局表EncryptionStr字段中”已成功结束
2015-09-08 14:43:14,206 [7] INFO  - 步骤“Encryption.SHA1”: 步骤“Encryption.SHA1”已启动
2015-09-08 14:43:18,330 [7] INFO  - 步骤“Encryption.SHA1”已成功结束
2015-09-08 14:43:18,331 [7] INFO  - 步骤“查询出加密后的token信息”: 步骤“查询出加密后的token信息”已启动
2015-09-08 14:43:18,334 [7] INFO  - 步骤“查询出加密后的token信息”已成功结束
2015-09-08 14:43:18,334 [7] INFO  - 步骤“将token更新至最新值”: 步骤“将token更新至最新值”已启动
2015-09-08 14:43:18,336 [7] INFO  - 步骤“将token更新至最新值”: 输入参数“源字符串”，值:“305bbc2b43542b3d0203daffe9073c3cba5b47d9”
2015-09-08 14:43:18,337 [7] INFO  - 步骤“将token更新至最新值”: 输入参数“搜索字符串 1”，值:“'305bbc2b43542b3d0203daffe9073c3cba5b47d9'”
2015-09-08 14:43:18,337 [7] INFO  - 步骤“将token更新至最新值”: 输入参数“替换字符串 1”，值:“''”
2015-09-08 14:43:18,338 [7] INFO  - 步骤“将token更新至最新值”: 输出参数“结果”，值:“”
2015-09-08 14:43:18,339 [7] INFO  - 步骤“将token更新至最新值”已成功结束
2015-09-08 14:43:18,340 [7] INFO  - 步骤“调用/iq/getCard.php”: 步骤“调用/iq/getCard.php”已启动
2015-09-08 14:43:18,342 [7] INFO  - 步骤“调用/iq/getCard.php”: 提取 HTTP URL: 'http://yace-iq.365ime.com/iq/getCard.php'
2015-09-08 14:43:18,379 [7] INFO  - 步骤“调用/iq/getCard.php”: 服务器返回了状态代码: 200
2015-09-08 14:43:18,379 [7] INFO  - 步骤“调用/iq/getCard.php”: HTTP 原始请求:
2015-09-08 14:43:18,380 [7] INFO  - 步骤“调用/iq/getCard.php”: POST http://yace-iq.365ime.com/iq/getCard.php 1.1
Content-Type: application/x-www-form-urlencoded
Host: yace-iq.365ime.com
Content-Length: 83
Expect: 100-continue
xsid=x_0a1aq7ja8cbc73q2g6e8d1g1831538w4w4r5a6i8u30d0b0e60g3s938cc1k60&toJid=&token=

2015-09-08 14:43:18,380 [7] INFO  - 步骤“调用/iq/getCard.php”: HTTP 原始响应:
2015-09-08 14:43:18,381 [7] INFO  - 步骤“调用/iq/getCard.php”: HTTP/1.1 200 OK
Transfer-Encoding: chunked
Content-Type: application/json;charset=UTF-8
Date: Tue, 08 Sep 2015 06:43:46 GMT
Server: Apache-Coyote/1.1
{"message":"Parameter is error !","data":{},"errorCode":"2"}
2015-09-08 14:43:18,383 [7] INFO  - 步骤“调用/iq/getCard.php”已成功结束
2015-09-08 14:43:18,384 [7] INFO  - 步骤“获取返回值转换为JSON”: 步骤“获取返回值转换为JSON”已启动
2015-09-08 14:43:18,385 [7] INFO  - 步骤“获取返回值转换为JSON”已成功结束
2015-09-08 14:43:18,386 [7] INFO  - 步骤“将获取到的JSON插入到sql中”: 步骤“将获取到的JSON插入到sql中”已启动
2015-09-08 14:43:18,390 [7] INFO  - 步骤“将获取到的JSON插入到sql中”已成功结束
2015-09-08 14:43:18,390 [7] INFO  - 步骤“将errorcode更新到sql中”: 步骤“将errorcode更新到sql中”已启动
2015-09-08 14:43:18,394 [7] INFO  - 步骤“将errorcode更新到sql中”已成功结束
2015-09-08 14:43:18,394 [7] INFO  - 步骤“获取当前Case的实际值”: 步骤“获取当前Case的实际值”已启动
2015-09-08 14:43:18,397 [7] INFO  - 步骤“获取当前Case的实际值”已成功结束
2015-09-08 14:43:18,397 [7] INFO  - 步骤“获取当前Case的期待值”: 步骤“获取当前Case的期待值”已启动
2015-09-08 14:43:18,401 [7] INFO  - 步骤“获取当前Case的期待值”已成功结束
2015-09-08 14:43:18,401 [7] INFO  - 步骤“填写Result”: 步骤“填写Result”已启动
2015-09-08 14:43:18,403 [7] INFO  - 步骤“IfElse64”: 计算方式: 使用条件
2015-09-08 14:43:18,403 [7] INFO  - 步骤“是”: 步骤“是”已启动
2015-09-08 14:43:18,404 [7] INFO  - 步骤“在Result字段插入True”: 步骤“在Result字段插入True”已启动
2015-09-08 14:43:18,407 [7] INFO  - 步骤“在Result字段插入True”已成功结束
2015-09-08 14:43:18,408 [7] INFO  - 步骤“是”已成功结束
2015-09-08 14:43:18,409 [7] INFO  - 步骤“填写Result”已成功结束
2015-09-08 14:43:18,410 [7] INFO  - 步骤“迭代 10”已成功结束
2015-09-08 14:43:18,412 [7] INFO  - 步骤“迭代 11”: 步骤“迭代 11”已启动
2015-09-08 14:43:18,414 [7] INFO  - 步骤“查询tb_getCard_verification表中字段信息”: 步骤“查询tb_getCard_verification表中字段信息”已启动
2015-09-08 14:43:18,416 [7] ERROR - Checkpoint 5: "305bbc2b43542b3d0203daffe9073c3cba5b47d9" = "61f048fc016c13ea5cdfa6416c6e6ef9532716b8" 失败
2015-09-08 14:43:18,417 [7] INFO  - 步骤“查询tb_getCard_verification表中字段信息”已成功结束
2015-09-08 14:43:18,418 [7] INFO  - 步骤“将本地表的xsid更新”: 步骤“将本地表的xsid更新”已启动
2015-09-08 14:43:18,419 [7] INFO  - 步骤“将本地表的xsid更新”: 输入参数“源字符串”，值:“x_1f1a0e62u0t5j480c916h26642tc3didb95f5an861da049516m0y7pd5aiu00”
2015-09-08 14:43:18,420 [7] INFO  - 步骤“将本地表的xsid更新”: 输入参数“搜索字符串 1”，值:“'x_1f1a0e62u0t5j480c916h26642tc3didb95f5an861da049516m0y7pd5aiu00'”
2015-09-08 14:43:18,420 [7] INFO  - 步骤“将本地表的xsid更新”: 输入参数“替换字符串 1”，值:“'x_0a1aq7ja8cbc73q2g6e8d1g1831538w4w4r5a6i8u30d0b0e60g3s938cc1k60'”
2015-09-08 14:43:18,421 [7] INFO  - 步骤“将本地表的xsid更新”: 输出参数“结果”，值:“x_0a1aq7ja8cbc73q2g6e8d1g1831538w4w4r5a6i8u30d0b0e60g3s938cc1k60”
2015-09-08 14:43:18,422 [7] INFO  - 步骤“将本地表的xsid更新”已成功结束
2015-09-08 14:43:18,422 [7] INFO  - 步骤“将需要加密的数据赋值到全局表EncryptionStr字段中”: 步骤“将需要加密的数据赋值到全局表EncryptionStr字段中”已启动
2015-09-08 14:43:18,426 [7] INFO  - 步骤“将需要加密的数据赋值到全局表EncryptionStr字段中”已成功结束
2015-09-08 14:43:18,427 [7] INFO  - 步骤“Encryption.SHA1”: 步骤“Encryption.SHA1”已启动
2015-09-08 14:43:22,256 [7] INFO  - 步骤“Encryption.SHA1”已成功结束
2015-09-08 14:43:22,257 [7] INFO  - 步骤“查询出加密后的token信息”: 步骤“查询出加密后的token信息”已启动
2015-09-08 14:43:22,266 [7] INFO  - 步骤“查询出加密后的token信息”已成功结束
2015-09-08 14:43:22,268 [7] INFO  - 步骤“将token更新至最新值”: 步骤“将token更新至最新值”已启动
2015-09-08 14:43:22,270 [7] INFO  - 步骤“将token更新至最新值”: 输入参数“源字符串”，值:“305bbc2b43542b3d0203daffe9073c3cba5b47d9”
2015-09-08 14:43:22,270 [7] INFO  - 步骤“将token更新至最新值”: 输入参数“搜索字符串 1”，值:“'305bbc2b43542b3d0203daffe9073c3cba5b47d9'”
2015-09-08 14:43:22,271 [7] INFO  - 步骤“将token更新至最新值”: 输入参数“替换字符串 1”，值:“'22d8eece99eba033b8ff1c202547a1da5f4b2ddb'”
2015-09-08 14:43:22,272 [7] INFO  - 步骤“将token更新至最新值”: 输出参数“结果”，值:“22d8eece99eba033b8ff1c202547a1da5f4b2ddb”
2015-09-08 14:43:22,273 [7] INFO  - 步骤“将token更新至最新值”已成功结束
2015-09-08 14:43:22,273 [7] INFO  - 步骤“调用/iq/getCard.php”: 步骤“调用/iq/getCard.php”已启动
2015-09-08 14:43:22,279 [7] INFO  - 步骤“调用/iq/getCard.php”: 提取 HTTP URL: 'http://yace-iq.365ime.com/iq/getCard.php'
2015-09-08 14:43:22,327 [7] INFO  - 步骤“调用/iq/getCard.php”: 服务器返回了状态代码: 200
2015-09-08 14:43:22,328 [7] INFO  - 步骤“调用/iq/getCard.php”: HTTP 原始请求:
2015-09-08 14:43:22,329 [7] INFO  - 步骤“调用/iq/getCard.php”: POST http://yace-iq.365ime.com/iq/getCard.php 1.1
Content-Type: application/x-www-form-urlencoded
Host: yace-iq.365ime.com
Content-Length: 162
Expect: 100-continue
xsid=x_0a1aq7ja8cbc73q2g6e8d1g1831538w4w4r5a6i8u30d0b0e60g3s938cc1k60&toJid=77401169@365ime.com,77401170@365ime.com&token=22d8eece99eba033b8ff1c202547a1da5f4b2ddb

2015-09-08 14:43:22,330 [7] INFO  - 步骤“调用/iq/getCard.php”: HTTP 原始响应:
2015-09-08 14:43:22,331 [7] INFO  - 步骤“调用/iq/getCard.php”: HTTP/1.1 200 OK
Transfer-Encoding: chunked
Content-Type: application/json;charset=UTF-8
Date: Tue, 08 Sep 2015 06:43:50 GMT
Server: Apache-Coyote/1.1
{"message":"user not exist!","data":{},"errorCode":"1"}
2015-09-08 14:43:22,335 [7] INFO  - 步骤“调用/iq/getCard.php”已成功结束
2015-09-08 14:43:22,336 [7] INFO  - 步骤“获取返回值转换为JSON”: 步骤“获取返回值转换为JSON”已启动
2015-09-08 14:43:22,338 [7] INFO  - 步骤“获取返回值转换为JSON”已成功结束
2015-09-08 14:43:22,339 [7] INFO  - 步骤“将获取到的JSON插入到sql中”: 步骤“将获取到的JSON插入到sql中”已启动
2015-09-08 14:43:22,345 [7] INFO  - 步骤“将获取到的JSON插入到sql中”已成功结束
2015-09-08 14:43:22,347 [7] INFO  - 步骤“将errorcode更新到sql中”: 步骤“将errorcode更新到sql中”已启动
2015-09-08 14:43:22,353 [7] INFO  - 步骤“将errorcode更新到sql中”已成功结束
2015-09-08 14:43:22,353 [7] INFO  - 步骤“获取当前Case的实际值”: 步骤“获取当前Case的实际值”已启动
2015-09-08 14:43:22,356 [7] INFO  - 步骤“获取当前Case的实际值”已成功结束
2015-09-08 14:43:22,357 [7] INFO  - 步骤“获取当前Case的期待值”: 步骤“获取当前Case的期待值”已启动
2015-09-08 14:43:22,361 [7] INFO  - 步骤“获取当前Case的期待值”已成功结束
2015-09-08 14:43:22,362 [7] INFO  - 步骤“填写Result”: 步骤“填写Result”已启动
2015-09-08 14:43:22,363 [7] INFO  - 步骤“IfElse64”: 计算方式: 使用条件
2015-09-08 14:43:22,364 [7] INFO  - 步骤“是”: 步骤“是”已启动
2015-09-08 14:43:22,365 [7] INFO  - 步骤“在Result字段插入True”: 步骤“在Result字段插入True”已启动
2015-09-08 14:43:22,369 [7] INFO  - 步骤“在Result字段插入True”已成功结束
2015-09-08 14:43:22,370 [7] INFO  - 步骤“是”已成功结束
2015-09-08 14:43:22,371 [7] INFO  - 步骤“填写Result”已成功结束
2015-09-08 14:43:22,372 [7] INFO  - 步骤“迭代 11”已成功结束
2015-09-08 14:43:22,373 [7] INFO  - 步骤“迭代 12”: 步骤“迭代 12”已启动
2015-09-08 14:43:22,374 [7] INFO  - 步骤“查询tb_getCard_verification表中字段信息”: 步骤“查询tb_getCard_verification表中字段信息”已启动
2015-09-08 14:43:22,378 [7] ERROR - Checkpoint 5: "Arguments[1]/ResultTable[1]/Row[1]/token[1]" = "61f048fc016c13ea5cdfa6416c6e6ef9532716b8" 失败
2015-09-08 14:43:22,379 [7] INFO  - 步骤“查询tb_getCard_verification表中字段信息”已成功结束
2015-09-08 14:43:22,380 [7] INFO  - 步骤“将本地表的xsid更新”: 步骤“将本地表的xsid更新”已启动
2015-09-08 14:43:22,381 [7] INFO  - 步骤“将本地表的xsid更新”: 输入参数“源字符串”，值:“x_1f1a0e62u0t5j480c916h26642tc3didb95f5an861da049516m0y7pd5aiu00”
2015-09-08 14:43:22,382 [7] INFO  - 步骤“将本地表的xsid更新”: 输入参数“搜索字符串 1”，值:“'x_1f1a0e62u0t5j480c916h26642tc3didb95f5an861da049516m0y7pd5aiu00'”
2015-09-08 14:43:22,383 [7] INFO  - 步骤“将本地表的xsid更新”: 输入参数“替换字符串 1”，值:“'x_0a1aq7ja8cbc73q2g6e8d1g1831538w4w4r5a6i8u30d0b0e60g3s938cc1k60'”
2015-09-08 14:43:22,383 [7] INFO  - 步骤“将本地表的xsid更新”: 输出参数“结果”，值:“x_0a1aq7ja8cbc73q2g6e8d1g1831538w4w4r5a6i8u30d0b0e60g3s938cc1k60”
2015-09-08 14:43:22,384 [7] INFO  - 步骤“将本地表的xsid更新”已成功结束
2015-09-08 14:43:22,385 [7] INFO  - 步骤“将需要加密的数据赋值到全局表EncryptionStr字段中”: 步骤“将需要加密的数据赋值到全局表EncryptionStr字段中”已启动
2015-09-08 14:43:22,388 [7] INFO  - 步骤“将需要加密的数据赋值到全局表EncryptionStr字段中”已成功结束
2015-09-08 14:43:22,389 [7] INFO  - 步骤“Encryption.SHA1”: 步骤“Encryption.SHA1”已启动
2015-09-08 14:43:26,052 [7] INFO  - 步骤“Encryption.SHA1”已成功结束
2015-09-08 14:43:26,053 [7] INFO  - 步骤“查询出加密后的token信息”: 步骤“查询出加密后的token信息”已启动
2015-09-08 14:43:26,056 [7] INFO  - 步骤“查询出加密后的token信息”已成功结束
2015-09-08 14:43:26,057 [7] INFO  - 步骤“将token更新至最新值”: 步骤“将token更新至最新值”已启动
2015-09-08 14:43:26,063 [7] INFO  - 步骤“将token更新至最新值”: 输入参数“源字符串”，值:“”
2015-09-08 14:43:26,064 [7] INFO  - 步骤“将token更新至最新值”: 输入参数“搜索字符串 1”，值:“'305bbc2b43542b3d0203daffe9073c3cba5b47d9'”
2015-09-08 14:43:26,064 [7] INFO  - 步骤“将token更新至最新值”: 输入参数“替换字符串 1”，值:“'305bbc2b43542b3d0203daffe9073c3cba5b47d9'”
2015-09-08 14:43:26,065 [7] INFO  - 步骤“将token更新至最新值”: 输入参数“区分大小写”，值:“True”
2015-09-08 14:43:26,065 [7] INFO  - 步骤“将token更新至最新值”: 输出参数“结果”，值:“”
2015-09-08 14:43:26,067 [7] INFO  - 步骤“将token更新至最新值”已成功结束
2015-09-08 14:43:26,067 [7] INFO  - 步骤“调用/iq/getCard.php”: 步骤“调用/iq/getCard.php”已启动
2015-09-08 14:43:26,069 [7] INFO  - 步骤“调用/iq/getCard.php”: 提取 HTTP URL: 'http://yace-iq.365ime.com/iq/getCard.php'
2015-09-08 14:43:26,108 [7] INFO  - 步骤“调用/iq/getCard.php”: 服务器返回了状态代码: 200
2015-09-08 14:43:26,110 [7] INFO  - 步骤“调用/iq/getCard.php”: HTTP 原始请求:
2015-09-08 14:43:26,112 [7] INFO  - 步骤“调用/iq/getCard.php”: POST http://yace-iq.365ime.com/iq/getCard.php 1.1
Content-Type: application/x-www-form-urlencoded
Host: yace-iq.365ime.com
Content-Length: 102
Expect: 100-continue
xsid=x_0a1aq7ja8cbc73q2g6e8d1g1831538w4w4r5a6i8u30d0b0e60g3s938cc1k60&toJid=77401169@365ime.com&token=

2015-09-08 14:43:26,113 [7] INFO  - 步骤“调用/iq/getCard.php”: HTTP 原始响应:
2015-09-08 14:43:26,114 [7] INFO  - 步骤“调用/iq/getCard.php”: HTTP/1.1 200 OK
Transfer-Encoding: chunked
Content-Type: application/json;charset=UTF-8
Date: Tue, 08 Sep 2015 06:43:54 GMT
Server: Apache-Coyote/1.1
{"message":"Parameter is error !","data":{},"errorCode":"2"}
2015-09-08 14:43:26,116 [7] INFO  - 步骤“调用/iq/getCard.php”已成功结束
2015-09-08 14:43:26,117 [7] INFO  - 步骤“获取返回值转换为JSON”: 步骤“获取返回值转换为JSON”已启动
2015-09-08 14:43:26,119 [7] INFO  - 步骤“获取返回值转换为JSON”已成功结束
2015-09-08 14:43:26,125 [7] INFO  - 步骤“将获取到的JSON插入到sql中”: 步骤“将获取到的JSON插入到sql中”已启动
2015-09-08 14:43:26,133 [7] INFO  - 步骤“将获取到的JSON插入到sql中”已成功结束
2015-09-08 14:43:26,134 [7] INFO  - 步骤“将errorcode更新到sql中”: 步骤“将errorcode更新到sql中”已启动
2015-09-08 14:43:26,139 [7] INFO  - 步骤“将errorcode更新到sql中”已成功结束
2015-09-08 14:43:26,141 [7] INFO  - 步骤“获取当前Case的实际值”: 步骤“获取当前Case的实际值”已启动
2015-09-08 14:43:26,146 [7] INFO  - 步骤“获取当前Case的实际值”已成功结束
2015-09-08 14:43:26,148 [7] INFO  - 步骤“获取当前Case的期待值”: 步骤“获取当前Case的期待值”已启动
2015-09-08 14:43:26,152 [7] INFO  - 步骤“获取当前Case的期待值”已成功结束
2015-09-08 14:43:26,153 [7] INFO  - 步骤“填写Result”: 步骤“填写Result”已启动
2015-09-08 14:43:26,154 [7] INFO  - 步骤“IfElse64”: 计算方式: 使用条件
2015-09-08 14:43:26,154 [7] INFO  - 步骤“是”: 步骤“是”已启动
2015-09-08 14:43:26,170 [7] INFO  - 步骤“在Result字段插入True”: 步骤“在Result字段插入True”已启动
2015-09-08 14:43:26,174 [7] INFO  - 步骤“在Result字段插入True”已成功结束
2015-09-08 14:43:26,175 [7] INFO  - 步骤“是”已成功结束
2015-09-08 14:43:26,177 [7] INFO  - 步骤“填写Result”已成功结束
2015-09-08 14:43:26,179 [7] INFO  - 步骤“迭代 12”已成功结束
2015-09-08 14:43:26,180 [7] INFO  - 步骤“迭代 13”: 步骤“迭代 13”已启动
2015-09-08 14:43:26,181 [7] INFO  - 步骤“查询tb_getCard_verification表中字段信息”: 步骤“查询tb_getCard_verification表中字段信息”已启动
2015-09-08 14:43:26,184 [7] ERROR - Checkpoint 5: "902ca048a73c5c8f2ad2e2ebe9ffebeb" = "61f048fc016c13ea5cdfa6416c6e6ef9532716b8" 失败
2015-09-08 14:43:26,186 [7] INFO  - 步骤“查询tb_getCard_verification表中字段信息”已成功结束
2015-09-08 14:43:26,187 [7] INFO  - 步骤“将本地表的xsid更新”: 步骤“将本地表的xsid更新”已启动
2015-09-08 14:43:26,189 [7] INFO  - 步骤“将本地表的xsid更新”: 输入参数“源字符串”，值:“x_1f1a0e62u0t5j480c916h26642tc3didb95f5an861da049516m0y7pd5aiu00”
2015-09-08 14:43:26,189 [7] INFO  - 步骤“将本地表的xsid更新”: 输入参数“搜索字符串 1”，值:“'x_1f1a0e62u0t5j480c916h26642tc3didb95f5an861da049516m0y7pd5aiu00'”
2015-09-08 14:43:26,190 [7] INFO  - 步骤“将本地表的xsid更新”: 输入参数“替换字符串 1”，值:“'x_0a1aq7ja8cbc73q2g6e8d1g1831538w4w4r5a6i8u30d0b0e60g3s938cc1k60'”
2015-09-08 14:43:26,191 [7] INFO  - 步骤“将本地表的xsid更新”: 输出参数“结果”，值:“x_0a1aq7ja8cbc73q2g6e8d1g1831538w4w4r5a6i8u30d0b0e60g3s938cc1k60”
2015-09-08 14:43:26,191 [7] INFO  - 步骤“将本地表的xsid更新”已成功结束
2015-09-08 14:43:26,192 [7] INFO  - 步骤“将需要加密的数据赋值到全局表EncryptionStr字段中”: 步骤“将需要加密的数据赋值到全局表EncryptionStr字段中”已启动
2015-09-08 14:43:26,197 [7] INFO  - 步骤“将需要加密的数据赋值到全局表EncryptionStr字段中”已成功结束
2015-09-08 14:43:26,197 [7] INFO  - 步骤“Encryption.SHA1”: 步骤“Encryption.SHA1”已启动
2015-09-08 14:43:29,743 [7] INFO  - 步骤“Encryption.SHA1”已成功结束
2015-09-08 14:43:29,746 [7] INFO  - 步骤“查询出加密后的token信息”: 步骤“查询出加密后的token信息”已启动
2015-09-08 14:43:29,752 [7] INFO  - 步骤“查询出加密后的token信息”已成功结束
2015-09-08 14:43:29,753 [7] INFO  - 步骤“将token更新至最新值”: 步骤“将token更新至最新值”已启动
2015-09-08 14:43:29,758 [7] INFO  - 步骤“将token更新至最新值”: 输入参数“源字符串”，值:“902ca048a73c5c8f2ad2e2ebe9ffebeb”
2015-09-08 14:43:29,759 [7] INFO  - 步骤“将token更新至最新值”: 输入参数“搜索字符串 1”，值:“'305bbc2b43542b3d0203daffe9073c3cba5b47d9'”
2015-09-08 14:43:29,760 [7] INFO  - 步骤“将token更新至最新值”: 输入参数“替换字符串 1”，值:“'305bbc2b43542b3d0203daffe9073c3cba5b47d9'”
2015-09-08 14:43:29,762 [7] INFO  - 步骤“将token更新至最新值”: 输出参数“结果”，值:“902ca048a73c5c8f2ad2e2ebe9ffebeb”
2015-09-08 14:43:29,769 [7] INFO  - 步骤“将token更新至最新值”已成功结束
2015-09-08 14:43:29,770 [7] INFO  - 步骤“调用/iq/getCard.php”: 步骤“调用/iq/getCard.php”已启动
2015-09-08 14:43:29,772 [7] INFO  - 步骤“调用/iq/getCard.php”: 提取 HTTP URL: 'http://yace-iq.365ime.com/iq/getCard.php'
2015-09-08 14:43:29,810 [7] INFO  - 步骤“调用/iq/getCard.php”: 服务器返回了状态代码: 200
2015-09-08 14:43:29,812 [7] INFO  - 步骤“调用/iq/getCard.php”: HTTP 原始请求:
2015-09-08 14:43:29,814 [7] INFO  - 步骤“调用/iq/getCard.php”: POST http://yace-iq.365ime.com/iq/getCard.php 1.1
Content-Type: application/x-www-form-urlencoded
Host: yace-iq.365ime.com
Content-Length: 134
Expect: 100-continue
xsid=x_0a1aq7ja8cbc73q2g6e8d1g1831538w4w4r5a6i8u30d0b0e60g3s938cc1k60&toJid=77401169@365ime.com&token=902ca048a73c5c8f2ad2e2ebe9ffebeb

2015-09-08 14:43:29,816 [7] INFO  - 步骤“调用/iq/getCard.php”: HTTP 原始响应:
2015-09-08 14:43:29,819 [7] INFO  - 步骤“调用/iq/getCard.php”: HTTP/1.1 200 OK
Transfer-Encoding: chunked
Content-Type: application/json;charset=UTF-8
Date: Tue, 08 Sep 2015 06:43:58 GMT
Server: Apache-Coyote/1.1
{"message":"invalid token!","data":{},"errorCode":"1"}
2015-09-08 14:43:29,821 [7] INFO  - 步骤“调用/iq/getCard.php”已成功结束
2015-09-08 14:43:29,821 [7] INFO  - 步骤“获取返回值转换为JSON”: 步骤“获取返回值转换为JSON”已启动
2015-09-08 14:43:29,822 [7] INFO  - 步骤“获取返回值转换为JSON”已成功结束
2015-09-08 14:43:29,823 [7] INFO  - 步骤“将获取到的JSON插入到sql中”: 步骤“将获取到的JSON插入到sql中”已启动
2015-09-08 14:43:29,828 [7] INFO  - 步骤“将获取到的JSON插入到sql中”已成功结束
2015-09-08 14:43:29,830 [7] INFO  - 步骤“将errorcode更新到sql中”: 步骤“将errorcode更新到sql中”已启动
2015-09-08 14:43:29,833 [7] INFO  - 步骤“将errorcode更新到sql中”已成功结束
2015-09-08 14:43:29,834 [7] INFO  - 步骤“获取当前Case的实际值”: 步骤“获取当前Case的实际值”已启动
2015-09-08 14:43:29,837 [7] INFO  - 步骤“获取当前Case的实际值”已成功结束
2015-09-08 14:43:29,837 [7] INFO  - 步骤“获取当前Case的期待值”: 步骤“获取当前Case的期待值”已启动
2015-09-08 14:43:29,840 [7] INFO  - 步骤“获取当前Case的期待值”已成功结束
2015-09-08 14:43:29,841 [7] INFO  - 步骤“填写Result”: 步骤“填写Result”已启动
2015-09-08 14:43:29,841 [7] INFO  - 步骤“IfElse64”: 计算方式: 使用条件
2015-09-08 14:43:29,842 [7] INFO  - 步骤“是”: 步骤“是”已启动
2015-09-08 14:43:29,843 [7] INFO  - 步骤“在Result字段插入True”: 步骤“在Result字段插入True”已启动
2015-09-08 14:43:29,847 [7] INFO  - 步骤“在Result字段插入True”已成功结束
2015-09-08 14:43:29,849 [7] INFO  - 步骤“是”已成功结束
2015-09-08 14:43:29,850 [7] INFO  - 步骤“填写Result”已成功结束
2015-09-08 14:43:29,851 [7] INFO  - 步骤“迭代 13”已成功结束
2015-09-08 14:43:29,852 [7] INFO  - 步骤“迭代 14”: 步骤“迭代 14”已启动
2015-09-08 14:43:29,853 [7] INFO  - 步骤“查询tb_getCard_verification表中字段信息”: 步骤“查询tb_getCard_verification表中字段信息”已启动
2015-09-08 14:43:29,855 [7] ERROR - Checkpoint 5: "77401169@365ime.com" = "61f048fc016c13ea5cdfa6416c6e6ef9532716b8" 失败
2015-09-08 14:43:29,857 [7] INFO  - 步骤“查询tb_getCard_verification表中字段信息”已成功结束
2015-09-08 14:43:29,858 [7] INFO  - 步骤“将本地表的xsid更新”: 步骤“将本地表的xsid更新”已启动
2015-09-08 14:43:29,860 [7] INFO  - 步骤“将本地表的xsid更新”: 输入参数“源字符串”，值:“x_1f1a0e62u0t5j480c916h26642tc3didb95f5an861da049516m0y7pd5aiu00”
2015-09-08 14:43:29,861 [7] INFO  - 步骤“将本地表的xsid更新”: 输入参数“搜索字符串 1”，值:“'x_1f1a0e62u0t5j480c916h26642tc3didb95f5an861da049516m0y7pd5aiu00'”
2015-09-08 14:43:29,862 [7] INFO  - 步骤“将本地表的xsid更新”: 输入参数“替换字符串 1”，值:“'x_0a1aq7ja8cbc73q2g6e8d1g1831538w4w4r5a6i8u30d0b0e60g3s938cc1k60'”
2015-09-08 14:43:29,863 [7] INFO  - 步骤“将本地表的xsid更新”: 输出参数“结果”，值:“x_0a1aq7ja8cbc73q2g6e8d1g1831538w4w4r5a6i8u30d0b0e60g3s938cc1k60”
2015-09-08 14:43:29,865 [7] INFO  - 步骤“将本地表的xsid更新”已成功结束
2015-09-08 14:43:29,865 [7] INFO  - 步骤“将需要加密的数据赋值到全局表EncryptionStr字段中”: 步骤“将需要加密的数据赋值到全局表EncryptionStr字段中”已启动
2015-09-08 14:43:29,869 [7] INFO  - 步骤“将需要加密的数据赋值到全局表EncryptionStr字段中”已成功结束
2015-09-08 14:43:29,870 [7] INFO  - 步骤“Encryption.SHA1”: 步骤“Encryption.SHA1”已启动
2015-09-08 14:43:33,543 [7] INFO  - 步骤“Encryption.SHA1”已成功结束
2015-09-08 14:43:33,544 [7] INFO  - 步骤“查询出加密后的token信息”: 步骤“查询出加密后的token信息”已启动
2015-09-08 14:43:33,552 [7] INFO  - 步骤“查询出加密后的token信息”已成功结束
2015-09-08 14:43:33,553 [7] INFO  - 步骤“将token更新至最新值”: 步骤“将token更新至最新值”已启动
2015-09-08 14:43:33,554 [7] INFO  - 步骤“将token更新至最新值”: 输入参数“源字符串”，值:“77401169@365ime.com”
2015-09-08 14:43:33,556 [7] INFO  - 步骤“将token更新至最新值”: 输入参数“搜索字符串 1”，值:“'305bbc2b43542b3d0203daffe9073c3cba5b47d9'”
2015-09-08 14:43:33,556 [7] INFO  - 步骤“将token更新至最新值”: 输入参数“替换字符串 1”，值:“'305bbc2b43542b3d0203daffe9073c3cba5b47d9'”
2015-09-08 14:43:33,557 [7] INFO  - 步骤“将token更新至最新值”: 输出参数“结果”，值:“77401169@365ime.com”
2015-09-08 14:43:33,558 [7] INFO  - 步骤“将token更新至最新值”已成功结束
2015-09-08 14:43:33,559 [7] INFO  - 步骤“调用/iq/getCard.php”: 步骤“调用/iq/getCard.php”已启动
2015-09-08 14:43:33,560 [7] INFO  - 步骤“调用/iq/getCard.php”: 提取 HTTP URL: 'http://yace-iq.365ime.com/iq/getCard.php'
2015-09-08 14:43:33,597 [7] INFO  - 步骤“调用/iq/getCard.php”: 服务器返回了状态代码: 200
2015-09-08 14:43:33,598 [7] INFO  - 步骤“调用/iq/getCard.php”: HTTP 原始请求:
2015-09-08 14:43:33,598 [7] INFO  - 步骤“调用/iq/getCard.php”: POST http://yace-iq.365ime.com/iq/getCard.php 1.1
Content-Type: application/x-www-form-urlencoded
Host: yace-iq.365ime.com
Content-Length: 121
Expect: 100-continue
xsid=x_0a1aq7ja8cbc73q2g6e8d1g1831538w4w4r5a6i8u30d0b0e60g3s938cc1k60&toJid=77401169@365ime.com&token=77401169@365ime.com

2015-09-08 14:43:33,599 [7] INFO  - 步骤“调用/iq/getCard.php”: HTTP 原始响应:
2015-09-08 14:43:33,599 [7] INFO  - 步骤“调用/iq/getCard.php”: HTTP/1.1 200 OK
Transfer-Encoding: chunked
Content-Type: application/json;charset=UTF-8
Date: Tue, 08 Sep 2015 06:44:01 GMT
Server: Apache-Coyote/1.1
{"message":"invalid token!","data":{},"errorCode":"1"}
2015-09-08 14:43:33,601 [7] INFO  - 步骤“调用/iq/getCard.php”已成功结束
2015-09-08 14:43:33,602 [7] INFO  - 步骤“获取返回值转换为JSON”: 步骤“获取返回值转换为JSON”已启动
2015-09-08 14:43:33,604 [7] INFO  - 步骤“获取返回值转换为JSON”已成功结束
2015-09-08 14:43:33,605 [7] INFO  - 步骤“将获取到的JSON插入到sql中”: 步骤“将获取到的JSON插入到sql中”已启动
2015-09-08 14:43:33,610 [7] INFO  - 步骤“将获取到的JSON插入到sql中”已成功结束
2015-09-08 14:43:33,611 [7] INFO  - 步骤“将errorcode更新到sql中”: 步骤“将errorcode更新到sql中”已启动
2015-09-08 14:43:33,617 [7] INFO  - 步骤“将errorcode更新到sql中”已成功结束
2015-09-08 14:43:33,618 [7] INFO  - 步骤“获取当前Case的实际值”: 步骤“获取当前Case的实际值”已启动
2015-09-08 14:43:33,621 [7] INFO  - 步骤“获取当前Case的实际值”已成功结束
2015-09-08 14:43:33,621 [7] INFO  - 步骤“获取当前Case的期待值”: 步骤“获取当前Case的期待值”已启动
2015-09-08 14:43:33,625 [7] INFO  - 步骤“获取当前Case的期待值”已成功结束
2015-09-08 14:43:33,625 [7] INFO  - 步骤“填写Result”: 步骤“填写Result”已启动
2015-09-08 14:43:33,627 [7] INFO  - 步骤“IfElse64”: 计算方式: 使用条件
2015-09-08 14:43:33,629 [7] INFO  - 步骤“是”: 步骤“是”已启动
2015-09-08 14:43:33,633 [7] INFO  - 步骤“在Result字段插入True”: 步骤“在Result字段插入True”已启动
2015-09-08 14:43:33,637 [7] INFO  - 步骤“在Result字段插入True”已成功结束
2015-09-08 14:43:33,638 [7] INFO  - 步骤“是”已成功结束
2015-09-08 14:43:33,640 [7] INFO  - 步骤“填写Result”已成功结束
2015-09-08 14:43:33,641 [7] INFO  - 步骤“迭代 14”已成功结束
2015-09-08 14:43:33,643 [7] INFO  - 步骤“迭代 15”: 步骤“迭代 15”已启动
2015-09-08 14:43:33,644 [7] INFO  - 步骤“查询tb_getCard_verification表中字段信息”: 步骤“查询tb_getCard_verification表中字段信息”已启动
2015-09-08 14:43:33,648 [7] ERROR - Checkpoint 5: "test" = "61f048fc016c13ea5cdfa6416c6e6ef9532716b8" 失败
2015-09-08 14:43:33,650 [7] INFO  - 步骤“查询tb_getCard_verification表中字段信息”已成功结束
2015-09-08 14:43:33,651 [7] INFO  - 步骤“将本地表的xsid更新”: 步骤“将本地表的xsid更新”已启动
2015-09-08 14:43:33,653 [7] INFO  - 步骤“将本地表的xsid更新”: 输入参数“源字符串”，值:“x_1f1a0e62u0t5j480c916h26642tc3didb95f5an861da049516m0y7pd5aiu00”
2015-09-08 14:43:33,653 [7] INFO  - 步骤“将本地表的xsid更新”: 输入参数“搜索字符串 1”，值:“'x_1f1a0e62u0t5j480c916h26642tc3didb95f5an861da049516m0y7pd5aiu00'”
2015-09-08 14:43:33,654 [7] INFO  - 步骤“将本地表的xsid更新”: 输入参数“替换字符串 1”，值:“'x_0a1aq7ja8cbc73q2g6e8d1g1831538w4w4r5a6i8u30d0b0e60g3s938cc1k60'”
2015-09-08 14:43:33,654 [7] INFO  - 步骤“将本地表的xsid更新”: 输出参数“结果”，值:“x_0a1aq7ja8cbc73q2g6e8d1g1831538w4w4r5a6i8u30d0b0e60g3s938cc1k60”
2015-09-08 14:43:33,655 [7] INFO  - 步骤“将本地表的xsid更新”已成功结束
2015-09-08 14:43:33,656 [7] INFO  - 步骤“将需要加密的数据赋值到全局表EncryptionStr字段中”: 步骤“将需要加密的数据赋值到全局表EncryptionStr字段中”已启动
2015-09-08 14:43:33,659 [7] INFO  - 步骤“将需要加密的数据赋值到全局表EncryptionStr字段中”已成功结束
2015-09-08 14:43:33,661 [7] INFO  - 步骤“Encryption.SHA1”: 步骤“Encryption.SHA1”已启动
2015-09-08 14:43:37,400 [7] INFO  - 步骤“Encryption.SHA1”已成功结束
2015-09-08 14:43:37,400 [7] INFO  - 步骤“查询出加密后的token信息”: 步骤“查询出加密后的token信息”已启动
2015-09-08 14:43:37,407 [7] INFO  - 步骤“查询出加密后的token信息”已成功结束
2015-09-08 14:43:37,407 [7] INFO  - 步骤“将token更新至最新值”: 步骤“将token更新至最新值”已启动
2015-09-08 14:43:37,409 [7] INFO  - 步骤“将token更新至最新值”: 输入参数“源字符串”，值:“test”
2015-09-08 14:43:37,410 [7] INFO  - 步骤“将token更新至最新值”: 输入参数“搜索字符串 1”，值:“'305bbc2b43542b3d0203daffe9073c3cba5b47d9'”
2015-09-08 14:43:37,410 [7] INFO  - 步骤“将token更新至最新值”: 输入参数“替换字符串 1”，值:“'305bbc2b43542b3d0203daffe9073c3cba5b47d9'”
2015-09-08 14:43:37,411 [7] INFO  - 步骤“将token更新至最新值”: 输出参数“结果”，值:“test”
2015-09-08 14:43:37,412 [7] INFO  - 步骤“将token更新至最新值”已成功结束
2015-09-08 14:43:37,414 [7] INFO  - 步骤“调用/iq/getCard.php”: 步骤“调用/iq/getCard.php”已启动
2015-09-08 14:43:37,418 [7] INFO  - 步骤“调用/iq/getCard.php”: 提取 HTTP URL: 'http://yace-iq.365ime.com/iq/getCard.php'
2015-09-08 14:43:37,454 [7] INFO  - 步骤“调用/iq/getCard.php”: 服务器返回了状态代码: 200
2015-09-08 14:43:37,455 [7] INFO  - 步骤“调用/iq/getCard.php”: HTTP 原始请求:
2015-09-08 14:43:37,456 [7] INFO  - 步骤“调用/iq/getCard.php”: POST http://yace-iq.365ime.com/iq/getCard.php 1.1
Content-Type: application/x-www-form-urlencoded
Host: yace-iq.365ime.com
Content-Length: 106
Expect: 100-continue
xsid=x_0a1aq7ja8cbc73q2g6e8d1g1831538w4w4r5a6i8u30d0b0e60g3s938cc1k60&toJid=77401169@365ime.com&token=test

2015-09-08 14:43:37,456 [7] INFO  - 步骤“调用/iq/getCard.php”: HTTP 原始响应:
2015-09-08 14:43:37,457 [7] INFO  - 步骤“调用/iq/getCard.php”: HTTP/1.1 200 OK
Transfer-Encoding: chunked
Content-Type: application/json;charset=UTF-8
Date: Tue, 08 Sep 2015 06:44:05 GMT
Server: Apache-Coyote/1.1
{"message":"invalid token!","data":{},"errorCode":"1"}
2015-09-08 14:43:37,458 [7] INFO  - 步骤“调用/iq/getCard.php”已成功结束
2015-09-08 14:43:37,459 [7] INFO  - 步骤“获取返回值转换为JSON”: 步骤“获取返回值转换为JSON”已启动
2015-09-08 14:43:37,460 [7] INFO  - 步骤“获取返回值转换为JSON”已成功结束
2015-09-08 14:43:37,461 [7] INFO  - 步骤“将获取到的JSON插入到sql中”: 步骤“将获取到的JSON插入到sql中”已启动
2015-09-08 14:43:37,467 [7] INFO  - 步骤“将获取到的JSON插入到sql中”已成功结束
2015-09-08 14:43:37,467 [7] INFO  - 步骤“将errorcode更新到sql中”: 步骤“将errorcode更新到sql中”已启动
2015-09-08 14:43:37,471 [7] INFO  - 步骤“将errorcode更新到sql中”已成功结束
2015-09-08 14:43:37,471 [7] INFO  - 步骤“获取当前Case的实际值”: 步骤“获取当前Case的实际值”已启动
2015-09-08 14:43:37,474 [7] INFO  - 步骤“获取当前Case的实际值”已成功结束
2015-09-08 14:43:37,474 [7] INFO  - 步骤“获取当前Case的期待值”: 步骤“获取当前Case的期待值”已启动
2015-09-08 14:43:37,477 [7] INFO  - 步骤“获取当前Case的期待值”已成功结束
2015-09-08 14:43:37,478 [7] INFO  - 步骤“填写Result”: 步骤“填写Result”已启动
2015-09-08 14:43:37,480 [7] INFO  - 步骤“IfElse64”: 计算方式: 使用条件
2015-09-08 14:43:37,481 [7] INFO  - 步骤“是”: 步骤“是”已启动
2015-09-08 14:43:37,482 [7] INFO  - 步骤“在Result字段插入True”: 步骤“在Result字段插入True”已启动
2015-09-08 14:43:37,485 [7] INFO  - 步骤“在Result字段插入True”已成功结束
2015-09-08 14:43:37,487 [7] INFO  - 步骤“是”已成功结束
2015-09-08 14:43:37,488 [7] INFO  - 步骤“填写Result”已成功结束
2015-09-08 14:43:37,490 [7] INFO  - 步骤“迭代 15”已成功结束
2015-09-08 14:43:37,491 [7] INFO  - 步骤“迭代 16”: 步骤“迭代 16”已启动
2015-09-08 14:43:37,493 [7] INFO  - 步骤“查询tb_getCard_verification表中字段信息”: 步骤“查询tb_getCard_verification表中字段信息”已启动
2015-09-08 14:43:37,495 [7] ERROR - Checkpoint 5: "305bbc2b43542b3d0203daffe9073c3cba5b47d9" = "61f048fc016c13ea5cdfa6416c6e6ef9532716b8" 失败
2015-09-08 14:43:37,498 [7] INFO  - 步骤“查询tb_getCard_verification表中字段信息”已成功结束
2015-09-08 14:43:37,499 [7] INFO  - 步骤“将本地表的xsid更新”: 步骤“将本地表的xsid更新”已启动
2015-09-08 14:43:37,500 [7] INFO  - 步骤“将本地表的xsid更新”: 输入参数“源字符串”，值:“x_1f1a0e62u0t5j480c916h26642tc3didb95f5an861da049516m0y7pd5aiu00”
2015-09-08 14:43:37,501 [7] INFO  - 步骤“将本地表的xsid更新”: 输入参数“搜索字符串 1”，值:“'x_1f1a0e62u0t5j480c916h26642tc3didb95f5an861da049516m0y7pd5aiu00'”
2015-09-08 14:43:37,501 [7] INFO  - 步骤“将本地表的xsid更新”: 输入参数“替换字符串 1”，值:“'x_0a1aq7ja8cbc73q2g6e8d1g1831538w4w4r5a6i8u30d0b0e60g3s938cc1k60'”
2015-09-08 14:43:37,502 [7] INFO  - 步骤“将本地表的xsid更新”: 输出参数“结果”，值:“x_0a1aq7ja8cbc73q2g6e8d1g1831538w4w4r5a6i8u30d0b0e60g3s938cc1k60”
2015-09-08 14:43:37,503 [7] INFO  - 步骤“将本地表的xsid更新”已成功结束
2015-09-08 14:43:37,503 [7] INFO  - 步骤“将需要加密的数据赋值到全局表EncryptionStr字段中”: 步骤“将需要加密的数据赋值到全局表EncryptionStr字段中”已启动
2015-09-08 14:43:37,507 [7] INFO  - 步骤“将需要加密的数据赋值到全局表EncryptionStr字段中”已成功结束
2015-09-08 14:43:37,507 [7] INFO  - 步骤“Encryption.SHA1”: 步骤“Encryption.SHA1”已启动
2015-09-08 14:43:41,243 [7] INFO  - 步骤“Encryption.SHA1”已成功结束
2015-09-08 14:43:41,244 [7] INFO  - 步骤“查询出加密后的token信息”: 步骤“查询出加密后的token信息”已启动
2015-09-08 14:43:41,247 [7] INFO  - 步骤“查询出加密后的token信息”已成功结束
2015-09-08 14:43:41,248 [7] INFO  - 步骤“将token更新至最新值”: 步骤“将token更新至最新值”已启动
2015-09-08 14:43:41,252 [7] INFO  - 步骤“将token更新至最新值”: 输入参数“源字符串”，值:“305bbc2b43542b3d0203daffe9073c3cba5b47d9”
2015-09-08 14:43:41,253 [7] INFO  - 步骤“将token更新至最新值”: 输入参数“搜索字符串 1”，值:“'305bbc2b43542b3d0203daffe9073c3cba5b47d9'”
2015-09-08 14:43:41,253 [7] INFO  - 步骤“将token更新至最新值”: 输入参数“替换字符串 1”，值:“'305bbc2b43542b3d0203daffe9073c3cba5b47d9'”
2015-09-08 14:43:41,254 [7] INFO  - 步骤“将token更新至最新值”: 输出参数“结果”，值:“305bbc2b43542b3d0203daffe9073c3cba5b47d9”
2015-09-08 14:43:41,254 [7] INFO  - 步骤“将token更新至最新值”已成功结束
2015-09-08 14:43:41,255 [7] INFO  - 步骤“调用/iq/getCard.php”: 步骤“调用/iq/getCard.php”已启动
2015-09-08 14:43:41,256 [7] INFO  - 步骤“调用/iq/getCard.php”: 提取 HTTP URL: 'http://yace-iq.365ime.com/iq/getCard.php'
2015-09-08 14:43:41,311 [7] INFO  - 步骤“调用/iq/getCard.php”: 服务器返回了状态代码: 200
2015-09-08 14:43:41,312 [7] INFO  - 步骤“调用/iq/getCard.php”: HTTP 原始请求:
2015-09-08 14:43:41,312 [7] INFO  - 步骤“调用/iq/getCard.php”: POST http://yace-iq.365ime.com/iq/getCard.php 1.1
Content-Type: application/x-www-form-urlencoded
Host: yace-iq.365ime.com
Content-Length: 142
Expect: 100-continue
xsid=x_0a1aq7ja8cbc73q2g6e8d1g1831538w4w4r5a6i8u30d0b0e60g3s938cc1k60&toJid=77401169@365ime.com&token=305bbc2b43542b3d0203daffe9073c3cba5b47d9

2015-09-08 14:43:41,313 [7] INFO  - 步骤“调用/iq/getCard.php”: HTTP 原始响应:
2015-09-08 14:43:41,313 [7] INFO  - 步骤“调用/iq/getCard.php”: HTTP/1.1 200 OK
Transfer-Encoding: chunked
Content-Type: application/json;charset=UTF-8
Date: Tue, 08 Sep 2015 06:44:09 GMT
Server: Apache-Coyote/1.1
{"message":"","data":{"phone":"","status":"1","pid":"77246885","userRole":"s2","orgName":"刘丽","version":"1431138618","orgId":"622195","category":"0","email":"","thumbUrl":"http://download.ac-bj-oss.365ime.com/storage/2015-08-05/d83cb81c8ab1c78b12ed4475b56cba53e5a7f007","gender":"1","jid":"77401169@365ime.com","userDescription":"test","photoUrl":"http://download.ac-bj-oss.365ime.com/storage/2015-08-05/c05dfb5505a9e142874eba2cebeeb41b41cd4009","fn":"张坤老师"},"errorCode":"0"}
2015-09-08 14:43:41,318 [7] INFO  - 步骤“调用/iq/getCard.php”已成功结束
2015-09-08 14:43:41,319 [7] INFO  - 步骤“获取返回值转换为JSON”: 步骤“获取返回值转换为JSON”已启动
2015-09-08 14:43:41,323 [7] INFO  - 步骤“获取返回值转换为JSON”已成功结束
2015-09-08 14:43:41,323 [7] INFO  - 步骤“将获取到的JSON插入到sql中”: 步骤“将获取到的JSON插入到sql中”已启动
2015-09-08 14:43:41,328 [7] INFO  - 步骤“将获取到的JSON插入到sql中”已成功结束
2015-09-08 14:43:41,328 [7] INFO  - 步骤“将errorcode更新到sql中”: 步骤“将errorcode更新到sql中”已启动
2015-09-08 14:43:41,332 [7] INFO  - 步骤“将errorcode更新到sql中”已成功结束
2015-09-08 14:43:41,333 [7] INFO  - 步骤“获取当前Case的实际值”: 步骤“获取当前Case的实际值”已启动
2015-09-08 14:43:41,336 [7] INFO  - 步骤“获取当前Case的实际值”已成功结束
2015-09-08 14:43:41,337 [7] INFO  - 步骤“获取当前Case的期待值”: 步骤“获取当前Case的期待值”已启动
2015-09-08 14:43:41,339 [7] INFO  - 步骤“获取当前Case的期待值”已成功结束
2015-09-08 14:43:41,340 [7] INFO  - 步骤“填写Result”: 步骤“填写Result”已启动
2015-09-08 14:43:41,341 [7] INFO  - 步骤“IfElse64”: 计算方式: 使用条件
2015-09-08 14:43:41,342 [7] INFO  - 步骤“是”: 步骤“是”已启动
2015-09-08 14:43:41,342 [7] INFO  - 步骤“在Result字段插入True”: 步骤“在Result字段插入True”已启动
2015-09-08 14:43:41,345 [7] INFO  - 步骤“在Result字段插入True”已成功结束
2015-09-08 14:43:41,347 [7] INFO  - 步骤“是”已成功结束
2015-09-08 14:43:41,349 [7] INFO  - 步骤“填写Result”已成功结束
2015-09-08 14:43:41,351 [7] INFO  - 步骤“迭代 16”已成功结束
2015-09-08 14:43:41,352 [7] INFO  - 步骤“循环执行tb_getCard_verification中的测试用例”已成功结束
2015-09-08 14:43:41,353 [7] INFO  - 步骤“对/xmp/createGroup.php接口token实行加密”: 步骤“对/xmp/createGroup.php接口token实行加密”已启动
2015-09-08 14:43:41,356 [7] INFO  - 步骤“对/xmp/createGroup.php接口token实行加密”已成功结束
2015-09-08 14:43:41,356 [7] INFO  - 步骤“Encryption.SHA1”: 步骤“Encryption.SHA1”已启动
2015-09-08 14:43:45,098 [7] INFO  - 步骤“Encryption.SHA1”已成功结束
2015-09-08 14:43:45,099 [7] INFO  - 步骤“查询出加密后EncryptionResult字段的值”: 步骤“查询出加密后EncryptionResult字段的值”已启动
2015-09-08 14:43:45,105 [7] INFO  - 步骤“查询出加密后EncryptionResult字段的值”已成功结束
2015-09-08 14:43:45,105 [7] INFO  - 步骤“调用/xmp/createGroup.php”: 步骤“调用/xmp/createGroup.php”已启动
2015-09-08 14:43:45,107 [7] INFO  - 步骤“调用/xmp/createGroup.php”: 提取 HTTP URL: 'http://yace-iq.365ime.com/iq/getCard.php'
2015-09-08 14:43:45,166 [7] INFO  - 步骤“调用/xmp/createGroup.php”: 服务器返回了状态代码: 200
2015-09-08 14:43:45,167 [7] INFO  - 步骤“调用/xmp/createGroup.php”: HTTP 原始请求:
2015-09-08 14:43:45,168 [7] INFO  - 步骤“调用/xmp/createGroup.php”: POST http://yace-iq.365ime.com/iq/getCard.php 1.1
Content-Type: application/x-www-form-urlencoded
Host: yace-iq.365ime.com
Content-Length: 142
Expect: 100-continue
xsid=x_0a1aq7ja8cbc73q2g6e8d1g1831538w4w4r5a6i8u30d0b0e60g3s938cc1k60&toJid=44604014@365ime.com&token=073c14c837ac42f2d92b23be2fc648cd6a9c945d

2015-09-08 14:43:45,172 [7] INFO  - 步骤“调用/xmp/createGroup.php”: HTTP 原始响应:
2015-09-08 14:43:45,173 [7] INFO  - 步骤“调用/xmp/createGroup.php”: HTTP/1.1 200 OK
Transfer-Encoding: chunked
Content-Type: application/json;charset=UTF-8
Date: Tue, 08 Sep 2015 06:44:13 GMT
Server: Apache-Coyote/1.1
{"message":"","data":{"phone":"","status":"1","pid":"77300728","userRole":"s2","orgName":"广州市花都区新华三华小学","version":"1431138618","orgId":"372259","category":"0","email":"","thumbUrl":"http://download.ac-qd-oss.365ime.com/static/ic_64.png","gender":"0","jid":"44604014@365ime.com","userDescription":"","photoUrl":"http://download.ac-qd-oss.365ime.com/static/ic_256.png","fn":"自动化测试老师"},"errorCode":"0"}
2015-09-08 14:43:45,176 [7] INFO  - 步骤“调用/xmp/createGroup.php”已成功结束
2015-09-08 14:43:45,177 [7] INFO  - 步骤“将接口返回的Json更新至tb_result_table”: 步骤“将接口返回的Json更新至tb_result_table”已启动
2015-09-08 14:43:45,184 [7] INFO  - 步骤“将接口返回的Json更新至tb_result_table”已成功结束
2015-09-08 14:43:45,188 [7] INFO  - 步骤“迭代 1”已成功结束
2015-09-08 14:43:45,191 [7] INFO  - 步骤“测试流”已成功结束
2015-09-08 14:43:45,338 [7] INFO  - 步骤“结束”: 步骤“结束”已启动
2015-09-08 14:43:45,350 [7] INFO  - 步骤“结束”已成功结束
