2015-09-01 10:34:55,550 [8] INFO  - 步骤“开始”: 步骤“开始”已启动
2015-09-01 10:34:55,564 [8] INFO  - 步骤“开始”已成功结束
2015-09-01 10:34:55,566 [8] INFO  - 步骤“测试流”: 步骤“测试流”已启动
2015-09-01 10:34:55,620 [8] INFO  - 步骤“迭代 1”: 步骤“迭代 1”已启动
2015-09-01 10:34:55,622 [8] INFO  - 步骤“连接到mysql数据库”: 步骤“连接到mysql数据库”已启动
2015-09-01 10:34:55,624 [8] INFO  - 步骤“连接到mysql数据库”: Connection string: DSN=192.168.50.11;Uid=ime;Pwd=www.365ime.com!;
2015-09-01 10:34:55,632 [8] INFO  - 步骤“连接到mysql数据库”已成功结束
2015-09-01 10:34:55,634 [8] INFO  - 步骤“获取到tb_getclassinfo_verification表有效行数”: 步骤“获取到tb_getclassinfo_verification表有效行数”已启动
2015-09-01 10:34:55,641 [8] INFO  - 步骤“获取到tb_getclassinfo_verification表有效行数”已成功结束
2015-09-01 10:34:55,643 [8] INFO  - 步骤“循环执行tb_getclassinfo_verification中的测试用例”: 步骤“循环执行tb_getclassinfo_verification中的测试用例”已启动
2015-09-01 10:34:55,646 [8] INFO  - 步骤“迭代 1”: 步骤“迭代 1”已启动
2015-09-01 10:34:55,647 [8] INFO  - 步骤“查询tb_getclassinfo_verification表中数据”: 步骤“查询tb_getclassinfo_verification表中数据”已启动
2015-09-01 10:34:55,650 [8] INFO  - 步骤“查询tb_getclassinfo_verification表中数据”已成功结束
2015-09-01 10:34:55,651 [8] INFO  - 步骤“查询tb_global_table表中ResponseXsid值”: 步骤“查询tb_global_table表中ResponseXsid值”已启动
2015-09-01 10:34:55,654 [8] INFO  - 步骤“查询tb_global_table表中ResponseXsid值”已成功结束
2015-09-01 10:34:55,655 [8] INFO  - 步骤“将xsid更新至最新值”: 步骤“将xsid更新至最新值”已启动
2015-09-01 10:34:55,659 [8] INFO  - 步骤“将xsid更新至最新值”: 输入参数“源字符串”，值:“”
2015-09-01 10:34:55,662 [8] INFO  - 步骤“将xsid更新至最新值”: 输入参数“搜索字符串 1”，值:“'x_1f1a0e62u0t5j480c916h26642tc3didb95f5an861da049516m0y7pd5aiu00'”
2015-09-01 10:34:55,663 [8] INFO  - 步骤“将xsid更新至最新值”: 输入参数“替换字符串 1”，值:“'x_071aha6b4ft633ibbc5052n169d70091e688e8ubm7a8ifud07030e6cutj8c1'”
2015-09-01 10:34:55,664 [8] INFO  - 步骤“将xsid更新至最新值”: 输入参数“区分大小写”，值:“True”
2015-09-01 10:34:55,666 [8] INFO  - 步骤“将xsid更新至最新值”: 输出参数“结果”，值:“”
2015-09-01 10:34:55,667 [8] INFO  - 步骤“将xsid更新至最新值”已成功结束
2015-09-01 10:34:55,668 [8] INFO  - 步骤“调用/jxt/class.php”: 步骤“调用/jxt/class.php”已启动
2015-09-01 10:34:55,678 [8] INFO  - 步骤“调用/jxt/class.php”: 提取 HTTP URL: 'http://yace-iq.365ime.com/jxt/class.php'
2015-09-01 10:34:55,789 [8] INFO  - 步骤“调用/jxt/class.php”: 服务器返回了状态代码: 200
2015-09-01 10:34:55,791 [8] INFO  - 步骤“调用/jxt/class.php”: HTTP 原始请求:
2015-09-01 10:34:55,795 [8] INFO  - 步骤“调用/jxt/class.php”: POST http://yace-iq.365ime.com/jxt/class.php 1.1
Content-Type: application/x-www-form-urlencoded
Host: yace-iq.365ime.com
Content-Length: 96
Expect: 100-continue
Connection: Keep-Alive
myJid=77401169@365ime.com&xsid=&token=c8255e8536d1e44751f74febe483384537fc6206&xxcode=2177000014

2015-09-01 10:34:55,800 [8] INFO  - 步骤“调用/jxt/class.php”: HTTP 原始响应:
2015-09-01 10:34:55,805 [8] INFO  - 步骤“调用/jxt/class.php”: HTTP/1.1 200 OK
Access-Control-Allow-Origin: *
Transfer-Encoding: chunked
Content-Type: text/html;charset=UTF-8
Date: Tue, 01 Sep 2015 02:35:13 GMT
Server: Apache-Coyote/1.1
{"errorMessage":"Parameter is error !","errorCode":"1"}

2015-09-01 10:34:55,823 [8] INFO  - 步骤“调用/jxt/class.php”已成功结束
2015-09-01 10:34:55,827 [8] INFO  - 步骤“获取返回值转换为JSON”: 步骤“获取返回值转换为JSON”已启动
2015-09-01 10:34:55,842 [8] INFO  - 步骤“获取返回值转换为JSON”已成功结束
2015-09-01 10:34:55,846 [8] INFO  - 步骤“将Response插入到InterfaceResponse字段中”: 步骤“将Response插入到InterfaceResponse字段中”已启动
2015-09-01 10:34:55,854 [8] INFO  - 步骤“将Response插入到InterfaceResponse字段中”已成功结束
2015-09-01 10:34:55,857 [8] INFO  - 步骤“将errorcode更新到sql中”: 步骤“将errorcode更新到sql中”已启动
2015-09-01 10:34:55,863 [8] INFO  - 步骤“将errorcode更新到sql中”已成功结束
2015-09-01 10:34:55,866 [8] INFO  - 步骤“获取当前Case的实际值”: 步骤“获取当前Case的实际值”已启动
2015-09-01 10:34:55,871 [8] INFO  - 步骤“获取当前Case的实际值”已成功结束
2015-09-01 10:34:55,874 [8] INFO  - 步骤“获取当前Case的期待值”: 步骤“获取当前Case的期待值”已启动
2015-09-01 10:34:55,879 [8] INFO  - 步骤“获取当前Case的期待值”已成功结束
2015-09-01 10:34:55,881 [8] INFO  - 步骤“填写Result”: 步骤“填写Result”已启动
2015-09-01 10:34:55,886 [8] INFO  - 步骤“IfElse106”: 计算方式: 使用条件
2015-09-01 10:34:55,888 [8] INFO  - 步骤“是”: 步骤“是”已启动
2015-09-01 10:34:55,891 [8] INFO  - 步骤“在Result字段插入True”: 步骤“在Result字段插入True”已启动
2015-09-01 10:34:55,897 [8] INFO  - 步骤“在Result字段插入True”已成功结束
2015-09-01 10:34:55,900 [8] INFO  - 步骤“是”已成功结束
2015-09-01 10:34:55,904 [8] INFO  - 步骤“填写Result”已成功结束
2015-09-01 10:34:55,907 [8] INFO  - 步骤“迭代 1”已成功结束
2015-09-01 10:34:55,914 [8] INFO  - 步骤“迭代 2”: 步骤“迭代 2”已启动
2015-09-01 10:34:55,917 [8] INFO  - 步骤“查询tb_getclassinfo_verification表中数据”: 步骤“查询tb_getclassinfo_verification表中数据”已启动
2015-09-01 10:34:55,922 [8] INFO  - 步骤“查询tb_getclassinfo_verification表中数据”已成功结束
2015-09-01 10:34:55,925 [8] INFO  - 步骤“查询tb_global_table表中ResponseXsid值”: 步骤“查询tb_global_table表中ResponseXsid值”已启动
2015-09-01 10:34:55,930 [8] INFO  - 步骤“查询tb_global_table表中ResponseXsid值”已成功结束
2015-09-01 10:34:55,932 [8] INFO  - 步骤“将xsid更新至最新值”: 步骤“将xsid更新至最新值”已启动
2015-09-01 10:34:55,936 [8] INFO  - 步骤“将xsid更新至最新值”: 输入参数“源字符串”，值:“123”
2015-09-01 10:34:55,939 [8] INFO  - 步骤“将xsid更新至最新值”: 输入参数“搜索字符串 1”，值:“'x_1f1a0e62u0t5j480c916h26642tc3didb95f5an861da049516m0y7pd5aiu00'”
2015-09-01 10:34:55,941 [8] INFO  - 步骤“将xsid更新至最新值”: 输入参数“替换字符串 1”，值:“'x_071aha6b4ft633ibbc5052n169d70091e688e8ubm7a8ifud07030e6cutj8c1'”
2015-09-01 10:34:55,944 [8] INFO  - 步骤“将xsid更新至最新值”: 输出参数“结果”，值:“123”
2015-09-01 10:34:55,947 [8] INFO  - 步骤“将xsid更新至最新值”已成功结束
2015-09-01 10:34:55,949 [8] INFO  - 步骤“调用/jxt/class.php”: 步骤“调用/jxt/class.php”已启动
2015-09-01 10:34:55,953 [8] INFO  - 步骤“调用/jxt/class.php”: 提取 HTTP URL: 'http://yace-iq.365ime.com/jxt/class.php'
2015-09-01 10:34:58,489 [8] INFO  - 步骤“调用/jxt/class.php”: 服务器返回了状态代码: 200
2015-09-01 10:34:58,505 [8] INFO  - 步骤“调用/jxt/class.php”: HTTP 原始请求:
2015-09-01 10:34:58,505 [8] INFO  - 步骤“调用/jxt/class.php”: POST http://yace-iq.365ime.com/jxt/class.php 1.1
Content-Type: application/x-www-form-urlencoded
Host: yace-iq.365ime.com
Content-Length: 99
Expect: 100-continue
myJid=77401169@365ime.com&xsid=123&token=c8255e8536d1e44751f74febe483384537fc6206&xxcode=2177000014

2015-09-01 10:34:58,505 [8] INFO  - 步骤“调用/jxt/class.php”: HTTP 原始响应:
2015-09-01 10:34:58,536 [8] INFO  - 步骤“调用/jxt/class.php”: HTTP/1.1 200 OK
Access-Control-Allow-Origin: *
Transfer-Encoding: chunked
Content-Type: text/html;charset=UTF-8
Date: Tue, 01 Sep 2015 02:35:16 GMT
Server: Apache-Coyote/1.1
{"errorMessage":"invalid xsid !Timeout waiting for value: waited 2,500 ms. Node status: Connection Status { 0378927382e911e4.m.cnqdalicm9pub001.ocs.aliyuncs.com/10.157.212.8:11211 active: false, authed: false, last read: 56,331,982 ms ago }","errorCode":"1"}

2015-09-01 10:34:58,536 [8] INFO  - 步骤“调用/jxt/class.php”已成功结束
2015-09-01 10:34:58,536 [8] INFO  - 步骤“获取返回值转换为JSON”: 步骤“获取返回值转换为JSON”已启动
2015-09-01 10:34:58,536 [8] INFO  - 步骤“获取返回值转换为JSON”已成功结束
2015-09-01 10:34:58,552 [8] INFO  - 步骤“将Response插入到InterfaceResponse字段中”: 步骤“将Response插入到InterfaceResponse字段中”已启动
2015-09-01 10:34:58,552 [8] INFO  - 步骤“将Response插入到InterfaceResponse字段中”已成功结束
2015-09-01 10:34:58,552 [8] INFO  - 步骤“将errorcode更新到sql中”: 步骤“将errorcode更新到sql中”已启动
2015-09-01 10:34:58,567 [8] INFO  - 步骤“将errorcode更新到sql中”已成功结束
2015-09-01 10:34:58,567 [8] INFO  - 步骤“获取当前Case的实际值”: 步骤“获取当前Case的实际值”已启动
2015-09-01 10:34:58,567 [8] INFO  - 步骤“获取当前Case的实际值”已成功结束
2015-09-01 10:34:58,567 [8] INFO  - 步骤“获取当前Case的期待值”: 步骤“获取当前Case的期待值”已启动
2015-09-01 10:34:58,567 [8] INFO  - 步骤“获取当前Case的期待值”已成功结束
2015-09-01 10:34:58,567 [8] INFO  - 步骤“填写Result”: 步骤“填写Result”已启动
2015-09-01 10:34:58,567 [8] INFO  - 步骤“IfElse106”: 计算方式: 使用条件
2015-09-01 10:34:58,567 [8] INFO  - 步骤“是”: 步骤“是”已启动
2015-09-01 10:34:58,583 [8] INFO  - 步骤“在Result字段插入True”: 步骤“在Result字段插入True”已启动
2015-09-01 10:34:58,583 [8] INFO  - 步骤“在Result字段插入True”已成功结束
2015-09-01 10:34:58,583 [8] INFO  - 步骤“是”已成功结束
2015-09-01 10:34:58,583 [8] INFO  - 步骤“填写Result”已成功结束
2015-09-01 10:34:58,583 [8] INFO  - 步骤“迭代 2”已成功结束
2015-09-01 10:34:58,583 [8] INFO  - 步骤“迭代 3”: 步骤“迭代 3”已启动
2015-09-01 10:34:58,583 [8] INFO  - 步骤“查询tb_getclassinfo_verification表中数据”: 步骤“查询tb_getclassinfo_verification表中数据”已启动
2015-09-01 10:34:58,583 [8] INFO  - 步骤“查询tb_getclassinfo_verification表中数据”已成功结束
2015-09-01 10:34:58,598 [8] INFO  - 步骤“查询tb_global_table表中ResponseXsid值”: 步骤“查询tb_global_table表中ResponseXsid值”已启动
2015-09-01 10:34:58,598 [8] INFO  - 步骤“查询tb_global_table表中ResponseXsid值”已成功结束
2015-09-01 10:34:58,598 [8] INFO  - 步骤“将xsid更新至最新值”: 步骤“将xsid更新至最新值”已启动
2015-09-01 10:34:58,598 [8] INFO  - 步骤“将xsid更新至最新值”: 输入参数“源字符串”，值:“abc”
2015-09-01 10:34:58,598 [8] INFO  - 步骤“将xsid更新至最新值”: 输入参数“搜索字符串 1”，值:“'x_1f1a0e62u0t5j480c916h26642tc3didb95f5an861da049516m0y7pd5aiu00'”
2015-09-01 10:34:58,598 [8] INFO  - 步骤“将xsid更新至最新值”: 输入参数“替换字符串 1”，值:“'x_071aha6b4ft633ibbc5052n169d70091e688e8ubm7a8ifud07030e6cutj8c1'”
2015-09-01 10:34:58,598 [8] INFO  - 步骤“将xsid更新至最新值”: 输出参数“结果”，值:“abc”
2015-09-01 10:34:58,598 [8] INFO  - 步骤“将xsid更新至最新值”已成功结束
2015-09-01 10:34:58,598 [8] INFO  - 步骤“调用/jxt/class.php”: 步骤“调用/jxt/class.php”已启动
2015-09-01 10:34:58,598 [8] INFO  - 步骤“调用/jxt/class.php”: 提取 HTTP URL: 'http://yace-iq.365ime.com/jxt/class.php'
2015-09-01 10:35:01,157 [8] INFO  - 步骤“调用/jxt/class.php”: 服务器返回了状态代码: 200
2015-09-01 10:35:01,157 [8] INFO  - 步骤“调用/jxt/class.php”: HTTP 原始请求:
2015-09-01 10:35:01,157 [8] INFO  - 步骤“调用/jxt/class.php”: POST http://yace-iq.365ime.com/jxt/class.php 1.1
Content-Type: application/x-www-form-urlencoded
Host: yace-iq.365ime.com
Content-Length: 99
Expect: 100-continue
myJid=77401169@365ime.com&xsid=abc&token=c8255e8536d1e44751f74febe483384537fc6206&xxcode=2177000014

2015-09-01 10:35:01,172 [8] INFO  - 步骤“调用/jxt/class.php”: HTTP 原始响应:
2015-09-01 10:35:01,172 [8] INFO  - 步骤“调用/jxt/class.php”: HTTP/1.1 200 OK
Access-Control-Allow-Origin: *
Transfer-Encoding: chunked
Content-Type: text/html;charset=UTF-8
Date: Tue, 01 Sep 2015 02:35:19 GMT
Server: Apache-Coyote/1.1
{"errorMessage":"invalid xsid !Timeout waiting for value: waited 2,500 ms. Node status: Connection Status { 0378927382e911e4.m.cnqdalicm9pub001.ocs.aliyuncs.com/10.157.212.8:11211 active: false, authed: false, last read: 56,334,635 ms ago }","errorCode":"1"}

2015-09-01 10:35:01,188 [8] INFO  - 步骤“调用/jxt/class.php”已成功结束
2015-09-01 10:35:01,204 [8] INFO  - 步骤“获取返回值转换为JSON”: 步骤“获取返回值转换为JSON”已启动
2015-09-01 10:35:01,204 [8] INFO  - 步骤“获取返回值转换为JSON”已成功结束
2015-09-01 10:35:01,219 [8] INFO  - 步骤“将Response插入到InterfaceResponse字段中”: 步骤“将Response插入到InterfaceResponse字段中”已启动
2015-09-01 10:35:01,219 [8] INFO  - 步骤“将Response插入到InterfaceResponse字段中”已成功结束
2015-09-01 10:35:01,219 [8] INFO  - 步骤“将errorcode更新到sql中”: 步骤“将errorcode更新到sql中”已启动
2015-09-01 10:35:01,235 [8] INFO  - 步骤“将errorcode更新到sql中”已成功结束
2015-09-01 10:35:01,235 [8] INFO  - 步骤“获取当前Case的实际值”: 步骤“获取当前Case的实际值”已启动
2015-09-01 10:35:01,235 [8] INFO  - 步骤“获取当前Case的实际值”已成功结束
2015-09-01 10:35:01,235 [8] INFO  - 步骤“获取当前Case的期待值”: 步骤“获取当前Case的期待值”已启动
2015-09-01 10:35:01,250 [8] INFO  - 步骤“获取当前Case的期待值”已成功结束
2015-09-01 10:35:01,250 [8] INFO  - 步骤“填写Result”: 步骤“填写Result”已启动
2015-09-01 10:35:01,250 [8] INFO  - 步骤“IfElse106”: 计算方式: 使用条件
2015-09-01 10:35:01,250 [8] INFO  - 步骤“是”: 步骤“是”已启动
2015-09-01 10:35:01,250 [8] INFO  - 步骤“在Result字段插入True”: 步骤“在Result字段插入True”已启动
2015-09-01 10:35:01,250 [8] INFO  - 步骤“在Result字段插入True”已成功结束
2015-09-01 10:35:01,250 [8] INFO  - 步骤“是”已成功结束
2015-09-01 10:35:01,266 [8] INFO  - 步骤“填写Result”已成功结束
2015-09-01 10:35:01,266 [8] INFO  - 步骤“迭代 3”已成功结束
2015-09-01 10:35:01,266 [8] INFO  - 步骤“迭代 4”: 步骤“迭代 4”已启动
2015-09-01 10:35:01,266 [8] INFO  - 步骤“查询tb_getclassinfo_verification表中数据”: 步骤“查询tb_getclassinfo_verification表中数据”已启动
2015-09-01 10:35:01,266 [8] INFO  - 步骤“查询tb_getclassinfo_verification表中数据”已成功结束
2015-09-01 10:35:01,266 [8] INFO  - 步骤“查询tb_global_table表中ResponseXsid值”: 步骤“查询tb_global_table表中ResponseXsid值”已启动
2015-09-01 10:35:01,266 [8] INFO  - 步骤“查询tb_global_table表中ResponseXsid值”已成功结束
2015-09-01 10:35:01,266 [8] INFO  - 步骤“将xsid更新至最新值”: 步骤“将xsid更新至最新值”已启动
2015-09-01 10:35:01,282 [8] INFO  - 步骤“将xsid更新至最新值”: 输入参数“源字符串”，值:“!@#$%^&”
2015-09-01 10:35:01,282 [8] INFO  - 步骤“将xsid更新至最新值”: 输入参数“搜索字符串 1”，值:“'x_1f1a0e62u0t5j480c916h26642tc3didb95f5an861da049516m0y7pd5aiu00'”
2015-09-01 10:35:01,282 [8] INFO  - 步骤“将xsid更新至最新值”: 输入参数“替换字符串 1”，值:“'x_071aha6b4ft633ibbc5052n169d70091e688e8ubm7a8ifud07030e6cutj8c1'”
2015-09-01 10:35:01,282 [8] INFO  - 步骤“将xsid更新至最新值”: 输出参数“结果”，值:“!@#$%^&”
2015-09-01 10:35:01,282 [8] INFO  - 步骤“将xsid更新至最新值”已成功结束
2015-09-01 10:35:01,282 [8] INFO  - 步骤“调用/jxt/class.php”: 步骤“调用/jxt/class.php”已启动
2015-09-01 10:35:01,282 [8] INFO  - 步骤“调用/jxt/class.php”: 提取 HTTP URL: 'http://yace-iq.365ime.com/jxt/class.php'
2015-09-01 10:35:01,328 [8] INFO  - 步骤“调用/jxt/class.php”: 服务器返回了状态代码: 200
2015-09-01 10:35:01,328 [8] INFO  - 步骤“调用/jxt/class.php”: HTTP 原始请求:
2015-09-01 10:35:01,328 [8] INFO  - 步骤“调用/jxt/class.php”: POST http://yace-iq.365ime.com/jxt/class.php 1.1
Content-Type: application/x-www-form-urlencoded
Host: yace-iq.365ime.com
Content-Length: 103
Expect: 100-continue
myJid=77401169@365ime.com&xsid=!@#$%^&&token=c8255e8536d1e44751f74febe483384537fc6206&xxcode=2177000014

2015-09-01 10:35:01,344 [8] INFO  - 步骤“调用/jxt/class.php”: HTTP 原始响应:
2015-09-01 10:35:01,344 [8] INFO  - 步骤“调用/jxt/class.php”: HTTP/1.1 200 OK
Access-Control-Allow-Origin: *
Transfer-Encoding: chunked
Content-Type: text/html;charset=UTF-8
Date: Tue, 01 Sep 2015 02:35:19 GMT
Server: Apache-Coyote/1.1
{"errorMessage":"Parameter is error !","errorCode":"1"}

2015-09-01 10:35:01,344 [8] INFO  - 步骤“调用/jxt/class.php”已成功结束
2015-09-01 10:35:01,344 [8] INFO  - 步骤“获取返回值转换为JSON”: 步骤“获取返回值转换为JSON”已启动
2015-09-01 10:35:01,360 [8] INFO  - 步骤“获取返回值转换为JSON”已成功结束
2015-09-01 10:35:01,360 [8] INFO  - 步骤“将Response插入到InterfaceResponse字段中”: 步骤“将Response插入到InterfaceResponse字段中”已启动
2015-09-01 10:35:01,375 [8] INFO  - 步骤“将Response插入到InterfaceResponse字段中”已成功结束
2015-09-01 10:35:01,375 [8] INFO  - 步骤“将errorcode更新到sql中”: 步骤“将errorcode更新到sql中”已启动
2015-09-01 10:35:01,375 [8] INFO  - 步骤“将errorcode更新到sql中”已成功结束
2015-09-01 10:35:01,391 [8] INFO  - 步骤“获取当前Case的实际值”: 步骤“获取当前Case的实际值”已启动
2015-09-01 10:35:01,391 [8] INFO  - 步骤“获取当前Case的实际值”已成功结束
2015-09-01 10:35:01,391 [8] INFO  - 步骤“获取当前Case的期待值”: 步骤“获取当前Case的期待值”已启动
2015-09-01 10:35:01,406 [8] INFO  - 步骤“获取当前Case的期待值”已成功结束
2015-09-01 10:35:01,406 [8] INFO  - 步骤“填写Result”: 步骤“填写Result”已启动
2015-09-01 10:35:01,406 [8] INFO  - 步骤“IfElse106”: 计算方式: 使用条件
2015-09-01 10:35:01,406 [8] INFO  - 步骤“是”: 步骤“是”已启动
2015-09-01 10:35:01,422 [8] INFO  - 步骤“在Result字段插入True”: 步骤“在Result字段插入True”已启动
2015-09-01 10:35:01,422 [8] INFO  - 步骤“在Result字段插入True”已成功结束
2015-09-01 10:35:01,422 [8] INFO  - 步骤“是”已成功结束
2015-09-01 10:35:01,438 [8] INFO  - 步骤“填写Result”已成功结束
2015-09-01 10:35:01,438 [8] INFO  - 步骤“迭代 4”已成功结束
2015-09-01 10:35:01,438 [8] INFO  - 步骤“迭代 5”: 步骤“迭代 5”已启动
2015-09-01 10:35:01,438 [8] INFO  - 步骤“查询tb_getclassinfo_verification表中数据”: 步骤“查询tb_getclassinfo_verification表中数据”已启动
2015-09-01 10:35:01,453 [8] INFO  - 步骤“查询tb_getclassinfo_verification表中数据”已成功结束
2015-09-01 10:35:01,453 [8] INFO  - 步骤“查询tb_global_table表中ResponseXsid值”: 步骤“查询tb_global_table表中ResponseXsid值”已启动
2015-09-01 10:35:01,453 [8] INFO  - 步骤“查询tb_global_table表中ResponseXsid值”已成功结束
2015-09-01 10:35:01,453 [8] INFO  - 步骤“将xsid更新至最新值”: 步骤“将xsid更新至最新值”已启动
2015-09-01 10:35:01,469 [8] INFO  - 步骤“将xsid更新至最新值”: 输入参数“源字符串”，值:“123.abc”
2015-09-01 10:35:01,469 [8] INFO  - 步骤“将xsid更新至最新值”: 输入参数“搜索字符串 1”，值:“'x_1f1a0e62u0t5j480c916h26642tc3didb95f5an861da049516m0y7pd5aiu00'”
2015-09-01 10:35:01,469 [8] INFO  - 步骤“将xsid更新至最新值”: 输入参数“替换字符串 1”，值:“'x_071aha6b4ft633ibbc5052n169d70091e688e8ubm7a8ifud07030e6cutj8c1'”
2015-09-01 10:35:01,469 [8] INFO  - 步骤“将xsid更新至最新值”: 输出参数“结果”，值:“123.abc”
2015-09-01 10:35:01,469 [8] INFO  - 步骤“将xsid更新至最新值”已成功结束
2015-09-01 10:35:01,484 [8] INFO  - 步骤“调用/jxt/class.php”: 步骤“调用/jxt/class.php”已启动
2015-09-01 10:35:01,484 [8] INFO  - 步骤“调用/jxt/class.php”: 提取 HTTP URL: 'http://yace-iq.365ime.com/jxt/class.php'
2015-09-01 10:35:04,027 [8] INFO  - 步骤“调用/jxt/class.php”: 服务器返回了状态代码: 200
2015-09-01 10:35:04,043 [8] INFO  - 步骤“调用/jxt/class.php”: HTTP 原始请求:
2015-09-01 10:35:04,043 [8] INFO  - 步骤“调用/jxt/class.php”: POST http://yace-iq.365ime.com/jxt/class.php 1.1
Content-Type: application/x-www-form-urlencoded
Host: yace-iq.365ime.com
Content-Length: 103
Expect: 100-continue
myJid=77401169@365ime.com&xsid=123.abc&token=c8255e8536d1e44751f74febe483384537fc6206&xxcode=2177000014

2015-09-01 10:35:04,058 [8] INFO  - 步骤“调用/jxt/class.php”: HTTP 原始响应:
2015-09-01 10:35:04,058 [8] INFO  - 步骤“调用/jxt/class.php”: HTTP/1.1 200 OK
Access-Control-Allow-Origin: *
Transfer-Encoding: chunked
Content-Type: text/html;charset=UTF-8
Date: Tue, 01 Sep 2015 02:35:22 GMT
Server: Apache-Coyote/1.1
{"errorMessage":"invalid xsid !Timeout waiting for value: waited 2,500 ms. Node status: Connection Status { 0378927382e911e4.m.cnqdalicm9pub001.ocs.aliyuncs.com/10.157.212.8:11211 active: false, authed: false, last read: 56,337,521 ms ago }","errorCode":"1"}

2015-09-01 10:35:04,058 [8] INFO  - 步骤“调用/jxt/class.php”已成功结束
2015-09-01 10:35:04,074 [8] INFO  - 步骤“获取返回值转换为JSON”: 步骤“获取返回值转换为JSON”已启动
2015-09-01 10:35:04,074 [8] INFO  - 步骤“获取返回值转换为JSON”已成功结束
2015-09-01 10:35:04,074 [8] INFO  - 步骤“将Response插入到InterfaceResponse字段中”: 步骤“将Response插入到InterfaceResponse字段中”已启动
2015-09-01 10:35:04,090 [8] INFO  - 步骤“将Response插入到InterfaceResponse字段中”已成功结束
2015-09-01 10:35:04,090 [8] INFO  - 步骤“将errorcode更新到sql中”: 步骤“将errorcode更新到sql中”已启动
2015-09-01 10:35:04,105 [8] INFO  - 步骤“将errorcode更新到sql中”已成功结束
2015-09-01 10:35:04,105 [8] INFO  - 步骤“获取当前Case的实际值”: 步骤“获取当前Case的实际值”已启动
2015-09-01 10:35:04,105 [8] INFO  - 步骤“获取当前Case的实际值”已成功结束
2015-09-01 10:35:04,105 [8] INFO  - 步骤“获取当前Case的期待值”: 步骤“获取当前Case的期待值”已启动
2015-09-01 10:35:04,105 [8] INFO  - 步骤“获取当前Case的期待值”已成功结束
2015-09-01 10:35:04,121 [8] INFO  - 步骤“填写Result”: 步骤“填写Result”已启动
2015-09-01 10:35:04,121 [8] INFO  - 步骤“IfElse106”: 计算方式: 使用条件
2015-09-01 10:35:04,121 [8] INFO  - 步骤“是”: 步骤“是”已启动
2015-09-01 10:35:04,121 [8] INFO  - 步骤“在Result字段插入True”: 步骤“在Result字段插入True”已启动
2015-09-01 10:35:04,121 [8] INFO  - 步骤“在Result字段插入True”已成功结束
2015-09-01 10:35:04,136 [8] INFO  - 步骤“是”已成功结束
2015-09-01 10:35:04,136 [8] INFO  - 步骤“填写Result”已成功结束
2015-09-01 10:35:04,136 [8] INFO  - 步骤“迭代 5”已成功结束
2015-09-01 10:35:04,136 [8] INFO  - 步骤“迭代 6”: 步骤“迭代 6”已启动
2015-09-01 10:35:04,136 [8] INFO  - 步骤“查询tb_getclassinfo_verification表中数据”: 步骤“查询tb_getclassinfo_verification表中数据”已启动
2015-09-01 10:35:04,152 [8] INFO  - 步骤“查询tb_getclassinfo_verification表中数据”已成功结束
2015-09-01 10:35:04,152 [8] INFO  - 步骤“查询tb_global_table表中ResponseXsid值”: 步骤“查询tb_global_table表中ResponseXsid值”已启动
2015-09-01 10:35:04,152 [8] INFO  - 步骤“查询tb_global_table表中ResponseXsid值”已成功结束
2015-09-01 10:35:04,152 [8] INFO  - 步骤“将xsid更新至最新值”: 步骤“将xsid更新至最新值”已启动
2015-09-01 10:35:04,152 [8] INFO  - 步骤“将xsid更新至最新值”: 输入参数“源字符串”，值:“x_1f1a0e62u0t5j480c916h26642tc3didb95f5an861da049516m0y7pd5aiu00”
2015-09-01 10:35:04,168 [8] INFO  - 步骤“将xsid更新至最新值”: 输入参数“搜索字符串 1”，值:“'x_1f1a0e62u0t5j480c916h26642tc3didb95f5an861da049516m0y7pd5aiu00'”
2015-09-01 10:35:04,168 [8] INFO  - 步骤“将xsid更新至最新值”: 输入参数“替换字符串 1”，值:“'x_071aha6b4ft633ibbc5052n169d70091e688e8ubm7a8ifud07030e6cutj8c1'”
2015-09-01 10:35:04,168 [8] INFO  - 步骤“将xsid更新至最新值”: 输出参数“结果”，值:“x_071aha6b4ft633ibbc5052n169d70091e688e8ubm7a8ifud07030e6cutj8c1”
2015-09-01 10:35:04,168 [8] INFO  - 步骤“将xsid更新至最新值”已成功结束
2015-09-01 10:35:04,168 [8] INFO  - 步骤“调用/jxt/class.php”: 步骤“调用/jxt/class.php”已启动
2015-09-01 10:35:04,168 [8] INFO  - 步骤“调用/jxt/class.php”: 提取 HTTP URL: 'http://yace-iq.365ime.com/jxt/class.php'
2015-09-01 10:35:04,230 [8] INFO  - 步骤“调用/jxt/class.php”: 服务器返回了状态代码: 200
2015-09-01 10:35:04,230 [8] INFO  - 步骤“调用/jxt/class.php”: HTTP 原始请求:
2015-09-01 10:35:04,230 [8] INFO  - 步骤“调用/jxt/class.php”: POST http://yace-iq.365ime.com/jxt/class.php 1.1
Content-Type: application/x-www-form-urlencoded
Host: yace-iq.365ime.com
Content-Length: 150
Expect: 100-continue
myJid=77401169@365ime.com&xsid=x_071aha6b4ft633ibbc5052n169d70091e688e8ubm7a8ifud07030e6cutj8c1&token=c8255e8536d1e44751f74febe483384537fc6206&xxcode=

2015-09-01 10:35:04,246 [8] INFO  - 步骤“调用/jxt/class.php”: HTTP 原始响应:
2015-09-01 10:35:04,246 [8] INFO  - 步骤“调用/jxt/class.php”: HTTP/1.1 200 OK
Access-Control-Allow-Origin: *
Transfer-Encoding: chunked
Content-Type: text/html;charset=UTF-8
Date: Tue, 01 Sep 2015 02:35:22 GMT
Server: Apache-Coyote/1.1
{"errorMessage":"Parameter is error !","errorCode":"1"}

2015-09-01 10:35:04,261 [8] INFO  - 步骤“调用/jxt/class.php”已成功结束
2015-09-01 10:35:04,261 [8] INFO  - 步骤“获取返回值转换为JSON”: 步骤“获取返回值转换为JSON”已启动
2015-09-01 10:35:04,261 [8] INFO  - 步骤“获取返回值转换为JSON”已成功结束
2015-09-01 10:35:04,261 [8] INFO  - 步骤“将Response插入到InterfaceResponse字段中”: 步骤“将Response插入到InterfaceResponse字段中”已启动
2015-09-01 10:35:04,277 [8] INFO  - 步骤“将Response插入到InterfaceResponse字段中”已成功结束
2015-09-01 10:35:04,277 [8] INFO  - 步骤“将errorcode更新到sql中”: 步骤“将errorcode更新到sql中”已启动
2015-09-01 10:35:04,292 [8] INFO  - 步骤“将errorcode更新到sql中”已成功结束
2015-09-01 10:35:04,292 [8] INFO  - 步骤“获取当前Case的实际值”: 步骤“获取当前Case的实际值”已启动
2015-09-01 10:35:04,292 [8] INFO  - 步骤“获取当前Case的实际值”已成功结束
2015-09-01 10:35:04,292 [8] INFO  - 步骤“获取当前Case的期待值”: 步骤“获取当前Case的期待值”已启动
2015-09-01 10:35:04,292 [8] INFO  - 步骤“获取当前Case的期待值”已成功结束
2015-09-01 10:35:04,292 [8] INFO  - 步骤“填写Result”: 步骤“填写Result”已启动
2015-09-01 10:35:04,308 [8] INFO  - 步骤“IfElse106”: 计算方式: 使用条件
2015-09-01 10:35:04,308 [8] INFO  - 步骤“是”: 步骤“是”已启动
2015-09-01 10:35:04,308 [8] INFO  - 步骤“在Result字段插入True”: 步骤“在Result字段插入True”已启动
2015-09-01 10:35:04,308 [8] INFO  - 步骤“在Result字段插入True”已成功结束
2015-09-01 10:35:04,308 [8] INFO  - 步骤“是”已成功结束
2015-09-01 10:35:04,308 [8] INFO  - 步骤“填写Result”已成功结束
2015-09-01 10:35:04,308 [8] INFO  - 步骤“迭代 6”已成功结束
2015-09-01 10:35:04,324 [8] INFO  - 步骤“迭代 7”: 步骤“迭代 7”已启动
2015-09-01 10:35:04,324 [8] INFO  - 步骤“查询tb_getclassinfo_verification表中数据”: 步骤“查询tb_getclassinfo_verification表中数据”已启动
2015-09-01 10:35:04,324 [8] INFO  - 步骤“查询tb_getclassinfo_verification表中数据”已成功结束
2015-09-01 10:35:04,324 [8] INFO  - 步骤“查询tb_global_table表中ResponseXsid值”: 步骤“查询tb_global_table表中ResponseXsid值”已启动
2015-09-01 10:35:04,324 [8] INFO  - 步骤“查询tb_global_table表中ResponseXsid值”已成功结束
2015-09-01 10:35:04,324 [8] INFO  - 步骤“将xsid更新至最新值”: 步骤“将xsid更新至最新值”已启动
2015-09-01 10:35:04,339 [8] INFO  - 步骤“将xsid更新至最新值”: 输入参数“源字符串”，值:“x_1f1a0e62u0t5j480c916h26642tc3didb95f5an861da049516m0y7pd5aiu00”
2015-09-01 10:35:04,339 [8] INFO  - 步骤“将xsid更新至最新值”: 输入参数“搜索字符串 1”，值:“'x_1f1a0e62u0t5j480c916h26642tc3didb95f5an861da049516m0y7pd5aiu00'”
2015-09-01 10:35:04,339 [8] INFO  - 步骤“将xsid更新至最新值”: 输入参数“替换字符串 1”，值:“'x_071aha6b4ft633ibbc5052n169d70091e688e8ubm7a8ifud07030e6cutj8c1'”
2015-09-01 10:35:04,339 [8] INFO  - 步骤“将xsid更新至最新值”: 输出参数“结果”，值:“x_071aha6b4ft633ibbc5052n169d70091e688e8ubm7a8ifud07030e6cutj8c1”
2015-09-01 10:35:04,339 [8] INFO  - 步骤“将xsid更新至最新值”已成功结束
2015-09-01 10:35:04,339 [8] INFO  - 步骤“调用/jxt/class.php”: 步骤“调用/jxt/class.php”已启动
2015-09-01 10:35:04,339 [8] INFO  - 步骤“调用/jxt/class.php”: 提取 HTTP URL: 'http://yace-iq.365ime.com/jxt/class.php'
2015-09-01 10:35:04,402 [8] INFO  - 步骤“调用/jxt/class.php”: 服务器返回了状态代码: 200
2015-09-01 10:35:04,402 [8] INFO  - 步骤“调用/jxt/class.php”: HTTP 原始请求:
2015-09-01 10:35:04,402 [8] INFO  - 步骤“调用/jxt/class.php”: POST http://yace-iq.365ime.com/jxt/class.php 1.1
Content-Type: application/x-www-form-urlencoded
Host: yace-iq.365ime.com
Content-Length: 153
Expect: 100-continue
myJid=77401169@365ime.com&xsid=x_071aha6b4ft633ibbc5052n169d70091e688e8ubm7a8ifud07030e6cutj8c1&token=c8255e8536d1e44751f74febe483384537fc6206&xxcode=abc

2015-09-01 10:35:04,417 [8] INFO  - 步骤“调用/jxt/class.php”: HTTP 原始响应:
2015-09-01 10:35:04,417 [8] INFO  - 步骤“调用/jxt/class.php”: HTTP/1.1 200 OK
Access-Control-Allow-Origin: *
Transfer-Encoding: chunked
Content-Type: text/html;charset=UTF-8
Date: Tue, 01 Sep 2015 02:35:22 GMT
Server: Apache-Coyote/1.1
{"errorMessage":"no data","errorCode":"2000"}

2015-09-01 10:35:04,433 [8] INFO  - 步骤“调用/jxt/class.php”已成功结束
2015-09-01 10:35:04,433 [8] INFO  - 步骤“获取返回值转换为JSON”: 步骤“获取返回值转换为JSON”已启动
2015-09-01 10:35:04,433 [8] INFO  - 步骤“获取返回值转换为JSON”已成功结束
2015-09-01 10:35:04,448 [8] INFO  - 步骤“将Response插入到InterfaceResponse字段中”: 步骤“将Response插入到InterfaceResponse字段中”已启动
2015-09-01 10:35:04,464 [8] INFO  - 步骤“将Response插入到InterfaceResponse字段中”已成功结束
2015-09-01 10:35:04,464 [8] INFO  - 步骤“将errorcode更新到sql中”: 步骤“将errorcode更新到sql中”已启动
2015-09-01 10:35:04,464 [8] INFO  - 步骤“将errorcode更新到sql中”已成功结束
2015-09-01 10:35:04,480 [8] INFO  - 步骤“获取当前Case的实际值”: 步骤“获取当前Case的实际值”已启动
2015-09-01 10:35:04,480 [8] INFO  - 步骤“获取当前Case的实际值”已成功结束
2015-09-01 10:35:04,480 [8] INFO  - 步骤“获取当前Case的期待值”: 步骤“获取当前Case的期待值”已启动
2015-09-01 10:35:04,495 [8] INFO  - 步骤“获取当前Case的期待值”已成功结束
2015-09-01 10:35:04,495 [8] INFO  - 步骤“填写Result”: 步骤“填写Result”已启动
2015-09-01 10:35:04,495 [8] INFO  - 步骤“IfElse106”: 计算方式: 使用条件
2015-09-01 10:35:04,495 [8] INFO  - 步骤“是”: 步骤“是”已启动
2015-09-01 10:35:04,511 [8] INFO  - 步骤“在Result字段插入True”: 步骤“在Result字段插入True”已启动
2015-09-01 10:35:04,511 [8] INFO  - 步骤“在Result字段插入True”已成功结束
2015-09-01 10:35:04,511 [8] INFO  - 步骤“是”已成功结束
2015-09-01 10:35:04,526 [8] INFO  - 步骤“填写Result”已成功结束
2015-09-01 10:35:04,526 [8] INFO  - 步骤“迭代 7”已成功结束
2015-09-01 10:35:04,526 [8] INFO  - 步骤“迭代 8”: 步骤“迭代 8”已启动
2015-09-01 10:35:04,542 [8] INFO  - 步骤“查询tb_getclassinfo_verification表中数据”: 步骤“查询tb_getclassinfo_verification表中数据”已启动
2015-09-01 10:35:04,542 [8] INFO  - 步骤“查询tb_getclassinfo_verification表中数据”已成功结束
2015-09-01 10:35:04,542 [8] INFO  - 步骤“查询tb_global_table表中ResponseXsid值”: 步骤“查询tb_global_table表中ResponseXsid值”已启动
2015-09-01 10:35:04,558 [8] INFO  - 步骤“查询tb_global_table表中ResponseXsid值”已成功结束
2015-09-01 10:35:04,558 [8] INFO  - 步骤“将xsid更新至最新值”: 步骤“将xsid更新至最新值”已启动
2015-09-01 10:35:04,558 [8] INFO  - 步骤“将xsid更新至最新值”: 输入参数“源字符串”，值:“x_1f1a0e62u0t5j480c916h26642tc3didb95f5an861da049516m0y7pd5aiu00”
2015-09-01 10:35:04,558 [8] INFO  - 步骤“将xsid更新至最新值”: 输入参数“搜索字符串 1”，值:“'x_1f1a0e62u0t5j480c916h26642tc3didb95f5an861da049516m0y7pd5aiu00'”
2015-09-01 10:35:04,558 [8] INFO  - 步骤“将xsid更新至最新值”: 输入参数“替换字符串 1”，值:“'x_071aha6b4ft633ibbc5052n169d70091e688e8ubm7a8ifud07030e6cutj8c1'”
2015-09-01 10:35:04,558 [8] INFO  - 步骤“将xsid更新至最新值”: 输出参数“结果”，值:“x_071aha6b4ft633ibbc5052n169d70091e688e8ubm7a8ifud07030e6cutj8c1”
2015-09-01 10:35:04,573 [8] INFO  - 步骤“将xsid更新至最新值”已成功结束
2015-09-01 10:35:04,573 [8] INFO  - 步骤“调用/jxt/class.php”: 步骤“调用/jxt/class.php”已启动
2015-09-01 10:35:04,573 [8] INFO  - 步骤“调用/jxt/class.php”: 提取 HTTP URL: 'http://yace-iq.365ime.com/jxt/class.php'
2015-09-01 10:35:04,620 [8] INFO  - 步骤“调用/jxt/class.php”: 服务器返回了状态代码: 200
2015-09-01 10:35:04,636 [8] INFO  - 步骤“调用/jxt/class.php”: HTTP 原始请求:
2015-09-01 10:35:04,636 [8] INFO  - 步骤“调用/jxt/class.php”: POST http://yace-iq.365ime.com/jxt/class.php 1.1
Content-Type: application/x-www-form-urlencoded
Host: yace-iq.365ime.com
Content-Length: 157
Expect: 100-continue
myJid=77401169@365ime.com&xsid=x_071aha6b4ft633ibbc5052n169d70091e688e8ubm7a8ifud07030e6cutj8c1&token=c8255e8536d1e44751f74febe483384537fc6206&xxcode=!@#$%^&

2015-09-01 10:35:04,636 [8] INFO  - 步骤“调用/jxt/class.php”: HTTP 原始响应:
2015-09-01 10:35:04,651 [8] INFO  - 步骤“调用/jxt/class.php”: HTTP/1.1 200 OK
Access-Control-Allow-Origin: *
Transfer-Encoding: chunked
Content-Type: text/html;charset=UTF-8
Date: Tue, 01 Sep 2015 02:35:22 GMT
Server: Apache-Coyote/1.1
{"errorMessage":"Parameter is error !","errorCode":"1"}

2015-09-01 10:35:04,651 [8] INFO  - 步骤“调用/jxt/class.php”已成功结束
2015-09-01 10:35:04,651 [8] INFO  - 步骤“获取返回值转换为JSON”: 步骤“获取返回值转换为JSON”已启动
2015-09-01 10:35:04,667 [8] INFO  - 步骤“获取返回值转换为JSON”已成功结束
2015-09-01 10:35:04,667 [8] INFO  - 步骤“将Response插入到InterfaceResponse字段中”: 步骤“将Response插入到InterfaceResponse字段中”已启动
2015-09-01 10:35:04,682 [8] INFO  - 步骤“将Response插入到InterfaceResponse字段中”已成功结束
2015-09-01 10:35:04,682 [8] INFO  - 步骤“将errorcode更新到sql中”: 步骤“将errorcode更新到sql中”已启动
2015-09-01 10:35:04,698 [8] INFO  - 步骤“将errorcode更新到sql中”已成功结束
2015-09-01 10:35:04,698 [8] INFO  - 步骤“获取当前Case的实际值”: 步骤“获取当前Case的实际值”已启动
2015-09-01 10:35:04,698 [8] INFO  - 步骤“获取当前Case的实际值”已成功结束
2015-09-01 10:35:04,714 [8] INFO  - 步骤“获取当前Case的期待值”: 步骤“获取当前Case的期待值”已启动
2015-09-01 10:35:04,714 [8] INFO  - 步骤“获取当前Case的期待值”已成功结束
2015-09-01 10:35:04,714 [8] INFO  - 步骤“填写Result”: 步骤“填写Result”已启动
2015-09-01 10:35:04,714 [8] INFO  - 步骤“IfElse106”: 计算方式: 使用条件
2015-09-01 10:35:04,729 [8] INFO  - 步骤“是”: 步骤“是”已启动
2015-09-01 10:35:04,729 [8] INFO  - 步骤“在Result字段插入True”: 步骤“在Result字段插入True”已启动
2015-09-01 10:35:04,729 [8] INFO  - 步骤“在Result字段插入True”已成功结束
2015-09-01 10:35:04,745 [8] INFO  - 步骤“是”已成功结束
2015-09-01 10:35:04,745 [8] INFO  - 步骤“填写Result”已成功结束
2015-09-01 10:35:04,745 [8] INFO  - 步骤“迭代 8”已成功结束
2015-09-01 10:35:04,745 [8] INFO  - 步骤“迭代 9”: 步骤“迭代 9”已启动
2015-09-01 10:35:04,760 [8] INFO  - 步骤“查询tb_getclassinfo_verification表中数据”: 步骤“查询tb_getclassinfo_verification表中数据”已启动
2015-09-01 10:35:04,760 [8] INFO  - 步骤“查询tb_getclassinfo_verification表中数据”已成功结束
2015-09-01 10:35:04,760 [8] INFO  - 步骤“查询tb_global_table表中ResponseXsid值”: 步骤“查询tb_global_table表中ResponseXsid值”已启动
2015-09-01 10:35:04,776 [8] INFO  - 步骤“查询tb_global_table表中ResponseXsid值”已成功结束
2015-09-01 10:35:04,776 [8] INFO  - 步骤“将xsid更新至最新值”: 步骤“将xsid更新至最新值”已启动
2015-09-01 10:35:04,776 [8] INFO  - 步骤“将xsid更新至最新值”: 输入参数“源字符串”，值:“x_1f1a0e62u0t5j480c916h26642tc3didb95f5an861da049516m0y7pd5aiu00”
2015-09-01 10:35:04,776 [8] INFO  - 步骤“将xsid更新至最新值”: 输入参数“搜索字符串 1”，值:“'x_1f1a0e62u0t5j480c916h26642tc3didb95f5an861da049516m0y7pd5aiu00'”
2015-09-01 10:35:04,776 [8] INFO  - 步骤“将xsid更新至最新值”: 输入参数“替换字符串 1”，值:“'x_071aha6b4ft633ibbc5052n169d70091e688e8ubm7a8ifud07030e6cutj8c1'”
2015-09-01 10:35:04,776 [8] INFO  - 步骤“将xsid更新至最新值”: 输出参数“结果”，值:“x_071aha6b4ft633ibbc5052n169d70091e688e8ubm7a8ifud07030e6cutj8c1”
2015-09-01 10:35:04,792 [8] INFO  - 步骤“将xsid更新至最新值”已成功结束
2015-09-01 10:35:04,792 [8] INFO  - 步骤“调用/jxt/class.php”: 步骤“调用/jxt/class.php”已启动
2015-09-01 10:35:04,792 [8] INFO  - 步骤“调用/jxt/class.php”: 提取 HTTP URL: 'http://yace-iq.365ime.com/jxt/class.php'
2015-09-01 10:35:04,838 [8] INFO  - 步骤“调用/jxt/class.php”: 服务器返回了状态代码: 200
2015-09-01 10:35:04,854 [8] INFO  - 步骤“调用/jxt/class.php”: HTTP 原始请求:
2015-09-01 10:35:04,854 [8] INFO  - 步骤“调用/jxt/class.php”: POST http://yace-iq.365ime.com/jxt/class.php 1.1
Content-Type: application/x-www-form-urlencoded
Host: yace-iq.365ime.com
Content-Length: 153
Expect: 100-continue
myJid=77401169@365ime.com&xsid=x_071aha6b4ft633ibbc5052n169d70091e688e8ubm7a8ifud07030e6cutj8c1&token=c8255e8536d1e44751f74febe483384537fc6206&xxcode=123

2015-09-01 10:35:04,870 [8] INFO  - 步骤“调用/jxt/class.php”: HTTP 原始响应:
2015-09-01 10:35:04,870 [8] INFO  - 步骤“调用/jxt/class.php”: HTTP/1.1 200 OK
Access-Control-Allow-Origin: *
Transfer-Encoding: chunked
Content-Type: text/html;charset=UTF-8
Date: Tue, 01 Sep 2015 02:35:22 GMT
Server: Apache-Coyote/1.1
{"errorMessage":"no data","errorCode":"2000"}

2015-09-01 10:35:04,870 [8] INFO  - 步骤“调用/jxt/class.php”已成功结束
2015-09-01 10:35:04,885 [8] INFO  - 步骤“获取返回值转换为JSON”: 步骤“获取返回值转换为JSON”已启动
2015-09-01 10:35:04,885 [8] INFO  - 步骤“获取返回值转换为JSON”已成功结束
2015-09-01 10:35:04,901 [8] INFO  - 步骤“将Response插入到InterfaceResponse字段中”: 步骤“将Response插入到InterfaceResponse字段中”已启动
2015-09-01 10:35:04,901 [8] INFO  - 步骤“将Response插入到InterfaceResponse字段中”已成功结束
2015-09-01 10:35:04,901 [8] INFO  - 步骤“将errorcode更新到sql中”: 步骤“将errorcode更新到sql中”已启动
2015-09-01 10:35:04,916 [8] INFO  - 步骤“将errorcode更新到sql中”已成功结束
2015-09-01 10:35:04,916 [8] INFO  - 步骤“获取当前Case的实际值”: 步骤“获取当前Case的实际值”已启动
2015-09-01 10:35:04,916 [8] INFO  - 步骤“获取当前Case的实际值”已成功结束
2015-09-01 10:35:04,932 [8] INFO  - 步骤“获取当前Case的期待值”: 步骤“获取当前Case的期待值”已启动
2015-09-01 10:35:04,932 [8] INFO  - 步骤“获取当前Case的期待值”已成功结束
2015-09-01 10:35:04,932 [8] INFO  - 步骤“填写Result”: 步骤“填写Result”已启动
2015-09-01 10:35:04,932 [8] INFO  - 步骤“IfElse106”: 计算方式: 使用条件
2015-09-01 10:35:04,948 [8] INFO  - 步骤“是”: 步骤“是”已启动
2015-09-01 10:35:04,948 [8] INFO  - 步骤“在Result字段插入True”: 步骤“在Result字段插入True”已启动
2015-09-01 10:35:04,948 [8] INFO  - 步骤“在Result字段插入True”已成功结束
2015-09-01 10:35:04,948 [8] INFO  - 步骤“是”已成功结束
2015-09-01 10:35:04,963 [8] INFO  - 步骤“填写Result”已成功结束
2015-09-01 10:35:04,963 [8] INFO  - 步骤“迭代 9”已成功结束
2015-09-01 10:35:04,963 [8] INFO  - 步骤“迭代 10”: 步骤“迭代 10”已启动
2015-09-01 10:35:04,963 [8] INFO  - 步骤“查询tb_getclassinfo_verification表中数据”: 步骤“查询tb_getclassinfo_verification表中数据”已启动
2015-09-01 10:35:04,979 [8] INFO  - 步骤“查询tb_getclassinfo_verification表中数据”已成功结束
2015-09-01 10:35:04,979 [8] INFO  - 步骤“查询tb_global_table表中ResponseXsid值”: 步骤“查询tb_global_table表中ResponseXsid值”已启动
2015-09-01 10:35:04,979 [8] INFO  - 步骤“查询tb_global_table表中ResponseXsid值”已成功结束
2015-09-01 10:35:04,979 [8] INFO  - 步骤“将xsid更新至最新值”: 步骤“将xsid更新至最新值”已启动
2015-09-01 10:35:04,979 [8] INFO  - 步骤“将xsid更新至最新值”: 输入参数“源字符串”，值:“x_1f1a0e62u0t5j480c916h26642tc3didb95f5an861da049516m0y7pd5aiu00”
2015-09-01 10:35:04,994 [8] INFO  - 步骤“将xsid更新至最新值”: 输入参数“搜索字符串 1”，值:“'x_1f1a0e62u0t5j480c916h26642tc3didb95f5an861da049516m0y7pd5aiu00'”
2015-09-01 10:35:04,994 [8] INFO  - 步骤“将xsid更新至最新值”: 输入参数“替换字符串 1”，值:“'x_071aha6b4ft633ibbc5052n169d70091e688e8ubm7a8ifud07030e6cutj8c1'”
2015-09-01 10:35:04,994 [8] INFO  - 步骤“将xsid更新至最新值”: 输出参数“结果”，值:“x_071aha6b4ft633ibbc5052n169d70091e688e8ubm7a8ifud07030e6cutj8c1”
2015-09-01 10:35:04,994 [8] INFO  - 步骤“将xsid更新至最新值”已成功结束
2015-09-01 10:35:04,994 [8] INFO  - 步骤“调用/jxt/class.php”: 步骤“调用/jxt/class.php”已启动
2015-09-01 10:35:05,010 [8] INFO  - 步骤“调用/jxt/class.php”: 提取 HTTP URL: 'http://yace-iq.365ime.com/jxt/class.php'
2015-09-01 10:35:05,057 [8] INFO  - 步骤“调用/jxt/class.php”: 服务器返回了状态代码: 200
2015-09-01 10:35:05,057 [8] INFO  - 步骤“调用/jxt/class.php”: HTTP 原始请求:
2015-09-01 10:35:05,057 [8] INFO  - 步骤“调用/jxt/class.php”: POST http://yace-iq.365ime.com/jxt/class.php 1.1
Content-Type: application/x-www-form-urlencoded
Host: yace-iq.365ime.com
Content-Length: 161
Expect: 100-continue
myJid=887021520@365ime.com&xsid=x_071aha6b4ft633ibbc5052n169d70091e688e8ubm7a8ifud07030e6cutj8c1&token=63a1d35edab8279c697767e9baa5375ca96778f0&xxcode=2177000014

2015-09-01 10:35:05,072 [8] INFO  - 步骤“调用/jxt/class.php”: HTTP 原始响应:
2015-09-01 10:35:05,072 [8] INFO  - 步骤“调用/jxt/class.php”: HTTP/1.1 200 OK
Access-Control-Allow-Origin: *
Transfer-Encoding: chunked
Content-Type: text/html;charset=UTF-8
Date: Tue, 01 Sep 2015 02:35:23 GMT
Server: Apache-Coyote/1.1
{"errorMessage":"invalid xsid !","errorCode":"1"}

2015-09-01 10:35:05,088 [8] INFO  - 步骤“调用/jxt/class.php”已成功结束
2015-09-01 10:35:05,088 [8] INFO  - 步骤“获取返回值转换为JSON”: 步骤“获取返回值转换为JSON”已启动
2015-09-01 10:35:05,088 [8] INFO  - 步骤“获取返回值转换为JSON”已成功结束
2015-09-01 10:35:05,104 [8] INFO  - 步骤“将Response插入到InterfaceResponse字段中”: 步骤“将Response插入到InterfaceResponse字段中”已启动
2015-09-01 10:35:05,104 [8] INFO  - 步骤“将Response插入到InterfaceResponse字段中”已成功结束
2015-09-01 10:35:05,104 [8] INFO  - 步骤“将errorcode更新到sql中”: 步骤“将errorcode更新到sql中”已启动
2015-09-01 10:35:05,119 [8] INFO  - 步骤“将errorcode更新到sql中”已成功结束
2015-09-01 10:35:05,119 [8] INFO  - 步骤“获取当前Case的实际值”: 步骤“获取当前Case的实际值”已启动
2015-09-01 10:35:05,135 [8] INFO  - 步骤“获取当前Case的实际值”已成功结束
2015-09-01 10:35:05,135 [8] INFO  - 步骤“获取当前Case的期待值”: 步骤“获取当前Case的期待值”已启动
2015-09-01 10:35:05,150 [8] INFO  - 步骤“获取当前Case的期待值”已成功结束
2015-09-01 10:35:05,150 [8] INFO  - 步骤“填写Result”: 步骤“填写Result”已启动
2015-09-01 10:35:05,166 [8] INFO  - 步骤“IfElse106”: 计算方式: 使用条件
2015-09-01 10:35:05,166 [8] INFO  - 步骤“是”: 步骤“是”已启动
2015-09-01 10:35:05,166 [8] INFO  - 步骤“在Result字段插入True”: 步骤“在Result字段插入True”已启动
2015-09-01 10:35:05,166 [8] INFO  - 步骤“在Result字段插入True”已成功结束
2015-09-01 10:35:05,166 [8] INFO  - 步骤“是”已成功结束
2015-09-01 10:35:05,166 [8] INFO  - 步骤“填写Result”已成功结束
2015-09-01 10:35:05,182 [8] INFO  - 步骤“迭代 10”已成功结束
2015-09-01 10:35:05,182 [8] INFO  - 步骤“迭代 11”: 步骤“迭代 11”已启动
2015-09-01 10:35:05,182 [8] INFO  - 步骤“查询tb_getclassinfo_verification表中数据”: 步骤“查询tb_getclassinfo_verification表中数据”已启动
2015-09-01 10:35:05,182 [8] INFO  - 步骤“查询tb_getclassinfo_verification表中数据”已成功结束
2015-09-01 10:35:05,182 [8] INFO  - 步骤“查询tb_global_table表中ResponseXsid值”: 步骤“查询tb_global_table表中ResponseXsid值”已启动
2015-09-01 10:35:05,182 [8] INFO  - 步骤“查询tb_global_table表中ResponseXsid值”已成功结束
2015-09-01 10:35:05,182 [8] INFO  - 步骤“将xsid更新至最新值”: 步骤“将xsid更新至最新值”已启动
2015-09-01 10:35:05,197 [8] INFO  - 步骤“将xsid更新至最新值”: 输入参数“源字符串”，值:“x_1f1a0e62u0t5j480c916h26642tc3didb95f5an861da049516m0y7pd5aiu00”
2015-09-01 10:35:05,197 [8] INFO  - 步骤“将xsid更新至最新值”: 输入参数“搜索字符串 1”，值:“'x_1f1a0e62u0t5j480c916h26642tc3didb95f5an861da049516m0y7pd5aiu00'”
2015-09-01 10:35:05,197 [8] INFO  - 步骤“将xsid更新至最新值”: 输入参数“替换字符串 1”，值:“'x_071aha6b4ft633ibbc5052n169d70091e688e8ubm7a8ifud07030e6cutj8c1'”
2015-09-01 10:35:05,197 [8] INFO  - 步骤“将xsid更新至最新值”: 输出参数“结果”，值:“x_071aha6b4ft633ibbc5052n169d70091e688e8ubm7a8ifud07030e6cutj8c1”
2015-09-01 10:35:05,197 [8] INFO  - 步骤“将xsid更新至最新值”已成功结束
2015-09-01 10:35:05,197 [8] INFO  - 步骤“调用/jxt/class.php”: 步骤“调用/jxt/class.php”已启动
2015-09-01 10:35:05,197 [8] INFO  - 步骤“调用/jxt/class.php”: 提取 HTTP URL: 'http://yace-iq.365ime.com/jxt/class.php'
2015-09-01 10:35:05,244 [8] INFO  - 步骤“调用/jxt/class.php”: 服务器返回了状态代码: 200
2015-09-01 10:35:05,244 [8] INFO  - 步骤“调用/jxt/class.php”: HTTP 原始请求:
2015-09-01 10:35:05,260 [8] INFO  - 步骤“调用/jxt/class.php”: POST http://yace-iq.365ime.com/jxt/class.php 1.1
Content-Type: application/x-www-form-urlencoded
Host: yace-iq.365ime.com
Content-Length: 141
Expect: 100-continue
myJid=&xsid=x_071aha6b4ft633ibbc5052n169d70091e688e8ubm7a8ifud07030e6cutj8c1&token=060ee04b684bb76d8eef7e57ea54829fb42f22b5&xxcode=2177000014

2015-09-01 10:35:05,260 [8] INFO  - 步骤“调用/jxt/class.php”: HTTP 原始响应:
2015-09-01 10:35:05,260 [8] INFO  - 步骤“调用/jxt/class.php”: HTTP/1.1 200 OK
Access-Control-Allow-Origin: *
Transfer-Encoding: chunked
Content-Type: text/html;charset=UTF-8
Date: Tue, 01 Sep 2015 02:35:23 GMT
Server: Apache-Coyote/1.1
{"errorMessage":"Parameter is error !","errorCode":"1"}

2015-09-01 10:35:05,275 [8] INFO  - 步骤“调用/jxt/class.php”已成功结束
2015-09-01 10:35:05,275 [8] INFO  - 步骤“获取返回值转换为JSON”: 步骤“获取返回值转换为JSON”已启动
2015-09-01 10:35:05,291 [8] INFO  - 步骤“获取返回值转换为JSON”已成功结束
2015-09-01 10:35:05,291 [8] INFO  - 步骤“将Response插入到InterfaceResponse字段中”: 步骤“将Response插入到InterfaceResponse字段中”已启动
2015-09-01 10:35:05,306 [8] INFO  - 步骤“将Response插入到InterfaceResponse字段中”已成功结束
2015-09-01 10:35:05,306 [8] INFO  - 步骤“将errorcode更新到sql中”: 步骤“将errorcode更新到sql中”已启动
2015-09-01 10:35:05,306 [8] INFO  - 步骤“将errorcode更新到sql中”已成功结束
2015-09-01 10:35:05,322 [8] INFO  - 步骤“获取当前Case的实际值”: 步骤“获取当前Case的实际值”已启动
2015-09-01 10:35:05,322 [8] INFO  - 步骤“获取当前Case的实际值”已成功结束
2015-09-01 10:35:05,322 [8] INFO  - 步骤“获取当前Case的期待值”: 步骤“获取当前Case的期待值”已启动
2015-09-01 10:35:05,338 [8] INFO  - 步骤“获取当前Case的期待值”已成功结束
2015-09-01 10:35:05,338 [8] INFO  - 步骤“填写Result”: 步骤“填写Result”已启动
2015-09-01 10:35:05,338 [8] INFO  - 步骤“IfElse106”: 计算方式: 使用条件
2015-09-01 10:35:05,338 [8] INFO  - 步骤“是”: 步骤“是”已启动
2015-09-01 10:35:05,353 [8] INFO  - 步骤“在Result字段插入True”: 步骤“在Result字段插入True”已启动
2015-09-01 10:35:05,353 [8] INFO  - 步骤“在Result字段插入True”已成功结束
2015-09-01 10:35:05,353 [8] INFO  - 步骤“是”已成功结束
2015-09-01 10:35:05,369 [8] INFO  - 步骤“填写Result”已成功结束
2015-09-01 10:35:05,369 [8] INFO  - 步骤“迭代 11”已成功结束
2015-09-01 10:35:05,369 [8] INFO  - 步骤“迭代 12”: 步骤“迭代 12”已启动
2015-09-01 10:35:05,369 [8] INFO  - 步骤“查询tb_getclassinfo_verification表中数据”: 步骤“查询tb_getclassinfo_verification表中数据”已启动
2015-09-01 10:35:05,384 [8] INFO  - 步骤“查询tb_getclassinfo_verification表中数据”已成功结束
2015-09-01 10:35:05,384 [8] INFO  - 步骤“查询tb_global_table表中ResponseXsid值”: 步骤“查询tb_global_table表中ResponseXsid值”已启动
2015-09-01 10:35:05,400 [8] INFO  - 步骤“查询tb_global_table表中ResponseXsid值”已成功结束
2015-09-01 10:35:05,400 [8] INFO  - 步骤“将xsid更新至最新值”: 步骤“将xsid更新至最新值”已启动
2015-09-01 10:35:05,400 [8] INFO  - 步骤“将xsid更新至最新值”: 输入参数“源字符串”，值:“x_1f1a0e62u0t5j480c916h26642tc3didb95f5an861da049516m0y7pd5aiu00”
2015-09-01 10:35:05,400 [8] INFO  - 步骤“将xsid更新至最新值”: 输入参数“搜索字符串 1”，值:“'x_1f1a0e62u0t5j480c916h26642tc3didb95f5an861da049516m0y7pd5aiu00'”
2015-09-01 10:35:05,400 [8] INFO  - 步骤“将xsid更新至最新值”: 输入参数“替换字符串 1”，值:“'x_071aha6b4ft633ibbc5052n169d70091e688e8ubm7a8ifud07030e6cutj8c1'”
2015-09-01 10:35:05,416 [8] INFO  - 步骤“将xsid更新至最新值”: 输出参数“结果”，值:“x_071aha6b4ft633ibbc5052n169d70091e688e8ubm7a8ifud07030e6cutj8c1”
2015-09-01 10:35:05,416 [8] INFO  - 步骤“将xsid更新至最新值”已成功结束
2015-09-01 10:35:05,416 [8] INFO  - 步骤“调用/jxt/class.php”: 步骤“调用/jxt/class.php”已启动
2015-09-01 10:35:05,431 [8] INFO  - 步骤“调用/jxt/class.php”: 提取 HTTP URL: 'http://yace-iq.365ime.com/jxt/class.php'
2015-09-01 10:35:05,478 [8] INFO  - 步骤“调用/jxt/class.php”: 服务器返回了状态代码: 200
2015-09-01 10:35:05,478 [8] INFO  - 步骤“调用/jxt/class.php”: HTTP 原始请求:
2015-09-01 10:35:05,494 [8] INFO  - 步骤“调用/jxt/class.php”: POST http://yace-iq.365ime.com/jxt/class.php 1.1
Content-Type: application/x-www-form-urlencoded
Host: yace-iq.365ime.com
Content-Length: 149
Expect: 100-continue
myJid=77401169&xsid=x_071aha6b4ft633ibbc5052n169d70091e688e8ubm7a8ifud07030e6cutj8c1&token=484c473ea5072d1e531b951ab3ac758980ea29ac&xxcode=2177000014

2015-09-01 10:35:05,494 [8] INFO  - 步骤“调用/jxt/class.php”: HTTP 原始响应:
2015-09-01 10:35:05,494 [8] INFO  - 步骤“调用/jxt/class.php”: HTTP/1.1 200 OK
Access-Control-Allow-Origin: *
Transfer-Encoding: chunked
Content-Type: text/html;charset=UTF-8
Date: Tue, 01 Sep 2015 02:35:23 GMT
Server: Apache-Coyote/1.1
{"errorMessage":"invalid xsid !","errorCode":"1"}

2015-09-01 10:35:05,509 [8] INFO  - 步骤“调用/jxt/class.php”已成功结束
2015-09-01 10:35:05,509 [8] INFO  - 步骤“获取返回值转换为JSON”: 步骤“获取返回值转换为JSON”已启动
2015-09-01 10:35:05,525 [8] INFO  - 步骤“获取返回值转换为JSON”已成功结束
2015-09-01 10:35:05,525 [8] INFO  - 步骤“将Response插入到InterfaceResponse字段中”: 步骤“将Response插入到InterfaceResponse字段中”已启动
2015-09-01 10:35:05,525 [8] INFO  - 步骤“将Response插入到InterfaceResponse字段中”已成功结束
2015-09-01 10:35:05,525 [8] INFO  - 步骤“将errorcode更新到sql中”: 步骤“将errorcode更新到sql中”已启动
2015-09-01 10:35:05,540 [8] INFO  - 步骤“将errorcode更新到sql中”已成功结束
2015-09-01 10:35:05,540 [8] INFO  - 步骤“获取当前Case的实际值”: 步骤“获取当前Case的实际值”已启动
2015-09-01 10:35:05,540 [8] INFO  - 步骤“获取当前Case的实际值”已成功结束
2015-09-01 10:35:05,540 [8] INFO  - 步骤“获取当前Case的期待值”: 步骤“获取当前Case的期待值”已启动
2015-09-01 10:35:05,556 [8] INFO  - 步骤“获取当前Case的期待值”已成功结束
2015-09-01 10:35:05,556 [8] INFO  - 步骤“填写Result”: 步骤“填写Result”已启动
2015-09-01 10:35:05,556 [8] INFO  - 步骤“IfElse106”: 计算方式: 使用条件
2015-09-01 10:35:05,556 [8] INFO  - 步骤“是”: 步骤“是”已启动
2015-09-01 10:35:05,572 [8] INFO  - 步骤“在Result字段插入True”: 步骤“在Result字段插入True”已启动
2015-09-01 10:35:05,572 [8] INFO  - 步骤“在Result字段插入True”已成功结束
2015-09-01 10:35:05,572 [8] INFO  - 步骤“是”已成功结束
2015-09-01 10:35:05,587 [8] INFO  - 步骤“填写Result”已成功结束
2015-09-01 10:35:05,587 [8] INFO  - 步骤“迭代 12”已成功结束
2015-09-01 10:35:05,587 [8] INFO  - 步骤“迭代 13”: 步骤“迭代 13”已启动
2015-09-01 10:35:05,587 [8] INFO  - 步骤“查询tb_getclassinfo_verification表中数据”: 步骤“查询tb_getclassinfo_verification表中数据”已启动
2015-09-01 10:35:05,603 [8] INFO  - 步骤“查询tb_getclassinfo_verification表中数据”已成功结束
2015-09-01 10:35:05,603 [8] INFO  - 步骤“查询tb_global_table表中ResponseXsid值”: 步骤“查询tb_global_table表中ResponseXsid值”已启动
2015-09-01 10:35:05,603 [8] INFO  - 步骤“查询tb_global_table表中ResponseXsid值”已成功结束
2015-09-01 10:35:05,603 [8] INFO  - 步骤“将xsid更新至最新值”: 步骤“将xsid更新至最新值”已启动
2015-09-01 10:35:05,603 [8] INFO  - 步骤“将xsid更新至最新值”: 输入参数“源字符串”，值:“x_1f1a0e62u0t5j480c916h26642tc3didb95f5an861da049516m0y7pd5aiu00”
2015-09-01 10:35:05,603 [8] INFO  - 步骤“将xsid更新至最新值”: 输入参数“搜索字符串 1”，值:“'x_1f1a0e62u0t5j480c916h26642tc3didb95f5an861da049516m0y7pd5aiu00'”
2015-09-01 10:35:05,618 [8] INFO  - 步骤“将xsid更新至最新值”: 输入参数“替换字符串 1”，值:“'x_071aha6b4ft633ibbc5052n169d70091e688e8ubm7a8ifud07030e6cutj8c1'”
2015-09-01 10:35:05,618 [8] INFO  - 步骤“将xsid更新至最新值”: 输出参数“结果”，值:“x_071aha6b4ft633ibbc5052n169d70091e688e8ubm7a8ifud07030e6cutj8c1”
2015-09-01 10:35:05,618 [8] INFO  - 步骤“将xsid更新至最新值”已成功结束
2015-09-01 10:35:05,618 [8] INFO  - 步骤“调用/jxt/class.php”: 步骤“调用/jxt/class.php”已启动
2015-09-01 10:35:05,618 [8] INFO  - 步骤“调用/jxt/class.php”: 提取 HTTP URL: 'http://yace-iq.365ime.com/jxt/class.php'
2015-09-01 10:35:05,665 [8] INFO  - 步骤“调用/jxt/class.php”: 服务器返回了状态代码: 200
2015-09-01 10:35:05,681 [8] INFO  - 步骤“调用/jxt/class.php”: HTTP 原始请求:
2015-09-01 10:35:05,681 [8] INFO  - 步骤“调用/jxt/class.php”: POST http://yace-iq.365ime.com/jxt/class.php 1.1
Content-Type: application/x-www-form-urlencoded
Host: yace-iq.365ime.com
Content-Length: 180
Expect: 100-continue
myJid=77401169@365ime.com,77401170@365ime.com&xsid=x_071aha6b4ft633ibbc5052n169d70091e688e8ubm7a8ifud07030e6cutj8c1&token=94f82c10e0d4242662d518d09548fb0a7165c54f&xxcode=2177000014

2015-09-01 10:35:05,681 [8] INFO  - 步骤“调用/jxt/class.php”: HTTP 原始响应:
2015-09-01 10:35:05,696 [8] INFO  - 步骤“调用/jxt/class.php”: HTTP/1.1 200 OK
Access-Control-Allow-Origin: *
Transfer-Encoding: chunked
Content-Type: text/html;charset=UTF-8
Date: Tue, 01 Sep 2015 02:35:23 GMT
Server: Apache-Coyote/1.1
{"errorMessage":"invalid xsid !","errorCode":"1"}

2015-09-01 10:35:05,696 [8] INFO  - 步骤“调用/jxt/class.php”已成功结束
2015-09-01 10:35:05,696 [8] INFO  - 步骤“获取返回值转换为JSON”: 步骤“获取返回值转换为JSON”已启动
2015-09-01 10:35:05,712 [8] INFO  - 步骤“获取返回值转换为JSON”已成功结束
2015-09-01 10:35:05,712 [8] INFO  - 步骤“将Response插入到InterfaceResponse字段中”: 步骤“将Response插入到InterfaceResponse字段中”已启动
2015-09-01 10:35:05,728 [8] INFO  - 步骤“将Response插入到InterfaceResponse字段中”已成功结束
2015-09-01 10:35:05,728 [8] INFO  - 步骤“将errorcode更新到sql中”: 步骤“将errorcode更新到sql中”已启动
2015-09-01 10:35:05,728 [8] INFO  - 步骤“将errorcode更新到sql中”已成功结束
2015-09-01 10:35:05,728 [8] INFO  - 步骤“获取当前Case的实际值”: 步骤“获取当前Case的实际值”已启动
2015-09-01 10:35:05,743 [8] INFO  - 步骤“获取当前Case的实际值”已成功结束
2015-09-01 10:35:05,743 [8] INFO  - 步骤“获取当前Case的期待值”: 步骤“获取当前Case的期待值”已启动
2015-09-01 10:35:05,743 [8] INFO  - 步骤“获取当前Case的期待值”已成功结束
2015-09-01 10:35:05,759 [8] INFO  - 步骤“填写Result”: 步骤“填写Result”已启动
2015-09-01 10:35:05,759 [8] INFO  - 步骤“IfElse106”: 计算方式: 使用条件
2015-09-01 10:35:05,759 [8] INFO  - 步骤“是”: 步骤“是”已启动
2015-09-01 10:35:05,759 [8] INFO  - 步骤“在Result字段插入True”: 步骤“在Result字段插入True”已启动
2015-09-01 10:35:05,774 [8] INFO  - 步骤“在Result字段插入True”已成功结束
2015-09-01 10:35:05,774 [8] INFO  - 步骤“是”已成功结束
2015-09-01 10:35:05,774 [8] INFO  - 步骤“填写Result”已成功结束
2015-09-01 10:35:05,774 [8] INFO  - 步骤“迭代 13”已成功结束
2015-09-01 10:35:05,774 [8] INFO  - 步骤“迭代 14”: 步骤“迭代 14”已启动
2015-09-01 10:35:05,790 [8] INFO  - 步骤“查询tb_getclassinfo_verification表中数据”: 步骤“查询tb_getclassinfo_verification表中数据”已启动
2015-09-01 10:35:05,790 [8] INFO  - 步骤“查询tb_getclassinfo_verification表中数据”已成功结束
2015-09-01 10:35:05,790 [8] INFO  - 步骤“查询tb_global_table表中ResponseXsid值”: 步骤“查询tb_global_table表中ResponseXsid值”已启动
2015-09-01 10:35:05,790 [8] INFO  - 步骤“查询tb_global_table表中ResponseXsid值”已成功结束
2015-09-01 10:35:05,790 [8] INFO  - 步骤“将xsid更新至最新值”: 步骤“将xsid更新至最新值”已启动
2015-09-01 10:35:05,806 [8] INFO  - 步骤“将xsid更新至最新值”: 输入参数“源字符串”，值:“x_1f1a0e62u0t5j480c916h26642tc3didb95f5an861da049516m0y7pd5aiu00”
2015-09-01 10:35:05,806 [8] INFO  - 步骤“将xsid更新至最新值”: 输入参数“搜索字符串 1”，值:“'x_1f1a0e62u0t5j480c916h26642tc3didb95f5an861da049516m0y7pd5aiu00'”
2015-09-01 10:35:05,806 [8] INFO  - 步骤“将xsid更新至最新值”: 输入参数“替换字符串 1”，值:“'x_071aha6b4ft633ibbc5052n169d70091e688e8ubm7a8ifud07030e6cutj8c1'”
2015-09-01 10:35:05,806 [8] INFO  - 步骤“将xsid更新至最新值”: 输出参数“结果”，值:“x_071aha6b4ft633ibbc5052n169d70091e688e8ubm7a8ifud07030e6cutj8c1”
2015-09-01 10:35:05,806 [8] INFO  - 步骤“将xsid更新至最新值”已成功结束
2015-09-01 10:35:05,806 [8] INFO  - 步骤“调用/jxt/class.php”: 步骤“调用/jxt/class.php”已启动
2015-09-01 10:35:05,806 [8] INFO  - 步骤“调用/jxt/class.php”: 提取 HTTP URL: 'http://yace-iq.365ime.com/jxt/class.php'
2015-09-01 10:35:05,852 [8] INFO  - 步骤“调用/jxt/class.php”: 服务器返回了状态代码: 200
2015-09-01 10:35:05,868 [8] INFO  - 步骤“调用/jxt/class.php”: HTTP 原始请求:
2015-09-01 10:35:05,868 [8] INFO  - 步骤“调用/jxt/class.php”: POST http://yace-iq.365ime.com/jxt/class.php 1.1
Content-Type: application/x-www-form-urlencoded
Host: yace-iq.365ime.com
Content-Length: 148
Expect: 100-continue
myJid=!@#$%^&&xsid=x_071aha6b4ft633ibbc5052n169d70091e688e8ubm7a8ifud07030e6cutj8c1&token=240aebb68dd6112f5692e0a4d72aa4e71fb4a917&xxcode=2177000014

2015-09-01 10:35:05,868 [8] INFO  - 步骤“调用/jxt/class.php”: HTTP 原始响应:
2015-09-01 10:35:05,868 [8] INFO  - 步骤“调用/jxt/class.php”: HTTP/1.1 200 OK
Access-Control-Allow-Origin: *
Transfer-Encoding: chunked
Content-Type: text/html;charset=UTF-8
Date: Tue, 01 Sep 2015 02:35:23 GMT
Server: Apache-Coyote/1.1
{"errorMessage":"Parameter is error !","errorCode":"1"}

2015-09-01 10:35:05,884 [8] INFO  - 步骤“调用/jxt/class.php”已成功结束
2015-09-01 10:35:05,884 [8] INFO  - 步骤“获取返回值转换为JSON”: 步骤“获取返回值转换为JSON”已启动
2015-09-01 10:35:05,899 [8] INFO  - 步骤“获取返回值转换为JSON”已成功结束
2015-09-01 10:35:05,899 [8] INFO  - 步骤“将Response插入到InterfaceResponse字段中”: 步骤“将Response插入到InterfaceResponse字段中”已启动
2015-09-01 10:35:05,915 [8] INFO  - 步骤“将Response插入到InterfaceResponse字段中”已成功结束
2015-09-01 10:35:05,915 [8] INFO  - 步骤“将errorcode更新到sql中”: 步骤“将errorcode更新到sql中”已启动
2015-09-01 10:35:05,915 [8] INFO  - 步骤“将errorcode更新到sql中”已成功结束
2015-09-01 10:35:05,915 [8] INFO  - 步骤“获取当前Case的实际值”: 步骤“获取当前Case的实际值”已启动
2015-09-01 10:35:05,930 [8] INFO  - 步骤“获取当前Case的实际值”已成功结束
2015-09-01 10:35:05,930 [8] INFO  - 步骤“获取当前Case的期待值”: 步骤“获取当前Case的期待值”已启动
2015-09-01 10:35:05,930 [8] INFO  - 步骤“获取当前Case的期待值”已成功结束
2015-09-01 10:35:05,930 [8] INFO  - 步骤“填写Result”: 步骤“填写Result”已启动
2015-09-01 10:35:05,930 [8] INFO  - 步骤“IfElse106”: 计算方式: 使用条件
2015-09-01 10:35:05,930 [8] INFO  - 步骤“是”: 步骤“是”已启动
2015-09-01 10:35:05,946 [8] INFO  - 步骤“在Result字段插入True”: 步骤“在Result字段插入True”已启动
2015-09-01 10:35:05,946 [8] INFO  - 步骤“在Result字段插入True”已成功结束
2015-09-01 10:35:05,946 [8] INFO  - 步骤“是”已成功结束
2015-09-01 10:35:05,946 [8] INFO  - 步骤“填写Result”已成功结束
2015-09-01 10:35:05,962 [8] INFO  - 步骤“迭代 14”已成功结束
2015-09-01 10:35:05,962 [8] INFO  - 步骤“迭代 15”: 步骤“迭代 15”已启动
2015-09-01 10:35:05,962 [8] INFO  - 步骤“查询tb_getclassinfo_verification表中数据”: 步骤“查询tb_getclassinfo_verification表中数据”已启动
2015-09-01 10:35:05,962 [8] INFO  - 步骤“查询tb_getclassinfo_verification表中数据”已成功结束
2015-09-01 10:35:05,962 [8] INFO  - 步骤“查询tb_global_table表中ResponseXsid值”: 步骤“查询tb_global_table表中ResponseXsid值”已启动
2015-09-01 10:35:05,977 [8] INFO  - 步骤“查询tb_global_table表中ResponseXsid值”已成功结束
2015-09-01 10:35:05,977 [8] INFO  - 步骤“将xsid更新至最新值”: 步骤“将xsid更新至最新值”已启动
2015-09-01 10:35:05,977 [8] INFO  - 步骤“将xsid更新至最新值”: 输入参数“源字符串”，值:“x_1f1a0e62u0t5j480c916h26642tc3didb95f5an861da049516m0y7pd5aiu00”
2015-09-01 10:35:05,977 [8] INFO  - 步骤“将xsid更新至最新值”: 输入参数“搜索字符串 1”，值:“'x_1f1a0e62u0t5j480c916h26642tc3didb95f5an861da049516m0y7pd5aiu00'”
2015-09-01 10:35:05,977 [8] INFO  - 步骤“将xsid更新至最新值”: 输入参数“替换字符串 1”，值:“'x_071aha6b4ft633ibbc5052n169d70091e688e8ubm7a8ifud07030e6cutj8c1'”
2015-09-01 10:35:05,993 [8] INFO  - 步骤“将xsid更新至最新值”: 输出参数“结果”，值:“x_071aha6b4ft633ibbc5052n169d70091e688e8ubm7a8ifud07030e6cutj8c1”
2015-09-01 10:35:05,993 [8] INFO  - 步骤“将xsid更新至最新值”已成功结束
2015-09-01 10:35:05,993 [8] INFO  - 步骤“调用/jxt/class.php”: 步骤“调用/jxt/class.php”已启动
2015-09-01 10:35:05,993 [8] INFO  - 步骤“调用/jxt/class.php”: 提取 HTTP URL: 'http://yace-iq.365ime.com/jxt/class.php'
2015-09-01 10:35:06,040 [8] INFO  - 步骤“调用/jxt/class.php”: 服务器返回了状态代码: 200
2015-09-01 10:35:06,040 [8] INFO  - 步骤“调用/jxt/class.php”: HTTP 原始请求:
2015-09-01 10:35:06,040 [8] INFO  - 步骤“调用/jxt/class.php”: POST http://yace-iq.365ime.com/jxt/class.php 1.1
Content-Type: application/x-www-form-urlencoded
Host: yace-iq.365ime.com
Content-Length: 120
Expect: 100-continue
myJid=77401169@365ime.com&xsid=x_071aha6b4ft633ibbc5052n169d70091e688e8ubm7a8ifud07030e6cutj8c1&token=&xxcode=2177000014

2015-09-01 10:35:06,040 [8] INFO  - 步骤“调用/jxt/class.php”: HTTP 原始响应:
2015-09-01 10:35:06,055 [8] INFO  - 步骤“调用/jxt/class.php”: HTTP/1.1 200 OK
Access-Control-Allow-Origin: *
Transfer-Encoding: chunked
Content-Type: text/html;charset=UTF-8
Date: Tue, 01 Sep 2015 02:35:23 GMT
Server: Apache-Coyote/1.1
{"errorMessage":"Parameter is error !","errorCode":"1"}

2015-09-01 10:35:06,055 [8] INFO  - 步骤“调用/jxt/class.php”已成功结束
2015-09-01 10:35:06,055 [8] INFO  - 步骤“获取返回值转换为JSON”: 步骤“获取返回值转换为JSON”已启动
2015-09-01 10:35:06,055 [8] INFO  - 步骤“获取返回值转换为JSON”已成功结束
2015-09-01 10:35:06,055 [8] INFO  - 步骤“将Response插入到InterfaceResponse字段中”: 步骤“将Response插入到InterfaceResponse字段中”已启动
2015-09-01 10:35:06,071 [8] INFO  - 步骤“将Response插入到InterfaceResponse字段中”已成功结束
2015-09-01 10:35:06,071 [8] INFO  - 步骤“将errorcode更新到sql中”: 步骤“将errorcode更新到sql中”已启动
2015-09-01 10:35:06,071 [8] INFO  - 步骤“将errorcode更新到sql中”已成功结束
2015-09-01 10:35:06,071 [8] INFO  - 步骤“获取当前Case的实际值”: 步骤“获取当前Case的实际值”已启动
2015-09-01 10:35:06,086 [8] INFO  - 步骤“获取当前Case的实际值”已成功结束
2015-09-01 10:35:06,086 [8] INFO  - 步骤“获取当前Case的期待值”: 步骤“获取当前Case的期待值”已启动
2015-09-01 10:35:06,086 [8] INFO  - 步骤“获取当前Case的期待值”已成功结束
2015-09-01 10:35:06,086 [8] INFO  - 步骤“填写Result”: 步骤“填写Result”已启动
2015-09-01 10:35:06,102 [8] INFO  - 步骤“IfElse106”: 计算方式: 使用条件
2015-09-01 10:35:06,102 [8] INFO  - 步骤“是”: 步骤“是”已启动
2015-09-01 10:35:06,102 [8] INFO  - 步骤“在Result字段插入True”: 步骤“在Result字段插入True”已启动
2015-09-01 10:35:06,102 [8] INFO  - 步骤“在Result字段插入True”已成功结束
2015-09-01 10:35:06,102 [8] INFO  - 步骤“是”已成功结束
2015-09-01 10:35:06,118 [8] INFO  - 步骤“填写Result”已成功结束
2015-09-01 10:35:06,118 [8] INFO  - 步骤“迭代 15”已成功结束
2015-09-01 10:35:06,118 [8] INFO  - 步骤“迭代 16”: 步骤“迭代 16”已启动
2015-09-01 10:35:06,118 [8] INFO  - 步骤“查询tb_getclassinfo_verification表中数据”: 步骤“查询tb_getclassinfo_verification表中数据”已启动
2015-09-01 10:35:06,133 [8] INFO  - 步骤“查询tb_getclassinfo_verification表中数据”已成功结束
2015-09-01 10:35:06,133 [8] INFO  - 步骤“查询tb_global_table表中ResponseXsid值”: 步骤“查询tb_global_table表中ResponseXsid值”已启动
2015-09-01 10:35:06,133 [8] INFO  - 步骤“查询tb_global_table表中ResponseXsid值”已成功结束
2015-09-01 10:35:06,133 [8] INFO  - 步骤“将xsid更新至最新值”: 步骤“将xsid更新至最新值”已启动
2015-09-01 10:35:06,133 [8] INFO  - 步骤“将xsid更新至最新值”: 输入参数“源字符串”，值:“x_1f1a0e62u0t5j480c916h26642tc3didb95f5an861da049516m0y7pd5aiu00”
2015-09-01 10:35:06,133 [8] INFO  - 步骤“将xsid更新至最新值”: 输入参数“搜索字符串 1”，值:“'x_1f1a0e62u0t5j480c916h26642tc3didb95f5an861da049516m0y7pd5aiu00'”
2015-09-01 10:35:06,149 [8] INFO  - 步骤“将xsid更新至最新值”: 输入参数“替换字符串 1”，值:“'x_071aha6b4ft633ibbc5052n169d70091e688e8ubm7a8ifud07030e6cutj8c1'”
2015-09-01 10:35:06,149 [8] INFO  - 步骤“将xsid更新至最新值”: 输出参数“结果”，值:“x_071aha6b4ft633ibbc5052n169d70091e688e8ubm7a8ifud07030e6cutj8c1”
2015-09-01 10:35:06,149 [8] INFO  - 步骤“将xsid更新至最新值”已成功结束
2015-09-01 10:35:06,149 [8] INFO  - 步骤“调用/jxt/class.php”: 步骤“调用/jxt/class.php”已启动
2015-09-01 10:35:06,149 [8] INFO  - 步骤“调用/jxt/class.php”: 提取 HTTP URL: 'http://yace-iq.365ime.com/jxt/class.php'
2015-09-01 10:35:06,196 [8] INFO  - 步骤“调用/jxt/class.php”: 服务器返回了状态代码: 200
2015-09-01 10:35:06,196 [8] INFO  - 步骤“调用/jxt/class.php”: HTTP 原始请求:
2015-09-01 10:35:06,196 [8] INFO  - 步骤“调用/jxt/class.php”: POST http://yace-iq.365ime.com/jxt/class.php 1.1
Content-Type: application/x-www-form-urlencoded
Host: yace-iq.365ime.com
Content-Length: 152
Expect: 100-continue
myJid=77401169@365ime.com&xsid=x_071aha6b4ft633ibbc5052n169d70091e688e8ubm7a8ifud07030e6cutj8c1&token=41cc11c415c62ffe5e16b5aac905f349&xxcode=2177000014

2015-09-01 10:35:06,196 [8] INFO  - 步骤“调用/jxt/class.php”: HTTP 原始响应:
2015-09-01 10:35:06,196 [8] INFO  - 步骤“调用/jxt/class.php”: HTTP/1.1 200 OK
Access-Control-Allow-Origin: *
Transfer-Encoding: chunked
Content-Type: text/html;charset=UTF-8
Date: Tue, 01 Sep 2015 02:35:24 GMT
Server: Apache-Coyote/1.1
{"errorMessage":"invalid token !","errorCode":"1"}

2015-09-01 10:35:06,211 [8] INFO  - 步骤“调用/jxt/class.php”已成功结束
2015-09-01 10:35:06,211 [8] INFO  - 步骤“获取返回值转换为JSON”: 步骤“获取返回值转换为JSON”已启动
2015-09-01 10:35:06,211 [8] INFO  - 步骤“获取返回值转换为JSON”已成功结束
2015-09-01 10:35:06,211 [8] INFO  - 步骤“将Response插入到InterfaceResponse字段中”: 步骤“将Response插入到InterfaceResponse字段中”已启动
2015-09-01 10:35:06,227 [8] INFO  - 步骤“将Response插入到InterfaceResponse字段中”已成功结束
2015-09-01 10:35:06,227 [8] INFO  - 步骤“将errorcode更新到sql中”: 步骤“将errorcode更新到sql中”已启动
2015-09-01 10:35:06,242 [8] INFO  - 步骤“将errorcode更新到sql中”已成功结束
2015-09-01 10:35:06,242 [8] INFO  - 步骤“获取当前Case的实际值”: 步骤“获取当前Case的实际值”已启动
2015-09-01 10:35:06,242 [8] INFO  - 步骤“获取当前Case的实际值”已成功结束
2015-09-01 10:35:06,242 [8] INFO  - 步骤“获取当前Case的期待值”: 步骤“获取当前Case的期待值”已启动
2015-09-01 10:35:06,242 [8] INFO  - 步骤“获取当前Case的期待值”已成功结束
2015-09-01 10:35:06,242 [8] INFO  - 步骤“填写Result”: 步骤“填写Result”已启动
2015-09-01 10:35:06,258 [8] INFO  - 步骤“IfElse106”: 计算方式: 使用条件
2015-09-01 10:35:06,258 [8] INFO  - 步骤“是”: 步骤“是”已启动
2015-09-01 10:35:06,258 [8] INFO  - 步骤“在Result字段插入True”: 步骤“在Result字段插入True”已启动
2015-09-01 10:35:06,258 [8] INFO  - 步骤“在Result字段插入True”已成功结束
2015-09-01 10:35:06,258 [8] INFO  - 步骤“是”已成功结束
2015-09-01 10:35:06,258 [8] INFO  - 步骤“填写Result”已成功结束
2015-09-01 10:35:06,258 [8] INFO  - 步骤“迭代 16”已成功结束
2015-09-01 10:35:06,258 [8] INFO  - 步骤“迭代 17”: 步骤“迭代 17”已启动
2015-09-01 10:35:06,274 [8] INFO  - 步骤“查询tb_getclassinfo_verification表中数据”: 步骤“查询tb_getclassinfo_verification表中数据”已启动
2015-09-01 10:35:06,274 [8] INFO  - 步骤“查询tb_getclassinfo_verification表中数据”已成功结束
2015-09-01 10:35:06,274 [8] INFO  - 步骤“查询tb_global_table表中ResponseXsid值”: 步骤“查询tb_global_table表中ResponseXsid值”已启动
2015-09-01 10:35:06,274 [8] INFO  - 步骤“查询tb_global_table表中ResponseXsid值”已成功结束
2015-09-01 10:35:06,274 [8] INFO  - 步骤“将xsid更新至最新值”: 步骤“将xsid更新至最新值”已启动
2015-09-01 10:35:06,274 [8] INFO  - 步骤“将xsid更新至最新值”: 输入参数“源字符串”，值:“x_1f1a0e62u0t5j480c916h26642tc3didb95f5an861da049516m0y7pd5aiu00”
2015-09-01 10:35:06,274 [8] INFO  - 步骤“将xsid更新至最新值”: 输入参数“搜索字符串 1”，值:“'x_1f1a0e62u0t5j480c916h26642tc3didb95f5an861da049516m0y7pd5aiu00'”
2015-09-01 10:35:06,274 [8] INFO  - 步骤“将xsid更新至最新值”: 输入参数“替换字符串 1”，值:“'x_071aha6b4ft633ibbc5052n169d70091e688e8ubm7a8ifud07030e6cutj8c1'”
2015-09-01 10:35:06,274 [8] INFO  - 步骤“将xsid更新至最新值”: 输出参数“结果”，值:“x_071aha6b4ft633ibbc5052n169d70091e688e8ubm7a8ifud07030e6cutj8c1”
2015-09-01 10:35:06,289 [8] INFO  - 步骤“将xsid更新至最新值”已成功结束
2015-09-01 10:35:06,289 [8] INFO  - 步骤“调用/jxt/class.php”: 步骤“调用/jxt/class.php”已启动
2015-09-01 10:35:06,289 [8] INFO  - 步骤“调用/jxt/class.php”: 提取 HTTP URL: 'http://yace-iq.365ime.com/jxt/class.php'
2015-09-01 10:35:06,336 [8] INFO  - 步骤“调用/jxt/class.php”: 服务器返回了状态代码: 200
2015-09-01 10:35:06,336 [8] INFO  - 步骤“调用/jxt/class.php”: HTTP 原始请求:
2015-09-01 10:35:06,336 [8] INFO  - 步骤“调用/jxt/class.php”: POST http://yace-iq.365ime.com/jxt/class.php 1.1
Content-Type: application/x-www-form-urlencoded
Host: yace-iq.365ime.com
Content-Length: 149
Expect: 100-continue
myJid=77401169@365ime.com&xsid=x_071aha6b4ft633ibbc5052n169d70091e688e8ubm7a8ifud07030e6cutj8c1&token=77401169@365ime.comDeVawMFWs6&xxcode=2177000014

2015-09-01 10:35:06,352 [8] INFO  - 步骤“调用/jxt/class.php”: HTTP 原始响应:
2015-09-01 10:35:06,352 [8] INFO  - 步骤“调用/jxt/class.php”: HTTP/1.1 200 OK
Access-Control-Allow-Origin: *
Transfer-Encoding: chunked
Content-Type: text/html;charset=UTF-8
Date: Tue, 01 Sep 2015 02:35:24 GMT
Server: Apache-Coyote/1.1
{"errorMessage":"invalid token !","errorCode":"1"}

2015-09-01 10:35:06,352 [8] INFO  - 步骤“调用/jxt/class.php”已成功结束
2015-09-01 10:35:06,367 [8] INFO  - 步骤“获取返回值转换为JSON”: 步骤“获取返回值转换为JSON”已启动
2015-09-01 10:35:06,367 [8] INFO  - 步骤“获取返回值转换为JSON”已成功结束
2015-09-01 10:35:06,367 [8] INFO  - 步骤“将Response插入到InterfaceResponse字段中”: 步骤“将Response插入到InterfaceResponse字段中”已启动
2015-09-01 10:35:06,383 [8] INFO  - 步骤“将Response插入到InterfaceResponse字段中”已成功结束
2015-09-01 10:35:06,383 [8] INFO  - 步骤“将errorcode更新到sql中”: 步骤“将errorcode更新到sql中”已启动
2015-09-01 10:35:06,383 [8] INFO  - 步骤“将errorcode更新到sql中”已成功结束
2015-09-01 10:35:06,383 [8] INFO  - 步骤“获取当前Case的实际值”: 步骤“获取当前Case的实际值”已启动
2015-09-01 10:35:06,383 [8] INFO  - 步骤“获取当前Case的实际值”已成功结束
2015-09-01 10:35:06,398 [8] INFO  - 步骤“获取当前Case的期待值”: 步骤“获取当前Case的期待值”已启动
2015-09-01 10:35:06,398 [8] INFO  - 步骤“获取当前Case的期待值”已成功结束
2015-09-01 10:35:06,398 [8] INFO  - 步骤“填写Result”: 步骤“填写Result”已启动
2015-09-01 10:35:06,398 [8] INFO  - 步骤“IfElse106”: 计算方式: 使用条件
2015-09-01 10:35:06,398 [8] INFO  - 步骤“是”: 步骤“是”已启动
2015-09-01 10:35:06,398 [8] INFO  - 步骤“在Result字段插入True”: 步骤“在Result字段插入True”已启动
2015-09-01 10:35:06,414 [8] INFO  - 步骤“在Result字段插入True”已成功结束
2015-09-01 10:35:06,414 [8] INFO  - 步骤“是”已成功结束
2015-09-01 10:35:06,414 [8] INFO  - 步骤“填写Result”已成功结束
2015-09-01 10:35:06,414 [8] INFO  - 步骤“迭代 17”已成功结束
2015-09-01 10:35:06,414 [8] INFO  - 步骤“迭代 18”: 步骤“迭代 18”已启动
2015-09-01 10:35:06,414 [8] INFO  - 步骤“查询tb_getclassinfo_verification表中数据”: 步骤“查询tb_getclassinfo_verification表中数据”已启动
2015-09-01 10:35:06,414 [8] INFO  - 步骤“查询tb_getclassinfo_verification表中数据”已成功结束
2015-09-01 10:35:06,414 [8] INFO  - 步骤“查询tb_global_table表中ResponseXsid值”: 步骤“查询tb_global_table表中ResponseXsid值”已启动
2015-09-01 10:35:06,430 [8] INFO  - 步骤“查询tb_global_table表中ResponseXsid值”已成功结束
2015-09-01 10:35:06,430 [8] INFO  - 步骤“将xsid更新至最新值”: 步骤“将xsid更新至最新值”已启动
2015-09-01 10:35:06,430 [8] INFO  - 步骤“将xsid更新至最新值”: 输入参数“源字符串”，值:“x_1f1a0e62u0t5j480c916h26642tc3didb95f5an861da049516m0y7pd5aiu00”
2015-09-01 10:35:06,430 [8] INFO  - 步骤“将xsid更新至最新值”: 输入参数“搜索字符串 1”，值:“'x_1f1a0e62u0t5j480c916h26642tc3didb95f5an861da049516m0y7pd5aiu00'”
2015-09-01 10:35:06,430 [8] INFO  - 步骤“将xsid更新至最新值”: 输入参数“替换字符串 1”，值:“'x_071aha6b4ft633ibbc5052n169d70091e688e8ubm7a8ifud07030e6cutj8c1'”
2015-09-01 10:35:06,430 [8] INFO  - 步骤“将xsid更新至最新值”: 输出参数“结果”，值:“x_071aha6b4ft633ibbc5052n169d70091e688e8ubm7a8ifud07030e6cutj8c1”
2015-09-01 10:35:06,430 [8] INFO  - 步骤“将xsid更新至最新值”已成功结束
2015-09-01 10:35:06,430 [8] INFO  - 步骤“调用/jxt/class.php”: 步骤“调用/jxt/class.php”已启动
2015-09-01 10:35:06,430 [8] INFO  - 步骤“调用/jxt/class.php”: 提取 HTTP URL: 'http://yace-iq.365ime.com/jxt/class.php'
2015-09-01 10:35:06,476 [8] INFO  - 步骤“调用/jxt/class.php”: 服务器返回了状态代码: 200
2015-09-01 10:35:06,492 [8] INFO  - 步骤“调用/jxt/class.php”: HTTP 原始请求:
2015-09-01 10:35:06,492 [8] INFO  - 步骤“调用/jxt/class.php”: POST http://yace-iq.365ime.com/jxt/class.php 1.1
Content-Type: application/x-www-form-urlencoded
Host: yace-iq.365ime.com
Content-Length: 124
Expect: 100-continue
myJid=77401169@365ime.com&xsid=x_071aha6b4ft633ibbc5052n169d70091e688e8ubm7a8ifud07030e6cutj8c1&token=test&xxcode=2177000014

2015-09-01 10:35:06,492 [8] INFO  - 步骤“调用/jxt/class.php”: HTTP 原始响应:
2015-09-01 10:35:06,492 [8] INFO  - 步骤“调用/jxt/class.php”: HTTP/1.1 200 OK
Access-Control-Allow-Origin: *
Transfer-Encoding: chunked
Content-Type: text/html;charset=UTF-8
Date: Tue, 01 Sep 2015 02:35:24 GMT
Server: Apache-Coyote/1.1
{"errorMessage":"invalid token !","errorCode":"1"}

2015-09-01 10:35:06,508 [8] INFO  - 步骤“调用/jxt/class.php”已成功结束
2015-09-01 10:35:06,508 [8] INFO  - 步骤“获取返回值转换为JSON”: 步骤“获取返回值转换为JSON”已启动
2015-09-01 10:35:06,523 [8] INFO  - 步骤“获取返回值转换为JSON”已成功结束
2015-09-01 10:35:06,523 [8] INFO  - 步骤“将Response插入到InterfaceResponse字段中”: 步骤“将Response插入到InterfaceResponse字段中”已启动
2015-09-01 10:35:06,554 [8] INFO  - 步骤“将Response插入到InterfaceResponse字段中”已成功结束
2015-09-01 10:35:06,554 [8] INFO  - 步骤“将errorcode更新到sql中”: 步骤“将errorcode更新到sql中”已启动
2015-09-01 10:35:06,554 [8] INFO  - 步骤“将errorcode更新到sql中”已成功结束
2015-09-01 10:35:06,570 [8] INFO  - 步骤“获取当前Case的实际值”: 步骤“获取当前Case的实际值”已启动
2015-09-01 10:35:06,570 [8] INFO  - 步骤“获取当前Case的实际值”已成功结束
2015-09-01 10:35:06,570 [8] INFO  - 步骤“获取当前Case的期待值”: 步骤“获取当前Case的期待值”已启动
2015-09-01 10:35:06,586 [8] INFO  - 步骤“获取当前Case的期待值”已成功结束
2015-09-01 10:35:06,586 [8] INFO  - 步骤“填写Result”: 步骤“填写Result”已启动
2015-09-01 10:35:06,586 [8] INFO  - 步骤“IfElse106”: 计算方式: 使用条件
2015-09-01 10:35:06,586 [8] INFO  - 步骤“是”: 步骤“是”已启动
2015-09-01 10:35:06,601 [8] INFO  - 步骤“在Result字段插入True”: 步骤“在Result字段插入True”已启动
2015-09-01 10:35:06,601 [8] INFO  - 步骤“在Result字段插入True”已成功结束
2015-09-01 10:35:06,601 [8] INFO  - 步骤“是”已成功结束
2015-09-01 10:35:06,617 [8] INFO  - 步骤“填写Result”已成功结束
2015-09-01 10:35:06,617 [8] INFO  - 步骤“迭代 18”已成功结束
2015-09-01 10:35:06,617 [8] INFO  - 步骤“迭代 19”: 步骤“迭代 19”已启动
2015-09-01 10:35:06,617 [8] INFO  - 步骤“查询tb_getclassinfo_verification表中数据”: 步骤“查询tb_getclassinfo_verification表中数据”已启动
2015-09-01 10:35:06,632 [8] INFO  - 步骤“查询tb_getclassinfo_verification表中数据”已成功结束
2015-09-01 10:35:06,632 [8] INFO  - 步骤“查询tb_global_table表中ResponseXsid值”: 步骤“查询tb_global_table表中ResponseXsid值”已启动
2015-09-01 10:35:06,648 [8] INFO  - 步骤“查询tb_global_table表中ResponseXsid值”已成功结束
2015-09-01 10:35:06,648 [8] INFO  - 步骤“将xsid更新至最新值”: 步骤“将xsid更新至最新值”已启动
2015-09-01 10:35:06,648 [8] INFO  - 步骤“将xsid更新至最新值”: 输入参数“源字符串”，值:“x_1f1a0e62u0t5j480c916h26642tc3didb95f5an861da049516m0y7pd5aiu00”
2015-09-01 10:35:06,648 [8] INFO  - 步骤“将xsid更新至最新值”: 输入参数“搜索字符串 1”，值:“'x_1f1a0e62u0t5j480c916h26642tc3didb95f5an861da049516m0y7pd5aiu00'”
2015-09-01 10:35:06,648 [8] INFO  - 步骤“将xsid更新至最新值”: 输入参数“替换字符串 1”，值:“'x_071aha6b4ft633ibbc5052n169d70091e688e8ubm7a8ifud07030e6cutj8c1'”
2015-09-01 10:35:06,664 [8] INFO  - 步骤“将xsid更新至最新值”: 输出参数“结果”，值:“x_071aha6b4ft633ibbc5052n169d70091e688e8ubm7a8ifud07030e6cutj8c1”
2015-09-01 10:35:06,664 [8] INFO  - 步骤“将xsid更新至最新值”已成功结束
2015-09-01 10:35:06,664 [8] INFO  - 步骤“调用/jxt/class.php”: 步骤“调用/jxt/class.php”已启动
2015-09-01 10:35:06,664 [8] INFO  - 步骤“调用/jxt/class.php”: 提取 HTTP URL: 'http://yace-iq.365ime.com/jxt/class.php'
2015-09-01 10:35:06,757 [8] INFO  - 步骤“调用/jxt/class.php”: 服务器返回了状态代码: 200
2015-09-01 10:35:06,757 [8] INFO  - 步骤“调用/jxt/class.php”: HTTP 原始请求:
2015-09-01 10:35:06,773 [8] INFO  - 步骤“调用/jxt/class.php”: POST http://yace-iq.365ime.com/jxt/class.php 1.1
Content-Type: application/x-www-form-urlencoded
Host: yace-iq.365ime.com
Content-Length: 160
Expect: 100-continue
myJid=77401169@365ime.com&xsid=x_071aha6b4ft633ibbc5052n169d70091e688e8ubm7a8ifud07030e6cutj8c1&token=c8255e8536d1e44751f74febe483384537fc6206&xxcode=2177000014

2015-09-01 10:35:06,773 [8] INFO  - 步骤“调用/jxt/class.php”: HTTP 原始响应:
2015-09-01 10:35:06,773 [8] INFO  - 步骤“调用/jxt/class.php”: HTTP/1.1 200 OK
Access-Control-Allow-Origin: *
Transfer-Encoding: chunked
Content-Type: text/html;charset=UTF-8
Date: Tue, 01 Sep 2015 02:35:24 GMT
Server: Apache-Coyote/1.1
{"errorMessage":"success","data":[{"createTime":"","gradeName":"五年级","classJid":"101174","gradeId":"f6ed2658966d4fb48ebe68662a21bb9b","classId":"101174","className":"101174 班","classHead":"http://download.ac-qd-oss.365ime.com/static/ic_64.png"},{"createTime":"","gradeName":"五年级","classJid":"101175","gradeId":"f6ed2658966d4fb48ebe68662a21bb9b","classId":"101175","className":"101175 班","classHead":"http://download.ac-qd-oss.365ime.com/static/ic_64.png"},{"createTime":"","gradeName":"五年级","classJid":"101176","gradeId":"f6ed2658966d4fb48ebe68662a21bb9b","classId":"101176","className":"101176 班","classHead":"http://download.ac-qd-oss.365ime.com/static/ic_64.png"},{"createTime":"","gradeName":"五年级","classJid":"101177","gradeId":"f6ed2658966d4fb48ebe68662a21bb9b","classId":"101177","className":"101177 班","classHead":"http://download.ac-qd-oss.365ime.com/static/ic_64.png"},{"createTime":"","gradeName":"五年级","classJid":"101178","gradeId":"f6ed2658966d4fb48ebe68662a21bb9b","classId":"101178","className":"101178 班","classHead":"http://download.ac-qd-oss.365ime.com/static/ic_64.png"},{"createTime":"","gradeName":"五年级","classJid":"101179","gradeId":"f6ed2658966d4fb48ebe68662a21bb9b","classId":"101179","className":"101179 班","classHead":"http://download.ac-qd-oss.365ime.com/static/ic_64.png"},{"createTime":"","gradeName":"五年级","classJid":"101180","gradeId":"f6ed2658966d4fb48ebe68662a21bb9b","classId":"101180","className":"101180 班","classHead":"http://download.ac-qd-oss.365ime.com/static/ic_64.png"},{"createTime":"","gradeName":"五年级","classJid":"101181","gradeId":"f6ed2658966d4fb48ebe68662a21bb9b","classId":"101181","className":"101181 班","classHead":"http://download.ac-qd-oss.365ime.com/static/ic_64.png"},{"createTime":"","gradeName":"五年级","classJid":"101182","gradeId":"f6ed2658966d4fb48ebe68662a21bb9b","classId":"101182","className":"101182 班","classHead":"http://download.ac-qd-oss.365ime.com/static/ic_64.png"},{"createTime":"","gradeName":"五年级","classJid":"101183","gradeId":"f6ed2658966d4fb48ebe68662a21bb9b","classId":"101183","className":"101183 班","classHead":"http://download.ac-qd-oss.365ime.com/static/ic_64.png"},{"createTime":"","gradeName":"五年级","classJid":"101184","gradeId":"f6ed2658966d4fb48ebe68662a21bb9b","classId":"101184","className":"101184 班","classHead":"http://download.ac-qd-oss.365ime.com/static/ic_64.png"},{"createTime":"","gradeName":"五年级","classJid":"101185","gradeId":"f6ed2658966d4fb48ebe68662a21bb9b","classId":"101185","className":"101185 班","classHead":"http://download.ac-qd-oss.365ime.com/static/ic_64.png"},{"createTime":"","gradeName":"五年级","classJid":"101186","gradeId":"f6ed2658966d4fb48ebe68662a21bb9b","classId":"101186","className":"101186 班","classHead":"http://download.ac-qd-oss.365ime.com/static/ic_64.png"},{"createTime":"","gradeName":"五年级","classJid":"101187","gradeId":"f6ed2658966d4fb48ebe68662a21bb9b","classId":"101187","className":"101187 班","classHead":"http://download.ac-qd-oss.365ime.com/static/ic_64.png"},{"createTime":"","gradeName":"五年级","classJid":"101188","gradeId":"f6ed2658966d4fb48ebe68662a21bb9b","classId":"101188","className":"101188 班","classHead":"http://download.ac-qd-oss.365ime.com/static/ic_64.png"},{"createTime":"","gradeName":"五年级","classJid":"101189","gradeId":"f6ed2658966d4fb48ebe68662a21bb9b","classId":"101189","className":"101189 班","classHead":"http://download.ac-qd-oss.365ime.com/static/ic_64.png"},{"createTime":"","gradeName":"五年级","classJid":"101190","gradeId":"f6ed2658966d4fb48ebe68662a21bb9b","classId":"101190","className":"101190 班","classHead":"http://download.ac-qd-oss.365ime.com/static/ic_64.png"},{"createTime":"","gradeName":"五年级","classJid":"101191","gradeId":"f6ed2658966d4fb48ebe68662a21bb9b","classId":"101191","className":"101191 班","classHead":"http://download.ac-qd-oss.365ime.com/static/ic_64.png"},{"createTime":"","gradeName":"五年级","classJid":"101192","gradeId":"f6ed2658966d4fb48ebe68662a21bb9b","classId":"101192","className":"101192 班","classHead":"http://download.ac-qd-oss.365ime.com/static/ic_64.png"},{"createTime":"","gradeName":"五年级","classJid":"101193","gradeId":"f6ed2658966d4fb48ebe68662a21bb9b","classId":"101193","className":"101193 班","classHead":"http://download.ac-qd-oss.365ime.com/static/ic_64.png"},{"createTime":"","gradeName":"六年级","classJid":"101194","gradeId":"78e6da3fc884401782247525e8e170c1","classId":"101194","className":"101194 班","classHead":"http://download.ac-qd-oss.365ime.com/static/ic_64.png"},{"createTime":"","gradeName":"六年级","classJid":"101195","gradeId":"78e6da3fc884401782247525e8e170c1","classId":"101195","className":"101195 班","classHead":"http://download.ac-qd-oss.365ime.com/static/ic_64.png"},{"createTime":"","gradeName":"六年级","classJid":"101196","gradeId":"78e6da3fc884401782247525e8e170c1","classId":"101196","className":"101196 班","classHead":"http://download.ac-qd-oss.365ime.com/static/ic_64.png"},{"createTime":"","gradeName":"六年级","classJid":"101197","gradeId":"78e6da3fc884401782247525e8e170c1","classId":"101197","className":"101197 班","classHead":"http://download.ac-qd-oss.365ime.com/static/ic_64.png"},{"createTime":"","gradeName":"六年级","classJid":"101198","gradeId":"78e6da3fc884401782247525e8e170c1","classId":"101198","className":"101198 班","classHead":"http://download.ac-qd-oss.365ime.com/static/ic_64.png"},{"createTime":"","gradeName":"六年级","classJid":"101199","gradeId":"78e6da3fc884401782247525e8e170c1","classId":"101199","className":"101199 班","classHead":"http://download.ac-qd-oss.365ime.com/static/ic_64.png"},{"createTime":"","gradeName":"六年级","classJid":"101200","gradeId":"78e6da3fc884401782247525e8e170c1","classId":"101200","className":"101200 班","classHead":"http://download.ac-qd-oss.365ime.com/static/ic_64.png"},{"createTime":"","gradeName":"六年级","classJid":"101201","gradeId":"78e6da3fc884401782247525e8e170c1","classId":"101201","className":"101201 班","classHead":"http://download.ac-qd-oss.365ime.com/static/ic_64.png"},{"createTime":"","gradeName":"六年级","classJid":"101202","gradeId":"78e6da3fc884401782247525e8e170c1","classId":"101202","className":"101202 班","classHead":"http://download.ac-qd-oss.365ime.com/static/ic_64.png"},{"createTime":"","gradeName":"六年级","classJid":"101203","gradeId":"78e6da3fc884401782247525e8e170c1","classId":"101203","className":"101203 班","classHead":"http://download.ac-qd-oss.365ime.com/static/ic_64.png"},{"createTime":"","gradeName":"六年级","classJid":"101204","gradeId":"78e6da3fc884401782247525e8e170c1","classId":"101204","className":"101204 班","classHead":"http://download.ac-qd-oss.365ime.com/static/ic_64.png"},{"createTime":"","gradeName":"六年级","classJid":"101205","gradeId":"78e6da3fc884401782247525e8e170c1","classId":"101205","className":"101205 班","classHead":"http://download.ac-qd-oss.365ime.com/static/ic_64.png"},{"createTime":"","gradeName":"六年级","classJid":"101206","gradeId":"78e6da3fc884401782247525e8e170c1","classId":"101206","className":"101206 班","classHead":"http://download.ac-qd-oss.365ime.com/static/ic_64.png"},{"createTime":"","gradeName":"六年级","classJid":"101207","gradeId":"78e6da3fc884401782247525e8e170c1","classId":"101207","className":"101207 班","classHead":"http://download.ac-qd-oss.365ime.com/static/ic_64.png"},{"createTime":"","gradeName":"六年级","classJid":"101208","gradeId":"78e6da3fc884401782247525e8e170c1","classId":"101208","className":"101208 班","classHead":"http://download.ac-qd-oss.365ime.com/static/ic_64.png"},{"createTime":"","gradeName":"六年级","classJid":"101209","gradeId":"78e6da3fc884401782247525e8e170c1","classId":"101209","className":"101209 班","classHead":"http://download.ac-qd-oss.365ime.com/static/ic_64.png"},{"createTime":"","gradeName":"六年级","classJid":"101210","gradeId":"78e6da3fc884401782247525e8e170c1","classId":"101210","className":"101210 班","classHead":"http://download.ac-qd-oss.365ime.com/static/ic_64.png"},{"createTime":"","gradeName":"六年级","classJid":"101211","gradeId":"78e6da3fc884401782247525e8e170c1","classId":"101211","className":"101211 班","classHead":"http://download.ac-qd-oss.365ime.com/static/ic_64.png"},{"createTime":"","gradeName":"六年级","classJid":"101212","gradeId":"78e6da3fc884401782247525e8e170c1","classId":"101212","className":"101212 班","classHead":"http://download.ac-qd-oss.365ime.com/static/ic_64.png"},{"createTime":"","gradeName":"六年级","classJid":"101213","gradeId":"78e6da3fc884401782247525e8e170c1","classId":"101213","className":"101213 班","classHead":"http://download.ac-qd-oss.365ime.com/static/ic_64.png"},{"createTime":"","gradeName":"四年级","classJid":"101164","gradeId":"2fe33389017243d2bbff013828225eb1","classId":"101164","className":"101164 班","classHead":"http://download.ac-qd-oss.365ime.com/static/ic_64.png"},{"createTime":"","gradeName":"四年级","classJid":"101165","gradeId":"2fe33389017243d2bbff013828225eb1","classId":"101165","className":"101165 班","classHead":"http://download.ac-qd-oss.365ime.com/static/ic_64.png"},{"createTime":"","gradeName":"四年级","classJid":"101166","gradeId":"2fe33389017243d2bbff013828225eb1","classId":"101166","className":"101166 班","classHead":"http://download.ac-qd-oss.365ime.com/static/ic_64.png"},{"createTime":"","gradeName":"四年级","classJid":"101167","gradeId":"2fe33389017243d2bbff013828225eb1","classId":"101167","className":"101167 班","classHead":"http://download.ac-qd-oss.365ime.com/static/ic_64.png"},{"createTime":"","gradeName":"四年级","classJid":"101168","gradeId":"2fe33389017243d2bbff013828225eb1","classId":"101168","className":"101168 班","classHead":"http://download.ac-qd-oss.365ime.com/static/ic_64.png"},{"createTime":"","gradeName":"四年级","classJid":"101169","gradeId":"2fe33389017243d2bbff013828225eb1","classId":"101169","className":"101169 班","classHead":"http://download.ac-qd-oss.365ime.com/static/ic_64.png"},{"createTime":"","gradeName":"四年级","classJid":"101170","gradeId":"2fe33389017243d2bbff013828225eb1","classId":"101170","className":"101170 班","classHead":"http://download.ac-qd-oss.365ime.com/static/ic_64.png"},{"createTime":"","gradeName":"四年级","classJid":"101171","gradeId":"2fe33389017243d2bbff013828225eb1","classId":"101171","className":"101171 班","classHead":"http://download.ac-qd-oss.365ime.com/static/ic_64.png"},{"createTime":"","gradeName":"四年级","classJid":"101172","gradeId":"2fe33389017243d2bbff013828225eb1","classId":"101172","className":"101172 班","classHead":"http://download.ac-qd-oss.365ime.com/static/ic_64.png"},{"createTime":"","gradeName":"四年级","classJid":"101173","gradeId":"2fe33389017243d2bbff013828225eb1","classId":"101173","className":"101173 班","classHead":"http://download.ac-qd-oss.365ime.com/static/ic_64.png"},{"createTime":"1438416316","gradeName":"小学2015级","classJid":"24a2c19dd0b34da1a27424b72dc9ee0f","gradeId":"1204ec89e718447a93a9323149332b67","classId":"24a2c19dd0b34da1a27424b72dc9ee0f","className":"67单位","classHead":"http://download.ac-qd-oss.365ime.com/static/ic_64.png"}],"errorCode":"0"}

2015-09-01 10:35:06,788 [8] INFO  - 步骤“调用/jxt/class.php”已成功结束
2015-09-01 10:35:06,788 [8] INFO  - 步骤“获取返回值转换为JSON”: 步骤“获取返回值转换为JSON”已启动
2015-09-01 10:35:06,804 [8] INFO  - 步骤“获取返回值转换为JSON”已成功结束
2015-09-01 10:35:06,804 [8] INFO  - 步骤“将Response插入到InterfaceResponse字段中”: 步骤“将Response插入到InterfaceResponse字段中”已启动
2015-09-01 10:35:06,820 [8] INFO  - 步骤“将Response插入到InterfaceResponse字段中”已成功结束
2015-09-01 10:35:06,820 [8] INFO  - 步骤“将errorcode更新到sql中”: 步骤“将errorcode更新到sql中”已启动
2015-09-01 10:35:06,820 [8] INFO  - 步骤“将errorcode更新到sql中”已成功结束
2015-09-01 10:35:06,820 [8] INFO  - 步骤“获取当前Case的实际值”: 步骤“获取当前Case的实际值”已启动
2015-09-01 10:35:06,835 [8] INFO  - 步骤“获取当前Case的实际值”已成功结束
2015-09-01 10:35:06,835 [8] INFO  - 步骤“获取当前Case的期待值”: 步骤“获取当前Case的期待值”已启动
2015-09-01 10:35:06,835 [8] INFO  - 步骤“获取当前Case的期待值”已成功结束
2015-09-01 10:35:06,835 [8] INFO  - 步骤“填写Result”: 步骤“填写Result”已启动
2015-09-01 10:35:06,851 [8] INFO  - 步骤“IfElse106”: 计算方式: 使用条件
2015-09-01 10:35:06,851 [8] INFO  - 步骤“是”: 步骤“是”已启动
2015-09-01 10:35:06,851 [8] INFO  - 步骤“在Result字段插入True”: 步骤“在Result字段插入True”已启动
2015-09-01 10:35:06,851 [8] INFO  - 步骤“在Result字段插入True”已成功结束
2015-09-01 10:35:06,851 [8] INFO  - 步骤“是”已成功结束
2015-09-01 10:35:06,866 [8] INFO  - 步骤“填写Result”已成功结束
2015-09-01 10:35:06,866 [8] INFO  - 步骤“迭代 19”已成功结束
2015-09-01 10:35:06,866 [8] INFO  - 步骤“循环执行tb_getclassinfo_verification中的测试用例”已成功结束
2015-09-01 10:35:06,866 [8] INFO  - 步骤“对/jxt/class.php接口token实行加密”: 步骤“对/jxt/class.php接口token实行加密”已启动
2015-09-01 10:35:06,866 [8] INFO  - 步骤“对/jxt/class.php接口token实行加密”已成功结束
2015-09-01 10:35:06,882 [8] INFO  - 步骤“Encryption.SHA1”: 步骤“Encryption.SHA1”已启动
2015-09-01 10:35:10,008 [8] INFO  - 步骤“Encryption.SHA1”已成功结束
2015-09-01 10:35:10,012 [8] INFO  - 步骤“查询出加密后EncryptionResult字段的值”: 步骤“查询出加密后EncryptionResult字段的值”已启动
2015-09-01 10:35:10,020 [8] INFO  - 步骤“查询出加密后EncryptionResult字段的值”已成功结束
2015-09-01 10:35:10,025 [8] INFO  - 步骤“查询tb_global_table表中ResponseXsid值”: 步骤“查询tb_global_table表中ResponseXsid值”已启动
2015-09-01 10:35:10,039 [8] INFO  - 步骤“查询tb_global_table表中ResponseXsid值”已成功结束
2015-09-01 10:35:10,043 [8] INFO  - 步骤“查询tb_global_table表中schoolCode值”: 步骤“查询tb_global_table表中schoolCode值”已启动
2015-09-01 10:35:10,047 [8] INFO  - 步骤“查询tb_global_table表中schoolCode值”已成功结束
2015-09-01 10:35:10,051 [8] INFO  - 步骤“调用/jxt/class.php”: 步骤“调用/jxt/class.php”已启动
2015-09-01 10:35:10,059 [8] INFO  - 步骤“调用/jxt/class.php”: 提取 HTTP URL: 'http://yace-iq.365ime.com/jxt/class.php'
2015-09-01 10:35:10,144 [8] INFO  - 步骤“调用/jxt/class.php”: 服务器返回了状态代码: 200
2015-09-01 10:35:10,146 [8] INFO  - 步骤“调用/jxt/class.php”: HTTP 原始请求:
2015-09-01 10:35:10,147 [8] INFO  - 步骤“调用/jxt/class.php”: POST http://yace-iq.365ime.com/jxt/class.php 1.1
Content-Type: application/x-www-form-urlencoded
Host: yace-iq.365ime.com
Content-Length: 160
Expect: 100-continue
myJid=77401169@365ime.com&xsid=x_071aha6b4ft633ibbc5052n169d70091e688e8ubm7a8ifud07030e6cutj8c1&token=c8255e8536d1e44751f74febe483384537fc6206&xxcode=2177000014

2015-09-01 10:35:10,150 [8] INFO  - 步骤“调用/jxt/class.php”: HTTP 原始响应:
2015-09-01 10:35:10,152 [8] INFO  - 步骤“调用/jxt/class.php”: HTTP/1.1 200 OK
Access-Control-Allow-Origin: *
Transfer-Encoding: chunked
Content-Type: text/html;charset=UTF-8
Date: Tue, 01 Sep 2015 02:35:28 GMT
Server: Apache-Coyote/1.1
{"errorMessage":"success","data":[{"createTime":"","gradeName":"五年级","classJid":"101174","gradeId":"f6ed2658966d4fb48ebe68662a21bb9b","classId":"101174","className":"101174 班","classHead":"http://download.ac-qd-oss.365ime.com/static/ic_64.png"},{"createTime":"","gradeName":"五年级","classJid":"101175","gradeId":"f6ed2658966d4fb48ebe68662a21bb9b","classId":"101175","className":"101175 班","classHead":"http://download.ac-qd-oss.365ime.com/static/ic_64.png"},{"createTime":"","gradeName":"五年级","classJid":"101176","gradeId":"f6ed2658966d4fb48ebe68662a21bb9b","classId":"101176","className":"101176 班","classHead":"http://download.ac-qd-oss.365ime.com/static/ic_64.png"},{"createTime":"","gradeName":"五年级","classJid":"101177","gradeId":"f6ed2658966d4fb48ebe68662a21bb9b","classId":"101177","className":"101177 班","classHead":"http://download.ac-qd-oss.365ime.com/static/ic_64.png"},{"createTime":"","gradeName":"五年级","classJid":"101178","gradeId":"f6ed2658966d4fb48ebe68662a21bb9b","classId":"101178","className":"101178 班","classHead":"http://download.ac-qd-oss.365ime.com/static/ic_64.png"},{"createTime":"","gradeName":"五年级","classJid":"101179","gradeId":"f6ed2658966d4fb48ebe68662a21bb9b","classId":"101179","className":"101179 班","classHead":"http://download.ac-qd-oss.365ime.com/static/ic_64.png"},{"createTime":"","gradeName":"五年级","classJid":"101180","gradeId":"f6ed2658966d4fb48ebe68662a21bb9b","classId":"101180","className":"101180 班","classHead":"http://download.ac-qd-oss.365ime.com/static/ic_64.png"},{"createTime":"","gradeName":"五年级","classJid":"101181","gradeId":"f6ed2658966d4fb48ebe68662a21bb9b","classId":"101181","className":"101181 班","classHead":"http://download.ac-qd-oss.365ime.com/static/ic_64.png"},{"createTime":"","gradeName":"五年级","classJid":"101182","gradeId":"f6ed2658966d4fb48ebe68662a21bb9b","classId":"101182","className":"101182 班","classHead":"http://download.ac-qd-oss.365ime.com/static/ic_64.png"},{"createTime":"","gradeName":"五年级","classJid":"101183","gradeId":"f6ed2658966d4fb48ebe68662a21bb9b","classId":"101183","className":"101183 班","classHead":"http://download.ac-qd-oss.365ime.com/static/ic_64.png"},{"createTime":"","gradeName":"五年级","classJid":"101184","gradeId":"f6ed2658966d4fb48ebe68662a21bb9b","classId":"101184","className":"101184 班","classHead":"http://download.ac-qd-oss.365ime.com/static/ic_64.png"},{"createTime":"","gradeName":"五年级","classJid":"101185","gradeId":"f6ed2658966d4fb48ebe68662a21bb9b","classId":"101185","className":"101185 班","classHead":"http://download.ac-qd-oss.365ime.com/static/ic_64.png"},{"createTime":"","gradeName":"五年级","classJid":"101186","gradeId":"f6ed2658966d4fb48ebe68662a21bb9b","classId":"101186","className":"101186 班","classHead":"http://download.ac-qd-oss.365ime.com/static/ic_64.png"},{"createTime":"","gradeName":"五年级","classJid":"101187","gradeId":"f6ed2658966d4fb48ebe68662a21bb9b","classId":"101187","className":"101187 班","classHead":"http://download.ac-qd-oss.365ime.com/static/ic_64.png"},{"createTime":"","gradeName":"五年级","classJid":"101188","gradeId":"f6ed2658966d4fb48ebe68662a21bb9b","classId":"101188","className":"101188 班","classHead":"http://download.ac-qd-oss.365ime.com/static/ic_64.png"},{"createTime":"","gradeName":"五年级","classJid":"101189","gradeId":"f6ed2658966d4fb48ebe68662a21bb9b","classId":"101189","className":"101189 班","classHead":"http://download.ac-qd-oss.365ime.com/static/ic_64.png"},{"createTime":"","gradeName":"五年级","classJid":"101190","gradeId":"f6ed2658966d4fb48ebe68662a21bb9b","classId":"101190","className":"101190 班","classHead":"http://download.ac-qd-oss.365ime.com/static/ic_64.png"},{"createTime":"","gradeName":"五年级","classJid":"101191","gradeId":"f6ed2658966d4fb48ebe68662a21bb9b","classId":"101191","className":"101191 班","classHead":"http://download.ac-qd-oss.365ime.com/static/ic_64.png"},{"createTime":"","gradeName":"五年级","classJid":"101192","gradeId":"f6ed2658966d4fb48ebe68662a21bb9b","classId":"101192","className":"101192 班","classHead":"http://download.ac-qd-oss.365ime.com/static/ic_64.png"},{"createTime":"","gradeName":"五年级","classJid":"101193","gradeId":"f6ed2658966d4fb48ebe68662a21bb9b","classId":"101193","className":"101193 班","classHead":"http://download.ac-qd-oss.365ime.com/static/ic_64.png"},{"createTime":"","gradeName":"六年级","classJid":"101194","gradeId":"78e6da3fc884401782247525e8e170c1","classId":"101194","className":"101194 班","classHead":"http://download.ac-qd-oss.365ime.com/static/ic_64.png"},{"createTime":"","gradeName":"六年级","classJid":"101195","gradeId":"78e6da3fc884401782247525e8e170c1","classId":"101195","className":"101195 班","classHead":"http://download.ac-qd-oss.365ime.com/static/ic_64.png"},{"createTime":"","gradeName":"六年级","classJid":"101196","gradeId":"78e6da3fc884401782247525e8e170c1","classId":"101196","className":"101196 班","classHead":"http://download.ac-qd-oss.365ime.com/static/ic_64.png"},{"createTime":"","gradeName":"六年级","classJid":"101197","gradeId":"78e6da3fc884401782247525e8e170c1","classId":"101197","className":"101197 班","classHead":"http://download.ac-qd-oss.365ime.com/static/ic_64.png"},{"createTime":"","gradeName":"六年级","classJid":"101198","gradeId":"78e6da3fc884401782247525e8e170c1","classId":"101198","className":"101198 班","classHead":"http://download.ac-qd-oss.365ime.com/static/ic_64.png"},{"createTime":"","gradeName":"六年级","classJid":"101199","gradeId":"78e6da3fc884401782247525e8e170c1","classId":"101199","className":"101199 班","classHead":"http://download.ac-qd-oss.365ime.com/static/ic_64.png"},{"createTime":"","gradeName":"六年级","classJid":"101200","gradeId":"78e6da3fc884401782247525e8e170c1","classId":"101200","className":"101200 班","classHead":"http://download.ac-qd-oss.365ime.com/static/ic_64.png"},{"createTime":"","gradeName":"六年级","classJid":"101201","gradeId":"78e6da3fc884401782247525e8e170c1","classId":"101201","className":"101201 班","classHead":"http://download.ac-qd-oss.365ime.com/static/ic_64.png"},{"createTime":"","gradeName":"六年级","classJid":"101202","gradeId":"78e6da3fc884401782247525e8e170c1","classId":"101202","className":"101202 班","classHead":"http://download.ac-qd-oss.365ime.com/static/ic_64.png"},{"createTime":"","gradeName":"六年级","classJid":"101203","gradeId":"78e6da3fc884401782247525e8e170c1","classId":"101203","className":"101203 班","classHead":"http://download.ac-qd-oss.365ime.com/static/ic_64.png"},{"createTime":"","gradeName":"六年级","classJid":"101204","gradeId":"78e6da3fc884401782247525e8e170c1","classId":"101204","className":"101204 班","classHead":"http://download.ac-qd-oss.365ime.com/static/ic_64.png"},{"createTime":"","gradeName":"六年级","classJid":"101205","gradeId":"78e6da3fc884401782247525e8e170c1","classId":"101205","className":"101205 班","classHead":"http://download.ac-qd-oss.365ime.com/static/ic_64.png"},{"createTime":"","gradeName":"六年级","classJid":"101206","gradeId":"78e6da3fc884401782247525e8e170c1","classId":"101206","className":"101206 班","classHead":"http://download.ac-qd-oss.365ime.com/static/ic_64.png"},{"createTime":"","gradeName":"六年级","classJid":"101207","gradeId":"78e6da3fc884401782247525e8e170c1","classId":"101207","className":"101207 班","classHead":"http://download.ac-qd-oss.365ime.com/static/ic_64.png"},{"createTime":"","gradeName":"六年级","classJid":"101208","gradeId":"78e6da3fc884401782247525e8e170c1","classId":"101208","className":"101208 班","classHead":"http://download.ac-qd-oss.365ime.com/static/ic_64.png"},{"createTime":"","gradeName":"六年级","classJid":"101209","gradeId":"78e6da3fc884401782247525e8e170c1","classId":"101209","className":"101209 班","classHead":"http://download.ac-qd-oss.365ime.com/static/ic_64.png"},{"createTime":"","gradeName":"六年级","classJid":"101210","gradeId":"78e6da3fc884401782247525e8e170c1","classId":"101210","className":"101210 班","classHead":"http://download.ac-qd-oss.365ime.com/static/ic_64.png"},{"createTime":"","gradeName":"六年级","classJid":"101211","gradeId":"78e6da3fc884401782247525e8e170c1","classId":"101211","className":"101211 班","classHead":"http://download.ac-qd-oss.365ime.com/static/ic_64.png"},{"createTime":"","gradeName":"六年级","classJid":"101212","gradeId":"78e6da3fc884401782247525e8e170c1","classId":"101212","className":"101212 班","classHead":"http://download.ac-qd-oss.365ime.com/static/ic_64.png"},{"createTime":"","gradeName":"六年级","classJid":"101213","gradeId":"78e6da3fc884401782247525e8e170c1","classId":"101213","className":"101213 班","classHead":"http://download.ac-qd-oss.365ime.com/static/ic_64.png"},{"createTime":"","gradeName":"四年级","classJid":"101164","gradeId":"2fe33389017243d2bbff013828225eb1","classId":"101164","className":"101164 班","classHead":"http://download.ac-qd-oss.365ime.com/static/ic_64.png"},{"createTime":"","gradeName":"四年级","classJid":"101165","gradeId":"2fe33389017243d2bbff013828225eb1","classId":"101165","className":"101165 班","classHead":"http://download.ac-qd-oss.365ime.com/static/ic_64.png"},{"createTime":"","gradeName":"四年级","classJid":"101166","gradeId":"2fe33389017243d2bbff013828225eb1","classId":"101166","className":"101166 班","classHead":"http://download.ac-qd-oss.365ime.com/static/ic_64.png"},{"createTime":"","gradeName":"四年级","classJid":"101167","gradeId":"2fe33389017243d2bbff013828225eb1","classId":"101167","className":"101167 班","classHead":"http://download.ac-qd-oss.365ime.com/static/ic_64.png"},{"createTime":"","gradeName":"四年级","classJid":"101168","gradeId":"2fe33389017243d2bbff013828225eb1","classId":"101168","className":"101168 班","classHead":"http://download.ac-qd-oss.365ime.com/static/ic_64.png"},{"createTime":"","gradeName":"四年级","classJid":"101169","gradeId":"2fe33389017243d2bbff013828225eb1","classId":"101169","className":"101169 班","classHead":"http://download.ac-qd-oss.365ime.com/static/ic_64.png"},{"createTime":"","gradeName":"四年级","classJid":"101170","gradeId":"2fe33389017243d2bbff013828225eb1","classId":"101170","className":"101170 班","classHead":"http://download.ac-qd-oss.365ime.com/static/ic_64.png"},{"createTime":"","gradeName":"四年级","classJid":"101171","gradeId":"2fe33389017243d2bbff013828225eb1","classId":"101171","className":"101171 班","classHead":"http://download.ac-qd-oss.365ime.com/static/ic_64.png"},{"createTime":"","gradeName":"四年级","classJid":"101172","gradeId":"2fe33389017243d2bbff013828225eb1","classId":"101172","className":"101172 班","classHead":"http://download.ac-qd-oss.365ime.com/static/ic_64.png"},{"createTime":"","gradeName":"四年级","classJid":"101173","gradeId":"2fe33389017243d2bbff013828225eb1","classId":"101173","className":"101173 班","classHead":"http://download.ac-qd-oss.365ime.com/static/ic_64.png"},{"createTime":"1438416316","gradeName":"小学2015级","classJid":"24a2c19dd0b34da1a27424b72dc9ee0f","gradeId":"1204ec89e718447a93a9323149332b67","classId":"24a2c19dd0b34da1a27424b72dc9ee0f","className":"67单位","classHead":"http://download.ac-qd-oss.365ime.com/static/ic_64.png"}],"errorCode":"0"}

2015-09-01 10:35:10,155 [8] INFO  - 步骤“调用/jxt/class.php”已成功结束
2015-09-01 10:35:10,156 [8] INFO  - 步骤“获取返回值转换为JSON”: 步骤“获取返回值转换为JSON”已启动
2015-09-01 10:35:10,161 [8] INFO  - 步骤“获取返回值转换为JSON”已成功结束
2015-09-01 10:35:10,163 [8] INFO  - 步骤“查询tb_global_table表中classJid值”: 步骤“查询tb_global_table表中classJid值”已启动
2015-09-01 10:35:10,170 [8] INFO  - 步骤“查询tb_global_table表中classJid值”已成功结束
2015-09-01 10:35:10,172 [8] INFO  - 步骤“将接口返回的Json更新至tb_result_table”: 步骤“将接口返回的Json更新至tb_result_table”已启动
2015-09-01 10:35:10,179 [8] INFO  - 步骤“将接口返回的Json更新至tb_result_table”已成功结束
2015-09-01 10:35:10,181 [8] INFO  - 步骤“迭代 1”已成功结束
2015-09-01 10:35:10,184 [8] INFO  - 步骤“测试流”已成功结束
2015-09-01 10:35:10,335 [8] INFO  - 步骤“结束”: 步骤“结束”已启动
2015-09-01 10:35:10,352 [8] INFO  - 步骤“结束”已成功结束
