2015-09-07 11:22:01,212 [8] ERROR - Checkpoint 2: "305bbc2b43542b3d0203daffe9073c3cba5b47d9" = "61f048fc016c13ea5cdfa6416c6e6ef9532716b8" Ê§°Ü
2015-09-07 11:22:01,213 [8] ERROR - Failed to log checkpoint status:
2015-09-07 11:22:01,213 [8] ERROR - System.Collections.Generic.KeyNotFoundException: The given key was not present in the dictionary.
   at System.Collections.Generic.Dictionary`2.get_Item(TKey key)
   at HP.ST.Fwk.RunTimeFWK.CheckpointFWK.ReportImpl.WriteCPToLog(Dictionary`2 reportData, ILog log)
   at HP.ST.Fwk.RunTimeFWK.CheckpointFWK.ReportImpl.ReportToInternalLog(ISTRunTimeContext context, Dictionary`2 reportData)
2015-09-07 11:22:01,214 [8] ERROR - Failed to log checkpoint status:
2015-09-07 11:22:01,214 [8] ERROR - System.Collections.Generic.KeyNotFoundException: The given key was not present in the dictionary.
   at System.Collections.Generic.Dictionary`2.get_Item(TKey key)
   at HP.ST.Fwk.RunTimeFWK.CheckpointFWK.ReportImpl.WriteCPToLog(Dictionary`2 reportData, ILog log)
   at HP.ST.Fwk.RunTimeFWK.CheckpointFWK.ReportImpl.ReportToInternalLog(ISTRunTimeContext context, Dictionary`2 reportData)
2015-09-07 11:22:01,468 [8] ERROR - Checkpoint 2: "305bbc2b43542b3d0203daffe9073c3cba5b47d9" = "61f048fc016c13ea5cdfa6416c6e6ef9532716b8" Ê§°Ü
2015-09-07 11:22:01,469 [8] ERROR - Failed to log checkpoint status:
2015-09-07 11:22:01,469 [8] ERROR - System.Collections.Generic.KeyNotFoundException: The given key was not present in the dictionary.
   at System.Collections.Generic.Dictionary`2.get_Item(TKey key)
   at HP.ST.Fwk.RunTimeFWK.CheckpointFWK.ReportImpl.WriteCPToLog(Dictionary`2 reportData, ILog log)
   at HP.ST.Fwk.RunTimeFWK.CheckpointFWK.ReportImpl.ReportToInternalLog(ISTRunTimeContext context, Dictionary`2 reportData)
2015-09-07 11:22:01,470 [8] ERROR - Failed to log checkpoint status:
2015-09-07 11:22:01,470 [8] ERROR - System.Collections.Generic.KeyNotFoundException: The given key was not present in the dictionary.
   at System.Collections.Generic.Dictionary`2.get_Item(TKey key)
   at HP.ST.Fwk.RunTimeFWK.CheckpointFWK.ReportImpl.WriteCPToLog(Dictionary`2 reportData, ILog log)
   at HP.ST.Fwk.RunTimeFWK.CheckpointFWK.ReportImpl.ReportToInternalLog(ISTRunTimeContext context, Dictionary`2 reportData)
2015-09-07 11:22:01,615 [8] ERROR - Checkpoint 2: "305bbc2b43542b3d0203daffe9073c3cba5b47d9" = "61f048fc016c13ea5cdfa6416c6e6ef9532716b8" Ê§°Ü
2015-09-07 11:22:01,616 [8] ERROR - Failed to log checkpoint status:
2015-09-07 11:22:01,616 [8] ERROR - System.Collections.Generic.KeyNotFoundException: The given key was not present in the dictionary.
   at System.Collections.Generic.Dictionary`2.get_Item(TKey key)
   at HP.ST.Fwk.RunTimeFWK.CheckpointFWK.ReportImpl.WriteCPToLog(Dictionary`2 reportData, ILog log)
   at HP.ST.Fwk.RunTimeFWK.CheckpointFWK.ReportImpl.ReportToInternalLog(ISTRunTimeContext context, Dictionary`2 reportData)
2015-09-07 11:22:01,617 [8] ERROR - Failed to log checkpoint status:
2015-09-07 11:22:01,617 [8] ERROR - System.Collections.Generic.KeyNotFoundException: The given key was not present in the dictionary.
   at System.Collections.Generic.Dictionary`2.get_Item(TKey key)
   at HP.ST.Fwk.RunTimeFWK.CheckpointFWK.ReportImpl.WriteCPToLog(Dictionary`2 reportData, ILog log)
   at HP.ST.Fwk.RunTimeFWK.CheckpointFWK.ReportImpl.ReportToInternalLog(ISTRunTimeContext context, Dictionary`2 reportData)
2015-09-07 11:22:01,790 [8] ERROR - Checkpoint 2: "305bbc2b43542b3d0203daffe9073c3cba5b47d9" = "61f048fc016c13ea5cdfa6416c6e6ef9532716b8" Ê§°Ü
2015-09-07 11:22:01,792 [8] ERROR - Failed to log checkpoint status:
2015-09-07 11:22:01,792 [8] ERROR - System.Collections.Generic.KeyNotFoundException: The given key was not present in the dictionary.
   at System.Collections.Generic.Dictionary`2.get_Item(TKey key)
   at HP.ST.Fwk.RunTimeFWK.CheckpointFWK.ReportImpl.WriteCPToLog(Dictionary`2 reportData, ILog log)
   at HP.ST.Fwk.RunTimeFWK.CheckpointFWK.ReportImpl.ReportToInternalLog(ISTRunTimeContext context, Dictionary`2 reportData)
2015-09-07 11:22:01,792 [8] ERROR - Failed to log checkpoint status:
2015-09-07 11:22:01,793 [8] ERROR - System.Collections.Generic.KeyNotFoundException: The given key was not present in the dictionary.
   at System.Collections.Generic.Dictionary`2.get_Item(TKey key)
   at HP.ST.Fwk.RunTimeFWK.CheckpointFWK.ReportImpl.WriteCPToLog(Dictionary`2 reportData, ILog log)
   at HP.ST.Fwk.RunTimeFWK.CheckpointFWK.ReportImpl.ReportToInternalLog(ISTRunTimeContext context, Dictionary`2 reportData)
2015-09-07 11:22:01,938 [8] ERROR - Checkpoint 2: "305bbc2b43542b3d0203daffe9073c3cba5b47d9" = "61f048fc016c13ea5cdfa6416c6e6ef9532716b8" Ê§°Ü
2015-09-07 11:22:01,939 [8] ERROR - Failed to log checkpoint status:
2015-09-07 11:22:01,939 [8] ERROR - System.Collections.Generic.KeyNotFoundException: The given key was not present in the dictionary.
   at System.Collections.Generic.Dictionary`2.get_Item(TKey key)
   at HP.ST.Fwk.RunTimeFWK.CheckpointFWK.ReportImpl.WriteCPToLog(Dictionary`2 reportData, ILog log)
   at HP.ST.Fwk.RunTimeFWK.CheckpointFWK.ReportImpl.ReportToInternalLog(ISTRunTimeContext context, Dictionary`2 reportData)
2015-09-07 11:22:01,939 [8] ERROR - Failed to log checkpoint status:
2015-09-07 11:22:01,939 [8] ERROR - System.Collections.Generic.KeyNotFoundException: The given key was not present in the dictionary.
   at System.Collections.Generic.Dictionary`2.get_Item(TKey key)
   at HP.ST.Fwk.RunTimeFWK.CheckpointFWK.ReportImpl.WriteCPToLog(Dictionary`2 reportData, ILog log)
   at HP.ST.Fwk.RunTimeFWK.CheckpointFWK.ReportImpl.ReportToInternalLog(ISTRunTimeContext context, Dictionary`2 reportData)
2015-09-07 11:22:02,090 [8] ERROR - Checkpoint 2: "305bbc2b43542b3d0203daffe9073c3cba5b47d9" = "61f048fc016c13ea5cdfa6416c6e6ef9532716b8" Ê§°Ü
2015-09-07 11:22:02,092 [8] ERROR - Failed to log checkpoint status:
2015-09-07 11:22:02,092 [8] ERROR - System.Collections.Generic.KeyNotFoundException: The given key was not present in the dictionary.
   at System.Collections.Generic.Dictionary`2.get_Item(TKey key)
   at HP.ST.Fwk.RunTimeFWK.CheckpointFWK.ReportImpl.WriteCPToLog(Dictionary`2 reportData, ILog log)
   at HP.ST.Fwk.RunTimeFWK.CheckpointFWK.ReportImpl.ReportToInternalLog(ISTRunTimeContext context, Dictionary`2 reportData)
2015-09-07 11:22:02,092 [8] ERROR - Failed to log checkpoint status:
2015-09-07 11:22:02,092 [8] ERROR - System.Collections.Generic.KeyNotFoundException: The given key was not present in the dictionary.
   at System.Collections.Generic.Dictionary`2.get_Item(TKey key)
   at HP.ST.Fwk.RunTimeFWK.CheckpointFWK.ReportImpl.WriteCPToLog(Dictionary`2 reportData, ILog log)
   at HP.ST.Fwk.RunTimeFWK.CheckpointFWK.ReportImpl.ReportToInternalLog(ISTRunTimeContext context, Dictionary`2 reportData)
2015-09-07 11:22:03,159 [8] ERROR - Checkpoint 2: "305bbc2b43542b3d0203daffe9073c3cba5b47d9" = "61f048fc016c13ea5cdfa6416c6e6ef9532716b8" Ê§°Ü
2015-09-07 11:22:03,160 [8] ERROR - Failed to log checkpoint status:
2015-09-07 11:22:03,160 [8] ERROR - System.Collections.Generic.KeyNotFoundException: The given key was not present in the dictionary.
   at System.Collections.Generic.Dictionary`2.get_Item(TKey key)
   at HP.ST.Fwk.RunTimeFWK.CheckpointFWK.ReportImpl.WriteCPToLog(Dictionary`2 reportData, ILog log)
   at HP.ST.Fwk.RunTimeFWK.CheckpointFWK.ReportImpl.ReportToInternalLog(ISTRunTimeContext context, Dictionary`2 reportData)
2015-09-07 11:22:03,160 [8] ERROR - Failed to log checkpoint status:
2015-09-07 11:22:03,160 [8] ERROR - System.Collections.Generic.KeyNotFoundException: The given key was not present in the dictionary.
   at System.Collections.Generic.Dictionary`2.get_Item(TKey key)
   at HP.ST.Fwk.RunTimeFWK.CheckpointFWK.ReportImpl.WriteCPToLog(Dictionary`2 reportData, ILog log)
   at HP.ST.Fwk.RunTimeFWK.CheckpointFWK.ReportImpl.ReportToInternalLog(ISTRunTimeContext context, Dictionary`2 reportData)
2015-09-07 11:22:03,492 [8] ERROR - Checkpoint 2: "305bbc2b43542b3d0203daffe9073c3cba5b47d9" = "61f048fc016c13ea5cdfa6416c6e6ef9532716b8" Ê§°Ü
2015-09-07 11:22:03,493 [8] ERROR - Failed to log checkpoint status:
2015-09-07 11:22:03,493 [8] ERROR - System.Collections.Generic.KeyNotFoundException: The given key was not present in the dictionary.
   at System.Collections.Generic.Dictionary`2.get_Item(TKey key)
   at HP.ST.Fwk.RunTimeFWK.CheckpointFWK.ReportImpl.WriteCPToLog(Dictionary`2 reportData, ILog log)
   at HP.ST.Fwk.RunTimeFWK.CheckpointFWK.ReportImpl.ReportToInternalLog(ISTRunTimeContext context, Dictionary`2 reportData)
2015-09-07 11:22:03,493 [8] ERROR - Failed to log checkpoint status:
2015-09-07 11:22:03,493 [8] ERROR - System.Collections.Generic.KeyNotFoundException: The given key was not present in the dictionary.
   at System.Collections.Generic.Dictionary`2.get_Item(TKey key)
   at HP.ST.Fwk.RunTimeFWK.CheckpointFWK.ReportImpl.WriteCPToLog(Dictionary`2 reportData, ILog log)
   at HP.ST.Fwk.RunTimeFWK.CheckpointFWK.ReportImpl.ReportToInternalLog(ISTRunTimeContext context, Dictionary`2 reportData)
2015-09-07 11:22:03,829 [8] ERROR - Checkpoint 2: "305bbc2b43542b3d0203daffe9073c3cba5b47d9" = "61f048fc016c13ea5cdfa6416c6e6ef9532716b8" Ê§°Ü
2015-09-07 11:22:03,831 [8] ERROR - Failed to log checkpoint status:
2015-09-07 11:22:03,831 [8] ERROR - System.Collections.Generic.KeyNotFoundException: The given key was not present in the dictionary.
   at System.Collections.Generic.Dictionary`2.get_Item(TKey key)
   at HP.ST.Fwk.RunTimeFWK.CheckpointFWK.ReportImpl.WriteCPToLog(Dictionary`2 reportData, ILog log)
   at HP.ST.Fwk.RunTimeFWK.CheckpointFWK.ReportImpl.ReportToInternalLog(ISTRunTimeContext context, Dictionary`2 reportData)
2015-09-07 11:22:03,831 [8] ERROR - Failed to log checkpoint status:
2015-09-07 11:22:03,832 [8] ERROR - System.Collections.Generic.KeyNotFoundException: The given key was not present in the dictionary.
   at System.Collections.Generic.Dictionary`2.get_Item(TKey key)
   at HP.ST.Fwk.RunTimeFWK.CheckpointFWK.ReportImpl.WriteCPToLog(Dictionary`2 reportData, ILog log)
   at HP.ST.Fwk.RunTimeFWK.CheckpointFWK.ReportImpl.ReportToInternalLog(ISTRunTimeContext context, Dictionary`2 reportData)
2015-09-07 11:22:04,157 [8] ERROR - Checkpoint 2: "305bbc2b43542b3d0203daffe9073c3cba5b47d9" = "61f048fc016c13ea5cdfa6416c6e6ef9532716b8" Ê§°Ü
2015-09-07 11:22:04,158 [8] ERROR - Failed to log checkpoint status:
2015-09-07 11:22:04,158 [8] ERROR - System.Collections.Generic.KeyNotFoundException: The given key was not present in the dictionary.
   at System.Collections.Generic.Dictionary`2.get_Item(TKey key)
   at HP.ST.Fwk.RunTimeFWK.CheckpointFWK.ReportImpl.WriteCPToLog(Dictionary`2 reportData, ILog log)
   at HP.ST.Fwk.RunTimeFWK.CheckpointFWK.ReportImpl.ReportToInternalLog(ISTRunTimeContext context, Dictionary`2 reportData)
2015-09-07 11:22:04,158 [8] ERROR - Failed to log checkpoint status:
2015-09-07 11:22:04,158 [8] ERROR - System.Collections.Generic.KeyNotFoundException: The given key was not present in the dictionary.
   at System.Collections.Generic.Dictionary`2.get_Item(TKey key)
   at HP.ST.Fwk.RunTimeFWK.CheckpointFWK.ReportImpl.WriteCPToLog(Dictionary`2 reportData, ILog log)
   at HP.ST.Fwk.RunTimeFWK.CheckpointFWK.ReportImpl.ReportToInternalLog(ISTRunTimeContext context, Dictionary`2 reportData)
2015-09-07 11:22:07,114 [8] ERROR - Checkpoint 2: "305bbc2b43542b3d0203daffe9073c3cba5b47d9" = "61f048fc016c13ea5cdfa6416c6e6ef9532716b8" Ê§°Ü
2015-09-07 11:22:07,116 [8] ERROR - Failed to log checkpoint status:
2015-09-07 11:22:07,117 [8] ERROR - System.Collections.Generic.KeyNotFoundException: The given key was not present in the dictionary.
   at System.Collections.Generic.Dictionary`2.get_Item(TKey key)
   at HP.ST.Fwk.RunTimeFWK.CheckpointFWK.ReportImpl.WriteCPToLog(Dictionary`2 reportData, ILog log)
   at HP.ST.Fwk.RunTimeFWK.CheckpointFWK.ReportImpl.ReportToInternalLog(ISTRunTimeContext context, Dictionary`2 reportData)
2015-09-07 11:22:07,117 [8] ERROR - Failed to log checkpoint status:
2015-09-07 11:22:07,117 [8] ERROR - System.Collections.Generic.KeyNotFoundException: The given key was not present in the dictionary.
   at System.Collections.Generic.Dictionary`2.get_Item(TKey key)
   at HP.ST.Fwk.RunTimeFWK.CheckpointFWK.ReportImpl.WriteCPToLog(Dictionary`2 reportData, ILog log)
   at HP.ST.Fwk.RunTimeFWK.CheckpointFWK.ReportImpl.ReportToInternalLog(ISTRunTimeContext context, Dictionary`2 reportData)
2015-09-07 11:22:07,502 [8] ERROR - Checkpoint 2: "Arguments[1]/ResultTable[1]/Row[1]/token[1]" = "61f048fc016c13ea5cdfa6416c6e6ef9532716b8" Ê§°Ü
2015-09-07 11:22:07,504 [8] ERROR - Failed to log checkpoint status:
2015-09-07 11:22:07,504 [8] ERROR - System.Collections.Generic.KeyNotFoundException: The given key was not present in the dictionary.
   at System.Collections.Generic.Dictionary`2.get_Item(TKey key)
   at HP.ST.Fwk.RunTimeFWK.CheckpointFWK.ReportImpl.WriteCPToLog(Dictionary`2 reportData, ILog log)
   at HP.ST.Fwk.RunTimeFWK.CheckpointFWK.ReportImpl.ReportToInternalLog(ISTRunTimeContext context, Dictionary`2 reportData)
2015-09-07 11:22:07,504 [8] ERROR - Failed to log checkpoint status:
2015-09-07 11:22:07,504 [8] ERROR - System.Collections.Generic.KeyNotFoundException: The given key was not present in the dictionary.
   at System.Collections.Generic.Dictionary`2.get_Item(TKey key)
   at HP.ST.Fwk.RunTimeFWK.CheckpointFWK.ReportImpl.WriteCPToLog(Dictionary`2 reportData, ILog log)
   at HP.ST.Fwk.RunTimeFWK.CheckpointFWK.ReportImpl.ReportToInternalLog(ISTRunTimeContext context, Dictionary`2 reportData)
2015-09-07 11:22:07,937 [8] ERROR - Checkpoint 2: "902ca048a73c5c8f2ad2e2ebe9ffebeb" = "61f048fc016c13ea5cdfa6416c6e6ef9532716b8" Ê§°Ü
2015-09-07 11:22:07,939 [8] ERROR - Failed to log checkpoint status:
2015-09-07 11:22:07,939 [8] ERROR - System.Collections.Generic.KeyNotFoundException: The given key was not present in the dictionary.
   at System.Collections.Generic.Dictionary`2.get_Item(TKey key)
   at HP.ST.Fwk.RunTimeFWK.CheckpointFWK.ReportImpl.WriteCPToLog(Dictionary`2 reportData, ILog log)
   at HP.ST.Fwk.RunTimeFWK.CheckpointFWK.ReportImpl.ReportToInternalLog(ISTRunTimeContext context, Dictionary`2 reportData)
2015-09-07 11:22:07,939 [8] ERROR - Failed to log checkpoint status:
2015-09-07 11:22:07,939 [8] ERROR - System.Collections.Generic.KeyNotFoundException: The given key was not present in the dictionary.
   at System.Collections.Generic.Dictionary`2.get_Item(TKey key)
   at HP.ST.Fwk.RunTimeFWK.CheckpointFWK.ReportImpl.WriteCPToLog(Dictionary`2 reportData, ILog log)
   at HP.ST.Fwk.RunTimeFWK.CheckpointFWK.ReportImpl.ReportToInternalLog(ISTRunTimeContext context, Dictionary`2 reportData)
2015-09-07 11:22:08,388 [8] ERROR - Checkpoint 2: "77401169@365ime.com" = "61f048fc016c13ea5cdfa6416c6e6ef9532716b8" Ê§°Ü
2015-09-07 11:22:08,389 [8] ERROR - Failed to log checkpoint status:
2015-09-07 11:22:08,389 [8] ERROR - System.Collections.Generic.KeyNotFoundException: The given key was not present in the dictionary.
   at System.Collections.Generic.Dictionary`2.get_Item(TKey key)
   at HP.ST.Fwk.RunTimeFWK.CheckpointFWK.ReportImpl.WriteCPToLog(Dictionary`2 reportData, ILog log)
   at HP.ST.Fwk.RunTimeFWK.CheckpointFWK.ReportImpl.ReportToInternalLog(ISTRunTimeContext context, Dictionary`2 reportData)
2015-09-07 11:22:08,389 [8] ERROR - Failed to log checkpoint status:
2015-09-07 11:22:08,389 [8] ERROR - System.Collections.Generic.KeyNotFoundException: The given key was not present in the dictionary.
   at System.Collections.Generic.Dictionary`2.get_Item(TKey key)
   at HP.ST.Fwk.RunTimeFWK.CheckpointFWK.ReportImpl.WriteCPToLog(Dictionary`2 reportData, ILog log)
   at HP.ST.Fwk.RunTimeFWK.CheckpointFWK.ReportImpl.ReportToInternalLog(ISTRunTimeContext context, Dictionary`2 reportData)
2015-09-07 11:22:08,809 [8] ERROR - Checkpoint 2: "test" = "61f048fc016c13ea5cdfa6416c6e6ef9532716b8" Ê§°Ü
2015-09-07 11:22:08,810 [8] ERROR - Failed to log checkpoint status:
2015-09-07 11:22:08,810 [8] ERROR - System.Collections.Generic.KeyNotFoundException: The given key was not present in the dictionary.
   at System.Collections.Generic.Dictionary`2.get_Item(TKey key)
   at HP.ST.Fwk.RunTimeFWK.CheckpointFWK.ReportImpl.WriteCPToLog(Dictionary`2 reportData, ILog log)
   at HP.ST.Fwk.RunTimeFWK.CheckpointFWK.ReportImpl.ReportToInternalLog(ISTRunTimeContext context, Dictionary`2 reportData)
2015-09-07 11:22:08,810 [8] ERROR - Failed to log checkpoint status:
2015-09-07 11:22:08,810 [8] ERROR - System.Collections.Generic.KeyNotFoundException: The given key was not present in the dictionary.
   at System.Collections.Generic.Dictionary`2.get_Item(TKey key)
   at HP.ST.Fwk.RunTimeFWK.CheckpointFWK.ReportImpl.WriteCPToLog(Dictionary`2 reportData, ILog log)
   at HP.ST.Fwk.RunTimeFWK.CheckpointFWK.ReportImpl.ReportToInternalLog(ISTRunTimeContext context, Dictionary`2 reportData)
2015-09-07 11:22:09,272 [8] ERROR - Checkpoint 2: "305bbc2b43542b3d0203daffe9073c3cba5b47d9" = "61f048fc016c13ea5cdfa6416c6e6ef9532716b8" Ê§°Ü
2015-09-07 11:22:09,273 [8] ERROR - Failed to log checkpoint status:
2015-09-07 11:22:09,274 [8] ERROR - System.Collections.Generic.KeyNotFoundException: The given key was not present in the dictionary.
   at System.Collections.Generic.Dictionary`2.get_Item(TKey key)
   at HP.ST.Fwk.RunTimeFWK.CheckpointFWK.ReportImpl.WriteCPToLog(Dictionary`2 reportData, ILog log)
   at HP.ST.Fwk.RunTimeFWK.CheckpointFWK.ReportImpl.ReportToInternalLog(ISTRunTimeContext context, Dictionary`2 reportData)
2015-09-07 11:22:09,274 [8] ERROR - Failed to log checkpoint status:
2015-09-07 11:22:09,274 [8] ERROR - System.Collections.Generic.KeyNotFoundException: The given key was not present in the dictionary.
   at System.Collections.Generic.Dictionary`2.get_Item(TKey key)
   at HP.ST.Fwk.RunTimeFWK.CheckpointFWK.ReportImpl.WriteCPToLog(Dictionary`2 reportData, ILog log)
   at HP.ST.Fwk.RunTimeFWK.CheckpointFWK.ReportImpl.ReportToInternalLog(ISTRunTimeContext context, Dictionary`2 reportData)
