2015-08-21 18:02:03,726 [8] INFO  - 步骤“开始”: 步骤“开始”已启动
2015-08-21 18:02:03,738 [8] INFO  - 步骤“开始”已成功结束
2015-08-21 18:02:03,739 [8] INFO  - 步骤“测试流”: 步骤“测试流”已启动
2015-08-21 18:02:03,779 [8] INFO  - 步骤“迭代 1”: 步骤“迭代 1”已启动
2015-08-21 18:02:03,780 [8] INFO  - 步骤“连接到mysql数据库”: 步骤“连接到mysql数据库”已启动
2015-08-21 18:02:03,782 [8] INFO  - 步骤“连接到mysql数据库”: Connection string: DSN=localhost;Uid=root;Pwd={PWD};
2015-08-21 18:02:03,795 [8] INFO  - 步骤“连接到mysql数据库”已成功结束
2015-08-21 18:02:03,796 [8] INFO  - 步骤“获取到tb_sendMessage_verification表有效行数”: 步骤“获取到tb_sendMessage_verification表有效行数”已启动
2015-08-21 18:02:03,801 [8] INFO  - 步骤“获取到tb_sendMessage_verification表有效行数”已成功结束
2015-08-21 18:02:03,802 [8] INFO  - 步骤“循环执行tb_sendMessage_verification中的测试用例”: 步骤“循环执行tb_sendMessage_verification中的测试用例”已启动
2015-08-21 18:02:03,804 [8] INFO  - 步骤“迭代 1”: 步骤“迭代 1”已启动
2015-08-21 18:02:03,805 [8] INFO  - 步骤“查询tb_sendMessage_verification表中字段信息”: 步骤“查询tb_sendMessage_verification表中字段信息”已启动
2015-08-21 18:02:03,807 [8] INFO  - 步骤“查询tb_sendMessage_verification表中字段信息”已成功结束
2015-08-21 18:02:03,808 [8] INFO  - 步骤“查询tb_global_table表中ResponseXsid值”: 步骤“查询tb_global_table表中ResponseXsid值”已启动
2015-08-21 18:02:03,810 [8] INFO  - 步骤“查询tb_global_table表中ResponseXsid值”已成功结束
2015-08-21 18:02:03,810 [8] INFO  - 步骤“将xsid更新至最新值”: 步骤“将xsid更新至最新值”已启动
2015-08-21 18:02:03,813 [8] INFO  - 步骤“将xsid更新至最新值”: 输入参数“源字符串”，值:“”
2015-08-21 18:02:03,815 [8] INFO  - 步骤“将xsid更新至最新值”: 输入参数“搜索字符串 1”，值:“'x_1f1a0e62u0t5j480c916h26642tc3didb95f5an861da049516m0y7pd5aiu00'”
2015-08-21 18:02:03,816 [8] INFO  - 步骤“将xsid更新至最新值”: 输入参数“替换字符串 1”，值:“'x_151ad6pbn8s5r6a9idu3000c0b63u2t8j181c218hc6b4at9jd08b152bn6d09'”
2015-08-21 18:02:03,816 [8] INFO  - 步骤“将xsid更新至最新值”: 输入参数“区分大小写”，值:“True”
2015-08-21 18:02:03,818 [8] INFO  - 步骤“将xsid更新至最新值”: 输出参数“结果”，值:“”
2015-08-21 18:02:03,820 [8] INFO  - 步骤“将xsid更新至最新值”已成功结束
2015-08-21 18:02:03,820 [8] INFO  - 步骤“调用/Msg/sendMessage”: 步骤“调用/Msg/sendMessage”已启动
2015-08-21 18:02:03,830 [8] INFO  - 步骤“调用/Msg/sendMessage”: 提取 HTTP URL: 'http://115.28.183.149:7020/Msg/sendMessage'
2015-08-21 18:02:04,326 [8] INFO  - 步骤“调用/Msg/sendMessage”: 服务器返回了状态代码: 200
2015-08-21 18:02:04,328 [8] INFO  - 步骤“调用/Msg/sendMessage”: HTTP 原始请求:
2015-08-21 18:02:04,329 [8] INFO  - 步骤“调用/Msg/sendMessage”: POST http://115.28.183.149:7020/Msg/sendMessage 1.1
Content-Type: application/x-www-form-urlencoded
Host: 115.28.183.149:7020
Content-Length: 154
Expect: 100-continue
Connection: Keep-Alive
xsid=&messageType=1&jid=249901780@365ime.com&messageContent=作业测试&api=test&myJid=77401169@365ime.com&token=9fd1c47f37ee5ac7792f73f5ff5ac44f80934a32

2015-08-21 18:02:04,331 [8] INFO  - 步骤“调用/Msg/sendMessage”: HTTP 原始响应:
2015-08-21 18:02:04,334 [8] INFO  - 步骤“调用/Msg/sendMessage”: HTTP/1.1 200 OK
Connection: keep-alive
Content-Length: 47
Content-Type: application/json; charset=utf-8,text/html
Date: Fri, 21-Aug-2015 10:02:01 GMT
Server: swoole-http-server
{"errorCode":-1,"errorMessage":"invalid token"}
2015-08-21 18:02:04,343 [8] INFO  - 步骤“调用/Msg/sendMessage”已成功结束
2015-08-21 18:02:04,345 [8] INFO  - 步骤“获取返回值转换为JSON”: 步骤“获取返回值转换为JSON”已启动
2015-08-21 18:02:04,354 [8] INFO  - 步骤“获取返回值转换为JSON”已成功结束
2015-08-21 18:02:04,367 [8] INFO  - 步骤“将获取到的JSON插入到sql中”: 步骤“将获取到的JSON插入到sql中”已启动
2015-08-21 18:02:04,475 [8] INFO  - 步骤“将获取到的JSON插入到sql中”已成功结束
2015-08-21 18:02:04,478 [8] INFO  - 步骤“将errorcode更新到sql中”: 步骤“将errorcode更新到sql中”已启动
2015-08-21 18:02:04,518 [8] INFO  - 步骤“将errorcode更新到sql中”已成功结束
2015-08-21 18:02:04,523 [8] INFO  - 步骤“获取当前Case的实际值”: 步骤“获取当前Case的实际值”已启动
2015-08-21 18:02:04,528 [8] INFO  - 步骤“获取当前Case的实际值”已成功结束
2015-08-21 18:02:04,530 [8] INFO  - 步骤“获取当前Case的期待值”: 步骤“获取当前Case的期待值”已启动
2015-08-21 18:02:04,535 [8] INFO  - 步骤“获取当前Case的期待值”已成功结束
2015-08-21 18:02:04,537 [8] INFO  - 步骤“填写Result”: 步骤“填写Result”已启动
2015-08-21 18:02:04,543 [8] INFO  - 步骤“IfElse64”: 计算方式: 使用条件
2015-08-21 18:02:04,545 [8] INFO  - 步骤“是”: 步骤“是”已启动
2015-08-21 18:02:04,548 [8] INFO  - 步骤“在Result字段插入True”: 步骤“在Result字段插入True”已启动
2015-08-21 18:02:04,575 [8] INFO  - 步骤“在Result字段插入True”已成功结束
2015-08-21 18:02:04,577 [8] INFO  - 步骤“是”已成功结束
2015-08-21 18:02:04,579 [8] INFO  - 步骤“填写Result”已成功结束
2015-08-21 18:02:04,580 [8] INFO  - 步骤“迭代 1”已成功结束
2015-08-21 18:02:04,582 [8] INFO  - 步骤“循环执行tb_sendMessage_verification中的测试用例”已成功结束
2015-08-21 18:02:04,584 [8] INFO  - 步骤“对/Msg/sendMessage接口token实行加密”: 步骤“对/Msg/sendMessage接口token实行加密”已启动
2015-08-21 18:02:04,609 [8] INFO  - 步骤“对/Msg/sendMessage接口token实行加密”已成功结束
2015-08-21 18:02:04,610 [8] INFO  - 步骤“Encryption.SHA1”: 步骤“Encryption.SHA1”已启动
2015-08-21 18:02:11,718 [8] INFO  - 步骤“Encryption.SHA1”已成功结束
2015-08-21 18:02:11,721 [8] INFO  - 步骤“查询出加密后EncryptionResult字段的值”: 步骤“查询出加密后EncryptionResult字段的值”已启动
2015-08-21 18:02:11,725 [8] INFO  - 步骤“查询出加密后EncryptionResult字段的值”已成功结束
2015-08-21 18:02:11,726 [8] INFO  - 步骤“查询tb_global_table表中xsid的值”: 步骤“查询tb_global_table表中xsid的值”已启动
2015-08-21 18:02:11,728 [8] INFO  - 步骤“查询tb_global_table表中xsid的值”已成功结束
2015-08-21 18:02:11,729 [8] INFO  - 步骤“调用/Msg/sendMessage”: 步骤“调用/Msg/sendMessage”已启动
2015-08-21 18:02:11,733 [8] INFO  - 步骤“调用/Msg/sendMessage”: 提取 HTTP URL: 'http://115.28.183.149:7020/Msg/sendMessage'
2015-08-21 18:02:11,819 [8] INFO  - 步骤“调用/Msg/sendMessage”: 服务器返回了状态代码: 200
2015-08-21 18:02:11,821 [8] INFO  - 步骤“调用/Msg/sendMessage”: HTTP 原始请求:
2015-08-21 18:02:11,824 [8] INFO  - 步骤“调用/Msg/sendMessage”: POST http://115.28.183.149:7020/Msg/sendMessage 1.1
Content-Type: application/x-www-form-urlencoded
Host: 115.28.183.149:7020
Content-Length: 237
Expect: 100-continue
xsid=x_151ad6pbn8s5r6a9idu3000c0b63u2t8j181c218hc6b4at9jd08b152bn6d09&messageType=1&jid=77401169@365ime.com&messageContent='作业测试'&api='http://www.baidu.com'&myJid=77401170@365ime.com&token=3d5ba452c9acb75c9843637176dbb93074c37f48

2015-08-21 18:02:11,826 [8] INFO  - 步骤“调用/Msg/sendMessage”: HTTP 原始响应:
2015-08-21 18:02:11,828 [8] INFO  - 步骤“调用/Msg/sendMessage”: HTTP/1.1 200 OK
Connection: keep-alive
Content-Length: 40
Content-Type: text/html
Date: Fri, 21-Aug-2015 10:02:08 GMT
Server: swoole-http-server
{"errorMessage":"6702673","errorCode":0}
2015-08-21 18:02:11,833 [8] INFO  - 步骤“调用/Msg/sendMessage”已成功结束
2015-08-21 18:02:11,835 [8] INFO  - 步骤“将接口返回的Json更新至tb_result_table”: 步骤“将接口返回的Json更新至tb_result_table”已启动
2015-08-21 18:02:11,968 [8] INFO  - 步骤“将接口返回的Json更新至tb_result_table”已成功结束
2015-08-21 18:02:11,973 [8] INFO  - 步骤“迭代 1”已成功结束
2015-08-21 18:02:11,979 [8] INFO  - 步骤“测试流”已成功结束
2015-08-21 18:02:12,150 [8] INFO  - 步骤“结束”: 步骤“结束”已启动
2015-08-21 18:02:12,157 [8] INFO  - 步骤“结束”已成功结束
