2015-09-06 18:09:46,127 [8] INFO  - 步骤“开始”: 步骤“开始”已启动
2015-09-06 18:09:46,142 [8] INFO  - 步骤“开始”已成功结束
2015-09-06 18:09:46,143 [8] INFO  - 步骤“测试流”: 步骤“测试流”已启动
2015-09-06 18:09:46,196 [8] INFO  - 步骤“迭代 1”: 步骤“迭代 1”已启动
2015-09-06 18:09:46,197 [8] INFO  - 步骤“连接到mysql数据库”: 步骤“连接到mysql数据库”已启动
2015-09-06 18:09:46,200 [8] INFO  - 步骤“连接到mysql数据库”: Connection string: DSN=192.168.50.11;Uid=ime;Pwd=www.365ime.com!;
2015-09-06 18:09:46,207 [8] INFO  - 步骤“连接到mysql数据库”已成功结束
2015-09-06 18:09:46,208 [8] INFO  - 步骤“获取tb_GetUnReadMsgs_verification表有效行数”: 步骤“获取tb_GetUnReadMsgs_verification表有效行数”已启动
2015-09-06 18:09:46,215 [8] INFO  - 步骤“获取tb_GetUnReadMsgs_verification表有效行数”已成功结束
2015-09-06 18:09:46,216 [8] INFO  - 步骤“获取全局表中xmid值”: 步骤“获取全局表中xmid值”已启动
2015-09-06 18:09:46,219 [8] INFO  - 步骤“获取全局表中xmid值”已成功结束
2015-09-06 18:09:46,220 [8] INFO  - 步骤“循环执行tb_GetUnReadMsgs_verification中的测试用例”: 步骤“循环执行tb_GetUnReadMsgs_verification中的测试用例”已启动
2015-09-06 18:09:46,222 [8] INFO  - 步骤“迭代 1”: 步骤“迭代 1”已启动
2015-09-06 18:09:46,222 [8] INFO  - 步骤“查询tb_GetUnReadMsgs_verification表中字段信息”: 步骤“查询tb_GetUnReadMsgs_verification表中字段信息”已启动
2015-09-06 18:09:46,233 [8] ERROR - Checkpoint 2: "e604be10fa933b76a0cf13072e3f552f8d81fb38" = "61f048fc016c13ea5cdfa6416c6e6ef9532716b8" 失败
2015-09-06 18:09:46,236 [8] INFO  - 步骤“查询tb_GetUnReadMsgs_verification表中字段信息”已成功结束
2015-09-06 18:09:46,237 [8] INFO  - 步骤“将需要加密的数据赋值到全局表EncryptionStr字段中”: 步骤“将需要加密的数据赋值到全局表EncryptionStr字段中”已启动
2015-09-06 18:09:46,242 [8] INFO  - 步骤“将需要加密的数据赋值到全局表EncryptionStr字段中”已成功结束
2015-09-06 18:09:46,243 [8] INFO  - 步骤“Encryption.SHA1”: 步骤“Encryption.SHA1”已启动
2015-09-06 18:09:49,012 [8] INFO  - 步骤“Encryption.SHA1”已成功结束
2015-09-06 18:09:49,013 [8] INFO  - 步骤“查询出加密后的token信息”: 步骤“查询出加密后的token信息”已启动
2015-09-06 18:09:49,017 [8] INFO  - 步骤“查询出加密后的token信息”已成功结束
2015-09-06 18:09:49,018 [8] INFO  - 步骤“将token更新至最新值”: 步骤“将token更新至最新值”已启动
2015-09-06 18:09:49,021 [8] INFO  - 步骤“将token更新至最新值”: 输入参数“源字符串”，值:“e604be10fa933b76a0cf13072e3f552f8d81fb38”
2015-09-06 18:09:49,024 [8] INFO  - 步骤“将token更新至最新值”: 输入参数“搜索字符串 1”，值:“'e604be10fa933b76a0cf13072e3f552f8d81fb38'”
2015-09-06 18:09:49,026 [8] INFO  - 步骤“将token更新至最新值”: 输入参数“替换字符串 1”，值:“'5f3a1b5fbbad1daab4566ffcc8f1c8376aa43a92'”
2015-09-06 18:09:49,027 [8] INFO  - 步骤“将token更新至最新值”: 输出参数“结果”，值:“5f3a1b5fbbad1daab4566ffcc8f1c8376aa43a92”
2015-09-06 18:09:49,029 [8] INFO  - 步骤“将token更新至最新值”已成功结束
2015-09-06 18:09:49,030 [8] INFO  - 步骤“调用/iq/GetUnReadMsgs.php”: 步骤“调用/iq/GetUnReadMsgs.php”已启动
2015-09-06 18:09:49,043 [8] INFO  - 步骤“调用/iq/GetUnReadMsgs.php”: 提取 HTTP URL: 'http://yace-msg.365ime.com/iq/GetUnReadMsgs.php'
2015-09-06 18:09:49,192 [8] INFO  - 步骤“调用/iq/GetUnReadMsgs.php”: 服务器返回了状态代码: 200
2015-09-06 18:09:49,194 [8] INFO  - 步骤“调用/iq/GetUnReadMsgs.php”: HTTP 原始请求:
2015-09-06 18:09:49,194 [8] INFO  - 步骤“调用/iq/GetUnReadMsgs.php”: POST http://yace-msg.365ime.com/iq/GetUnReadMsgs.php 1.1
Content-Type: application/x-www-form-urlencoded
Host: yace-msg.365ime.com
Content-Length: 83
Expect: 100-continue
Connection: Keep-Alive
jid=77401170@365ime.com&xmid=6103081&token=5f3a1b5fbbad1daab4566ffcc8f1c8376aa43a92

2015-09-06 18:09:49,195 [8] INFO  - 步骤“调用/iq/GetUnReadMsgs.php”: HTTP 原始响应:
2015-09-06 18:09:49,196 [8] INFO  - 步骤“调用/iq/GetUnReadMsgs.php”: HTTP/1.1 200 OK
Transfer-Encoding: chunked
Connection: keep-alive
Vary: Accept-Encoding
Access-Control-Allow-Origin: *
Content-Type: text/html;charset=UTF-8
Date: Sun, 06 Sep 2015 10:09:49 GMT
Set-Cookie: SERVERID=6b6a95bb211e23be2802dd65454b32b5|1441534188|1441534188;Path=/
{"errorMessage":null,"errorCode":"1"}
2015-09-06 18:09:49,201 [8] INFO  - 步骤“调用/iq/GetUnReadMsgs.php”已成功结束
2015-09-06 18:09:49,202 [8] INFO  - 步骤“获取返回值转换为JSON”: 步骤“获取返回值转换为JSON”已启动
2015-09-06 18:09:49,208 [8] INFO  - 步骤“获取返回值转换为JSON”已成功结束
2015-09-06 18:09:49,209 [8] INFO  - 步骤“将获取到的JSON插入到sql中”: 步骤“将获取到的JSON插入到sql中”已启动
2015-09-06 18:09:49,212 [8] INFO  - 步骤“将获取到的JSON插入到sql中”已成功结束
2015-09-06 18:09:49,213 [8] INFO  - 步骤“将errorcode更新到sql中”: 步骤“将errorcode更新到sql中”已启动
2015-09-06 18:09:49,216 [8] INFO  - 步骤“将errorcode更新到sql中”已成功结束
2015-09-06 18:09:49,217 [8] INFO  - 步骤“获取当前Case的实际值”: 步骤“获取当前Case的实际值”已启动
2015-09-06 18:09:49,220 [8] INFO  - 步骤“获取当前Case的实际值”已成功结束
2015-09-06 18:09:49,220 [8] INFO  - 步骤“获取当前Case的期待值”: 步骤“获取当前Case的期待值”已启动
2015-09-06 18:09:49,223 [8] INFO  - 步骤“获取当前Case的期待值”已成功结束
2015-09-06 18:09:49,224 [8] INFO  - 步骤“填写Result”: 步骤“填写Result”已启动
2015-09-06 18:09:49,226 [8] INFO  - 步骤“IfElse64”: 计算方式: 使用条件
2015-09-06 18:09:49,226 [8] INFO  - 步骤“否”: 步骤“否”已启动
2015-09-06 18:09:49,227 [8] INFO  - 步骤“在Result字段插入False”: 步骤“在Result字段插入False”已启动
2015-09-06 18:09:49,230 [8] INFO  - 步骤“在Result字段插入False”已成功结束
2015-09-06 18:09:49,232 [8] INFO  - 步骤“否”已成功结束
2015-09-06 18:09:49,233 [8] INFO  - 步骤“填写Result”已成功结束
2015-09-06 18:09:49,234 [8] INFO  - 步骤“迭代 1”已成功结束
2015-09-06 18:09:49,236 [8] INFO  - 步骤“循环执行tb_GetUnReadMsgs_verification中的测试用例”已成功结束
2015-09-06 18:09:49,237 [8] INFO  - 步骤“对/iq/GetUnReadMsgs.php接口token实行加密”: 步骤“对/iq/GetUnReadMsgs.php接口token实行加密”已启动
2015-09-06 18:09:49,248 [8] INFO  - 步骤“对/iq/GetUnReadMsgs.php接口token实行加密”已成功结束
2015-09-06 18:09:49,249 [8] INFO  - 步骤“Encryption.SHA1”: 步骤“Encryption.SHA1”已启动
2015-09-06 18:09:53,130 [8] INFO  - 步骤“Encryption.SHA1”已成功结束
2015-09-06 18:09:53,132 [8] INFO  - 步骤“查询出加密后EncryptionResult字段的值”: 步骤“查询出加密后EncryptionResult字段的值”已启动
2015-09-06 18:09:53,138 [8] INFO  - 步骤“查询出加密后EncryptionResult字段的值”已成功结束
2015-09-06 18:09:53,139 [8] INFO  - 步骤“调用/iq/GetUnReadMsgs.php”: 步骤“调用/iq/GetUnReadMsgs.php”已启动
2015-09-06 18:09:53,141 [8] INFO  - 步骤“调用/iq/GetUnReadMsgs.php”: 提取 HTTP URL: 'http://yace-msg.365ime.com/iq/GetUnReadMsgs.php'
2015-09-06 18:09:53,191 [8] INFO  - 步骤“调用/iq/GetUnReadMsgs.php”: 服务器返回了状态代码: 200
2015-09-06 18:09:53,193 [8] INFO  - 步骤“调用/iq/GetUnReadMsgs.php”: HTTP 原始请求:
2015-09-06 18:09:53,194 [8] INFO  - 步骤“调用/iq/GetUnReadMsgs.php”: POST http://yace-msg.365ime.com/iq/GetUnReadMsgs.php 1.1
Content-Type: application/x-www-form-urlencoded
Host: yace-msg.365ime.com
Content-Length: 77
Expect: 100-continue
jid=44604014@365ime.com&xmid=1&token=a3c3ab6c753fccc55e13ab372ed700e70f42fa4e

2015-09-06 18:09:53,195 [8] INFO  - 步骤“调用/iq/GetUnReadMsgs.php”: HTTP 原始响应:
2015-09-06 18:09:53,195 [8] INFO  - 步骤“调用/iq/GetUnReadMsgs.php”: HTTP/1.1 200 OK
Transfer-Encoding: chunked
Connection: keep-alive
Vary: Accept-Encoding
Access-Control-Allow-Origin: *
Content-Type: text/html;charset=UTF-8
Date: Sun, 06 Sep 2015 10:09:53 GMT
Set-Cookie: SERVERID=6b6a95bb211e23be2802dd65454b32b5|1441534192|1441534192;Path=/
{"errorMessage":null,"errorCode":"1"}
2015-09-06 18:09:53,197 [8] INFO  - 步骤“调用/iq/GetUnReadMsgs.php”已成功结束
2015-09-06 18:09:53,198 [8] INFO  - 步骤“将接口返回的Json更新至tb_result_table”: 步骤“将接口返回的Json更新至tb_result_table”已启动
2015-09-06 18:09:53,202 [8] INFO  - 步骤“将接口返回的Json更新至tb_result_table”已成功结束
2015-09-06 18:09:53,203 [8] INFO  - 步骤“迭代 1”已成功结束
2015-09-06 18:09:53,204 [8] INFO  - 步骤“测试流”已成功结束
2015-09-06 18:09:53,361 [8] INFO  - 步骤“结束”: 步骤“结束”已启动
2015-09-06 18:09:53,365 [8] INFO  - 步骤“结束”已成功结束
