2015-09-07 16:10:37,985 [8] INFO  - 步骤“开始”: 步骤“开始”已启动
2015-09-07 16:10:37,998 [8] INFO  - 步骤“开始”已成功结束
2015-09-07 16:10:38,000 [8] INFO  - 步骤“测试流”: 步骤“测试流”已启动
2015-09-07 16:10:38,046 [8] INFO  - 步骤“迭代 1”: 步骤“迭代 1”已启动
2015-09-07 16:10:38,048 [8] INFO  - 步骤“连接到mysql数据库”: 步骤“连接到mysql数据库”已启动
2015-09-07 16:10:38,051 [8] INFO  - 步骤“连接到mysql数据库”: Connection string: DSN=192.168.50.11;Uid=ime;Pwd={PWD};
2015-09-07 16:10:38,069 [8] INFO  - 步骤“连接到mysql数据库”已成功结束
2015-09-07 16:10:38,071 [8] INFO  - 步骤“获取tb_getSchoolInfo_verification有效行数”: 步骤“获取tb_getSchoolInfo_verification有效行数”已启动
2015-09-07 16:10:38,079 [8] INFO  - 步骤“获取tb_getSchoolInfo_verification有效行数”已成功结束
2015-09-07 16:10:38,081 [8] INFO  - 步骤“查询tb_global_table表中ResponseXsid值”: 步骤“查询tb_global_table表中ResponseXsid值”已启动
2015-09-07 16:10:38,085 [8] INFO  - 步骤“查询tb_global_table表中ResponseXsid值”已成功结束
2015-09-07 16:10:38,087 [8] INFO  - 步骤“查询tb_global_table表中LoginTeacherUsername值”: 步骤“查询tb_global_table表中LoginTeacherUsername值”已启动
2015-09-07 16:10:38,090 [8] INFO  - 步骤“查询tb_global_table表中LoginTeacherUsername值”已成功结束
2015-09-07 16:10:38,092 [8] INFO  - 步骤“循环执行tb_getSchoolInfo_verification中的测试用例”: 步骤“循环执行tb_getSchoolInfo_verification中的测试用例”已启动
2015-09-07 16:10:38,095 [8] INFO  - 步骤“迭代 1”: 步骤“迭代 1”已启动
2015-09-07 16:10:38,096 [8] INFO  - 步骤“查询tb_getSchoolInfo_verification表中数据”: 步骤“查询tb_getSchoolInfo_verification表中数据”已启动
2015-09-07 16:10:38,099 [8] INFO  - 步骤“查询tb_getSchoolInfo_verification表中数据”已成功结束
2015-09-07 16:10:38,101 [8] INFO  - 步骤“将xsid更新至最新值”: 步骤“将xsid更新至最新值”已启动
2015-09-07 16:10:38,104 [8] INFO  - 步骤“将xsid更新至最新值”: 输入参数“源字符串”，值:“”
2015-09-07 16:10:38,107 [8] INFO  - 步骤“将xsid更新至最新值”: 输入参数“搜索字符串 1”，值:“'x_1f1a0e62u0t5j480c916h26642tc3didb95f5an861da049516m0y7pd5aiu00'”
2015-09-07 16:10:38,108 [8] INFO  - 步骤“将xsid更新至最新值”: 输入参数“替换字符串 1”，值:“'x_091a82s23120b47f0322nae30f8fx7i064wfm4a2ibua0f05096fubt6j8c1n6'”
2015-09-07 16:10:38,110 [8] INFO  - 步骤“将xsid更新至最新值”: 输入参数“区分大小写”，值:“True”
2015-09-07 16:10:38,111 [8] INFO  - 步骤“将xsid更新至最新值”: 输出参数“结果”，值:“”
2015-09-07 16:10:38,113 [8] INFO  - 步骤“将xsid更新至最新值”已成功结束
2015-09-07 16:10:38,114 [8] INFO  - 步骤“将Myjid更新至最新”: 步骤“将Myjid更新至最新”已启动
2015-09-07 16:10:38,116 [8] INFO  - 步骤“将Myjid更新至最新”: 输入参数“源字符串”，值:“77401169@365ime.com”
2015-09-07 16:10:38,119 [8] INFO  - 步骤“将Myjid更新至最新”: 输入参数“搜索字符串 1”，值:“'77401169'”
2015-09-07 16:10:38,120 [8] INFO  - 步骤“将Myjid更新至最新”: 输入参数“替换字符串 1”，值:“'77406241'”
2015-09-07 16:10:38,122 [8] INFO  - 步骤“将Myjid更新至最新”: 输出参数“结果”，值:“77406241@365ime.com”
2015-09-07 16:10:38,123 [8] INFO  - 步骤“将Myjid更新至最新”已成功结束
2015-09-07 16:10:38,124 [8] INFO  - 步骤“将加密信息更新至EncryptionStr”: 步骤“将加密信息更新至EncryptionStr”已启动
2015-09-07 16:10:38,135 [8] INFO  - 步骤“将加密信息更新至EncryptionStr”已成功结束
2015-09-07 16:10:38,137 [8] INFO  - 步骤“Encryption.SHA1”: 步骤“Encryption.SHA1”已启动
2015-09-07 16:10:40,665 [8] INFO  - 步骤“Encryption.SHA1”已成功结束
2015-09-07 16:10:40,667 [8] INFO  - 步骤“查询出加密后的信息”: 步骤“查询出加密后的信息”已启动
2015-09-07 16:10:40,670 [8] INFO  - 步骤“查询出加密后的信息”已成功结束
2015-09-07 16:10:40,672 [8] INFO  - 步骤“将token更新至最新”: 步骤“将token更新至最新”已启动
2015-09-07 16:10:40,673 [8] INFO  - 步骤“将token更新至最新”: 输入参数“源字符串”，值:“c8255e8536d1e44751f74febe483384537fc6206”
2015-09-07 16:10:40,675 [8] INFO  - 步骤“将token更新至最新”: 输入参数“搜索字符串 1”，值:“'c8255e8536d1e44751f74febe483384537fc6206'”
2015-09-07 16:10:40,677 [8] INFO  - 步骤“将token更新至最新”: 输入参数“替换字符串 1”，值:“'e3fc490c483c7c93938c26c84bd32e72bda67c8e'”
2015-09-07 16:10:40,679 [8] INFO  - 步骤“将token更新至最新”: 输出参数“结果”，值:“e3fc490c483c7c93938c26c84bd32e72bda67c8e”
2015-09-07 16:10:40,681 [8] INFO  - 步骤“将token更新至最新”已成功结束
2015-09-07 16:10:40,682 [8] INFO  - 步骤“调用/jxt/school.php”: 步骤“调用/jxt/school.php”已启动
2015-09-07 16:10:40,691 [8] INFO  - 步骤“调用/jxt/school.php”: 提取 HTTP URL: 'http://pre-iq.365ime.com/jxt/school.php'
2015-09-07 16:10:40,794 [8] INFO  - 步骤“调用/jxt/school.php”: 服务器返回了状态代码: 200
2015-09-07 16:10:40,796 [8] INFO  - 步骤“调用/jxt/school.php”: HTTP 原始请求:
2015-09-07 16:10:40,797 [8] INFO  - 步骤“调用/jxt/school.php”: POST http://pre-iq.365ime.com/jxt/school.php 1.1
Content-Type: application/x-www-form-urlencoded
Host: pre-iq.365ime.com
Content-Length: 114
Expect: 100-continue
Connection: Keep-Alive
xsid=&myJid=77406241@365ime.com&token=e3fc490c483c7c93938c26c84bd32e72bda67c8e&identity=1&jid=887021520@365ime.com

2015-09-07 16:10:40,798 [8] INFO  - 步骤“调用/jxt/school.php”: HTTP 原始响应:
2015-09-07 16:10:40,799 [8] INFO  - 步骤“调用/jxt/school.php”: HTTP/1.1 200 OK
Access-Control-Allow-Origin: *
Transfer-Encoding: chunked
Vary: Accept-Encoding
Content-Type: text/html;charset=UTF-8
Date: Mon, 07 Sep 2015 08:10:38 GMT
Server: Apache-Coyote/1.1
{"errorMessage":"Parameter is error !","errorCode":"1"}

2015-09-07 16:10:40,804 [8] INFO  - 步骤“调用/jxt/school.php”已成功结束
2015-09-07 16:10:40,805 [8] INFO  - 步骤“将获取的Response转换为JSON”: 步骤“将获取的Response转换为JSON”已启动
2015-09-07 16:10:40,813 [8] INFO  - 步骤“将获取的Response转换为JSON”已成功结束
2015-09-07 16:10:40,815 [8] INFO  - 步骤“Response替换'”: 步骤“Response替换'”已启动
2015-09-07 16:10:40,817 [8] INFO  - 步骤“Response替换'”: 输入参数“源字符串”，值:“{"errorMessage":"Parameter is error !","errorCode":"1"}
”
2015-09-07 16:10:40,818 [8] INFO  - 步骤“Response替换'”: 输入参数“搜索字符串 1”，值:“'''”
2015-09-07 16:10:40,819 [8] INFO  - 步骤“Response替换'”: 输入参数“替换字符串 1”，值:“'\''”
2015-09-07 16:10:40,820 [8] INFO  - 步骤“Response替换'”: 输出参数“结果”，值:“{"errorMessage":"Parameter is error !","errorCode":"1"}
”
2015-09-07 16:10:40,827 [8] INFO  - 步骤“Response替换'”已成功结束
2015-09-07 16:10:40,830 [8] INFO  - 步骤“将Response插入到InterfaceResponse字段中”: 步骤“将Response插入到InterfaceResponse字段中”已启动
2015-09-07 16:10:40,835 [8] INFO  - 步骤“将Response插入到InterfaceResponse字段中”已成功结束
2015-09-07 16:10:40,836 [8] INFO  - 步骤“将errorcode更新到sql中”: 步骤“将errorcode更新到sql中”已启动
2015-09-07 16:10:40,841 [8] INFO  - 步骤“将errorcode更新到sql中”已成功结束
2015-09-07 16:10:40,842 [8] INFO  - 步骤“获取当前Case的实际值”: 步骤“获取当前Case的实际值”已启动
2015-09-07 16:10:40,846 [8] INFO  - 步骤“获取当前Case的实际值”已成功结束
2015-09-07 16:10:40,848 [8] INFO  - 步骤“获取当前Case的期待值”: 步骤“获取当前Case的期待值”已启动
2015-09-07 16:10:40,851 [8] INFO  - 步骤“获取当前Case的期待值”已成功结束
2015-09-07 16:10:40,852 [8] INFO  - 步骤“填写Result”: 步骤“填写Result”已启动
2015-09-07 16:10:40,855 [8] INFO  - 步骤“IfElse87”: 计算方式: 使用条件
2015-09-07 16:10:40,856 [8] INFO  - 步骤“是”: 步骤“是”已启动
2015-09-07 16:10:40,857 [8] INFO  - 步骤“在Result字段插入True”: 步骤“在Result字段插入True”已启动
2015-09-07 16:10:40,861 [8] INFO  - 步骤“在Result字段插入True”已成功结束
2015-09-07 16:10:40,863 [8] INFO  - 步骤“是”已成功结束
2015-09-07 16:10:40,865 [8] INFO  - 步骤“填写Result”已成功结束
2015-09-07 16:10:40,867 [8] INFO  - 步骤“迭代 1”已成功结束
2015-09-07 16:10:40,870 [8] INFO  - 步骤“迭代 2”: 步骤“迭代 2”已启动
2015-09-07 16:10:40,872 [8] INFO  - 步骤“查询tb_getSchoolInfo_verification表中数据”: 步骤“查询tb_getSchoolInfo_verification表中数据”已启动
2015-09-07 16:10:40,875 [8] INFO  - 步骤“查询tb_getSchoolInfo_verification表中数据”已成功结束
2015-09-07 16:10:40,877 [8] INFO  - 步骤“将xsid更新至最新值”: 步骤“将xsid更新至最新值”已启动
2015-09-07 16:10:40,879 [8] INFO  - 步骤“将xsid更新至最新值”: 输入参数“源字符串”，值:“123”
2015-09-07 16:10:40,880 [8] INFO  - 步骤“将xsid更新至最新值”: 输入参数“搜索字符串 1”，值:“'x_1f1a0e62u0t5j480c916h26642tc3didb95f5an861da049516m0y7pd5aiu00'”
2015-09-07 16:10:40,881 [8] INFO  - 步骤“将xsid更新至最新值”: 输入参数“替换字符串 1”，值:“'x_091a82s23120b47f0322nae30f8fx7i064wfm4a2ibua0f05096fubt6j8c1n6'”
2015-09-07 16:10:40,882 [8] INFO  - 步骤“将xsid更新至最新值”: 输出参数“结果”，值:“123”
2015-09-07 16:10:40,885 [8] INFO  - 步骤“将xsid更新至最新值”已成功结束
2015-09-07 16:10:40,886 [8] INFO  - 步骤“将Myjid更新至最新”: 步骤“将Myjid更新至最新”已启动
2015-09-07 16:10:40,888 [8] INFO  - 步骤“将Myjid更新至最新”: 输入参数“源字符串”，值:“77401169@365ime.com”
2015-09-07 16:10:40,889 [8] INFO  - 步骤“将Myjid更新至最新”: 输入参数“搜索字符串 1”，值:“'77401169'”
2015-09-07 16:10:40,890 [8] INFO  - 步骤“将Myjid更新至最新”: 输入参数“替换字符串 1”，值:“'77406241'”
2015-09-07 16:10:40,891 [8] INFO  - 步骤“将Myjid更新至最新”: 输出参数“结果”，值:“77406241@365ime.com”
2015-09-07 16:10:40,894 [8] INFO  - 步骤“将Myjid更新至最新”已成功结束
2015-09-07 16:10:40,896 [8] INFO  - 步骤“将加密信息更新至EncryptionStr”: 步骤“将加密信息更新至EncryptionStr”已启动
2015-09-07 16:10:40,900 [8] INFO  - 步骤“将加密信息更新至EncryptionStr”已成功结束
2015-09-07 16:10:40,901 [8] INFO  - 步骤“Encryption.SHA1”: 步骤“Encryption.SHA1”已启动
2015-09-07 16:10:43,124 [8] INFO  - 步骤“Encryption.SHA1”已成功结束
2015-09-07 16:10:43,126 [8] INFO  - 步骤“查询出加密后的信息”: 步骤“查询出加密后的信息”已启动
2015-09-07 16:10:43,130 [8] INFO  - 步骤“查询出加密后的信息”已成功结束
2015-09-07 16:10:43,131 [8] INFO  - 步骤“将token更新至最新”: 步骤“将token更新至最新”已启动
2015-09-07 16:10:43,133 [8] INFO  - 步骤“将token更新至最新”: 输入参数“源字符串”，值:“c8255e8536d1e44751f74febe483384537fc6206”
2015-09-07 16:10:43,134 [8] INFO  - 步骤“将token更新至最新”: 输入参数“搜索字符串 1”，值:“'c8255e8536d1e44751f74febe483384537fc6206'”
2015-09-07 16:10:43,135 [8] INFO  - 步骤“将token更新至最新”: 输入参数“替换字符串 1”，值:“'e3fc490c483c7c93938c26c84bd32e72bda67c8e'”
2015-09-07 16:10:43,137 [8] INFO  - 步骤“将token更新至最新”: 输出参数“结果”，值:“e3fc490c483c7c93938c26c84bd32e72bda67c8e”
2015-09-07 16:10:43,138 [8] INFO  - 步骤“将token更新至最新”已成功结束
2015-09-07 16:10:43,139 [8] INFO  - 步骤“调用/jxt/school.php”: 步骤“调用/jxt/school.php”已启动
2015-09-07 16:10:43,141 [8] INFO  - 步骤“调用/jxt/school.php”: 提取 HTTP URL: 'http://pre-iq.365ime.com/jxt/school.php'
2015-09-07 16:10:43,313 [8] INFO  - 步骤“调用/jxt/school.php”: 服务器返回了状态代码: 200
2015-09-07 16:10:43,318 [8] INFO  - 步骤“调用/jxt/school.php”: HTTP 原始请求:
2015-09-07 16:10:43,323 [8] INFO  - 步骤“调用/jxt/school.php”: POST http://pre-iq.365ime.com/jxt/school.php 1.1
Content-Type: application/x-www-form-urlencoded
Host: pre-iq.365ime.com
Content-Length: 117
Expect: 100-continue
xsid=123&myJid=77406241@365ime.com&token=e3fc490c483c7c93938c26c84bd32e72bda67c8e&identity=1&jid=887021520@365ime.com

2015-09-07 16:10:43,328 [8] INFO  - 步骤“调用/jxt/school.php”: HTTP 原始响应:
2015-09-07 16:10:43,334 [8] INFO  - 步骤“调用/jxt/school.php”: HTTP/1.1 200 OK
Access-Control-Allow-Origin: *
Transfer-Encoding: chunked
Vary: Accept-Encoding
Content-Type: text/html;charset=UTF-8
Date: Mon, 07 Sep 2015 08:10:40 GMT
Server: Apache-Coyote/1.1
{"errorMessage":"invalid xsid !invalid token header","errorCode":"1"}

2015-09-07 16:10:43,339 [8] INFO  - 步骤“调用/jxt/school.php”已成功结束
2015-09-07 16:10:43,343 [8] INFO  - 步骤“将获取的Response转换为JSON”: 步骤“将获取的Response转换为JSON”已启动
2015-09-07 16:10:43,349 [8] INFO  - 步骤“将获取的Response转换为JSON”已成功结束
2015-09-07 16:10:43,353 [8] INFO  - 步骤“Response替换'”: 步骤“Response替换'”已启动
2015-09-07 16:10:43,356 [8] INFO  - 步骤“Response替换'”: 输入参数“源字符串”，值:“{"errorMessage":"invalid xsid !invalid token header","errorCode":"1"}
”
2015-09-07 16:10:43,360 [8] INFO  - 步骤“Response替换'”: 输入参数“搜索字符串 1”，值:“'''”
2015-09-07 16:10:43,363 [8] INFO  - 步骤“Response替换'”: 输入参数“替换字符串 1”，值:“'\''”
2015-09-07 16:10:43,365 [8] INFO  - 步骤“Response替换'”: 输出参数“结果”，值:“{"errorMessage":"invalid xsid !invalid token header","errorCode":"1"}
”
2015-09-07 16:10:43,368 [8] INFO  - 步骤“Response替换'”已成功结束
2015-09-07 16:10:43,370 [8] INFO  - 步骤“将Response插入到InterfaceResponse字段中”: 步骤“将Response插入到InterfaceResponse字段中”已启动
2015-09-07 16:10:43,381 [8] INFO  - 步骤“将Response插入到InterfaceResponse字段中”已成功结束
2015-09-07 16:10:43,383 [8] INFO  - 步骤“将errorcode更新到sql中”: 步骤“将errorcode更新到sql中”已启动
2015-09-07 16:10:43,388 [8] INFO  - 步骤“将errorcode更新到sql中”已成功结束
2015-09-07 16:10:43,390 [8] INFO  - 步骤“获取当前Case的实际值”: 步骤“获取当前Case的实际值”已启动
2015-09-07 16:10:43,394 [8] INFO  - 步骤“获取当前Case的实际值”已成功结束
2015-09-07 16:10:43,396 [8] INFO  - 步骤“获取当前Case的期待值”: 步骤“获取当前Case的期待值”已启动
2015-09-07 16:10:43,400 [8] INFO  - 步骤“获取当前Case的期待值”已成功结束
2015-09-07 16:10:43,402 [8] INFO  - 步骤“填写Result”: 步骤“填写Result”已启动
2015-09-07 16:10:43,404 [8] INFO  - 步骤“IfElse87”: 计算方式: 使用条件
2015-09-07 16:10:43,406 [8] INFO  - 步骤“是”: 步骤“是”已启动
2015-09-07 16:10:43,407 [8] INFO  - 步骤“在Result字段插入True”: 步骤“在Result字段插入True”已启动
2015-09-07 16:10:43,411 [8] INFO  - 步骤“在Result字段插入True”已成功结束
2015-09-07 16:10:43,414 [8] INFO  - 步骤“是”已成功结束
2015-09-07 16:10:43,416 [8] INFO  - 步骤“填写Result”已成功结束
2015-09-07 16:10:43,418 [8] INFO  - 步骤“迭代 2”已成功结束
2015-09-07 16:10:43,421 [8] INFO  - 步骤“迭代 3”: 步骤“迭代 3”已启动
2015-09-07 16:10:43,423 [8] INFO  - 步骤“查询tb_getSchoolInfo_verification表中数据”: 步骤“查询tb_getSchoolInfo_verification表中数据”已启动
2015-09-07 16:10:43,426 [8] INFO  - 步骤“查询tb_getSchoolInfo_verification表中数据”已成功结束
2015-09-07 16:10:43,429 [8] INFO  - 步骤“将xsid更新至最新值”: 步骤“将xsid更新至最新值”已启动
2015-09-07 16:10:43,431 [8] INFO  - 步骤“将xsid更新至最新值”: 输入参数“源字符串”，值:“abc”
2015-09-07 16:10:43,433 [8] INFO  - 步骤“将xsid更新至最新值”: 输入参数“搜索字符串 1”，值:“'x_1f1a0e62u0t5j480c916h26642tc3didb95f5an861da049516m0y7pd5aiu00'”
2015-09-07 16:10:43,434 [8] INFO  - 步骤“将xsid更新至最新值”: 输入参数“替换字符串 1”，值:“'x_091a82s23120b47f0322nae30f8fx7i064wfm4a2ibua0f05096fubt6j8c1n6'”
2015-09-07 16:10:43,435 [8] INFO  - 步骤“将xsid更新至最新值”: 输出参数“结果”，值:“abc”
2015-09-07 16:10:43,436 [8] INFO  - 步骤“将xsid更新至最新值”已成功结束
2015-09-07 16:10:43,438 [8] INFO  - 步骤“将Myjid更新至最新”: 步骤“将Myjid更新至最新”已启动
2015-09-07 16:10:43,440 [8] INFO  - 步骤“将Myjid更新至最新”: 输入参数“源字符串”，值:“77401169@365ime.com”
2015-09-07 16:10:43,441 [8] INFO  - 步骤“将Myjid更新至最新”: 输入参数“搜索字符串 1”，值:“'77401169'”
2015-09-07 16:10:43,442 [8] INFO  - 步骤“将Myjid更新至最新”: 输入参数“替换字符串 1”，值:“'77406241'”
2015-09-07 16:10:43,443 [8] INFO  - 步骤“将Myjid更新至最新”: 输出参数“结果”，值:“77406241@365ime.com”
2015-09-07 16:10:43,446 [8] INFO  - 步骤“将Myjid更新至最新”已成功结束
2015-09-07 16:10:43,448 [8] INFO  - 步骤“将加密信息更新至EncryptionStr”: 步骤“将加密信息更新至EncryptionStr”已启动
2015-09-07 16:10:43,451 [8] INFO  - 步骤“将加密信息更新至EncryptionStr”已成功结束
2015-09-07 16:10:43,453 [8] INFO  - 步骤“Encryption.SHA1”: 步骤“Encryption.SHA1”已启动
2015-09-07 16:10:45,853 [8] INFO  - 步骤“Encryption.SHA1”已成功结束
2015-09-07 16:10:45,854 [8] INFO  - 步骤“查询出加密后的信息”: 步骤“查询出加密后的信息”已启动
2015-09-07 16:10:45,858 [8] INFO  - 步骤“查询出加密后的信息”已成功结束
2015-09-07 16:10:45,859 [8] INFO  - 步骤“将token更新至最新”: 步骤“将token更新至最新”已启动
2015-09-07 16:10:45,861 [8] INFO  - 步骤“将token更新至最新”: 输入参数“源字符串”，值:“c8255e8536d1e44751f74febe483384537fc6206”
2015-09-07 16:10:45,864 [8] INFO  - 步骤“将token更新至最新”: 输入参数“搜索字符串 1”，值:“'c8255e8536d1e44751f74febe483384537fc6206'”
2015-09-07 16:10:45,866 [8] INFO  - 步骤“将token更新至最新”: 输入参数“替换字符串 1”，值:“'e3fc490c483c7c93938c26c84bd32e72bda67c8e'”
2015-09-07 16:10:45,869 [8] INFO  - 步骤“将token更新至最新”: 输出参数“结果”，值:“e3fc490c483c7c93938c26c84bd32e72bda67c8e”
2015-09-07 16:10:45,873 [8] INFO  - 步骤“将token更新至最新”已成功结束
2015-09-07 16:10:45,874 [8] INFO  - 步骤“调用/jxt/school.php”: 步骤“调用/jxt/school.php”已启动
2015-09-07 16:10:45,877 [8] INFO  - 步骤“调用/jxt/school.php”: 提取 HTTP URL: 'http://pre-iq.365ime.com/jxt/school.php'
2015-09-07 16:10:45,898 [8] INFO  - 步骤“调用/jxt/school.php”: 服务器返回了状态代码: 200
2015-09-07 16:10:45,900 [8] INFO  - 步骤“调用/jxt/school.php”: HTTP 原始请求:
2015-09-07 16:10:45,901 [8] INFO  - 步骤“调用/jxt/school.php”: POST http://pre-iq.365ime.com/jxt/school.php 1.1
Content-Type: application/x-www-form-urlencoded
Host: pre-iq.365ime.com
Content-Length: 117
Expect: 100-continue
xsid=abc&myJid=77406241@365ime.com&token=e3fc490c483c7c93938c26c84bd32e72bda67c8e&identity=1&jid=887021520@365ime.com

2015-09-07 16:10:45,902 [8] INFO  - 步骤“调用/jxt/school.php”: HTTP 原始响应:
2015-09-07 16:10:45,903 [8] INFO  - 步骤“调用/jxt/school.php”: HTTP/1.1 200 OK
Access-Control-Allow-Origin: *
Transfer-Encoding: chunked
Vary: Accept-Encoding
Content-Type: text/html;charset=UTF-8
Date: Mon, 07 Sep 2015 08:10:44 GMT
Server: Apache-Coyote/1.1
{"errorMessage":"invalid xsid !invalid token header","errorCode":"1"}

2015-09-07 16:10:45,905 [8] INFO  - 步骤“调用/jxt/school.php”已成功结束
2015-09-07 16:10:45,906 [8] INFO  - 步骤“将获取的Response转换为JSON”: 步骤“将获取的Response转换为JSON”已启动
2015-09-07 16:10:45,910 [8] INFO  - 步骤“将获取的Response转换为JSON”已成功结束
2015-09-07 16:10:45,913 [8] INFO  - 步骤“Response替换'”: 步骤“Response替换'”已启动
2015-09-07 16:10:45,916 [8] INFO  - 步骤“Response替换'”: 输入参数“源字符串”，值:“{"errorMessage":"invalid xsid !invalid token header","errorCode":"1"}
”
2015-09-07 16:10:45,918 [8] INFO  - 步骤“Response替换'”: 输入参数“搜索字符串 1”，值:“'''”
2015-09-07 16:10:45,922 [8] INFO  - 步骤“Response替换'”: 输入参数“替换字符串 1”，值:“'\''”
2015-09-07 16:10:45,923 [8] INFO  - 步骤“Response替换'”: 输出参数“结果”，值:“{"errorMessage":"invalid xsid !invalid token header","errorCode":"1"}
”
2015-09-07 16:10:45,925 [8] INFO  - 步骤“Response替换'”已成功结束
2015-09-07 16:10:45,926 [8] INFO  - 步骤“将Response插入到InterfaceResponse字段中”: 步骤“将Response插入到InterfaceResponse字段中”已启动
2015-09-07 16:10:45,933 [8] INFO  - 步骤“将Response插入到InterfaceResponse字段中”已成功结束
2015-09-07 16:10:45,936 [8] INFO  - 步骤“将errorcode更新到sql中”: 步骤“将errorcode更新到sql中”已启动
2015-09-07 16:10:45,941 [8] INFO  - 步骤“将errorcode更新到sql中”已成功结束
2015-09-07 16:10:45,942 [8] INFO  - 步骤“获取当前Case的实际值”: 步骤“获取当前Case的实际值”已启动
2015-09-07 16:10:45,947 [8] INFO  - 步骤“获取当前Case的实际值”已成功结束
2015-09-07 16:10:45,951 [8] INFO  - 步骤“获取当前Case的期待值”: 步骤“获取当前Case的期待值”已启动
2015-09-07 16:10:45,957 [8] INFO  - 步骤“获取当前Case的期待值”已成功结束
2015-09-07 16:10:45,958 [8] INFO  - 步骤“填写Result”: 步骤“填写Result”已启动
2015-09-07 16:10:45,959 [8] INFO  - 步骤“IfElse87”: 计算方式: 使用条件
2015-09-07 16:10:45,960 [8] INFO  - 步骤“是”: 步骤“是”已启动
2015-09-07 16:10:45,963 [8] INFO  - 步骤“在Result字段插入True”: 步骤“在Result字段插入True”已启动
2015-09-07 16:10:45,968 [8] INFO  - 步骤“在Result字段插入True”已成功结束
2015-09-07 16:10:45,970 [8] INFO  - 步骤“是”已成功结束
2015-09-07 16:10:45,973 [8] INFO  - 步骤“填写Result”已成功结束
2015-09-07 16:10:45,983 [8] INFO  - 步骤“迭代 3”已成功结束
2015-09-07 16:10:45,985 [8] INFO  - 步骤“迭代 4”: 步骤“迭代 4”已启动
2015-09-07 16:10:45,987 [8] INFO  - 步骤“查询tb_getSchoolInfo_verification表中数据”: 步骤“查询tb_getSchoolInfo_verification表中数据”已启动
2015-09-07 16:10:45,990 [8] INFO  - 步骤“查询tb_getSchoolInfo_verification表中数据”已成功结束
2015-09-07 16:10:45,991 [8] INFO  - 步骤“将xsid更新至最新值”: 步骤“将xsid更新至最新值”已启动
2015-09-07 16:10:45,993 [8] INFO  - 步骤“将xsid更新至最新值”: 输入参数“源字符串”，值:“!@#$%^&”
2015-09-07 16:10:45,994 [8] INFO  - 步骤“将xsid更新至最新值”: 输入参数“搜索字符串 1”，值:“'x_1f1a0e62u0t5j480c916h26642tc3didb95f5an861da049516m0y7pd5aiu00'”
2015-09-07 16:10:45,997 [8] INFO  - 步骤“将xsid更新至最新值”: 输入参数“替换字符串 1”，值:“'x_091a82s23120b47f0322nae30f8fx7i064wfm4a2ibua0f05096fubt6j8c1n6'”
2015-09-07 16:10:45,999 [8] INFO  - 步骤“将xsid更新至最新值”: 输出参数“结果”，值:“!@#$%^&”
2015-09-07 16:10:46,000 [8] INFO  - 步骤“将xsid更新至最新值”已成功结束
2015-09-07 16:10:46,001 [8] INFO  - 步骤“将Myjid更新至最新”: 步骤“将Myjid更新至最新”已启动
2015-09-07 16:10:46,003 [8] INFO  - 步骤“将Myjid更新至最新”: 输入参数“源字符串”，值:“77401169@365ime.com”
2015-09-07 16:10:46,004 [8] INFO  - 步骤“将Myjid更新至最新”: 输入参数“搜索字符串 1”，值:“'77401169'”
2015-09-07 16:10:46,005 [8] INFO  - 步骤“将Myjid更新至最新”: 输入参数“替换字符串 1”，值:“'77406241'”
2015-09-07 16:10:46,006 [8] INFO  - 步骤“将Myjid更新至最新”: 输出参数“结果”，值:“77406241@365ime.com”
2015-09-07 16:10:46,008 [8] INFO  - 步骤“将Myjid更新至最新”已成功结束
2015-09-07 16:10:46,009 [8] INFO  - 步骤“将加密信息更新至EncryptionStr”: 步骤“将加密信息更新至EncryptionStr”已启动
2015-09-07 16:10:46,018 [8] INFO  - 步骤“将加密信息更新至EncryptionStr”已成功结束
2015-09-07 16:10:46,019 [8] INFO  - 步骤“Encryption.SHA1”: 步骤“Encryption.SHA1”已启动
2015-09-07 16:10:50,111 [8] ERROR - 步骤“Encryption.SHA1”: The communication object, System.ServiceModel.Channels.ServiceChannel, cannot be used for communication because it is in the Faulted state.
2015-09-07 16:10:50,123 [8] ERROR - 步骤“Encryption.SHA1”未成功结束
2015-09-07 16:10:50,125 [8] INFO  - 步骤“迭代 4”已成功结束
2015-09-07 16:10:50,127 [8] INFO  - 步骤“循环执行tb_getSchoolInfo_verification中的测试用例”已成功结束
2015-09-07 16:10:50,129 [8] INFO  - 步骤“迭代 1”已成功结束
2015-09-07 16:10:50,131 [8] INFO  - 步骤“测试流”已成功结束
