2015-08-31 13:04:51,420 [7] ERROR - Checkpoint 2: "27" = "37" Ê§°Ü
2015-08-31 13:04:51,432 [7] ERROR - Failed to log checkpoint status:
2015-08-31 13:04:51,433 [7] ERROR - System.Collections.Generic.KeyNotFoundException: The given key was not present in the dictionary.
   at System.Collections.Generic.Dictionary`2.get_Item(TKey key)
   at HP.ST.Fwk.RunTimeFWK.CheckpointFWK.ReportImpl.WriteCPToLog(Dictionary`2 reportData, ILog log)
   at HP.ST.Fwk.RunTimeFWK.CheckpointFWK.ReportImpl.ReportToInternalLog(ISTRunTimeContext context, Dictionary`2 reportData)
2015-08-31 13:04:51,450 [7] ERROR - Failed to log checkpoint status:
2015-08-31 13:04:51,450 [7] ERROR - System.Collections.Generic.KeyNotFoundException: The given key was not present in the dictionary.
   at System.Collections.Generic.Dictionary`2.get_Item(TKey key)
   at HP.ST.Fwk.RunTimeFWK.CheckpointFWK.ReportImpl.WriteCPToLog(Dictionary`2 reportData, ILog log)
   at HP.ST.Fwk.RunTimeFWK.CheckpointFWK.ReportImpl.ReportToInternalLog(ISTRunTimeContext context, Dictionary`2 reportData)
2015-08-31 13:05:01,634 [7] ERROR - Checkpoint 5: "a4d02562b023412ee41a9941c40fb5fa073f68a2" = "61f048fc016c13ea5cdfa6416c6e6ef9532716b8" Ê§°Ü
2015-08-31 13:05:01,635 [7] ERROR - Failed to log checkpoint status:
2015-08-31 13:05:01,635 [7] ERROR - System.Collections.Generic.KeyNotFoundException: The given key was not present in the dictionary.
   at System.Collections.Generic.Dictionary`2.get_Item(TKey key)
   at HP.ST.Fwk.RunTimeFWK.CheckpointFWK.ReportImpl.WriteCPToLog(Dictionary`2 reportData, ILog log)
   at HP.ST.Fwk.RunTimeFWK.CheckpointFWK.ReportImpl.ReportToInternalLog(ISTRunTimeContext context, Dictionary`2 reportData)
2015-08-31 13:05:01,635 [7] ERROR - Failed to log checkpoint status:
2015-08-31 13:05:01,635 [7] ERROR - System.Collections.Generic.KeyNotFoundException: The given key was not present in the dictionary.
   at System.Collections.Generic.Dictionary`2.get_Item(TKey key)
   at HP.ST.Fwk.RunTimeFWK.CheckpointFWK.ReportImpl.WriteCPToLog(Dictionary`2 reportData, ILog log)
   at HP.ST.Fwk.RunTimeFWK.CheckpointFWK.ReportImpl.ReportToInternalLog(ISTRunTimeContext context, Dictionary`2 reportData)
2015-08-31 13:05:01,859 [7] ERROR - Checkpoint 5: "2fdb0bd9349bb70035925b084819cf756379fcd5" = "61f048fc016c13ea5cdfa6416c6e6ef9532716b8" Ê§°Ü
2015-08-31 13:05:01,859 [7] ERROR - Failed to log checkpoint status:
2015-08-31 13:05:01,859 [7] ERROR - System.Collections.Generic.KeyNotFoundException: The given key was not present in the dictionary.
   at System.Collections.Generic.Dictionary`2.get_Item(TKey key)
   at HP.ST.Fwk.RunTimeFWK.CheckpointFWK.ReportImpl.WriteCPToLog(Dictionary`2 reportData, ILog log)
   at HP.ST.Fwk.RunTimeFWK.CheckpointFWK.ReportImpl.ReportToInternalLog(ISTRunTimeContext context, Dictionary`2 reportData)
2015-08-31 13:05:01,859 [7] ERROR - Failed to log checkpoint status:
2015-08-31 13:05:01,860 [7] ERROR - System.Collections.Generic.KeyNotFoundException: The given key was not present in the dictionary.
   at System.Collections.Generic.Dictionary`2.get_Item(TKey key)
   at HP.ST.Fwk.RunTimeFWK.CheckpointFWK.ReportImpl.WriteCPToLog(Dictionary`2 reportData, ILog log)
   at HP.ST.Fwk.RunTimeFWK.CheckpointFWK.ReportImpl.ReportToInternalLog(ISTRunTimeContext context, Dictionary`2 reportData)
2015-08-31 13:05:01,977 [7] ERROR - Checkpoint 5: "794d5f0704586912a992769aa6b18be882cad753" = "61f048fc016c13ea5cdfa6416c6e6ef9532716b8" Ê§°Ü
2015-08-31 13:05:01,978 [7] ERROR - Failed to log checkpoint status:
2015-08-31 13:05:01,978 [7] ERROR - System.Collections.Generic.KeyNotFoundException: The given key was not present in the dictionary.
   at System.Collections.Generic.Dictionary`2.get_Item(TKey key)
   at HP.ST.Fwk.RunTimeFWK.CheckpointFWK.ReportImpl.WriteCPToLog(Dictionary`2 reportData, ILog log)
   at HP.ST.Fwk.RunTimeFWK.CheckpointFWK.ReportImpl.ReportToInternalLog(ISTRunTimeContext context, Dictionary`2 reportData)
2015-08-31 13:05:01,978 [7] ERROR - Failed to log checkpoint status:
2015-08-31 13:05:01,978 [7] ERROR - System.Collections.Generic.KeyNotFoundException: The given key was not present in the dictionary.
   at System.Collections.Generic.Dictionary`2.get_Item(TKey key)
   at HP.ST.Fwk.RunTimeFWK.CheckpointFWK.ReportImpl.WriteCPToLog(Dictionary`2 reportData, ILog log)
   at HP.ST.Fwk.RunTimeFWK.CheckpointFWK.ReportImpl.ReportToInternalLog(ISTRunTimeContext context, Dictionary`2 reportData)
2015-08-31 13:05:02,124 [7] ERROR - Checkpoint 5: "81de486444b57a73a989eaf47e2c215aa8241476" = "61f048fc016c13ea5cdfa6416c6e6ef9532716b8" Ê§°Ü
2015-08-31 13:05:02,125 [7] ERROR - Failed to log checkpoint status:
2015-08-31 13:05:02,125 [7] ERROR - System.Collections.Generic.KeyNotFoundException: The given key was not present in the dictionary.
   at System.Collections.Generic.Dictionary`2.get_Item(TKey key)
   at HP.ST.Fwk.RunTimeFWK.CheckpointFWK.ReportImpl.WriteCPToLog(Dictionary`2 reportData, ILog log)
   at HP.ST.Fwk.RunTimeFWK.CheckpointFWK.ReportImpl.ReportToInternalLog(ISTRunTimeContext context, Dictionary`2 reportData)
2015-08-31 13:05:02,125 [7] ERROR - Failed to log checkpoint status:
2015-08-31 13:05:02,125 [7] ERROR - System.Collections.Generic.KeyNotFoundException: The given key was not present in the dictionary.
   at System.Collections.Generic.Dictionary`2.get_Item(TKey key)
   at HP.ST.Fwk.RunTimeFWK.CheckpointFWK.ReportImpl.WriteCPToLog(Dictionary`2 reportData, ILog log)
   at HP.ST.Fwk.RunTimeFWK.CheckpointFWK.ReportImpl.ReportToInternalLog(ISTRunTimeContext context, Dictionary`2 reportData)
2015-08-31 13:05:02,269 [7] ERROR - Checkpoint 5: "35a15a42b1777ce4c8d464f8064f38d1e3de8ac1" = "61f048fc016c13ea5cdfa6416c6e6ef9532716b8" Ê§°Ü
2015-08-31 13:05:02,270 [7] ERROR - Failed to log checkpoint status:
2015-08-31 13:05:02,270 [7] ERROR - System.Collections.Generic.KeyNotFoundException: The given key was not present in the dictionary.
   at System.Collections.Generic.Dictionary`2.get_Item(TKey key)
   at HP.ST.Fwk.RunTimeFWK.CheckpointFWK.ReportImpl.WriteCPToLog(Dictionary`2 reportData, ILog log)
   at HP.ST.Fwk.RunTimeFWK.CheckpointFWK.ReportImpl.ReportToInternalLog(ISTRunTimeContext context, Dictionary`2 reportData)
2015-08-31 13:05:02,270 [7] ERROR - Failed to log checkpoint status:
2015-08-31 13:05:02,270 [7] ERROR - System.Collections.Generic.KeyNotFoundException: The given key was not present in the dictionary.
   at System.Collections.Generic.Dictionary`2.get_Item(TKey key)
   at HP.ST.Fwk.RunTimeFWK.CheckpointFWK.ReportImpl.WriteCPToLog(Dictionary`2 reportData, ILog log)
   at HP.ST.Fwk.RunTimeFWK.CheckpointFWK.ReportImpl.ReportToInternalLog(ISTRunTimeContext context, Dictionary`2 reportData)
2015-08-31 13:05:02,394 [7] ERROR - Checkpoint 5: "82b192c9ee5d0110c7f53b7fcc829881fc26a0cf" = "61f048fc016c13ea5cdfa6416c6e6ef9532716b8" Ê§°Ü
2015-08-31 13:05:02,396 [7] ERROR - Failed to log checkpoint status:
2015-08-31 13:05:02,396 [7] ERROR - System.Collections.Generic.KeyNotFoundException: The given key was not present in the dictionary.
   at System.Collections.Generic.Dictionary`2.get_Item(TKey key)
   at HP.ST.Fwk.RunTimeFWK.CheckpointFWK.ReportImpl.WriteCPToLog(Dictionary`2 reportData, ILog log)
   at HP.ST.Fwk.RunTimeFWK.CheckpointFWK.ReportImpl.ReportToInternalLog(ISTRunTimeContext context, Dictionary`2 reportData)
2015-08-31 13:05:02,396 [7] ERROR - Failed to log checkpoint status:
2015-08-31 13:05:02,396 [7] ERROR - System.Collections.Generic.KeyNotFoundException: The given key was not present in the dictionary.
   at System.Collections.Generic.Dictionary`2.get_Item(TKey key)
   at HP.ST.Fwk.RunTimeFWK.CheckpointFWK.ReportImpl.WriteCPToLog(Dictionary`2 reportData, ILog log)
   at HP.ST.Fwk.RunTimeFWK.CheckpointFWK.ReportImpl.ReportToInternalLog(ISTRunTimeContext context, Dictionary`2 reportData)
2015-08-31 13:05:02,530 [7] ERROR - Checkpoint 5: "180f5db10aa5c44b2c513fe7c82cdf1c38bfb0bd" = "61f048fc016c13ea5cdfa6416c6e6ef9532716b8" Ê§°Ü
2015-08-31 13:05:02,532 [7] ERROR - Failed to log checkpoint status:
2015-08-31 13:05:02,532 [7] ERROR - System.Collections.Generic.KeyNotFoundException: The given key was not present in the dictionary.
   at System.Collections.Generic.Dictionary`2.get_Item(TKey key)
   at HP.ST.Fwk.RunTimeFWK.CheckpointFWK.ReportImpl.WriteCPToLog(Dictionary`2 reportData, ILog log)
   at HP.ST.Fwk.RunTimeFWK.CheckpointFWK.ReportImpl.ReportToInternalLog(ISTRunTimeContext context, Dictionary`2 reportData)
2015-08-31 13:05:02,532 [7] ERROR - Failed to log checkpoint status:
2015-08-31 13:05:02,532 [7] ERROR - System.Collections.Generic.KeyNotFoundException: The given key was not present in the dictionary.
   at System.Collections.Generic.Dictionary`2.get_Item(TKey key)
   at HP.ST.Fwk.RunTimeFWK.CheckpointFWK.ReportImpl.WriteCPToLog(Dictionary`2 reportData, ILog log)
   at HP.ST.Fwk.RunTimeFWK.CheckpointFWK.ReportImpl.ReportToInternalLog(ISTRunTimeContext context, Dictionary`2 reportData)
2015-08-31 13:05:02,656 [7] ERROR - Checkpoint 5: "2d34fbfa5cf3289a266b3bd4926593b67b70e793" = "61f048fc016c13ea5cdfa6416c6e6ef9532716b8" Ê§°Ü
2015-08-31 13:05:02,656 [7] ERROR - Failed to log checkpoint status:
2015-08-31 13:05:02,656 [7] ERROR - System.Collections.Generic.KeyNotFoundException: The given key was not present in the dictionary.
   at System.Collections.Generic.Dictionary`2.get_Item(TKey key)
   at HP.ST.Fwk.RunTimeFWK.CheckpointFWK.ReportImpl.WriteCPToLog(Dictionary`2 reportData, ILog log)
   at HP.ST.Fwk.RunTimeFWK.CheckpointFWK.ReportImpl.ReportToInternalLog(ISTRunTimeContext context, Dictionary`2 reportData)
2015-08-31 13:05:02,657 [7] ERROR - Failed to log checkpoint status:
2015-08-31 13:05:02,657 [7] ERROR - System.Collections.Generic.KeyNotFoundException: The given key was not present in the dictionary.
   at System.Collections.Generic.Dictionary`2.get_Item(TKey key)
   at HP.ST.Fwk.RunTimeFWK.CheckpointFWK.ReportImpl.WriteCPToLog(Dictionary`2 reportData, ILog log)
   at HP.ST.Fwk.RunTimeFWK.CheckpointFWK.ReportImpl.ReportToInternalLog(ISTRunTimeContext context, Dictionary`2 reportData)
2015-08-31 13:05:02,811 [7] ERROR - Checkpoint 5: "a5ca1fe10dc99569be635b6a51463b98034a925e" = "61f048fc016c13ea5cdfa6416c6e6ef9532716b8" Ê§°Ü
2015-08-31 13:05:02,813 [7] ERROR - Failed to log checkpoint status:
2015-08-31 13:05:02,813 [7] ERROR - System.Collections.Generic.KeyNotFoundException: The given key was not present in the dictionary.
   at System.Collections.Generic.Dictionary`2.get_Item(TKey key)
   at HP.ST.Fwk.RunTimeFWK.CheckpointFWK.ReportImpl.WriteCPToLog(Dictionary`2 reportData, ILog log)
   at HP.ST.Fwk.RunTimeFWK.CheckpointFWK.ReportImpl.ReportToInternalLog(ISTRunTimeContext context, Dictionary`2 reportData)
2015-08-31 13:05:02,814 [7] ERROR - Failed to log checkpoint status:
2015-08-31 13:05:02,814 [7] ERROR - System.Collections.Generic.KeyNotFoundException: The given key was not present in the dictionary.
   at System.Collections.Generic.Dictionary`2.get_Item(TKey key)
   at HP.ST.Fwk.RunTimeFWK.CheckpointFWK.ReportImpl.WriteCPToLog(Dictionary`2 reportData, ILog log)
   at HP.ST.Fwk.RunTimeFWK.CheckpointFWK.ReportImpl.ReportToInternalLog(ISTRunTimeContext context, Dictionary`2 reportData)
2015-08-31 13:05:02,962 [7] ERROR - Checkpoint 5: "c5a20e5f5bc7e16f1aa886ccb56fb91356211936" = "61f048fc016c13ea5cdfa6416c6e6ef9532716b8" Ê§°Ü
2015-08-31 13:05:02,963 [7] ERROR - Failed to log checkpoint status:
2015-08-31 13:05:02,963 [7] ERROR - System.Collections.Generic.KeyNotFoundException: The given key was not present in the dictionary.
   at System.Collections.Generic.Dictionary`2.get_Item(TKey key)
   at HP.ST.Fwk.RunTimeFWK.CheckpointFWK.ReportImpl.WriteCPToLog(Dictionary`2 reportData, ILog log)
   at HP.ST.Fwk.RunTimeFWK.CheckpointFWK.ReportImpl.ReportToInternalLog(ISTRunTimeContext context, Dictionary`2 reportData)
2015-08-31 13:05:02,963 [7] ERROR - Failed to log checkpoint status:
2015-08-31 13:05:02,963 [7] ERROR - System.Collections.Generic.KeyNotFoundException: The given key was not present in the dictionary.
   at System.Collections.Generic.Dictionary`2.get_Item(TKey key)
   at HP.ST.Fwk.RunTimeFWK.CheckpointFWK.ReportImpl.WriteCPToLog(Dictionary`2 reportData, ILog log)
   at HP.ST.Fwk.RunTimeFWK.CheckpointFWK.ReportImpl.ReportToInternalLog(ISTRunTimeContext context, Dictionary`2 reportData)
2015-08-31 13:05:03,106 [7] ERROR - Checkpoint 5: "b7bf9dd48970c484fbf991dad673a4efec488698" = "61f048fc016c13ea5cdfa6416c6e6ef9532716b8" Ê§°Ü
2015-08-31 13:05:03,107 [7] ERROR - Failed to log checkpoint status:
2015-08-31 13:05:03,107 [7] ERROR - System.Collections.Generic.KeyNotFoundException: The given key was not present in the dictionary.
   at System.Collections.Generic.Dictionary`2.get_Item(TKey key)
   at HP.ST.Fwk.RunTimeFWK.CheckpointFWK.ReportImpl.WriteCPToLog(Dictionary`2 reportData, ILog log)
   at HP.ST.Fwk.RunTimeFWK.CheckpointFWK.ReportImpl.ReportToInternalLog(ISTRunTimeContext context, Dictionary`2 reportData)
2015-08-31 13:05:03,107 [7] ERROR - Failed to log checkpoint status:
2015-08-31 13:05:03,107 [7] ERROR - System.Collections.Generic.KeyNotFoundException: The given key was not present in the dictionary.
   at System.Collections.Generic.Dictionary`2.get_Item(TKey key)
   at HP.ST.Fwk.RunTimeFWK.CheckpointFWK.ReportImpl.WriteCPToLog(Dictionary`2 reportData, ILog log)
   at HP.ST.Fwk.RunTimeFWK.CheckpointFWK.ReportImpl.ReportToInternalLog(ISTRunTimeContext context, Dictionary`2 reportData)
2015-08-31 13:05:03,335 [7] ERROR - Checkpoint 5: "b7bf9dd48970c484fbf991dad673a4efec488698" = "61f048fc016c13ea5cdfa6416c6e6ef9532716b8" Ê§°Ü
2015-08-31 13:05:03,336 [7] ERROR - Failed to log checkpoint status:
2015-08-31 13:05:03,336 [7] ERROR - System.Collections.Generic.KeyNotFoundException: The given key was not present in the dictionary.
   at System.Collections.Generic.Dictionary`2.get_Item(TKey key)
   at HP.ST.Fwk.RunTimeFWK.CheckpointFWK.ReportImpl.WriteCPToLog(Dictionary`2 reportData, ILog log)
   at HP.ST.Fwk.RunTimeFWK.CheckpointFWK.ReportImpl.ReportToInternalLog(ISTRunTimeContext context, Dictionary`2 reportData)
2015-08-31 13:05:03,336 [7] ERROR - Failed to log checkpoint status:
2015-08-31 13:05:03,336 [7] ERROR - System.Collections.Generic.KeyNotFoundException: The given key was not present in the dictionary.
   at System.Collections.Generic.Dictionary`2.get_Item(TKey key)
   at HP.ST.Fwk.RunTimeFWK.CheckpointFWK.ReportImpl.WriteCPToLog(Dictionary`2 reportData, ILog log)
   at HP.ST.Fwk.RunTimeFWK.CheckpointFWK.ReportImpl.ReportToInternalLog(ISTRunTimeContext context, Dictionary`2 reportData)
2015-08-31 13:05:03,483 [7] ERROR - Checkpoint 5: "b7bf9dd48970c484fbf991dad673a4efec488698" = "61f048fc016c13ea5cdfa6416c6e6ef9532716b8" Ê§°Ü
2015-08-31 13:05:03,485 [7] ERROR - Failed to log checkpoint status:
2015-08-31 13:05:03,485 [7] ERROR - System.Collections.Generic.KeyNotFoundException: The given key was not present in the dictionary.
   at System.Collections.Generic.Dictionary`2.get_Item(TKey key)
   at HP.ST.Fwk.RunTimeFWK.CheckpointFWK.ReportImpl.WriteCPToLog(Dictionary`2 reportData, ILog log)
   at HP.ST.Fwk.RunTimeFWK.CheckpointFWK.ReportImpl.ReportToInternalLog(ISTRunTimeContext context, Dictionary`2 reportData)
2015-08-31 13:05:03,485 [7] ERROR - Failed to log checkpoint status:
2015-08-31 13:05:03,485 [7] ERROR - System.Collections.Generic.KeyNotFoundException: The given key was not present in the dictionary.
   at System.Collections.Generic.Dictionary`2.get_Item(TKey key)
   at HP.ST.Fwk.RunTimeFWK.CheckpointFWK.ReportImpl.WriteCPToLog(Dictionary`2 reportData, ILog log)
   at HP.ST.Fwk.RunTimeFWK.CheckpointFWK.ReportImpl.ReportToInternalLog(ISTRunTimeContext context, Dictionary`2 reportData)
2015-08-31 13:05:03,634 [7] ERROR - Checkpoint 5: "b7bf9dd48970c484fbf991dad673a4efec488698" = "61f048fc016c13ea5cdfa6416c6e6ef9532716b8" Ê§°Ü
2015-08-31 13:05:03,635 [7] ERROR - Failed to log checkpoint status:
2015-08-31 13:05:03,635 [7] ERROR - System.Collections.Generic.KeyNotFoundException: The given key was not present in the dictionary.
   at System.Collections.Generic.Dictionary`2.get_Item(TKey key)
   at HP.ST.Fwk.RunTimeFWK.CheckpointFWK.ReportImpl.WriteCPToLog(Dictionary`2 reportData, ILog log)
   at HP.ST.Fwk.RunTimeFWK.CheckpointFWK.ReportImpl.ReportToInternalLog(ISTRunTimeContext context, Dictionary`2 reportData)
2015-08-31 13:05:03,636 [7] ERROR - Failed to log checkpoint status:
2015-08-31 13:05:03,636 [7] ERROR - System.Collections.Generic.KeyNotFoundException: The given key was not present in the dictionary.
   at System.Collections.Generic.Dictionary`2.get_Item(TKey key)
   at HP.ST.Fwk.RunTimeFWK.CheckpointFWK.ReportImpl.WriteCPToLog(Dictionary`2 reportData, ILog log)
   at HP.ST.Fwk.RunTimeFWK.CheckpointFWK.ReportImpl.ReportToInternalLog(ISTRunTimeContext context, Dictionary`2 reportData)
2015-08-31 13:05:03,787 [7] ERROR - Checkpoint 5: "b7bf9dd48970c484fbf991dad673a4efec488698" = "61f048fc016c13ea5cdfa6416c6e6ef9532716b8" Ê§°Ü
2015-08-31 13:05:03,788 [7] ERROR - Failed to log checkpoint status:
2015-08-31 13:05:03,788 [7] ERROR - System.Collections.Generic.KeyNotFoundException: The given key was not present in the dictionary.
   at System.Collections.Generic.Dictionary`2.get_Item(TKey key)
   at HP.ST.Fwk.RunTimeFWK.CheckpointFWK.ReportImpl.WriteCPToLog(Dictionary`2 reportData, ILog log)
   at HP.ST.Fwk.RunTimeFWK.CheckpointFWK.ReportImpl.ReportToInternalLog(ISTRunTimeContext context, Dictionary`2 reportData)
2015-08-31 13:05:03,789 [7] ERROR - Failed to log checkpoint status:
2015-08-31 13:05:03,789 [7] ERROR - System.Collections.Generic.KeyNotFoundException: The given key was not present in the dictionary.
   at System.Collections.Generic.Dictionary`2.get_Item(TKey key)
   at HP.ST.Fwk.RunTimeFWK.CheckpointFWK.ReportImpl.WriteCPToLog(Dictionary`2 reportData, ILog log)
   at HP.ST.Fwk.RunTimeFWK.CheckpointFWK.ReportImpl.ReportToInternalLog(ISTRunTimeContext context, Dictionary`2 reportData)
2015-08-31 13:05:04,060 [7] ERROR - Checkpoint 5: "b7bf9dd48970c484fbf991dad673a4efec488698" = "61f048fc016c13ea5cdfa6416c6e6ef9532716b8" Ê§°Ü
2015-08-31 13:05:04,061 [7] ERROR - Failed to log checkpoint status:
2015-08-31 13:05:04,061 [7] ERROR - System.Collections.Generic.KeyNotFoundException: The given key was not present in the dictionary.
   at System.Collections.Generic.Dictionary`2.get_Item(TKey key)
   at HP.ST.Fwk.RunTimeFWK.CheckpointFWK.ReportImpl.WriteCPToLog(Dictionary`2 reportData, ILog log)
   at HP.ST.Fwk.RunTimeFWK.CheckpointFWK.ReportImpl.ReportToInternalLog(ISTRunTimeContext context, Dictionary`2 reportData)
2015-08-31 13:05:04,062 [7] ERROR - Failed to log checkpoint status:
2015-08-31 13:05:04,062 [7] ERROR - System.Collections.Generic.KeyNotFoundException: The given key was not present in the dictionary.
   at System.Collections.Generic.Dictionary`2.get_Item(TKey key)
   at HP.ST.Fwk.RunTimeFWK.CheckpointFWK.ReportImpl.WriteCPToLog(Dictionary`2 reportData, ILog log)
   at HP.ST.Fwk.RunTimeFWK.CheckpointFWK.ReportImpl.ReportToInternalLog(ISTRunTimeContext context, Dictionary`2 reportData)
2015-08-31 13:05:04,204 [7] ERROR - Checkpoint 5: "b7bf9dd48970c484fbf991dad673a4efec488698" = "61f048fc016c13ea5cdfa6416c6e6ef9532716b8" Ê§°Ü
2015-08-31 13:05:04,205 [7] ERROR - Failed to log checkpoint status:
2015-08-31 13:05:04,205 [7] ERROR - System.Collections.Generic.KeyNotFoundException: The given key was not present in the dictionary.
   at System.Collections.Generic.Dictionary`2.get_Item(TKey key)
   at HP.ST.Fwk.RunTimeFWK.CheckpointFWK.ReportImpl.WriteCPToLog(Dictionary`2 reportData, ILog log)
   at HP.ST.Fwk.RunTimeFWK.CheckpointFWK.ReportImpl.ReportToInternalLog(ISTRunTimeContext context, Dictionary`2 reportData)
2015-08-31 13:05:04,205 [7] ERROR - Failed to log checkpoint status:
2015-08-31 13:05:04,205 [7] ERROR - System.Collections.Generic.KeyNotFoundException: The given key was not present in the dictionary.
   at System.Collections.Generic.Dictionary`2.get_Item(TKey key)
   at HP.ST.Fwk.RunTimeFWK.CheckpointFWK.ReportImpl.WriteCPToLog(Dictionary`2 reportData, ILog log)
   at HP.ST.Fwk.RunTimeFWK.CheckpointFWK.ReportImpl.ReportToInternalLog(ISTRunTimeContext context, Dictionary`2 reportData)
2015-08-31 13:05:04,379 [7] ERROR - Checkpoint 5: "b7bf9dd48970c484fbf991dad673a4efec488698" = "61f048fc016c13ea5cdfa6416c6e6ef9532716b8" Ê§°Ü
2015-08-31 13:05:04,381 [7] ERROR - Failed to log checkpoint status:
2015-08-31 13:05:04,381 [7] ERROR - System.Collections.Generic.KeyNotFoundException: The given key was not present in the dictionary.
   at System.Collections.Generic.Dictionary`2.get_Item(TKey key)
   at HP.ST.Fwk.RunTimeFWK.CheckpointFWK.ReportImpl.WriteCPToLog(Dictionary`2 reportData, ILog log)
   at HP.ST.Fwk.RunTimeFWK.CheckpointFWK.ReportImpl.ReportToInternalLog(ISTRunTimeContext context, Dictionary`2 reportData)
2015-08-31 13:05:04,381 [7] ERROR - Failed to log checkpoint status:
2015-08-31 13:05:04,381 [7] ERROR - System.Collections.Generic.KeyNotFoundException: The given key was not present in the dictionary.
   at System.Collections.Generic.Dictionary`2.get_Item(TKey key)
   at HP.ST.Fwk.RunTimeFWK.CheckpointFWK.ReportImpl.WriteCPToLog(Dictionary`2 reportData, ILog log)
   at HP.ST.Fwk.RunTimeFWK.CheckpointFWK.ReportImpl.ReportToInternalLog(ISTRunTimeContext context, Dictionary`2 reportData)
2015-08-31 13:05:04,531 [7] ERROR - Checkpoint 5: "b7bf9dd48970c484fbf991dad673a4efec488698" = "61f048fc016c13ea5cdfa6416c6e6ef9532716b8" Ê§°Ü
2015-08-31 13:05:04,533 [7] ERROR - Failed to log checkpoint status:
2015-08-31 13:05:04,533 [7] ERROR - System.Collections.Generic.KeyNotFoundException: The given key was not present in the dictionary.
   at System.Collections.Generic.Dictionary`2.get_Item(TKey key)
   at HP.ST.Fwk.RunTimeFWK.CheckpointFWK.ReportImpl.WriteCPToLog(Dictionary`2 reportData, ILog log)
   at HP.ST.Fwk.RunTimeFWK.CheckpointFWK.ReportImpl.ReportToInternalLog(ISTRunTimeContext context, Dictionary`2 reportData)
2015-08-31 13:05:04,533 [7] ERROR - Failed to log checkpoint status:
2015-08-31 13:05:04,533 [7] ERROR - System.Collections.Generic.KeyNotFoundException: The given key was not present in the dictionary.
   at System.Collections.Generic.Dictionary`2.get_Item(TKey key)
   at HP.ST.Fwk.RunTimeFWK.CheckpointFWK.ReportImpl.WriteCPToLog(Dictionary`2 reportData, ILog log)
   at HP.ST.Fwk.RunTimeFWK.CheckpointFWK.ReportImpl.ReportToInternalLog(ISTRunTimeContext context, Dictionary`2 reportData)
2015-08-31 13:05:04,668 [7] ERROR - Checkpoint 5: "b7bf9dd48970c484fbf991dad673a4efec488698" = "61f048fc016c13ea5cdfa6416c6e6ef9532716b8" Ê§°Ü
2015-08-31 13:05:04,669 [7] ERROR - Failed to log checkpoint status:
2015-08-31 13:05:04,669 [7] ERROR - System.Collections.Generic.KeyNotFoundException: The given key was not present in the dictionary.
   at System.Collections.Generic.Dictionary`2.get_Item(TKey key)
   at HP.ST.Fwk.RunTimeFWK.CheckpointFWK.ReportImpl.WriteCPToLog(Dictionary`2 reportData, ILog log)
   at HP.ST.Fwk.RunTimeFWK.CheckpointFWK.ReportImpl.ReportToInternalLog(ISTRunTimeContext context, Dictionary`2 reportData)
2015-08-31 13:05:04,669 [7] ERROR - Failed to log checkpoint status:
2015-08-31 13:05:04,669 [7] ERROR - System.Collections.Generic.KeyNotFoundException: The given key was not present in the dictionary.
   at System.Collections.Generic.Dictionary`2.get_Item(TKey key)
   at HP.ST.Fwk.RunTimeFWK.CheckpointFWK.ReportImpl.WriteCPToLog(Dictionary`2 reportData, ILog log)
   at HP.ST.Fwk.RunTimeFWK.CheckpointFWK.ReportImpl.ReportToInternalLog(ISTRunTimeContext context, Dictionary`2 reportData)
2015-08-31 13:05:04,784 [7] ERROR - Checkpoint 5: "b7bf9dd48970c484fbf991dad673a4efec488698" = "61f048fc016c13ea5cdfa6416c6e6ef9532716b8" Ê§°Ü
2015-08-31 13:05:04,785 [7] ERROR - Failed to log checkpoint status:
2015-08-31 13:05:04,785 [7] ERROR - System.Collections.Generic.KeyNotFoundException: The given key was not present in the dictionary.
   at System.Collections.Generic.Dictionary`2.get_Item(TKey key)
   at HP.ST.Fwk.RunTimeFWK.CheckpointFWK.ReportImpl.WriteCPToLog(Dictionary`2 reportData, ILog log)
   at HP.ST.Fwk.RunTimeFWK.CheckpointFWK.ReportImpl.ReportToInternalLog(ISTRunTimeContext context, Dictionary`2 reportData)
2015-08-31 13:05:04,785 [7] ERROR - Failed to log checkpoint status:
2015-08-31 13:05:04,785 [7] ERROR - System.Collections.Generic.KeyNotFoundException: The given key was not present in the dictionary.
   at System.Collections.Generic.Dictionary`2.get_Item(TKey key)
   at HP.ST.Fwk.RunTimeFWK.CheckpointFWK.ReportImpl.WriteCPToLog(Dictionary`2 reportData, ILog log)
   at HP.ST.Fwk.RunTimeFWK.CheckpointFWK.ReportImpl.ReportToInternalLog(ISTRunTimeContext context, Dictionary`2 reportData)
2015-08-31 13:05:04,923 [7] ERROR - Checkpoint 5: "b7bf9dd48970c484fbf991dad673a4efec488698" = "61f048fc016c13ea5cdfa6416c6e6ef9532716b8" Ê§°Ü
2015-08-31 13:05:04,924 [7] ERROR - Failed to log checkpoint status:
2015-08-31 13:05:04,924 [7] ERROR - System.Collections.Generic.KeyNotFoundException: The given key was not present in the dictionary.
   at System.Collections.Generic.Dictionary`2.get_Item(TKey key)
   at HP.ST.Fwk.RunTimeFWK.CheckpointFWK.ReportImpl.WriteCPToLog(Dictionary`2 reportData, ILog log)
   at HP.ST.Fwk.RunTimeFWK.CheckpointFWK.ReportImpl.ReportToInternalLog(ISTRunTimeContext context, Dictionary`2 reportData)
2015-08-31 13:05:04,925 [7] ERROR - Failed to log checkpoint status:
2015-08-31 13:05:04,925 [7] ERROR - System.Collections.Generic.KeyNotFoundException: The given key was not present in the dictionary.
   at System.Collections.Generic.Dictionary`2.get_Item(TKey key)
   at HP.ST.Fwk.RunTimeFWK.CheckpointFWK.ReportImpl.WriteCPToLog(Dictionary`2 reportData, ILog log)
   at HP.ST.Fwk.RunTimeFWK.CheckpointFWK.ReportImpl.ReportToInternalLog(ISTRunTimeContext context, Dictionary`2 reportData)
2015-08-31 13:05:05,026 [7] ERROR - Checkpoint 5: "Arguments[1]/ResultTable[1]/Row[1]/token[1]" = "61f048fc016c13ea5cdfa6416c6e6ef9532716b8" Ê§°Ü
2015-08-31 13:05:05,027 [7] ERROR - Failed to log checkpoint status:
2015-08-31 13:05:05,027 [7] ERROR - System.Collections.Generic.KeyNotFoundException: The given key was not present in the dictionary.
   at System.Collections.Generic.Dictionary`2.get_Item(TKey key)
   at HP.ST.Fwk.RunTimeFWK.CheckpointFWK.ReportImpl.WriteCPToLog(Dictionary`2 reportData, ILog log)
   at HP.ST.Fwk.RunTimeFWK.CheckpointFWK.ReportImpl.ReportToInternalLog(ISTRunTimeContext context, Dictionary`2 reportData)
2015-08-31 13:05:05,027 [7] ERROR - Failed to log checkpoint status:
2015-08-31 13:05:05,027 [7] ERROR - System.Collections.Generic.KeyNotFoundException: The given key was not present in the dictionary.
   at System.Collections.Generic.Dictionary`2.get_Item(TKey key)
   at HP.ST.Fwk.RunTimeFWK.CheckpointFWK.ReportImpl.WriteCPToLog(Dictionary`2 reportData, ILog log)
   at HP.ST.Fwk.RunTimeFWK.CheckpointFWK.ReportImpl.ReportToInternalLog(ISTRunTimeContext context, Dictionary`2 reportData)
2015-08-31 13:05:05,163 [7] ERROR - Checkpoint 5: "1953b39173efa87d8a71218eeaf65fb8" = "61f048fc016c13ea5cdfa6416c6e6ef9532716b8" Ê§°Ü
2015-08-31 13:05:05,164 [7] ERROR - Failed to log checkpoint status:
2015-08-31 13:05:05,164 [7] ERROR - System.Collections.Generic.KeyNotFoundException: The given key was not present in the dictionary.
   at System.Collections.Generic.Dictionary`2.get_Item(TKey key)
   at HP.ST.Fwk.RunTimeFWK.CheckpointFWK.ReportImpl.WriteCPToLog(Dictionary`2 reportData, ILog log)
   at HP.ST.Fwk.RunTimeFWK.CheckpointFWK.ReportImpl.ReportToInternalLog(ISTRunTimeContext context, Dictionary`2 reportData)
2015-08-31 13:05:05,164 [7] ERROR - Failed to log checkpoint status:
2015-08-31 13:05:05,164 [7] ERROR - System.Collections.Generic.KeyNotFoundException: The given key was not present in the dictionary.
   at System.Collections.Generic.Dictionary`2.get_Item(TKey key)
   at HP.ST.Fwk.RunTimeFWK.CheckpointFWK.ReportImpl.WriteCPToLog(Dictionary`2 reportData, ILog log)
   at HP.ST.Fwk.RunTimeFWK.CheckpointFWK.ReportImpl.ReportToInternalLog(ISTRunTimeContext context, Dictionary`2 reportData)
2015-08-31 13:05:05,315 [7] ERROR - Checkpoint 5: "x_1f1a0e62u0t5j480c916h26642tc3didb95f5an861da049516m0y7pd5aiu00DcVvwMFWs5b84ff35507754b1db1631c26abdc61f1@muc.365ime.com" = "61f048fc016c13ea5cdfa6416c6e6ef9532716b8" Ê§°Ü
2015-08-31 13:05:05,316 [7] ERROR - Failed to log checkpoint status:
2015-08-31 13:05:05,316 [7] ERROR - System.Collections.Generic.KeyNotFoundException: The given key was not present in the dictionary.
   at System.Collections.Generic.Dictionary`2.get_Item(TKey key)
   at HP.ST.Fwk.RunTimeFWK.CheckpointFWK.ReportImpl.WriteCPToLog(Dictionary`2 reportData, ILog log)
   at HP.ST.Fwk.RunTimeFWK.CheckpointFWK.ReportImpl.ReportToInternalLog(ISTRunTimeContext context, Dictionary`2 reportData)
2015-08-31 13:05:05,316 [7] ERROR - Failed to log checkpoint status:
2015-08-31 13:05:05,316 [7] ERROR - System.Collections.Generic.KeyNotFoundException: The given key was not present in the dictionary.
   at System.Collections.Generic.Dictionary`2.get_Item(TKey key)
   at HP.ST.Fwk.RunTimeFWK.CheckpointFWK.ReportImpl.WriteCPToLog(Dictionary`2 reportData, ILog log)
   at HP.ST.Fwk.RunTimeFWK.CheckpointFWK.ReportImpl.ReportToInternalLog(ISTRunTimeContext context, Dictionary`2 reportData)
2015-08-31 13:05:05,473 [7] ERROR - Checkpoint 5: "test" = "61f048fc016c13ea5cdfa6416c6e6ef9532716b8" Ê§°Ü
2015-08-31 13:05:05,475 [7] ERROR - Failed to log checkpoint status:
2015-08-31 13:05:05,475 [7] ERROR - System.Collections.Generic.KeyNotFoundException: The given key was not present in the dictionary.
   at System.Collections.Generic.Dictionary`2.get_Item(TKey key)
   at HP.ST.Fwk.RunTimeFWK.CheckpointFWK.ReportImpl.WriteCPToLog(Dictionary`2 reportData, ILog log)
   at HP.ST.Fwk.RunTimeFWK.CheckpointFWK.ReportImpl.ReportToInternalLog(ISTRunTimeContext context, Dictionary`2 reportData)
2015-08-31 13:05:05,475 [7] ERROR - Failed to log checkpoint status:
2015-08-31 13:05:05,475 [7] ERROR - System.Collections.Generic.KeyNotFoundException: The given key was not present in the dictionary.
   at System.Collections.Generic.Dictionary`2.get_Item(TKey key)
   at HP.ST.Fwk.RunTimeFWK.CheckpointFWK.ReportImpl.WriteCPToLog(Dictionary`2 reportData, ILog log)
   at HP.ST.Fwk.RunTimeFWK.CheckpointFWK.ReportImpl.ReportToInternalLog(ISTRunTimeContext context, Dictionary`2 reportData)
2015-08-31 13:05:05,615 [7] ERROR - Checkpoint 5: "b7bf9dd48970c484fbf991dad673a4efec488698" = "61f048fc016c13ea5cdfa6416c6e6ef9532716b8" Ê§°Ü
2015-08-31 13:05:05,616 [7] ERROR - Failed to log checkpoint status:
2015-08-31 13:05:05,616 [7] ERROR - System.Collections.Generic.KeyNotFoundException: The given key was not present in the dictionary.
   at System.Collections.Generic.Dictionary`2.get_Item(TKey key)
   at HP.ST.Fwk.RunTimeFWK.CheckpointFWK.ReportImpl.WriteCPToLog(Dictionary`2 reportData, ILog log)
   at HP.ST.Fwk.RunTimeFWK.CheckpointFWK.ReportImpl.ReportToInternalLog(ISTRunTimeContext context, Dictionary`2 reportData)
2015-08-31 13:05:05,617 [7] ERROR - Failed to log checkpoint status:
2015-08-31 13:05:05,617 [7] ERROR - System.Collections.Generic.KeyNotFoundException: The given key was not present in the dictionary.
   at System.Collections.Generic.Dictionary`2.get_Item(TKey key)
   at HP.ST.Fwk.RunTimeFWK.CheckpointFWK.ReportImpl.WriteCPToLog(Dictionary`2 reportData, ILog log)
   at HP.ST.Fwk.RunTimeFWK.CheckpointFWK.ReportImpl.ReportToInternalLog(ISTRunTimeContext context, Dictionary`2 reportData)
