2015-08-07 14:46:07,059 [8] INFO  - 步骤“开始”: 步骤“开始”已启动
2015-08-07 14:46:07,084 [8] INFO  - 步骤“开始”已成功结束
2015-08-07 14:46:07,085 [8] INFO  - 步骤“测试流”: 步骤“测试流”已启动
2015-08-07 14:46:07,138 [8] INFO  - 步骤“迭代 1”: 步骤“迭代 1”已启动
2015-08-07 14:46:07,139 [8] INFO  - 步骤“连接到mysql数据库”: 步骤“连接到mysql数据库”已启动
2015-08-07 14:46:07,143 [8] INFO  - 步骤“连接到mysql数据库”: Connection string: DSN=localhost;Uid=root;Pwd={PWD};
2015-08-07 14:46:07,157 [8] INFO  - 步骤“连接到mysql数据库”已成功结束
2015-08-07 14:46:07,158 [8] INFO  - 步骤“获取到tb_getCard_verification表有效行数”: 步骤“获取到tb_getCard_verification表有效行数”已启动
2015-08-07 14:46:07,176 [8] ERROR - Checkpoint 2: "16" = "37" 失败
2015-08-07 14:46:07,179 [8] INFO  - 步骤“获取到tb_getCard_verification表有效行数”已成功结束
2015-08-07 14:46:07,181 [8] INFO  - 步骤“查询全局表中xsid”: 步骤“查询全局表中xsid”已启动
2015-08-07 14:46:07,184 [8] INFO  - 步骤“查询全局表中xsid”已成功结束
2015-08-07 14:46:07,185 [8] INFO  - 步骤“循环执行tb_getUcard_verification中的测试用例”: 步骤“循环执行tb_getUcard_verification中的测试用例”已启动
2015-08-07 14:46:07,187 [8] INFO  - 步骤“迭代 1”: 步骤“迭代 1”已启动
2015-08-07 14:46:07,189 [8] INFO  - 步骤“查询tb_getUcard_verification表中字段信息”: 步骤“查询tb_getUcard_verification表中字段信息”已启动
2015-08-07 14:46:07,191 [8] ERROR - Checkpoint 5: "305bbc2b43542b3d0203daffe9073c3cba5b47d9" = "61f048fc016c13ea5cdfa6416c6e6ef9532716b8" 失败
2015-08-07 14:46:07,193 [8] INFO  - 步骤“查询tb_getUcard_verification表中字段信息”已成功结束
2015-08-07 14:46:07,194 [8] INFO  - 步骤“将本地表的xsid更新”: 步骤“将本地表的xsid更新”已启动
2015-08-07 14:46:07,199 [8] INFO  - 步骤“将本地表的xsid更新”: 输入参数“源字符串”，值:“”
2015-08-07 14:46:07,201 [8] INFO  - 步骤“将本地表的xsid更新”: 输入参数“搜索字符串 1”，值:“'x_1f1a0e62u0t5j480c916h26642tc3didb95f5an861da049516m0y7pd5aiu00'”
2015-08-07 14:46:07,202 [8] INFO  - 步骤“将本地表的xsid更新”: 输入参数“替换字符串 1”，值:“'x_0e1a5657n865d20b8aifxeafq394a1idub0a0b096du0t6j08ac112hb64t3ib'”
2015-08-07 14:46:07,203 [8] INFO  - 步骤“将本地表的xsid更新”: 输入参数“区分大小写”，值:“True”
2015-08-07 14:46:07,204 [8] INFO  - 步骤“将本地表的xsid更新”: 输出参数“结果”，值:“”
2015-08-07 14:46:07,206 [8] INFO  - 步骤“将本地表的xsid更新”已成功结束
2015-08-07 14:46:07,206 [8] INFO  - 步骤“将需要加密的数据赋值到全局表EncryptionStr字段中”: 步骤“将需要加密的数据赋值到全局表EncryptionStr字段中”已启动
2015-08-07 14:46:07,252 [8] INFO  - 步骤“将需要加密的数据赋值到全局表EncryptionStr字段中”已成功结束
2015-08-07 14:46:07,254 [8] INFO  - 步骤“Encryption.SHA1”: 步骤“Encryption.SHA1”已启动
2015-08-07 14:46:19,103 [8] INFO  - 步骤“Encryption.SHA1”已成功结束
2015-08-07 14:46:19,104 [8] INFO  - 步骤“查询出加密后的token信息”: 步骤“查询出加密后的token信息”已启动
2015-08-07 14:46:19,107 [8] INFO  - 步骤“查询出加密后的token信息”已成功结束
2015-08-07 14:46:19,108 [8] INFO  - 步骤“将token更新至最新值”: 步骤“将token更新至最新值”已启动
2015-08-07 14:46:19,109 [8] INFO  - 步骤“将token更新至最新值”: 输入参数“源字符串”，值:“305bbc2b43542b3d0203daffe9073c3cba5b47d9”
2015-08-07 14:46:19,111 [8] INFO  - 步骤“将token更新至最新值”: 输入参数“搜索字符串 1”，值:“'305bbc2b43542b3d0203daffe9073c3cba5b47d9'”
2015-08-07 14:46:19,113 [8] INFO  - 步骤“将token更新至最新值”: 输入参数“替换字符串 1”，值:“'5d1e4b2331be7145c389e090a897b2cecb600d94'”
2015-08-07 14:46:19,114 [8] INFO  - 步骤“将token更新至最新值”: 输出参数“结果”，值:“5d1e4b2331be7145c389e090a897b2cecb600d94”
2015-08-07 14:46:19,115 [8] INFO  - 步骤“将token更新至最新值”已成功结束
2015-08-07 14:46:19,116 [8] INFO  - 步骤“调用/iq/getUCard.php”: 步骤“调用/iq/getUCard.php”已启动
2015-08-07 14:46:19,128 [8] INFO  - 步骤“调用/iq/getUCard.php”: 提取 HTTP URL: 'http://test-iq.365ime.com:8082/iq/getUCard.php'
2015-08-07 14:46:24,587 [8] INFO  - 步骤“调用/iq/getUCard.php”: 服务器返回了状态代码: 200
2015-08-07 14:46:24,591 [8] INFO  - 步骤“调用/iq/getUCard.php”: HTTP 原始请求:
2015-08-07 14:46:24,597 [8] INFO  - 步骤“调用/iq/getUCard.php”: POST http://test-iq.365ime.com:8082/iq/getUCard.php 1.1
Content-Type: application/x-www-form-urlencoded
Host: test-iq.365ime.com:8082
Content-Length: 78
Expect: 100-continue
Connection: Keep-Alive
xsid=&toJid=77401169@365ime.com&token=5d1e4b2331be7145c389e090a897b2cecb600d94

2015-08-07 14:46:24,599 [8] INFO  - 步骤“调用/iq/getUCard.php”: HTTP 原始响应:
2015-08-07 14:46:24,601 [8] INFO  - 步骤“调用/iq/getUCard.php”: HTTP/1.1 200 OK
Access-Control-Allow-Origin: *
Transfer-Encoding: chunked
Content-Type: text/html;charset=UTF-8
Date: Fri, 07 Aug 2015 06:43:44 GMT
Server: Apache-Coyote/1.1
{"message":"","data":{"phone":"","status":"1","pid":"77246885","userRole":"s2","orgName":"刘丽","version":"1431138618","orgId":"622195","category":"0","email":"","thumbUrl":"http://download.ac-bj-oss.365ime.com/storage/2015-08-05/d83cb81c8ab1c78b12ed4475b56cba53e5a7f007","gender":"1","jid":"77401169@365ime.com","userDescription":"test","photoUrl":"http://download.ac-bj-oss.365ime.com/storage/2015-08-05/c05dfb5505a9e142874eba2cebeeb41b41cd4009","fn":"张坤老师"},"errorCode":"0"}

2015-08-07 14:46:24,618 [8] INFO  - 步骤“调用/iq/getUCard.php”已成功结束
2015-08-07 14:46:24,619 [8] INFO  - 步骤“获取返回值转换为JSON”: 步骤“获取返回值转换为JSON”已启动
2015-08-07 14:46:24,637 [8] INFO  - 步骤“获取返回值转换为JSON”已成功结束
2015-08-07 14:46:24,639 [8] INFO  - 步骤“将获取到的JSON插入到sql中”: 步骤“将获取到的JSON插入到sql中”已启动
2015-08-07 14:46:24,706 [8] INFO  - 步骤“将获取到的JSON插入到sql中”已成功结束
2015-08-07 14:46:24,707 [8] INFO  - 步骤“将errorcode更新到sql中”: 步骤“将errorcode更新到sql中”已启动
2015-08-07 14:46:24,892 [8] INFO  - 步骤“将errorcode更新到sql中”已成功结束
2015-08-07 14:46:24,894 [8] INFO  - 步骤“获取当前Case的实际值”: 步骤“获取当前Case的实际值”已启动
2015-08-07 14:46:24,900 [8] INFO  - 步骤“获取当前Case的实际值”已成功结束
2015-08-07 14:46:24,904 [8] INFO  - 步骤“获取当前Case的期待值”: 步骤“获取当前Case的期待值”已启动
2015-08-07 14:46:24,910 [8] INFO  - 步骤“获取当前Case的期待值”已成功结束
2015-08-07 14:46:24,912 [8] INFO  - 步骤“填写Result”: 步骤“填写Result”已启动
2015-08-07 14:46:24,918 [8] INFO  - 步骤“IfElse64”: 计算方式: 使用条件
2015-08-07 14:46:24,919 [8] INFO  - 步骤“否”: 步骤“否”已启动
2015-08-07 14:46:24,921 [8] INFO  - 步骤“在Result字段插入False”: 步骤“在Result字段插入False”已启动
2015-08-07 14:46:24,971 [8] INFO  - 步骤“在Result字段插入False”已成功结束
2015-08-07 14:46:24,973 [8] INFO  - 步骤“否”已成功结束
2015-08-07 14:46:24,974 [8] INFO  - 步骤“填写Result”已成功结束
2015-08-07 14:46:24,976 [8] INFO  - 步骤“迭代 1”已成功结束
2015-08-07 14:46:24,979 [8] INFO  - 步骤“迭代 2”: 步骤“迭代 2”已启动
2015-08-07 14:46:24,981 [8] INFO  - 步骤“查询tb_getUcard_verification表中字段信息”: 步骤“查询tb_getUcard_verification表中字段信息”已启动
2015-08-07 14:46:24,984 [8] ERROR - Checkpoint 5: "305bbc2b43542b3d0203daffe9073c3cba5b47d9" = "61f048fc016c13ea5cdfa6416c6e6ef9532716b8" 失败
2015-08-07 14:46:24,987 [8] INFO  - 步骤“查询tb_getUcard_verification表中字段信息”已成功结束
2015-08-07 14:46:24,988 [8] INFO  - 步骤“将本地表的xsid更新”: 步骤“将本地表的xsid更新”已启动
2015-08-07 14:46:24,990 [8] INFO  - 步骤“将本地表的xsid更新”: 输入参数“源字符串”，值:“123”
2015-08-07 14:46:24,992 [8] INFO  - 步骤“将本地表的xsid更新”: 输入参数“搜索字符串 1”，值:“'x_1f1a0e62u0t5j480c916h26642tc3didb95f5an861da049516m0y7pd5aiu00'”
2015-08-07 14:46:24,993 [8] INFO  - 步骤“将本地表的xsid更新”: 输入参数“替换字符串 1”，值:“'x_0e1a5657n865d20b8aifxeafq394a1idub0a0b096du0t6j08ac112hb64t3ib'”
2015-08-07 14:46:24,994 [8] INFO  - 步骤“将本地表的xsid更新”: 输出参数“结果”，值:“123”
2015-08-07 14:46:24,996 [8] INFO  - 步骤“将本地表的xsid更新”已成功结束
2015-08-07 14:46:24,997 [8] INFO  - 步骤“将需要加密的数据赋值到全局表EncryptionStr字段中”: 步骤“将需要加密的数据赋值到全局表EncryptionStr字段中”已启动
2015-08-07 14:46:25,072 [8] INFO  - 步骤“将需要加密的数据赋值到全局表EncryptionStr字段中”已成功结束
2015-08-07 14:46:25,074 [8] INFO  - 步骤“Encryption.SHA1”: 步骤“Encryption.SHA1”已启动
2015-08-07 14:46:37,008 [8] INFO  - 步骤“Encryption.SHA1”已成功结束
2015-08-07 14:46:37,010 [8] INFO  - 步骤“查询出加密后的token信息”: 步骤“查询出加密后的token信息”已启动
2015-08-07 14:46:37,017 [8] INFO  - 步骤“查询出加密后的token信息”已成功结束
2015-08-07 14:46:37,018 [8] INFO  - 步骤“将token更新至最新值”: 步骤“将token更新至最新值”已启动
2015-08-07 14:46:37,022 [8] INFO  - 步骤“将token更新至最新值”: 输入参数“源字符串”，值:“305bbc2b43542b3d0203daffe9073c3cba5b47d9”
2015-08-07 14:46:37,023 [8] INFO  - 步骤“将token更新至最新值”: 输入参数“搜索字符串 1”，值:“'305bbc2b43542b3d0203daffe9073c3cba5b47d9'”
2015-08-07 14:46:37,025 [8] INFO  - 步骤“将token更新至最新值”: 输入参数“替换字符串 1”，值:“'5d1e4b2331be7145c389e090a897b2cecb600d94'”
2015-08-07 14:46:37,026 [8] INFO  - 步骤“将token更新至最新值”: 输出参数“结果”，值:“5d1e4b2331be7145c389e090a897b2cecb600d94”
2015-08-07 14:46:37,032 [8] INFO  - 步骤“将token更新至最新值”已成功结束
2015-08-07 14:46:37,034 [8] INFO  - 步骤“调用/iq/getUCard.php”: 步骤“调用/iq/getUCard.php”已启动
2015-08-07 14:46:37,036 [8] INFO  - 步骤“调用/iq/getUCard.php”: 提取 HTTP URL: 'http://test-iq.365ime.com:8082/iq/getUCard.php'
2015-08-07 14:46:42,360 [8] INFO  - 步骤“调用/iq/getUCard.php”: 服务器返回了状态代码: 200
2015-08-07 14:46:42,362 [8] INFO  - 步骤“调用/iq/getUCard.php”: HTTP 原始请求:
2015-08-07 14:46:42,364 [8] INFO  - 步骤“调用/iq/getUCard.php”: POST http://test-iq.365ime.com:8082/iq/getUCard.php 1.1
Content-Type: application/x-www-form-urlencoded
Host: test-iq.365ime.com:8082
Content-Length: 81
Expect: 100-continue
xsid=123&toJid=77401169@365ime.com&token=5d1e4b2331be7145c389e090a897b2cecb600d94

2015-08-07 14:46:42,366 [8] INFO  - 步骤“调用/iq/getUCard.php”: HTTP 原始响应:
2015-08-07 14:46:42,368 [8] INFO  - 步骤“调用/iq/getUCard.php”: HTTP/1.1 200 OK
Access-Control-Allow-Origin: *
Transfer-Encoding: chunked
Content-Type: text/html;charset=UTF-8
Date: Fri, 07 Aug 2015 06:44:02 GMT
Server: Apache-Coyote/1.1
{"message":"","data":{"phone":"","status":"1","pid":"77246885","userRole":"s2","orgName":"刘丽","version":"1431138618","orgId":"622195","category":"0","email":"","thumbUrl":"http://download.ac-bj-oss.365ime.com/storage/2015-08-05/d83cb81c8ab1c78b12ed4475b56cba53e5a7f007","gender":"1","jid":"77401169@365ime.com","userDescription":"test","photoUrl":"http://download.ac-bj-oss.365ime.com/storage/2015-08-05/c05dfb5505a9e142874eba2cebeeb41b41cd4009","fn":"张坤老师"},"errorCode":"0"}

2015-08-07 14:46:42,376 [8] INFO  - 步骤“调用/iq/getUCard.php”已成功结束
2015-08-07 14:46:42,378 [8] INFO  - 步骤“获取返回值转换为JSON”: 步骤“获取返回值转换为JSON”已启动
2015-08-07 14:46:42,383 [8] INFO  - 步骤“获取返回值转换为JSON”已成功结束
2015-08-07 14:46:42,385 [8] INFO  - 步骤“将获取到的JSON插入到sql中”: 步骤“将获取到的JSON插入到sql中”已启动
2015-08-07 14:46:42,451 [8] INFO  - 步骤“将获取到的JSON插入到sql中”已成功结束
2015-08-07 14:46:42,454 [8] INFO  - 步骤“将errorcode更新到sql中”: 步骤“将errorcode更新到sql中”已启动
2015-08-07 14:46:42,501 [8] INFO  - 步骤“将errorcode更新到sql中”已成功结束
2015-08-07 14:46:42,504 [8] INFO  - 步骤“获取当前Case的实际值”: 步骤“获取当前Case的实际值”已启动
2015-08-07 14:46:42,512 [8] INFO  - 步骤“获取当前Case的实际值”已成功结束
2015-08-07 14:46:42,515 [8] INFO  - 步骤“获取当前Case的期待值”: 步骤“获取当前Case的期待值”已启动
2015-08-07 14:46:42,521 [8] INFO  - 步骤“获取当前Case的期待值”已成功结束
2015-08-07 14:46:42,525 [8] INFO  - 步骤“填写Result”: 步骤“填写Result”已启动
2015-08-07 14:46:42,531 [8] INFO  - 步骤“IfElse64”: 计算方式: 使用条件
2015-08-07 14:46:42,532 [8] INFO  - 步骤“否”: 步骤“否”已启动
2015-08-07 14:46:42,534 [8] INFO  - 步骤“在Result字段插入False”: 步骤“在Result字段插入False”已启动
2015-08-07 14:46:42,573 [8] INFO  - 步骤“在Result字段插入False”已成功结束
2015-08-07 14:46:42,575 [8] INFO  - 步骤“否”已成功结束
2015-08-07 14:46:42,577 [8] INFO  - 步骤“填写Result”已成功结束
2015-08-07 14:46:42,579 [8] INFO  - 步骤“迭代 2”已成功结束
2015-08-07 14:46:42,582 [8] INFO  - 步骤“迭代 3”: 步骤“迭代 3”已启动
2015-08-07 14:46:42,584 [8] INFO  - 步骤“查询tb_getUcard_verification表中字段信息”: 步骤“查询tb_getUcard_verification表中字段信息”已启动
2015-08-07 14:46:42,587 [8] ERROR - Checkpoint 5: "305bbc2b43542b3d0203daffe9073c3cba5b47d9" = "61f048fc016c13ea5cdfa6416c6e6ef9532716b8" 失败
2015-08-07 14:46:42,590 [8] INFO  - 步骤“查询tb_getUcard_verification表中字段信息”已成功结束
2015-08-07 14:46:42,592 [8] INFO  - 步骤“将本地表的xsid更新”: 步骤“将本地表的xsid更新”已启动
2015-08-07 14:46:42,595 [8] INFO  - 步骤“将本地表的xsid更新”: 输入参数“源字符串”，值:“abc”
2015-08-07 14:46:42,596 [8] INFO  - 步骤“将本地表的xsid更新”: 输入参数“搜索字符串 1”，值:“'x_1f1a0e62u0t5j480c916h26642tc3didb95f5an861da049516m0y7pd5aiu00'”
2015-08-07 14:46:42,597 [8] INFO  - 步骤“将本地表的xsid更新”: 输入参数“替换字符串 1”，值:“'x_0e1a5657n865d20b8aifxeafq394a1idub0a0b096du0t6j08ac112hb64t3ib'”
2015-08-07 14:46:42,599 [8] INFO  - 步骤“将本地表的xsid更新”: 输出参数“结果”，值:“abc”
2015-08-07 14:46:42,601 [8] INFO  - 步骤“将本地表的xsid更新”已成功结束
2015-08-07 14:46:42,602 [8] INFO  - 步骤“将需要加密的数据赋值到全局表EncryptionStr字段中”: 步骤“将需要加密的数据赋值到全局表EncryptionStr字段中”已启动
2015-08-07 14:46:42,664 [8] INFO  - 步骤“将需要加密的数据赋值到全局表EncryptionStr字段中”已成功结束
2015-08-07 14:46:42,667 [8] INFO  - 步骤“Encryption.SHA1”: 步骤“Encryption.SHA1”已启动
2015-08-07 14:46:52,876 [8] INFO  - 步骤“Encryption.SHA1”已成功结束
2015-08-07 14:46:52,879 [8] INFO  - 步骤“查询出加密后的token信息”: 步骤“查询出加密后的token信息”已启动
2015-08-07 14:46:52,883 [8] INFO  - 步骤“查询出加密后的token信息”已成功结束
2015-08-07 14:46:52,884 [8] INFO  - 步骤“将token更新至最新值”: 步骤“将token更新至最新值”已启动
2015-08-07 14:46:52,885 [8] INFO  - 步骤“将token更新至最新值”: 输入参数“源字符串”，值:“305bbc2b43542b3d0203daffe9073c3cba5b47d9”
2015-08-07 14:46:52,886 [8] INFO  - 步骤“将token更新至最新值”: 输入参数“搜索字符串 1”，值:“'305bbc2b43542b3d0203daffe9073c3cba5b47d9'”
2015-08-07 14:46:52,887 [8] INFO  - 步骤“将token更新至最新值”: 输入参数“替换字符串 1”，值:“'5d1e4b2331be7145c389e090a897b2cecb600d94'”
2015-08-07 14:46:52,888 [8] INFO  - 步骤“将token更新至最新值”: 输出参数“结果”，值:“5d1e4b2331be7145c389e090a897b2cecb600d94”
2015-08-07 14:46:52,889 [8] INFO  - 步骤“将token更新至最新值”已成功结束
2015-08-07 14:46:52,890 [8] INFO  - 步骤“调用/iq/getUCard.php”: 步骤“调用/iq/getUCard.php”已启动
2015-08-07 14:46:52,892 [8] INFO  - 步骤“调用/iq/getUCard.php”: 提取 HTTP URL: 'http://test-iq.365ime.com:8082/iq/getUCard.php'
2015-08-07 14:46:58,327 [8] INFO  - 步骤“调用/iq/getUCard.php”: 服务器返回了状态代码: 200
2015-08-07 14:46:58,330 [8] INFO  - 步骤“调用/iq/getUCard.php”: HTTP 原始请求:
2015-08-07 14:46:58,333 [8] INFO  - 步骤“调用/iq/getUCard.php”: POST http://test-iq.365ime.com:8082/iq/getUCard.php 1.1
Content-Type: application/x-www-form-urlencoded
Host: test-iq.365ime.com:8082
Content-Length: 81
Expect: 100-continue
xsid=abc&toJid=77401169@365ime.com&token=5d1e4b2331be7145c389e090a897b2cecb600d94

2015-08-07 14:46:58,335 [8] INFO  - 步骤“调用/iq/getUCard.php”: HTTP 原始响应:
2015-08-07 14:46:58,339 [8] INFO  - 步骤“调用/iq/getUCard.php”: HTTP/1.1 200 OK
Access-Control-Allow-Origin: *
Transfer-Encoding: chunked
Content-Type: text/html;charset=UTF-8
Date: Fri, 07 Aug 2015 06:44:18 GMT
Server: Apache-Coyote/1.1
{"message":"","data":{"phone":"","status":"1","pid":"77246885","userRole":"s2","orgName":"刘丽","version":"1431138618","orgId":"622195","category":"0","email":"","thumbUrl":"http://download.ac-bj-oss.365ime.com/storage/2015-08-05/d83cb81c8ab1c78b12ed4475b56cba53e5a7f007","gender":"1","jid":"77401169@365ime.com","userDescription":"test","photoUrl":"http://download.ac-bj-oss.365ime.com/storage/2015-08-05/c05dfb5505a9e142874eba2cebeeb41b41cd4009","fn":"张坤老师"},"errorCode":"0"}

2015-08-07 14:46:58,344 [8] INFO  - 步骤“调用/iq/getUCard.php”已成功结束
2015-08-07 14:46:58,345 [8] INFO  - 步骤“获取返回值转换为JSON”: 步骤“获取返回值转换为JSON”已启动
2015-08-07 14:46:58,349 [8] INFO  - 步骤“获取返回值转换为JSON”已成功结束
2015-08-07 14:46:58,351 [8] INFO  - 步骤“将获取到的JSON插入到sql中”: 步骤“将获取到的JSON插入到sql中”已启动
2015-08-07 14:46:58,419 [8] INFO  - 步骤“将获取到的JSON插入到sql中”已成功结束
2015-08-07 14:46:58,421 [8] INFO  - 步骤“将errorcode更新到sql中”: 步骤“将errorcode更新到sql中”已启动
2015-08-07 14:46:58,469 [8] INFO  - 步骤“将errorcode更新到sql中”已成功结束
2015-08-07 14:46:58,471 [8] INFO  - 步骤“获取当前Case的实际值”: 步骤“获取当前Case的实际值”已启动
2015-08-07 14:46:58,475 [8] INFO  - 步骤“获取当前Case的实际值”已成功结束
2015-08-07 14:46:58,477 [8] INFO  - 步骤“获取当前Case的期待值”: 步骤“获取当前Case的期待值”已启动
2015-08-07 14:46:58,481 [8] INFO  - 步骤“获取当前Case的期待值”已成功结束
2015-08-07 14:46:58,483 [8] INFO  - 步骤“填写Result”: 步骤“填写Result”已启动
2015-08-07 14:46:58,485 [8] INFO  - 步骤“IfElse64”: 计算方式: 使用条件
2015-08-07 14:46:58,487 [8] INFO  - 步骤“否”: 步骤“否”已启动
2015-08-07 14:46:58,490 [8] INFO  - 步骤“在Result字段插入False”: 步骤“在Result字段插入False”已启动
2015-08-07 14:46:58,524 [8] INFO  - 步骤“在Result字段插入False”已成功结束
2015-08-07 14:46:58,527 [8] INFO  - 步骤“否”已成功结束
2015-08-07 14:46:58,538 [8] INFO  - 步骤“填写Result”已成功结束
2015-08-07 14:46:58,541 [8] INFO  - 步骤“迭代 3”已成功结束
2015-08-07 14:46:58,544 [8] INFO  - 步骤“迭代 4”: 步骤“迭代 4”已启动
2015-08-07 14:46:58,546 [8] INFO  - 步骤“查询tb_getUcard_verification表中字段信息”: 步骤“查询tb_getUcard_verification表中字段信息”已启动
2015-08-07 14:46:58,549 [8] ERROR - Checkpoint 5: "305bbc2b43542b3d0203daffe9073c3cba5b47d9" = "61f048fc016c13ea5cdfa6416c6e6ef9532716b8" 失败
2015-08-07 14:46:58,552 [8] INFO  - 步骤“查询tb_getUcard_verification表中字段信息”已成功结束
2015-08-07 14:46:58,553 [8] INFO  - 步骤“将本地表的xsid更新”: 步骤“将本地表的xsid更新”已启动
2015-08-07 14:46:58,554 [8] INFO  - 步骤“将本地表的xsid更新”: 输入参数“源字符串”，值:“!@#$%^&”
2015-08-07 14:46:58,556 [8] INFO  - 步骤“将本地表的xsid更新”: 输入参数“搜索字符串 1”，值:“'x_1f1a0e62u0t5j480c916h26642tc3didb95f5an861da049516m0y7pd5aiu00'”
2015-08-07 14:46:58,557 [8] INFO  - 步骤“将本地表的xsid更新”: 输入参数“替换字符串 1”，值:“'x_0e1a5657n865d20b8aifxeafq394a1idub0a0b096du0t6j08ac112hb64t3ib'”
2015-08-07 14:46:58,558 [8] INFO  - 步骤“将本地表的xsid更新”: 输出参数“结果”，值:“!@#$%^&”
2015-08-07 14:46:58,560 [8] INFO  - 步骤“将本地表的xsid更新”已成功结束
2015-08-07 14:46:58,561 [8] INFO  - 步骤“将需要加密的数据赋值到全局表EncryptionStr字段中”: 步骤“将需要加密的数据赋值到全局表EncryptionStr字段中”已启动
2015-08-07 14:46:58,591 [8] INFO  - 步骤“将需要加密的数据赋值到全局表EncryptionStr字段中”已成功结束
2015-08-07 14:46:58,592 [8] INFO  - 步骤“Encryption.SHA1”: 步骤“Encryption.SHA1”已启动
2015-08-07 14:48:11,746 [8] INFO  - 步骤“Encryption.SHA1”已成功结束
2015-08-07 14:48:11,750 [8] INFO  - 步骤“查询出加密后的token信息”: 步骤“查询出加密后的token信息”已启动
2015-08-07 14:48:11,755 [8] INFO  - 步骤“查询出加密后的token信息”已成功结束
2015-08-07 14:48:11,757 [8] INFO  - 步骤“将token更新至最新值”: 步骤“将token更新至最新值”已启动
2015-08-07 14:48:11,759 [8] INFO  - 步骤“将token更新至最新值”: 输入参数“源字符串”，值:“305bbc2b43542b3d0203daffe9073c3cba5b47d9”
2015-08-07 14:48:11,760 [8] INFO  - 步骤“将token更新至最新值”: 输入参数“搜索字符串 1”，值:“'305bbc2b43542b3d0203daffe9073c3cba5b47d9'”
2015-08-07 14:48:11,762 [8] INFO  - 步骤“将token更新至最新值”: 输入参数“替换字符串 1”，值:“'5d1e4b2331be7145c389e090a897b2cecb600d94'”
2015-08-07 14:48:11,763 [8] INFO  - 步骤“将token更新至最新值”: 输出参数“结果”，值:“5d1e4b2331be7145c389e090a897b2cecb600d94”
2015-08-07 14:48:11,765 [8] INFO  - 步骤“将token更新至最新值”已成功结束
2015-08-07 14:48:11,767 [8] INFO  - 步骤“调用/iq/getUCard.php”: 步骤“调用/iq/getUCard.php”已启动
2015-08-07 14:48:11,773 [8] INFO  - 步骤“调用/iq/getUCard.php”: 提取 HTTP URL: 'http://test-iq.365ime.com:8082/iq/getUCard.php'
2015-08-07 14:48:17,178 [8] INFO  - 步骤“调用/iq/getUCard.php”: 服务器返回了状态代码: 200
2015-08-07 14:48:17,179 [8] INFO  - 步骤“调用/iq/getUCard.php”: HTTP 原始请求:
2015-08-07 14:48:17,180 [8] INFO  - 步骤“调用/iq/getUCard.php”: POST http://test-iq.365ime.com:8082/iq/getUCard.php 1.1
Content-Type: application/x-www-form-urlencoded
Host: test-iq.365ime.com:8082
Content-Length: 85
Expect: 100-continue
xsid=!@#$%^&&toJid=77401169@365ime.com&token=5d1e4b2331be7145c389e090a897b2cecb600d94

2015-08-07 14:48:17,181 [8] INFO  - 步骤“调用/iq/getUCard.php”: HTTP 原始响应:
2015-08-07 14:48:17,182 [8] INFO  - 步骤“调用/iq/getUCard.php”: HTTP/1.1 200 OK
Access-Control-Allow-Origin: *
Transfer-Encoding: chunked
Content-Type: text/html;charset=UTF-8
Date: Fri, 07 Aug 2015 06:45:37 GMT
Server: Apache-Coyote/1.1
{"message":"","data":{"phone":"","status":"1","pid":"77246885","userRole":"s2","orgName":"刘丽","version":"1431138618","orgId":"622195","category":"0","email":"","thumbUrl":"http://download.ac-bj-oss.365ime.com/storage/2015-08-05/d83cb81c8ab1c78b12ed4475b56cba53e5a7f007","gender":"1","jid":"77401169@365ime.com","userDescription":"test","photoUrl":"http://download.ac-bj-oss.365ime.com/storage/2015-08-05/c05dfb5505a9e142874eba2cebeeb41b41cd4009","fn":"张坤老师"},"errorCode":"0"}

2015-08-07 14:48:17,184 [8] INFO  - 步骤“调用/iq/getUCard.php”已成功结束
2015-08-07 14:48:17,186 [8] INFO  - 步骤“获取返回值转换为JSON”: 步骤“获取返回值转换为JSON”已启动
2015-08-07 14:48:17,190 [8] INFO  - 步骤“获取返回值转换为JSON”已成功结束
2015-08-07 14:48:17,191 [8] INFO  - 步骤“将获取到的JSON插入到sql中”: 步骤“将获取到的JSON插入到sql中”已启动
2015-08-07 14:48:17,263 [8] INFO  - 步骤“将获取到的JSON插入到sql中”已成功结束
2015-08-07 14:48:17,264 [8] INFO  - 步骤“将errorcode更新到sql中”: 步骤“将errorcode更新到sql中”已启动
2015-08-07 14:48:17,296 [8] INFO  - 步骤“将errorcode更新到sql中”已成功结束
2015-08-07 14:48:17,298 [8] INFO  - 步骤“获取当前Case的实际值”: 步骤“获取当前Case的实际值”已启动
2015-08-07 14:48:17,305 [8] INFO  - 步骤“获取当前Case的实际值”已成功结束
2015-08-07 14:48:17,306 [8] INFO  - 步骤“获取当前Case的期待值”: 步骤“获取当前Case的期待值”已启动
2015-08-07 14:48:17,309 [8] INFO  - 步骤“获取当前Case的期待值”已成功结束
2015-08-07 14:48:17,310 [8] INFO  - 步骤“填写Result”: 步骤“填写Result”已启动
2015-08-07 14:48:17,313 [8] INFO  - 步骤“IfElse64”: 计算方式: 使用条件
2015-08-07 14:48:17,314 [8] INFO  - 步骤“否”: 步骤“否”已启动
2015-08-07 14:48:17,317 [8] INFO  - 步骤“在Result字段插入False”: 步骤“在Result字段插入False”已启动
2015-08-07 14:48:17,352 [8] INFO  - 步骤“在Result字段插入False”已成功结束
2015-08-07 14:48:17,353 [8] INFO  - 步骤“否”已成功结束
2015-08-07 14:48:17,355 [8] INFO  - 步骤“填写Result”已成功结束
2015-08-07 14:48:17,356 [8] INFO  - 步骤“迭代 4”已成功结束
2015-08-07 14:48:17,358 [8] INFO  - 步骤“迭代 5”: 步骤“迭代 5”已启动
2015-08-07 14:48:17,359 [8] INFO  - 步骤“查询tb_getUcard_verification表中字段信息”: 步骤“查询tb_getUcard_verification表中字段信息”已启动
2015-08-07 14:48:17,361 [8] ERROR - Checkpoint 5: "305bbc2b43542b3d0203daffe9073c3cba5b47d9" = "61f048fc016c13ea5cdfa6416c6e6ef9532716b8" 失败
2015-08-07 14:48:17,363 [8] INFO  - 步骤“查询tb_getUcard_verification表中字段信息”已成功结束
2015-08-07 14:48:17,364 [8] INFO  - 步骤“将本地表的xsid更新”: 步骤“将本地表的xsid更新”已启动
2015-08-07 14:48:17,365 [8] INFO  - 步骤“将本地表的xsid更新”: 输入参数“源字符串”，值:“123.abc”
2015-08-07 14:48:17,366 [8] INFO  - 步骤“将本地表的xsid更新”: 输入参数“搜索字符串 1”，值:“'x_1f1a0e62u0t5j480c916h26642tc3didb95f5an861da049516m0y7pd5aiu00'”
2015-08-07 14:48:17,366 [8] INFO  - 步骤“将本地表的xsid更新”: 输入参数“替换字符串 1”，值:“'x_0e1a5657n865d20b8aifxeafq394a1idub0a0b096du0t6j08ac112hb64t3ib'”
2015-08-07 14:48:17,367 [8] INFO  - 步骤“将本地表的xsid更新”: 输出参数“结果”，值:“123.abc”
2015-08-07 14:48:17,369 [8] INFO  - 步骤“将本地表的xsid更新”已成功结束
2015-08-07 14:48:17,370 [8] INFO  - 步骤“将需要加密的数据赋值到全局表EncryptionStr字段中”: 步骤“将需要加密的数据赋值到全局表EncryptionStr字段中”已启动
2015-08-07 14:48:17,407 [8] INFO  - 步骤“将需要加密的数据赋值到全局表EncryptionStr字段中”已成功结束
2015-08-07 14:48:17,408 [8] INFO  - 步骤“Encryption.SHA1”: 步骤“Encryption.SHA1”已启动
2015-08-07 14:48:28,341 [8] INFO  - 步骤“Encryption.SHA1”已成功结束
2015-08-07 14:48:28,342 [8] INFO  - 步骤“查询出加密后的token信息”: 步骤“查询出加密后的token信息”已启动
2015-08-07 14:48:28,346 [8] INFO  - 步骤“查询出加密后的token信息”已成功结束
2015-08-07 14:48:28,347 [8] INFO  - 步骤“将token更新至最新值”: 步骤“将token更新至最新值”已启动
2015-08-07 14:48:28,349 [8] INFO  - 步骤“将token更新至最新值”: 输入参数“源字符串”，值:“305bbc2b43542b3d0203daffe9073c3cba5b47d9”
2015-08-07 14:48:28,350 [8] INFO  - 步骤“将token更新至最新值”: 输入参数“搜索字符串 1”，值:“'305bbc2b43542b3d0203daffe9073c3cba5b47d9'”
2015-08-07 14:48:28,352 [8] INFO  - 步骤“将token更新至最新值”: 输入参数“替换字符串 1”，值:“'5d1e4b2331be7145c389e090a897b2cecb600d94'”
2015-08-07 14:48:28,353 [8] INFO  - 步骤“将token更新至最新值”: 输出参数“结果”，值:“5d1e4b2331be7145c389e090a897b2cecb600d94”
2015-08-07 14:48:28,354 [8] INFO  - 步骤“将token更新至最新值”已成功结束
2015-08-07 14:48:28,355 [8] INFO  - 步骤“调用/iq/getUCard.php”: 步骤“调用/iq/getUCard.php”已启动
2015-08-07 14:48:28,356 [8] INFO  - 步骤“调用/iq/getUCard.php”: 提取 HTTP URL: 'http://test-iq.365ime.com:8082/iq/getUCard.php'
2015-08-07 14:48:33,747 [8] INFO  - 步骤“调用/iq/getUCard.php”: 服务器返回了状态代码: 200
2015-08-07 14:48:33,750 [8] INFO  - 步骤“调用/iq/getUCard.php”: HTTP 原始请求:
2015-08-07 14:48:33,753 [8] INFO  - 步骤“调用/iq/getUCard.php”: POST http://test-iq.365ime.com:8082/iq/getUCard.php 1.1
Content-Type: application/x-www-form-urlencoded
Host: test-iq.365ime.com:8082
Content-Length: 85
Expect: 100-continue
xsid=123.abc&toJid=77401169@365ime.com&token=5d1e4b2331be7145c389e090a897b2cecb600d94

2015-08-07 14:48:33,755 [8] INFO  - 步骤“调用/iq/getUCard.php”: HTTP 原始响应:
2015-08-07 14:48:33,757 [8] INFO  - 步骤“调用/iq/getUCard.php”: HTTP/1.1 200 OK
Access-Control-Allow-Origin: *
Transfer-Encoding: chunked
Content-Type: text/html;charset=UTF-8
Date: Fri, 07 Aug 2015 06:45:54 GMT
Server: Apache-Coyote/1.1
{"message":"","data":{"phone":"","status":"1","pid":"77246885","userRole":"s2","orgName":"刘丽","version":"1431138618","orgId":"622195","category":"0","email":"","thumbUrl":"http://download.ac-bj-oss.365ime.com/storage/2015-08-05/d83cb81c8ab1c78b12ed4475b56cba53e5a7f007","gender":"1","jid":"77401169@365ime.com","userDescription":"test","photoUrl":"http://download.ac-bj-oss.365ime.com/storage/2015-08-05/c05dfb5505a9e142874eba2cebeeb41b41cd4009","fn":"张坤老师"},"errorCode":"0"}

2015-08-07 14:48:33,766 [8] INFO  - 步骤“调用/iq/getUCard.php”已成功结束
2015-08-07 14:48:33,768 [8] INFO  - 步骤“获取返回值转换为JSON”: 步骤“获取返回值转换为JSON”已启动
2015-08-07 14:48:33,772 [8] INFO  - 步骤“获取返回值转换为JSON”已成功结束
2015-08-07 14:48:33,774 [8] INFO  - 步骤“将获取到的JSON插入到sql中”: 步骤“将获取到的JSON插入到sql中”已启动
2015-08-07 14:48:33,831 [8] INFO  - 步骤“将获取到的JSON插入到sql中”已成功结束
2015-08-07 14:48:33,834 [8] INFO  - 步骤“将errorcode更新到sql中”: 步骤“将errorcode更新到sql中”已启动
2015-08-07 14:48:33,880 [8] INFO  - 步骤“将errorcode更新到sql中”已成功结束
2015-08-07 14:48:33,883 [8] INFO  - 步骤“获取当前Case的实际值”: 步骤“获取当前Case的实际值”已启动
2015-08-07 14:48:33,890 [8] INFO  - 步骤“获取当前Case的实际值”已成功结束
2015-08-07 14:48:33,892 [8] INFO  - 步骤“获取当前Case的期待值”: 步骤“获取当前Case的期待值”已启动
2015-08-07 14:48:33,897 [8] INFO  - 步骤“获取当前Case的期待值”已成功结束
2015-08-07 14:48:33,899 [8] INFO  - 步骤“填写Result”: 步骤“填写Result”已启动
2015-08-07 14:48:33,901 [8] INFO  - 步骤“IfElse64”: 计算方式: 使用条件
2015-08-07 14:48:33,903 [8] INFO  - 步骤“否”: 步骤“否”已启动
2015-08-07 14:48:33,906 [8] INFO  - 步骤“在Result字段插入False”: 步骤“在Result字段插入False”已启动
2015-08-07 14:48:33,947 [8] INFO  - 步骤“在Result字段插入False”已成功结束
2015-08-07 14:48:33,951 [8] INFO  - 步骤“否”已成功结束
2015-08-07 14:48:33,955 [8] INFO  - 步骤“填写Result”已成功结束
2015-08-07 14:48:33,958 [8] INFO  - 步骤“迭代 5”已成功结束
2015-08-07 14:48:33,963 [8] INFO  - 步骤“迭代 6”: 步骤“迭代 6”已启动
2015-08-07 14:48:33,967 [8] INFO  - 步骤“查询tb_getUcard_verification表中字段信息”: 步骤“查询tb_getUcard_verification表中字段信息”已启动
2015-08-07 14:48:33,976 [8] ERROR - Checkpoint 5: "305bbc2b43542b3d0203daffe9073c3cba5b47d9" = "61f048fc016c13ea5cdfa6416c6e6ef9532716b8" 失败
2015-08-07 14:48:33,980 [8] INFO  - 步骤“查询tb_getUcard_verification表中字段信息”已成功结束
2015-08-07 14:48:33,981 [8] INFO  - 步骤“将本地表的xsid更新”: 步骤“将本地表的xsid更新”已启动
2015-08-07 14:48:33,984 [8] INFO  - 步骤“将本地表的xsid更新”: 输入参数“源字符串”，值:“x_1f1a0e62u0t5j480c916h26642tc3didb95f5an861da049516m0y7pd5aiu00”
2015-08-07 14:48:33,985 [8] INFO  - 步骤“将本地表的xsid更新”: 输入参数“搜索字符串 1”，值:“'x_1f1a0e62u0t5j480c916h26642tc3didb95f5an861da049516m0y7pd5aiu00'”
2015-08-07 14:48:33,987 [8] INFO  - 步骤“将本地表的xsid更新”: 输入参数“替换字符串 1”，值:“'x_0e1a5657n865d20b8aifxeafq394a1idub0a0b096du0t6j08ac112hb64t3ib'”
2015-08-07 14:48:33,988 [8] INFO  - 步骤“将本地表的xsid更新”: 输出参数“结果”，值:“x_0e1a5657n865d20b8aifxeafq394a1idub0a0b096du0t6j08ac112hb64t3ib”
2015-08-07 14:48:33,991 [8] INFO  - 步骤“将本地表的xsid更新”已成功结束
2015-08-07 14:48:33,992 [8] INFO  - 步骤“将需要加密的数据赋值到全局表EncryptionStr字段中”: 步骤“将需要加密的数据赋值到全局表EncryptionStr字段中”已启动
2015-08-07 14:48:34,080 [8] INFO  - 步骤“将需要加密的数据赋值到全局表EncryptionStr字段中”已成功结束
2015-08-07 14:48:34,082 [8] INFO  - 步骤“Encryption.SHA1”: 步骤“Encryption.SHA1”已启动
2015-08-07 14:48:44,305 [8] INFO  - 步骤“Encryption.SHA1”已成功结束
2015-08-07 14:48:44,307 [8] INFO  - 步骤“查询出加密后的token信息”: 步骤“查询出加密后的token信息”已启动
2015-08-07 14:48:44,313 [8] INFO  - 步骤“查询出加密后的token信息”已成功结束
2015-08-07 14:48:44,314 [8] INFO  - 步骤“将token更新至最新值”: 步骤“将token更新至最新值”已启动
2015-08-07 14:48:44,319 [8] INFO  - 步骤“将token更新至最新值”: 输入参数“源字符串”，值:“305bbc2b43542b3d0203daffe9073c3cba5b47d9”
2015-08-07 14:48:44,322 [8] INFO  - 步骤“将token更新至最新值”: 输入参数“搜索字符串 1”，值:“'305bbc2b43542b3d0203daffe9073c3cba5b47d9'”
2015-08-07 14:48:44,323 [8] INFO  - 步骤“将token更新至最新值”: 输入参数“替换字符串 1”，值:“'31134e0fc03dd636862383a951a47ca98c66bd96'”
2015-08-07 14:48:44,324 [8] INFO  - 步骤“将token更新至最新值”: 输出参数“结果”，值:“31134e0fc03dd636862383a951a47ca98c66bd96”
2015-08-07 14:48:44,326 [8] INFO  - 步骤“将token更新至最新值”已成功结束
2015-08-07 14:48:44,328 [8] INFO  - 步骤“调用/iq/getUCard.php”: 步骤“调用/iq/getUCard.php”已启动
2015-08-07 14:48:44,331 [8] INFO  - 步骤“调用/iq/getUCard.php”: 提取 HTTP URL: 'http://test-iq.365ime.com:8082/iq/getUCard.php'
2015-08-07 14:48:49,345 [8] INFO  - 步骤“调用/iq/getUCard.php”: 服务器返回了状态代码: 200
2015-08-07 14:48:49,347 [8] INFO  - 步骤“调用/iq/getUCard.php”: HTTP 原始请求:
2015-08-07 14:48:49,350 [8] INFO  - 步骤“调用/iq/getUCard.php”: POST http://test-iq.365ime.com:8082/iq/getUCard.php 1.1
Content-Type: application/x-www-form-urlencoded
Host: test-iq.365ime.com:8082
Content-Length: 142
Expect: 100-continue
xsid=x_0e1a5657n865d20b8aifxeafq394a1idub0a0b096du0t6j08ac112hb64t3ib&toJid=77401170@365ime.com&token=31134e0fc03dd636862383a951a47ca98c66bd96

2015-08-07 14:48:49,352 [8] INFO  - 步骤“调用/iq/getUCard.php”: HTTP 原始响应:
2015-08-07 14:48:49,354 [8] INFO  - 步骤“调用/iq/getUCard.php”: HTTP/1.1 200 OK
Access-Control-Allow-Origin: *
Transfer-Encoding: chunked
Content-Type: text/html;charset=UTF-8
Date: Fri, 07 Aug 2015 06:46:09 GMT
Server: Apache-Coyote/1.1
{"message":"","data":{"phone":"","status":"1","pid":"77246891","userRole":"s2","orgName":"刘丽","version":"1431138618","orgId":"622195","category":"0","email":"","thumbUrl":"http://download.ac-qd-oss.365ime.com/static/ic_64.png","gender":"0","jid":"77401170@365ime.com","userDescription":"","photoUrl":"http://download.ac-qd-oss.365ime.com/static/ic_256.png","fn":"张坤老师2"},"errorCode":"0"}

2015-08-07 14:48:49,362 [8] INFO  - 步骤“调用/iq/getUCard.php”已成功结束
2015-08-07 14:48:49,365 [8] INFO  - 步骤“获取返回值转换为JSON”: 步骤“获取返回值转换为JSON”已启动
2015-08-07 14:48:49,369 [8] INFO  - 步骤“获取返回值转换为JSON”已成功结束
2015-08-07 14:48:49,371 [8] INFO  - 步骤“将获取到的JSON插入到sql中”: 步骤“将获取到的JSON插入到sql中”已启动
2015-08-07 14:48:49,434 [8] INFO  - 步骤“将获取到的JSON插入到sql中”已成功结束
2015-08-07 14:48:49,437 [8] INFO  - 步骤“将errorcode更新到sql中”: 步骤“将errorcode更新到sql中”已启动
2015-08-07 14:48:49,478 [8] INFO  - 步骤“将errorcode更新到sql中”已成功结束
2015-08-07 14:48:49,480 [8] INFO  - 步骤“获取当前Case的实际值”: 步骤“获取当前Case的实际值”已启动
2015-08-07 14:48:49,487 [8] INFO  - 步骤“获取当前Case的实际值”已成功结束
2015-08-07 14:48:49,489 [8] INFO  - 步骤“获取当前Case的期待值”: 步骤“获取当前Case的期待值”已启动
2015-08-07 14:48:49,494 [8] INFO  - 步骤“获取当前Case的期待值”已成功结束
2015-08-07 14:48:49,496 [8] INFO  - 步骤“填写Result”: 步骤“填写Result”已启动
2015-08-07 14:48:49,500 [8] INFO  - 步骤“IfElse64”: 计算方式: 使用条件
2015-08-07 14:48:49,502 [8] INFO  - 步骤“否”: 步骤“否”已启动
2015-08-07 14:48:49,504 [8] INFO  - 步骤“在Result字段插入False”: 步骤“在Result字段插入False”已启动
2015-08-07 14:48:49,544 [8] INFO  - 步骤“在Result字段插入False”已成功结束
2015-08-07 14:48:49,547 [8] INFO  - 步骤“否”已成功结束
2015-08-07 14:48:49,550 [8] INFO  - 步骤“填写Result”已成功结束
2015-08-07 14:48:49,553 [8] INFO  - 步骤“迭代 6”已成功结束
2015-08-07 14:48:49,557 [8] INFO  - 步骤“迭代 7”: 步骤“迭代 7”已启动
2015-08-07 14:48:49,559 [8] INFO  - 步骤“查询tb_getUcard_verification表中字段信息”: 步骤“查询tb_getUcard_verification表中字段信息”已启动
2015-08-07 14:48:49,564 [8] ERROR - Checkpoint 5: "305bbc2b43542b3d0203daffe9073c3cba5b47d9" = "61f048fc016c13ea5cdfa6416c6e6ef9532716b8" 失败
2015-08-07 14:48:49,568 [8] INFO  - 步骤“查询tb_getUcard_verification表中字段信息”已成功结束
2015-08-07 14:48:49,570 [8] INFO  - 步骤“将本地表的xsid更新”: 步骤“将本地表的xsid更新”已启动
2015-08-07 14:48:49,573 [8] INFO  - 步骤“将本地表的xsid更新”: 输入参数“源字符串”，值:“x_1f1a0e62u0t5j480c916h26642tc3didb95f5an861da049516m0y7pd5aiu00”
2015-08-07 14:48:49,575 [8] INFO  - 步骤“将本地表的xsid更新”: 输入参数“搜索字符串 1”，值:“'x_1f1a0e62u0t5j480c916h26642tc3didb95f5an861da049516m0y7pd5aiu00'”
2015-08-07 14:48:49,577 [8] INFO  - 步骤“将本地表的xsid更新”: 输入参数“替换字符串 1”，值:“'x_0e1a5657n865d20b8aifxeafq394a1idub0a0b096du0t6j08ac112hb64t3ib'”
2015-08-07 14:48:49,578 [8] INFO  - 步骤“将本地表的xsid更新”: 输出参数“结果”，值:“x_0e1a5657n865d20b8aifxeafq394a1idub0a0b096du0t6j08ac112hb64t3ib”
2015-08-07 14:48:49,581 [8] INFO  - 步骤“将本地表的xsid更新”已成功结束
2015-08-07 14:48:49,582 [8] INFO  - 步骤“将需要加密的数据赋值到全局表EncryptionStr字段中”: 步骤“将需要加密的数据赋值到全局表EncryptionStr字段中”已启动
2015-08-07 14:48:49,610 [8] INFO  - 步骤“将需要加密的数据赋值到全局表EncryptionStr字段中”已成功结束
2015-08-07 14:48:49,611 [8] INFO  - 步骤“Encryption.SHA1”: 步骤“Encryption.SHA1”已启动
2015-08-07 14:50:02,306 [8] INFO  - 步骤“Encryption.SHA1”已成功结束
2015-08-07 14:50:02,311 [8] INFO  - 步骤“查询出加密后的token信息”: 步骤“查询出加密后的token信息”已启动
2015-08-07 14:50:02,315 [8] INFO  - 步骤“查询出加密后的token信息”已成功结束
2015-08-07 14:50:02,316 [8] INFO  - 步骤“将token更新至最新值”: 步骤“将token更新至最新值”已启动
2015-08-07 14:50:02,319 [8] INFO  - 步骤“将token更新至最新值”: 输入参数“源字符串”，值:“305bbc2b43542b3d0203daffe9073c3cba5b47d9”
2015-08-07 14:50:02,321 [8] INFO  - 步骤“将token更新至最新值”: 输入参数“搜索字符串 1”，值:“'305bbc2b43542b3d0203daffe9073c3cba5b47d9'”
2015-08-07 14:50:02,322 [8] INFO  - 步骤“将token更新至最新值”: 输入参数“替换字符串 1”，值:“'51c24730f37a5c8d92f9eb5a00c9c5d3856b913e'”
2015-08-07 14:50:02,323 [8] INFO  - 步骤“将token更新至最新值”: 输出参数“结果”，值:“51c24730f37a5c8d92f9eb5a00c9c5d3856b913e”
2015-08-07 14:50:02,325 [8] INFO  - 步骤“将token更新至最新值”已成功结束
2015-08-07 14:50:02,326 [8] INFO  - 步骤“调用/iq/getUCard.php”: 步骤“调用/iq/getUCard.php”已启动
2015-08-07 14:50:02,329 [8] INFO  - 步骤“调用/iq/getUCard.php”: 提取 HTTP URL: 'http://test-iq.365ime.com:8082/iq/getUCard.php'
2015-08-07 14:50:07,278 [8] INFO  - 步骤“调用/iq/getUCard.php”: 服务器返回了状态代码: 200
2015-08-07 14:50:07,281 [8] INFO  - 步骤“调用/iq/getUCard.php”: HTTP 原始请求:
2015-08-07 14:50:07,283 [8] INFO  - 步骤“调用/iq/getUCard.php”: POST http://test-iq.365ime.com:8082/iq/getUCard.php 1.1
Content-Type: application/x-www-form-urlencoded
Host: test-iq.365ime.com:8082
Content-Length: 131
Expect: 100-continue
xsid=x_0e1a5657n865d20b8aifxeafq394a1idub0a0b096du0t6j08ac112hb64t3ib&toJid=77401169&token=51c24730f37a5c8d92f9eb5a00c9c5d3856b913e

2015-08-07 14:50:07,286 [8] INFO  - 步骤“调用/iq/getUCard.php”: HTTP 原始响应:
2015-08-07 14:50:07,289 [8] INFO  - 步骤“调用/iq/getUCard.php”: HTTP/1.1 200 OK
Access-Control-Allow-Origin: *
Transfer-Encoding: chunked
Content-Type: text/html;charset=UTF-8
Date: Fri, 07 Aug 2015 06:47:27 GMT
Server: Apache-Coyote/1.1
{"message":"user not exist!","data":{},"errorCode":"1"}

2015-08-07 14:50:07,295 [8] INFO  - 步骤“调用/iq/getUCard.php”已成功结束
2015-08-07 14:50:07,298 [8] INFO  - 步骤“获取返回值转换为JSON”: 步骤“获取返回值转换为JSON”已启动
2015-08-07 14:50:07,305 [8] INFO  - 步骤“获取返回值转换为JSON”已成功结束
2015-08-07 14:50:07,307 [8] INFO  - 步骤“将获取到的JSON插入到sql中”: 步骤“将获取到的JSON插入到sql中”已启动
2015-08-07 14:50:07,399 [8] INFO  - 步骤“将获取到的JSON插入到sql中”已成功结束
2015-08-07 14:50:07,401 [8] INFO  - 步骤“将errorcode更新到sql中”: 步骤“将errorcode更新到sql中”已启动
2015-08-07 14:50:07,444 [8] INFO  - 步骤“将errorcode更新到sql中”已成功结束
2015-08-07 14:50:07,447 [8] INFO  - 步骤“获取当前Case的实际值”: 步骤“获取当前Case的实际值”已启动
2015-08-07 14:50:07,456 [8] INFO  - 步骤“获取当前Case的实际值”已成功结束
2015-08-07 14:50:07,459 [8] INFO  - 步骤“获取当前Case的期待值”: 步骤“获取当前Case的期待值”已启动
2015-08-07 14:50:07,463 [8] INFO  - 步骤“获取当前Case的期待值”已成功结束
2015-08-07 14:50:07,464 [8] INFO  - 步骤“填写Result”: 步骤“填写Result”已启动
2015-08-07 14:50:07,467 [8] INFO  - 步骤“IfElse64”: 计算方式: 使用条件
2015-08-07 14:50:07,469 [8] INFO  - 步骤“否”: 步骤“否”已启动
2015-08-07 14:50:07,471 [8] INFO  - 步骤“在Result字段插入False”: 步骤“在Result字段插入False”已启动
2015-08-07 14:50:07,509 [8] INFO  - 步骤“在Result字段插入False”已成功结束
2015-08-07 14:50:07,511 [8] INFO  - 步骤“否”已成功结束
2015-08-07 14:50:07,513 [8] INFO  - 步骤“填写Result”已成功结束
2015-08-07 14:50:07,518 [8] INFO  - 步骤“迭代 7”已成功结束
2015-08-07 14:50:07,522 [8] INFO  - 步骤“迭代 8”: 步骤“迭代 8”已启动
2015-08-07 14:50:07,524 [8] INFO  - 步骤“查询tb_getUcard_verification表中字段信息”: 步骤“查询tb_getUcard_verification表中字段信息”已启动
2015-08-07 14:50:07,527 [8] ERROR - Checkpoint 5: "305bbc2b43542b3d0203daffe9073c3cba5b47d9" = "61f048fc016c13ea5cdfa6416c6e6ef9532716b8" 失败
2015-08-07 14:50:07,531 [8] INFO  - 步骤“查询tb_getUcard_verification表中字段信息”已成功结束
2015-08-07 14:50:07,532 [8] INFO  - 步骤“将本地表的xsid更新”: 步骤“将本地表的xsid更新”已启动
2015-08-07 14:50:07,535 [8] INFO  - 步骤“将本地表的xsid更新”: 输入参数“源字符串”，值:“x_1f1a0e62u0t5j480c916h26642tc3didb95f5an861da049516m0y7pd5aiu00”
2015-08-07 14:50:07,537 [8] INFO  - 步骤“将本地表的xsid更新”: 输入参数“搜索字符串 1”，值:“'x_1f1a0e62u0t5j480c916h26642tc3didb95f5an861da049516m0y7pd5aiu00'”
2015-08-07 14:50:07,539 [8] INFO  - 步骤“将本地表的xsid更新”: 输入参数“替换字符串 1”，值:“'x_0e1a5657n865d20b8aifxeafq394a1idub0a0b096du0t6j08ac112hb64t3ib'”
2015-08-07 14:50:07,540 [8] INFO  - 步骤“将本地表的xsid更新”: 输出参数“结果”，值:“x_0e1a5657n865d20b8aifxeafq394a1idub0a0b096du0t6j08ac112hb64t3ib”
2015-08-07 14:50:07,543 [8] INFO  - 步骤“将本地表的xsid更新”已成功结束
2015-08-07 14:50:07,544 [8] INFO  - 步骤“将需要加密的数据赋值到全局表EncryptionStr字段中”: 步骤“将需要加密的数据赋值到全局表EncryptionStr字段中”已启动
2015-08-07 14:50:07,582 [8] INFO  - 步骤“将需要加密的数据赋值到全局表EncryptionStr字段中”已成功结束
2015-08-07 14:50:07,583 [8] INFO  - 步骤“Encryption.SHA1”: 步骤“Encryption.SHA1”已启动
2015-08-07 14:50:18,917 [8] INFO  - 步骤“Encryption.SHA1”已成功结束
2015-08-07 14:50:18,918 [8] INFO  - 步骤“查询出加密后的token信息”: 步骤“查询出加密后的token信息”已启动
2015-08-07 14:50:18,923 [8] INFO  - 步骤“查询出加密后的token信息”已成功结束
2015-08-07 14:50:18,925 [8] INFO  - 步骤“将token更新至最新值”: 步骤“将token更新至最新值”已启动
2015-08-07 14:50:18,927 [8] INFO  - 步骤“将token更新至最新值”: 输入参数“源字符串”，值:“305bbc2b43542b3d0203daffe9073c3cba5b47d9”
2015-08-07 14:50:18,928 [8] INFO  - 步骤“将token更新至最新值”: 输入参数“搜索字符串 1”，值:“'305bbc2b43542b3d0203daffe9073c3cba5b47d9'”
2015-08-07 14:50:18,928 [8] INFO  - 步骤“将token更新至最新值”: 输入参数“替换字符串 1”，值:“'3ab09680d3e102098805d6220d026967d4a54e8e'”
2015-08-07 14:50:18,929 [8] INFO  - 步骤“将token更新至最新值”: 输出参数“结果”，值:“3ab09680d3e102098805d6220d026967d4a54e8e”
2015-08-07 14:50:18,930 [8] INFO  - 步骤“将token更新至最新值”已成功结束
2015-08-07 14:50:18,931 [8] INFO  - 步骤“调用/iq/getUCard.php”: 步骤“调用/iq/getUCard.php”已启动
2015-08-07 14:50:18,933 [8] INFO  - 步骤“调用/iq/getUCard.php”: 提取 HTTP URL: 'http://test-iq.365ime.com:8082/iq/getUCard.php'
2015-08-07 14:50:23,821 [8] INFO  - 步骤“调用/iq/getUCard.php”: 服务器返回了状态代码: 200
2015-08-07 14:50:23,835 [8] INFO  - 步骤“调用/iq/getUCard.php”: HTTP 原始请求:
2015-08-07 14:50:23,837 [8] INFO  - 步骤“调用/iq/getUCard.php”: POST http://test-iq.365ime.com:8082/iq/getUCard.php 1.1
Content-Type: application/x-www-form-urlencoded
Host: test-iq.365ime.com:8082
Content-Length: 134
Expect: 100-continue
xsid=x_0e1a5657n865d20b8aifxeafq394a1idub0a0b096du0t6j08ac112hb64t3ib&toJid=@365ime.com&token=3ab09680d3e102098805d6220d026967d4a54e8e

2015-08-07 14:50:23,840 [8] INFO  - 步骤“调用/iq/getUCard.php”: HTTP 原始响应:
2015-08-07 14:50:23,842 [8] INFO  - 步骤“调用/iq/getUCard.php”: HTTP/1.1 200 OK
Access-Control-Allow-Origin: *
Transfer-Encoding: chunked
Content-Type: text/html;charset=UTF-8
Date: Fri, 07 Aug 2015 06:47:43 GMT
Server: Apache-Coyote/1.1
{"message":"user not exist!","data":{},"errorCode":"1"}

2015-08-07 14:50:23,849 [8] INFO  - 步骤“调用/iq/getUCard.php”已成功结束
2015-08-07 14:50:23,852 [8] INFO  - 步骤“获取返回值转换为JSON”: 步骤“获取返回值转换为JSON”已启动
2015-08-07 14:50:23,864 [8] INFO  - 步骤“获取返回值转换为JSON”已成功结束
2015-08-07 14:50:23,867 [8] INFO  - 步骤“将获取到的JSON插入到sql中”: 步骤“将获取到的JSON插入到sql中”已启动
2015-08-07 14:50:23,915 [8] INFO  - 步骤“将获取到的JSON插入到sql中”已成功结束
2015-08-07 14:50:23,917 [8] INFO  - 步骤“将errorcode更新到sql中”: 步骤“将errorcode更新到sql中”已启动
2015-08-07 14:50:23,950 [8] INFO  - 步骤“将errorcode更新到sql中”已成功结束
2015-08-07 14:50:23,953 [8] INFO  - 步骤“获取当前Case的实际值”: 步骤“获取当前Case的实际值”已启动
2015-08-07 14:50:23,961 [8] INFO  - 步骤“获取当前Case的实际值”已成功结束
2015-08-07 14:50:23,964 [8] INFO  - 步骤“获取当前Case的期待值”: 步骤“获取当前Case的期待值”已启动
2015-08-07 14:50:23,971 [8] INFO  - 步骤“获取当前Case的期待值”已成功结束
2015-08-07 14:50:23,973 [8] INFO  - 步骤“填写Result”: 步骤“填写Result”已启动
2015-08-07 14:50:23,980 [8] INFO  - 步骤“IfElse64”: 计算方式: 使用条件
2015-08-07 14:50:23,982 [8] INFO  - 步骤“否”: 步骤“否”已启动
2015-08-07 14:50:23,985 [8] INFO  - 步骤“在Result字段插入False”: 步骤“在Result字段插入False”已启动
2015-08-07 14:50:24,025 [8] INFO  - 步骤“在Result字段插入False”已成功结束
2015-08-07 14:50:24,027 [8] INFO  - 步骤“否”已成功结束
2015-08-07 14:50:24,029 [8] INFO  - 步骤“填写Result”已成功结束
2015-08-07 14:50:24,030 [8] INFO  - 步骤“迭代 8”已成功结束
2015-08-07 14:50:24,032 [8] INFO  - 步骤“迭代 9”: 步骤“迭代 9”已启动
2015-08-07 14:50:24,033 [8] INFO  - 步骤“查询tb_getUcard_verification表中字段信息”: 步骤“查询tb_getUcard_verification表中字段信息”已启动
2015-08-07 14:50:24,036 [8] ERROR - Checkpoint 5: "305bbc2b43542b3d0203daffe9073c3cba5b47d9" = "61f048fc016c13ea5cdfa6416c6e6ef9532716b8" 失败
2015-08-07 14:50:24,038 [8] INFO  - 步骤“查询tb_getUcard_verification表中字段信息”已成功结束
2015-08-07 14:50:24,039 [8] INFO  - 步骤“将本地表的xsid更新”: 步骤“将本地表的xsid更新”已启动
2015-08-07 14:50:24,041 [8] INFO  - 步骤“将本地表的xsid更新”: 输入参数“源字符串”，值:“x_1f1a0e62u0t5j480c916h26642tc3didb95f5an861da049516m0y7pd5aiu00”
2015-08-07 14:50:24,042 [8] INFO  - 步骤“将本地表的xsid更新”: 输入参数“搜索字符串 1”，值:“'x_1f1a0e62u0t5j480c916h26642tc3didb95f5an861da049516m0y7pd5aiu00'”
2015-08-07 14:50:24,043 [8] INFO  - 步骤“将本地表的xsid更新”: 输入参数“替换字符串 1”，值:“'x_0e1a5657n865d20b8aifxeafq394a1idub0a0b096du0t6j08ac112hb64t3ib'”
2015-08-07 14:50:24,044 [8] INFO  - 步骤“将本地表的xsid更新”: 输出参数“结果”，值:“x_0e1a5657n865d20b8aifxeafq394a1idub0a0b096du0t6j08ac112hb64t3ib”
2015-08-07 14:50:24,046 [8] INFO  - 步骤“将本地表的xsid更新”已成功结束
2015-08-07 14:50:24,047 [8] INFO  - 步骤“将需要加密的数据赋值到全局表EncryptionStr字段中”: 步骤“将需要加密的数据赋值到全局表EncryptionStr字段中”已启动
2015-08-07 14:50:24,110 [8] INFO  - 步骤“将需要加密的数据赋值到全局表EncryptionStr字段中”已成功结束
2015-08-07 14:50:24,113 [8] INFO  - 步骤“Encryption.SHA1”: 步骤“Encryption.SHA1”已启动
2015-08-07 14:50:34,710 [8] INFO  - 步骤“Encryption.SHA1”已成功结束
2015-08-07 14:50:34,715 [8] INFO  - 步骤“查询出加密后的token信息”: 步骤“查询出加密后的token信息”已启动
2015-08-07 14:50:34,721 [8] INFO  - 步骤“查询出加密后的token信息”已成功结束
2015-08-07 14:50:34,723 [8] INFO  - 步骤“将token更新至最新值”: 步骤“将token更新至最新值”已启动
2015-08-07 14:50:34,726 [8] INFO  - 步骤“将token更新至最新值”: 输入参数“源字符串”，值:“305bbc2b43542b3d0203daffe9073c3cba5b47d9”
2015-08-07 14:50:34,727 [8] INFO  - 步骤“将token更新至最新值”: 输入参数“搜索字符串 1”，值:“'305bbc2b43542b3d0203daffe9073c3cba5b47d9'”
2015-08-07 14:50:34,728 [8] INFO  - 步骤“将token更新至最新值”: 输入参数“替换字符串 1”，值:“'872dc9e5da5e7e06244d3d592c6c4e7f27309f7d'”
2015-08-07 14:50:34,729 [8] INFO  - 步骤“将token更新至最新值”: 输出参数“结果”，值:“872dc9e5da5e7e06244d3d592c6c4e7f27309f7d”
2015-08-07 14:50:34,731 [8] INFO  - 步骤“将token更新至最新值”已成功结束
2015-08-07 14:50:34,732 [8] INFO  - 步骤“调用/iq/getUCard.php”: 步骤“调用/iq/getUCard.php”已启动
2015-08-07 14:50:34,734 [8] INFO  - 步骤“调用/iq/getUCard.php”: 提取 HTTP URL: 'http://test-iq.365ime.com:8082/iq/getUCard.php'
2015-08-07 14:50:39,266 [8] INFO  - 步骤“调用/iq/getUCard.php”: 服务器返回了状态代码: 200
2015-08-07 14:50:39,268 [8] INFO  - 步骤“调用/iq/getUCard.php”: HTTP 原始请求:
2015-08-07 14:50:39,270 [8] INFO  - 步骤“调用/iq/getUCard.php”: POST http://test-iq.365ime.com:8082/iq/getUCard.php 1.1
Content-Type: application/x-www-form-urlencoded
Host: test-iq.365ime.com:8082
Content-Length: 130
Expect: 100-continue
xsid=x_0e1a5657n865d20b8aifxeafq394a1idub0a0b096du0t6j08ac112hb64t3ib&toJid=!@#$%^&&token=872dc9e5da5e7e06244d3d592c6c4e7f27309f7d

2015-08-07 14:50:39,271 [8] INFO  - 步骤“调用/iq/getUCard.php”: HTTP 原始响应:
2015-08-07 14:50:39,273 [8] INFO  - 步骤“调用/iq/getUCard.php”: HTTP/1.1 200 OK
Access-Control-Allow-Origin: *
Transfer-Encoding: chunked
Content-Type: text/html;charset=UTF-8
Date: Fri, 07 Aug 2015 06:47:59 GMT
Server: Apache-Coyote/1.1
{"message":"Parameter is error !","data":{},"errorCode":"2"}

2015-08-07 14:50:39,277 [8] INFO  - 步骤“调用/iq/getUCard.php”已成功结束
2015-08-07 14:50:39,279 [8] INFO  - 步骤“获取返回值转换为JSON”: 步骤“获取返回值转换为JSON”已启动
2015-08-07 14:50:39,282 [8] INFO  - 步骤“获取返回值转换为JSON”已成功结束
2015-08-07 14:50:39,283 [8] INFO  - 步骤“将获取到的JSON插入到sql中”: 步骤“将获取到的JSON插入到sql中”已启动
2015-08-07 14:50:39,379 [8] INFO  - 步骤“将获取到的JSON插入到sql中”已成功结束
2015-08-07 14:50:39,381 [8] INFO  - 步骤“将errorcode更新到sql中”: 步骤“将errorcode更新到sql中”已启动
2015-08-07 14:50:39,456 [8] INFO  - 步骤“将errorcode更新到sql中”已成功结束
2015-08-07 14:50:39,457 [8] INFO  - 步骤“获取当前Case的实际值”: 步骤“获取当前Case的实际值”已启动
2015-08-07 14:50:39,459 [8] INFO  - 步骤“获取当前Case的实际值”已成功结束
2015-08-07 14:50:39,460 [8] INFO  - 步骤“获取当前Case的期待值”: 步骤“获取当前Case的期待值”已启动
2015-08-07 14:50:39,463 [8] INFO  - 步骤“获取当前Case的期待值”已成功结束
2015-08-07 14:50:39,464 [8] INFO  - 步骤“填写Result”: 步骤“填写Result”已启动
2015-08-07 14:50:39,465 [8] INFO  - 步骤“IfElse64”: 计算方式: 使用条件
2015-08-07 14:50:39,466 [8] INFO  - 步骤“否”: 步骤“否”已启动
2015-08-07 14:50:39,467 [8] INFO  - 步骤“在Result字段插入False”: 步骤“在Result字段插入False”已启动
2015-08-07 14:50:39,500 [8] INFO  - 步骤“在Result字段插入False”已成功结束
2015-08-07 14:50:39,503 [8] INFO  - 步骤“否”已成功结束
2015-08-07 14:50:39,504 [8] INFO  - 步骤“填写Result”已成功结束
2015-08-07 14:50:39,505 [8] INFO  - 步骤“迭代 9”已成功结束
2015-08-07 14:50:39,508 [8] INFO  - 步骤“迭代 10”: 步骤“迭代 10”已启动
2015-08-07 14:50:39,509 [8] INFO  - 步骤“查询tb_getUcard_verification表中字段信息”: 步骤“查询tb_getUcard_verification表中字段信息”已启动
2015-08-07 14:50:39,512 [8] ERROR - Checkpoint 5: "305bbc2b43542b3d0203daffe9073c3cba5b47d9" = "61f048fc016c13ea5cdfa6416c6e6ef9532716b8" 失败
2015-08-07 14:50:39,517 [8] INFO  - 步骤“查询tb_getUcard_verification表中字段信息”已成功结束
2015-08-07 14:50:39,520 [8] INFO  - 步骤“将本地表的xsid更新”: 步骤“将本地表的xsid更新”已启动
2015-08-07 14:50:39,522 [8] INFO  - 步骤“将本地表的xsid更新”: 输入参数“源字符串”，值:“x_1f1a0e62u0t5j480c916h26642tc3didb95f5an861da049516m0y7pd5aiu00”
2015-08-07 14:50:39,523 [8] INFO  - 步骤“将本地表的xsid更新”: 输入参数“搜索字符串 1”，值:“'x_1f1a0e62u0t5j480c916h26642tc3didb95f5an861da049516m0y7pd5aiu00'”
2015-08-07 14:50:39,524 [8] INFO  - 步骤“将本地表的xsid更新”: 输入参数“替换字符串 1”，值:“'x_0e1a5657n865d20b8aifxeafq394a1idub0a0b096du0t6j08ac112hb64t3ib'”
2015-08-07 14:50:39,525 [8] INFO  - 步骤“将本地表的xsid更新”: 输出参数“结果”，值:“x_0e1a5657n865d20b8aifxeafq394a1idub0a0b096du0t6j08ac112hb64t3ib”
2015-08-07 14:50:39,526 [8] INFO  - 步骤“将本地表的xsid更新”已成功结束
2015-08-07 14:50:39,527 [8] INFO  - 步骤“将需要加密的数据赋值到全局表EncryptionStr字段中”: 步骤“将需要加密的数据赋值到全局表EncryptionStr字段中”已启动
2015-08-07 14:50:39,563 [8] INFO  - 步骤“将需要加密的数据赋值到全局表EncryptionStr字段中”已成功结束
2015-08-07 14:50:39,567 [8] INFO  - 步骤“Encryption.SHA1”: 步骤“Encryption.SHA1”已启动
2015-08-07 14:50:49,324 [8] INFO  - 步骤“Encryption.SHA1”已成功结束
2015-08-07 14:50:49,325 [8] INFO  - 步骤“查询出加密后的token信息”: 步骤“查询出加密后的token信息”已启动
2015-08-07 14:50:49,328 [8] INFO  - 步骤“查询出加密后的token信息”已成功结束
2015-08-07 14:50:49,329 [8] INFO  - 步骤“将token更新至最新值”: 步骤“将token更新至最新值”已启动
2015-08-07 14:50:49,332 [8] INFO  - 步骤“将token更新至最新值”: 输入参数“源字符串”，值:“305bbc2b43542b3d0203daffe9073c3cba5b47d9”
2015-08-07 14:50:49,333 [8] INFO  - 步骤“将token更新至最新值”: 输入参数“搜索字符串 1”，值:“'305bbc2b43542b3d0203daffe9073c3cba5b47d9'”
2015-08-07 14:50:49,334 [8] INFO  - 步骤“将token更新至最新值”: 输入参数“替换字符串 1”，值:“'06c971dce399f888fde7e22bddcd3480d7fed034'”
2015-08-07 14:50:49,335 [8] INFO  - 步骤“将token更新至最新值”: 输出参数“结果”，值:“06c971dce399f888fde7e22bddcd3480d7fed034”
2015-08-07 14:50:49,337 [8] INFO  - 步骤“将token更新至最新值”已成功结束
2015-08-07 14:50:49,338 [8] INFO  - 步骤“调用/iq/getUCard.php”: 步骤“调用/iq/getUCard.php”已启动
2015-08-07 14:50:49,339 [8] INFO  - 步骤“调用/iq/getUCard.php”: 提取 HTTP URL: 'http://test-iq.365ime.com:8082/iq/getUCard.php'
2015-08-07 14:50:53,920 [8] INFO  - 步骤“调用/iq/getUCard.php”: 服务器返回了状态代码: 200
2015-08-07 14:50:53,923 [8] INFO  - 步骤“调用/iq/getUCard.php”: HTTP 原始请求:
2015-08-07 14:50:53,929 [8] INFO  - 步骤“调用/iq/getUCard.php”: POST http://test-iq.365ime.com:8082/iq/getUCard.php 1.1
Content-Type: application/x-www-form-urlencoded
Host: test-iq.365ime.com:8082
Content-Length: 123
Expect: 100-continue
xsid=x_0e1a5657n865d20b8aifxeafq394a1idub0a0b096du0t6j08ac112hb64t3ib&toJid=&token=06c971dce399f888fde7e22bddcd3480d7fed034

2015-08-07 14:50:53,931 [8] INFO  - 步骤“调用/iq/getUCard.php”: HTTP 原始响应:
2015-08-07 14:50:53,932 [8] INFO  - 步骤“调用/iq/getUCard.php”: HTTP/1.1 200 OK
Access-Control-Allow-Origin: *
Transfer-Encoding: chunked
Content-Type: text/html;charset=UTF-8
Date: Fri, 07 Aug 2015 06:48:13 GMT
Server: Apache-Coyote/1.1
{"message":"Parameter is error !","data":{},"errorCode":"2"}

2015-08-07 14:50:53,935 [8] INFO  - 步骤“调用/iq/getUCard.php”已成功结束
2015-08-07 14:50:53,936 [8] INFO  - 步骤“获取返回值转换为JSON”: 步骤“获取返回值转换为JSON”已启动
2015-08-07 14:50:53,939 [8] INFO  - 步骤“获取返回值转换为JSON”已成功结束
2015-08-07 14:50:53,940 [8] INFO  - 步骤“将获取到的JSON插入到sql中”: 步骤“将获取到的JSON插入到sql中”已启动
2015-08-07 14:50:54,005 [8] INFO  - 步骤“将获取到的JSON插入到sql中”已成功结束
2015-08-07 14:50:54,006 [8] INFO  - 步骤“将errorcode更新到sql中”: 步骤“将errorcode更新到sql中”已启动
2015-08-07 14:50:54,046 [8] INFO  - 步骤“将errorcode更新到sql中”已成功结束
2015-08-07 14:50:54,047 [8] INFO  - 步骤“获取当前Case的实际值”: 步骤“获取当前Case的实际值”已启动
2015-08-07 14:50:54,049 [8] INFO  - 步骤“获取当前Case的实际值”已成功结束
2015-08-07 14:50:54,050 [8] INFO  - 步骤“获取当前Case的期待值”: 步骤“获取当前Case的期待值”已启动
2015-08-07 14:50:54,054 [8] INFO  - 步骤“获取当前Case的期待值”已成功结束
2015-08-07 14:50:54,056 [8] INFO  - 步骤“填写Result”: 步骤“填写Result”已启动
2015-08-07 14:50:54,057 [8] INFO  - 步骤“IfElse64”: 计算方式: 使用条件
2015-08-07 14:50:54,058 [8] INFO  - 步骤“否”: 步骤“否”已启动
2015-08-07 14:50:54,059 [8] INFO  - 步骤“在Result字段插入False”: 步骤“在Result字段插入False”已启动
2015-08-07 14:50:54,090 [8] INFO  - 步骤“在Result字段插入False”已成功结束
2015-08-07 14:50:54,092 [8] INFO  - 步骤“否”已成功结束
2015-08-07 14:50:54,093 [8] INFO  - 步骤“填写Result”已成功结束
2015-08-07 14:50:54,095 [8] INFO  - 步骤“迭代 10”已成功结束
2015-08-07 14:50:54,097 [8] INFO  - 步骤“迭代 11”: 步骤“迭代 11”已启动
2015-08-07 14:50:54,099 [8] INFO  - 步骤“查询tb_getUcard_verification表中字段信息”: 步骤“查询tb_getUcard_verification表中字段信息”已启动
2015-08-07 14:50:54,102 [8] ERROR - Checkpoint 5: "305bbc2b43542b3d0203daffe9073c3cba5b47d9" = "61f048fc016c13ea5cdfa6416c6e6ef9532716b8" 失败
2015-08-07 14:50:54,104 [8] INFO  - 步骤“查询tb_getUcard_verification表中字段信息”已成功结束
2015-08-07 14:50:54,105 [8] INFO  - 步骤“将本地表的xsid更新”: 步骤“将本地表的xsid更新”已启动
2015-08-07 14:50:54,107 [8] INFO  - 步骤“将本地表的xsid更新”: 输入参数“源字符串”，值:“x_1f1a0e62u0t5j480c916h26642tc3didb95f5an861da049516m0y7pd5aiu00”
2015-08-07 14:50:54,108 [8] INFO  - 步骤“将本地表的xsid更新”: 输入参数“搜索字符串 1”，值:“'x_1f1a0e62u0t5j480c916h26642tc3didb95f5an861da049516m0y7pd5aiu00'”
2015-08-07 14:50:54,109 [8] INFO  - 步骤“将本地表的xsid更新”: 输入参数“替换字符串 1”，值:“'x_0e1a5657n865d20b8aifxeafq394a1idub0a0b096du0t6j08ac112hb64t3ib'”
2015-08-07 14:50:54,110 [8] INFO  - 步骤“将本地表的xsid更新”: 输出参数“结果”，值:“x_0e1a5657n865d20b8aifxeafq394a1idub0a0b096du0t6j08ac112hb64t3ib”
2015-08-07 14:50:54,112 [8] INFO  - 步骤“将本地表的xsid更新”已成功结束
2015-08-07 14:50:54,113 [8] INFO  - 步骤“将需要加密的数据赋值到全局表EncryptionStr字段中”: 步骤“将需要加密的数据赋值到全局表EncryptionStr字段中”已启动
2015-08-07 14:50:54,157 [8] INFO  - 步骤“将需要加密的数据赋值到全局表EncryptionStr字段中”已成功结束
2015-08-07 14:50:54,158 [8] INFO  - 步骤“Encryption.SHA1”: 步骤“Encryption.SHA1”已启动
2015-08-07 14:51:18,365 [8] INFO  - 步骤“Encryption.SHA1”已成功结束
2015-08-07 14:51:18,367 [8] INFO  - 步骤“查询出加密后的token信息”: 步骤“查询出加密后的token信息”已启动
2015-08-07 14:51:18,375 [8] INFO  - 步骤“查询出加密后的token信息”已成功结束
2015-08-07 14:51:18,376 [8] INFO  - 步骤“将token更新至最新值”: 步骤“将token更新至最新值”已启动
2015-08-07 14:51:18,378 [8] INFO  - 步骤“将token更新至最新值”: 输入参数“源字符串”，值:“305bbc2b43542b3d0203daffe9073c3cba5b47d9”
2015-08-07 14:51:18,379 [8] INFO  - 步骤“将token更新至最新值”: 输入参数“搜索字符串 1”，值:“'305bbc2b43542b3d0203daffe9073c3cba5b47d9'”
2015-08-07 14:51:18,381 [8] INFO  - 步骤“将token更新至最新值”: 输入参数“替换字符串 1”，值:“'2d369ad5c5ef3483c72d5079d8107b6f98123f3e'”
2015-08-07 14:51:18,382 [8] INFO  - 步骤“将token更新至最新值”: 输出参数“结果”，值:“2d369ad5c5ef3483c72d5079d8107b6f98123f3e”
2015-08-07 14:51:18,385 [8] INFO  - 步骤“将token更新至最新值”已成功结束
2015-08-07 14:51:18,386 [8] INFO  - 步骤“调用/iq/getUCard.php”: 步骤“调用/iq/getUCard.php”已启动
2015-08-07 14:51:18,388 [8] INFO  - 步骤“调用/iq/getUCard.php”: 提取 HTTP URL: 'http://test-iq.365ime.com:8082/iq/getUCard.php'
2015-08-07 14:51:23,322 [8] INFO  - 步骤“调用/iq/getUCard.php”: 服务器返回了状态代码: 200
2015-08-07 14:51:23,325 [8] INFO  - 步骤“调用/iq/getUCard.php”: HTTP 原始请求:
2015-08-07 14:51:23,327 [8] INFO  - 步骤“调用/iq/getUCard.php”: POST http://test-iq.365ime.com:8082/iq/getUCard.php 1.1
Content-Type: application/x-www-form-urlencoded
Host: test-iq.365ime.com:8082
Content-Length: 162
Expect: 100-continue
xsid=x_0e1a5657n865d20b8aifxeafq394a1idub0a0b096du0t6j08ac112hb64t3ib&toJid=77401169@365ime.com,77401170@365ime.com&token=2d369ad5c5ef3483c72d5079d8107b6f98123f3e

2015-08-07 14:51:23,330 [8] INFO  - 步骤“调用/iq/getUCard.php”: HTTP 原始响应:
2015-08-07 14:51:23,333 [8] INFO  - 步骤“调用/iq/getUCard.php”: HTTP/1.1 200 OK
Access-Control-Allow-Origin: *
Transfer-Encoding: chunked
Content-Type: text/html;charset=UTF-8
Date: Fri, 07 Aug 2015 06:48:42 GMT
Server: Apache-Coyote/1.1
{"message":"user not exist!","data":{},"errorCode":"1"}

2015-08-07 14:51:23,339 [8] INFO  - 步骤“调用/iq/getUCard.php”已成功结束
2015-08-07 14:51:23,341 [8] INFO  - 步骤“获取返回值转换为JSON”: 步骤“获取返回值转换为JSON”已启动
2015-08-07 14:51:23,346 [8] INFO  - 步骤“获取返回值转换为JSON”已成功结束
2015-08-07 14:51:23,350 [8] INFO  - 步骤“将获取到的JSON插入到sql中”: 步骤“将获取到的JSON插入到sql中”已启动
2015-08-07 14:51:23,460 [8] INFO  - 步骤“将获取到的JSON插入到sql中”已成功结束
2015-08-07 14:51:23,463 [8] INFO  - 步骤“将errorcode更新到sql中”: 步骤“将errorcode更新到sql中”已启动
2015-08-07 14:51:23,504 [8] INFO  - 步骤“将errorcode更新到sql中”已成功结束
2015-08-07 14:51:23,507 [8] INFO  - 步骤“获取当前Case的实际值”: 步骤“获取当前Case的实际值”已启动
2015-08-07 14:51:23,513 [8] INFO  - 步骤“获取当前Case的实际值”已成功结束
2015-08-07 14:51:23,516 [8] INFO  - 步骤“获取当前Case的期待值”: 步骤“获取当前Case的期待值”已启动
2015-08-07 14:51:23,533 [8] INFO  - 步骤“获取当前Case的期待值”已成功结束
2015-08-07 14:51:23,537 [8] INFO  - 步骤“填写Result”: 步骤“填写Result”已启动
2015-08-07 14:51:23,539 [8] INFO  - 步骤“IfElse64”: 计算方式: 使用条件
2015-08-07 14:51:23,540 [8] INFO  - 步骤“否”: 步骤“否”已启动
2015-08-07 14:51:23,541 [8] INFO  - 步骤“在Result字段插入False”: 步骤“在Result字段插入False”已启动
2015-08-07 14:51:23,581 [8] INFO  - 步骤“在Result字段插入False”已成功结束
2015-08-07 14:51:23,583 [8] INFO  - 步骤“否”已成功结束
2015-08-07 14:51:23,584 [8] INFO  - 步骤“填写Result”已成功结束
2015-08-07 14:51:23,586 [8] INFO  - 步骤“迭代 11”已成功结束
2015-08-07 14:51:23,588 [8] INFO  - 步骤“迭代 12”: 步骤“迭代 12”已启动
2015-08-07 14:51:23,590 [8] INFO  - 步骤“查询tb_getUcard_verification表中字段信息”: 步骤“查询tb_getUcard_verification表中字段信息”已启动
2015-08-07 14:51:23,593 [8] ERROR - Checkpoint 5: "Arguments[1]/ResultTable[1]/Row[1]/token[1]" = "61f048fc016c13ea5cdfa6416c6e6ef9532716b8" 失败
2015-08-07 14:51:23,596 [8] INFO  - 步骤“查询tb_getUcard_verification表中字段信息”已成功结束
2015-08-07 14:51:23,597 [8] INFO  - 步骤“将本地表的xsid更新”: 步骤“将本地表的xsid更新”已启动
2015-08-07 14:51:23,598 [8] INFO  - 步骤“将本地表的xsid更新”: 输入参数“源字符串”，值:“x_1f1a0e62u0t5j480c916h26642tc3didb95f5an861da049516m0y7pd5aiu00”
2015-08-07 14:51:23,600 [8] INFO  - 步骤“将本地表的xsid更新”: 输入参数“搜索字符串 1”，值:“'x_1f1a0e62u0t5j480c916h26642tc3didb95f5an861da049516m0y7pd5aiu00'”
2015-08-07 14:51:23,601 [8] INFO  - 步骤“将本地表的xsid更新”: 输入参数“替换字符串 1”，值:“'x_0e1a5657n865d20b8aifxeafq394a1idub0a0b096du0t6j08ac112hb64t3ib'”
2015-08-07 14:51:23,602 [8] INFO  - 步骤“将本地表的xsid更新”: 输出参数“结果”，值:“x_0e1a5657n865d20b8aifxeafq394a1idub0a0b096du0t6j08ac112hb64t3ib”
2015-08-07 14:51:23,604 [8] INFO  - 步骤“将本地表的xsid更新”已成功结束
2015-08-07 14:51:23,605 [8] INFO  - 步骤“将需要加密的数据赋值到全局表EncryptionStr字段中”: 步骤“将需要加密的数据赋值到全局表EncryptionStr字段中”已启动
2015-08-07 14:51:23,636 [8] INFO  - 步骤“将需要加密的数据赋值到全局表EncryptionStr字段中”已成功结束
2015-08-07 14:51:23,637 [8] INFO  - 步骤“Encryption.SHA1”: 步骤“Encryption.SHA1”已启动
2015-08-07 14:51:33,896 [8] INFO  - 步骤“Encryption.SHA1”已成功结束
2015-08-07 14:51:33,898 [8] INFO  - 步骤“查询出加密后的token信息”: 步骤“查询出加密后的token信息”已启动
2015-08-07 14:51:33,901 [8] INFO  - 步骤“查询出加密后的token信息”已成功结束
2015-08-07 14:51:33,903 [8] INFO  - 步骤“将token更新至最新值”: 步骤“将token更新至最新值”已启动
2015-08-07 14:51:33,906 [8] INFO  - 步骤“将token更新至最新值”: 输入参数“源字符串”，值:“”
2015-08-07 14:51:33,907 [8] INFO  - 步骤“将token更新至最新值”: 输入参数“搜索字符串 1”，值:“'305bbc2b43542b3d0203daffe9073c3cba5b47d9'”
2015-08-07 14:51:33,909 [8] INFO  - 步骤“将token更新至最新值”: 输入参数“替换字符串 1”，值:“'5d1e4b2331be7145c389e090a897b2cecb600d94'”
2015-08-07 14:51:33,910 [8] INFO  - 步骤“将token更新至最新值”: 输入参数“区分大小写”，值:“True”
2015-08-07 14:51:33,911 [8] INFO  - 步骤“将token更新至最新值”: 输出参数“结果”，值:“”
2015-08-07 14:51:33,913 [8] INFO  - 步骤“将token更新至最新值”已成功结束
2015-08-07 14:51:33,915 [8] INFO  - 步骤“调用/iq/getUCard.php”: 步骤“调用/iq/getUCard.php”已启动
2015-08-07 14:51:33,947 [8] INFO  - 步骤“调用/iq/getUCard.php”: 提取 HTTP URL: 'http://test-iq.365ime.com:8082/iq/getUCard.php'
2015-08-07 14:51:35,464 [8] INFO  - 步骤“调用/iq/getUCard.php”: 服务器返回了状态代码: 200
2015-08-07 14:51:35,465 [8] INFO  - 步骤“调用/iq/getUCard.php”: HTTP 原始请求:
2015-08-07 14:51:35,466 [8] INFO  - 步骤“调用/iq/getUCard.php”: POST http://test-iq.365ime.com:8082/iq/getUCard.php 1.1
Content-Type: application/x-www-form-urlencoded
Host: test-iq.365ime.com:8082
Content-Length: 102
Expect: 100-continue
xsid=x_0e1a5657n865d20b8aifxeafq394a1idub0a0b096du0t6j08ac112hb64t3ib&toJid=77401169@365ime.com&token=

2015-08-07 14:51:35,467 [8] INFO  - 步骤“调用/iq/getUCard.php”: HTTP 原始响应:
2015-08-07 14:51:35,468 [8] INFO  - 步骤“调用/iq/getUCard.php”: HTTP/1.1 200 OK
Access-Control-Allow-Origin: *
Transfer-Encoding: chunked
Content-Type: text/html;charset=UTF-8
Date: Fri, 07 Aug 2015 06:48:56 GMT
Server: Apache-Coyote/1.1
{"message":"Parameter is error !","data":{},"errorCode":"2"}

2015-08-07 14:51:35,471 [8] INFO  - 步骤“调用/iq/getUCard.php”已成功结束
2015-08-07 14:51:35,473 [8] INFO  - 步骤“获取返回值转换为JSON”: 步骤“获取返回值转换为JSON”已启动
2015-08-07 14:51:35,479 [8] INFO  - 步骤“获取返回值转换为JSON”已成功结束
2015-08-07 14:51:35,480 [8] INFO  - 步骤“将获取到的JSON插入到sql中”: 步骤“将获取到的JSON插入到sql中”已启动
2015-08-07 14:51:35,537 [8] INFO  - 步骤“将获取到的JSON插入到sql中”已成功结束
2015-08-07 14:51:35,538 [8] INFO  - 步骤“将errorcode更新到sql中”: 步骤“将errorcode更新到sql中”已启动
2015-08-07 14:51:35,578 [8] INFO  - 步骤“将errorcode更新到sql中”已成功结束
2015-08-07 14:51:35,579 [8] INFO  - 步骤“获取当前Case的实际值”: 步骤“获取当前Case的实际值”已启动
2015-08-07 14:51:35,581 [8] INFO  - 步骤“获取当前Case的实际值”已成功结束
2015-08-07 14:51:35,582 [8] INFO  - 步骤“获取当前Case的期待值”: 步骤“获取当前Case的期待值”已启动
2015-08-07 14:51:35,585 [8] INFO  - 步骤“获取当前Case的期待值”已成功结束
2015-08-07 14:51:35,586 [8] INFO  - 步骤“填写Result”: 步骤“填写Result”已启动
2015-08-07 14:51:35,587 [8] INFO  - 步骤“IfElse64”: 计算方式: 使用条件
2015-08-07 14:51:35,588 [8] INFO  - 步骤“否”: 步骤“否”已启动
2015-08-07 14:51:35,589 [8] INFO  - 步骤“在Result字段插入False”: 步骤“在Result字段插入False”已启动
2015-08-07 14:51:35,625 [8] INFO  - 步骤“在Result字段插入False”已成功结束
2015-08-07 14:51:35,627 [8] INFO  - 步骤“否”已成功结束
2015-08-07 14:51:35,629 [8] INFO  - 步骤“填写Result”已成功结束
2015-08-07 14:51:35,631 [8] INFO  - 步骤“迭代 12”已成功结束
2015-08-07 14:51:35,633 [8] INFO  - 步骤“迭代 13”: 步骤“迭代 13”已启动
2015-08-07 14:51:35,635 [8] INFO  - 步骤“查询tb_getUcard_verification表中字段信息”: 步骤“查询tb_getUcard_verification表中字段信息”已启动
2015-08-07 14:51:35,638 [8] ERROR - Checkpoint 5: "902ca048a73c5c8f2ad2e2ebe9ffebeb" = "61f048fc016c13ea5cdfa6416c6e6ef9532716b8" 失败
2015-08-07 14:51:35,640 [8] INFO  - 步骤“查询tb_getUcard_verification表中字段信息”已成功结束
2015-08-07 14:51:35,641 [8] INFO  - 步骤“将本地表的xsid更新”: 步骤“将本地表的xsid更新”已启动
2015-08-07 14:51:35,643 [8] INFO  - 步骤“将本地表的xsid更新”: 输入参数“源字符串”，值:“x_1f1a0e62u0t5j480c916h26642tc3didb95f5an861da049516m0y7pd5aiu00”
2015-08-07 14:51:35,644 [8] INFO  - 步骤“将本地表的xsid更新”: 输入参数“搜索字符串 1”，值:“'x_1f1a0e62u0t5j480c916h26642tc3didb95f5an861da049516m0y7pd5aiu00'”
2015-08-07 14:51:35,645 [8] INFO  - 步骤“将本地表的xsid更新”: 输入参数“替换字符串 1”，值:“'x_0e1a5657n865d20b8aifxeafq394a1idub0a0b096du0t6j08ac112hb64t3ib'”
2015-08-07 14:51:35,646 [8] INFO  - 步骤“将本地表的xsid更新”: 输出参数“结果”，值:“x_0e1a5657n865d20b8aifxeafq394a1idub0a0b096du0t6j08ac112hb64t3ib”
2015-08-07 14:51:35,648 [8] INFO  - 步骤“将本地表的xsid更新”已成功结束
2015-08-07 14:51:35,649 [8] INFO  - 步骤“将需要加密的数据赋值到全局表EncryptionStr字段中”: 步骤“将需要加密的数据赋值到全局表EncryptionStr字段中”已启动
2015-08-07 14:51:35,680 [8] INFO  - 步骤“将需要加密的数据赋值到全局表EncryptionStr字段中”已成功结束
2015-08-07 14:51:35,682 [8] INFO  - 步骤“Encryption.SHA1”: 步骤“Encryption.SHA1”已启动
2015-08-07 14:51:47,163 [8] INFO  - 步骤“Encryption.SHA1”已成功结束
2015-08-07 14:51:47,164 [8] INFO  - 步骤“查询出加密后的token信息”: 步骤“查询出加密后的token信息”已启动
2015-08-07 14:51:47,167 [8] INFO  - 步骤“查询出加密后的token信息”已成功结束
2015-08-07 14:51:47,169 [8] INFO  - 步骤“将token更新至最新值”: 步骤“将token更新至最新值”已启动
2015-08-07 14:51:47,171 [8] INFO  - 步骤“将token更新至最新值”: 输入参数“源字符串”，值:“902ca048a73c5c8f2ad2e2ebe9ffebeb”
2015-08-07 14:51:47,172 [8] INFO  - 步骤“将token更新至最新值”: 输入参数“搜索字符串 1”，值:“'305bbc2b43542b3d0203daffe9073c3cba5b47d9'”
2015-08-07 14:51:47,173 [8] INFO  - 步骤“将token更新至最新值”: 输入参数“替换字符串 1”，值:“'5d1e4b2331be7145c389e090a897b2cecb600d94'”
2015-08-07 14:51:47,173 [8] INFO  - 步骤“将token更新至最新值”: 输出参数“结果”，值:“902ca048a73c5c8f2ad2e2ebe9ffebeb”
2015-08-07 14:51:47,175 [8] INFO  - 步骤“将token更新至最新值”已成功结束
2015-08-07 14:51:47,176 [8] INFO  - 步骤“调用/iq/getUCard.php”: 步骤“调用/iq/getUCard.php”已启动
2015-08-07 14:51:47,177 [8] INFO  - 步骤“调用/iq/getUCard.php”: 提取 HTTP URL: 'http://test-iq.365ime.com:8082/iq/getUCard.php'
2015-08-07 14:51:47,351 [8] INFO  - 步骤“调用/iq/getUCard.php”: 服务器返回了状态代码: 200
2015-08-07 14:51:47,352 [8] INFO  - 步骤“调用/iq/getUCard.php”: HTTP 原始请求:
2015-08-07 14:51:47,353 [8] INFO  - 步骤“调用/iq/getUCard.php”: POST http://test-iq.365ime.com:8082/iq/getUCard.php 1.1
Content-Type: application/x-www-form-urlencoded
Host: test-iq.365ime.com:8082
Content-Length: 134
Expect: 100-continue
xsid=x_0e1a5657n865d20b8aifxeafq394a1idub0a0b096du0t6j08ac112hb64t3ib&toJid=77401169@365ime.com&token=902ca048a73c5c8f2ad2e2ebe9ffebeb

2015-08-07 14:51:47,354 [8] INFO  - 步骤“调用/iq/getUCard.php”: HTTP 原始响应:
2015-08-07 14:51:47,355 [8] INFO  - 步骤“调用/iq/getUCard.php”: HTTP/1.1 200 OK
Access-Control-Allow-Origin: *
Transfer-Encoding: chunked
Content-Type: text/html;charset=UTF-8
Date: Fri, 07 Aug 2015 06:49:07 GMT
Server: Apache-Coyote/1.1
{"message":"invalid xsid!","data":{},"errorCode":"1"}

2015-08-07 14:51:47,358 [8] INFO  - 步骤“调用/iq/getUCard.php”已成功结束
2015-08-07 14:51:47,359 [8] INFO  - 步骤“获取返回值转换为JSON”: 步骤“获取返回值转换为JSON”已启动
2015-08-07 14:51:47,361 [8] INFO  - 步骤“获取返回值转换为JSON”已成功结束
2015-08-07 14:51:47,362 [8] INFO  - 步骤“将获取到的JSON插入到sql中”: 步骤“将获取到的JSON插入到sql中”已启动
2015-08-07 14:51:47,569 [8] INFO  - 步骤“将获取到的JSON插入到sql中”已成功结束
2015-08-07 14:51:47,571 [8] INFO  - 步骤“将errorcode更新到sql中”: 步骤“将errorcode更新到sql中”已启动
2015-08-07 14:51:47,658 [8] INFO  - 步骤“将errorcode更新到sql中”已成功结束
2015-08-07 14:51:47,661 [8] INFO  - 步骤“获取当前Case的实际值”: 步骤“获取当前Case的实际值”已启动
2015-08-07 14:51:47,667 [8] INFO  - 步骤“获取当前Case的实际值”已成功结束
2015-08-07 14:51:47,670 [8] INFO  - 步骤“获取当前Case的期待值”: 步骤“获取当前Case的期待值”已启动
2015-08-07 14:51:47,676 [8] INFO  - 步骤“获取当前Case的期待值”已成功结束
2015-08-07 14:51:47,678 [8] INFO  - 步骤“填写Result”: 步骤“填写Result”已启动
2015-08-07 14:51:47,681 [8] INFO  - 步骤“IfElse64”: 计算方式: 使用条件
2015-08-07 14:51:47,684 [8] INFO  - 步骤“否”: 步骤“否”已启动
2015-08-07 14:51:47,687 [8] INFO  - 步骤“在Result字段插入False”: 步骤“在Result字段插入False”已启动
2015-08-07 14:51:47,746 [8] INFO  - 步骤“在Result字段插入False”已成功结束
2015-08-07 14:51:47,749 [8] INFO  - 步骤“否”已成功结束
2015-08-07 14:51:47,753 [8] INFO  - 步骤“填写Result”已成功结束
2015-08-07 14:51:47,757 [8] INFO  - 步骤“迭代 13”已成功结束
2015-08-07 14:51:47,761 [8] INFO  - 步骤“迭代 14”: 步骤“迭代 14”已启动
2015-08-07 14:51:47,764 [8] INFO  - 步骤“查询tb_getUcard_verification表中字段信息”: 步骤“查询tb_getUcard_verification表中字段信息”已启动
2015-08-07 14:51:47,771 [8] ERROR - Checkpoint 5: "77401169@365ime.com" = "61f048fc016c13ea5cdfa6416c6e6ef9532716b8" 失败
2015-08-07 14:51:47,776 [8] INFO  - 步骤“查询tb_getUcard_verification表中字段信息”已成功结束
2015-08-07 14:51:47,779 [8] INFO  - 步骤“将本地表的xsid更新”: 步骤“将本地表的xsid更新”已启动
2015-08-07 14:51:47,780 [8] INFO  - 步骤“将本地表的xsid更新”: 输入参数“源字符串”，值:“x_1f1a0e62u0t5j480c916h26642tc3didb95f5an861da049516m0y7pd5aiu00”
2015-08-07 14:51:47,781 [8] INFO  - 步骤“将本地表的xsid更新”: 输入参数“搜索字符串 1”，值:“'x_1f1a0e62u0t5j480c916h26642tc3didb95f5an861da049516m0y7pd5aiu00'”
2015-08-07 14:51:47,782 [8] INFO  - 步骤“将本地表的xsid更新”: 输入参数“替换字符串 1”，值:“'x_0e1a5657n865d20b8aifxeafq394a1idub0a0b096du0t6j08ac112hb64t3ib'”
2015-08-07 14:51:47,783 [8] INFO  - 步骤“将本地表的xsid更新”: 输出参数“结果”，值:“x_0e1a5657n865d20b8aifxeafq394a1idub0a0b096du0t6j08ac112hb64t3ib”
2015-08-07 14:51:47,785 [8] INFO  - 步骤“将本地表的xsid更新”已成功结束
2015-08-07 14:51:47,786 [8] INFO  - 步骤“将需要加密的数据赋值到全局表EncryptionStr字段中”: 步骤“将需要加密的数据赋值到全局表EncryptionStr字段中”已启动
2015-08-07 14:51:47,879 [8] INFO  - 步骤“将需要加密的数据赋值到全局表EncryptionStr字段中”已成功结束
2015-08-07 14:51:47,882 [8] INFO  - 步骤“Encryption.SHA1”: 步骤“Encryption.SHA1”已启动
2015-08-07 14:51:59,524 [8] INFO  - 步骤“Encryption.SHA1”已成功结束
2015-08-07 14:51:59,529 [8] INFO  - 步骤“查询出加密后的token信息”: 步骤“查询出加密后的token信息”已启动
2015-08-07 14:51:59,534 [8] INFO  - 步骤“查询出加密后的token信息”已成功结束
2015-08-07 14:51:59,535 [8] INFO  - 步骤“将token更新至最新值”: 步骤“将token更新至最新值”已启动
2015-08-07 14:51:59,537 [8] INFO  - 步骤“将token更新至最新值”: 输入参数“源字符串”，值:“77401169@365ime.com”
2015-08-07 14:51:59,538 [8] INFO  - 步骤“将token更新至最新值”: 输入参数“搜索字符串 1”，值:“'305bbc2b43542b3d0203daffe9073c3cba5b47d9'”
2015-08-07 14:51:59,539 [8] INFO  - 步骤“将token更新至最新值”: 输入参数“替换字符串 1”，值:“'5d1e4b2331be7145c389e090a897b2cecb600d94'”
2015-08-07 14:51:59,541 [8] INFO  - 步骤“将token更新至最新值”: 输出参数“结果”，值:“77401169@365ime.com”
2015-08-07 14:51:59,543 [8] INFO  - 步骤“将token更新至最新值”已成功结束
2015-08-07 14:51:59,544 [8] INFO  - 步骤“调用/iq/getUCard.php”: 步骤“调用/iq/getUCard.php”已启动
2015-08-07 14:51:59,546 [8] INFO  - 步骤“调用/iq/getUCard.php”: 提取 HTTP URL: 'http://test-iq.365ime.com:8082/iq/getUCard.php'
2015-08-07 14:51:59,604 [8] INFO  - 步骤“调用/iq/getUCard.php”: 服务器返回了状态代码: 200
2015-08-07 14:51:59,605 [8] INFO  - 步骤“调用/iq/getUCard.php”: HTTP 原始请求:
2015-08-07 14:51:59,606 [8] INFO  - 步骤“调用/iq/getUCard.php”: POST http://test-iq.365ime.com:8082/iq/getUCard.php 1.1
Content-Type: application/x-www-form-urlencoded
Host: test-iq.365ime.com:8082
Content-Length: 121
Expect: 100-continue
xsid=x_0e1a5657n865d20b8aifxeafq394a1idub0a0b096du0t6j08ac112hb64t3ib&toJid=77401169@365ime.com&token=77401169@365ime.com

2015-08-07 14:51:59,607 [8] INFO  - 步骤“调用/iq/getUCard.php”: HTTP 原始响应:
2015-08-07 14:51:59,607 [8] INFO  - 步骤“调用/iq/getUCard.php”: HTTP/1.1 200 OK
Access-Control-Allow-Origin: *
Transfer-Encoding: chunked
Content-Type: text/html;charset=UTF-8
Date: Fri, 07 Aug 2015 06:49:20 GMT
Server: Apache-Coyote/1.1
{"message":"invalid xsid!","data":{},"errorCode":"1"}

2015-08-07 14:51:59,609 [8] INFO  - 步骤“调用/iq/getUCard.php”已成功结束
2015-08-07 14:51:59,610 [8] INFO  - 步骤“获取返回值转换为JSON”: 步骤“获取返回值转换为JSON”已启动
2015-08-07 14:51:59,612 [8] INFO  - 步骤“获取返回值转换为JSON”已成功结束
2015-08-07 14:51:59,613 [8] INFO  - 步骤“将获取到的JSON插入到sql中”: 步骤“将获取到的JSON插入到sql中”已启动
2015-08-07 14:51:59,879 [8] INFO  - 步骤“将获取到的JSON插入到sql中”已成功结束
2015-08-07 14:51:59,881 [8] INFO  - 步骤“将errorcode更新到sql中”: 步骤“将errorcode更新到sql中”已启动
2015-08-07 14:52:00,012 [8] INFO  - 步骤“将errorcode更新到sql中”已成功结束
2015-08-07 14:52:00,015 [8] INFO  - 步骤“获取当前Case的实际值”: 步骤“获取当前Case的实际值”已启动
2015-08-07 14:52:00,021 [8] INFO  - 步骤“获取当前Case的实际值”已成功结束
2015-08-07 14:52:00,025 [8] INFO  - 步骤“获取当前Case的期待值”: 步骤“获取当前Case的期待值”已启动
2015-08-07 14:52:00,031 [8] INFO  - 步骤“获取当前Case的期待值”已成功结束
2015-08-07 14:52:00,034 [8] INFO  - 步骤“填写Result”: 步骤“填写Result”已启动
2015-08-07 14:52:00,039 [8] INFO  - 步骤“IfElse64”: 计算方式: 使用条件
2015-08-07 14:52:00,042 [8] INFO  - 步骤“否”: 步骤“否”已启动
2015-08-07 14:52:00,047 [8] INFO  - 步骤“在Result字段插入False”: 步骤“在Result字段插入False”已启动
2015-08-07 14:52:00,101 [8] INFO  - 步骤“在Result字段插入False”已成功结束
2015-08-07 14:52:00,107 [8] INFO  - 步骤“否”已成功结束
2015-08-07 14:52:00,110 [8] INFO  - 步骤“填写Result”已成功结束
2015-08-07 14:52:00,113 [8] INFO  - 步骤“迭代 14”已成功结束
2015-08-07 14:52:00,118 [8] INFO  - 步骤“迭代 15”: 步骤“迭代 15”已启动
2015-08-07 14:52:00,120 [8] INFO  - 步骤“查询tb_getUcard_verification表中字段信息”: 步骤“查询tb_getUcard_verification表中字段信息”已启动
2015-08-07 14:52:00,124 [8] ERROR - Checkpoint 5: "test" = "61f048fc016c13ea5cdfa6416c6e6ef9532716b8" 失败
2015-08-07 14:52:00,128 [8] INFO  - 步骤“查询tb_getUcard_verification表中字段信息”已成功结束
2015-08-07 14:52:00,130 [8] INFO  - 步骤“将本地表的xsid更新”: 步骤“将本地表的xsid更新”已启动
2015-08-07 14:52:00,133 [8] INFO  - 步骤“将本地表的xsid更新”: 输入参数“源字符串”，值:“x_1f1a0e62u0t5j480c916h26642tc3didb95f5an861da049516m0y7pd5aiu00”
2015-08-07 14:52:00,135 [8] INFO  - 步骤“将本地表的xsid更新”: 输入参数“搜索字符串 1”，值:“'x_1f1a0e62u0t5j480c916h26642tc3didb95f5an861da049516m0y7pd5aiu00'”
2015-08-07 14:52:00,137 [8] INFO  - 步骤“将本地表的xsid更新”: 输入参数“替换字符串 1”，值:“'x_0e1a5657n865d20b8aifxeafq394a1idub0a0b096du0t6j08ac112hb64t3ib'”
2015-08-07 14:52:00,138 [8] INFO  - 步骤“将本地表的xsid更新”: 输出参数“结果”，值:“x_0e1a5657n865d20b8aifxeafq394a1idub0a0b096du0t6j08ac112hb64t3ib”
2015-08-07 14:52:00,140 [8] INFO  - 步骤“将本地表的xsid更新”已成功结束
2015-08-07 14:52:00,140 [8] INFO  - 步骤“将需要加密的数据赋值到全局表EncryptionStr字段中”: 步骤“将需要加密的数据赋值到全局表EncryptionStr字段中”已启动
2015-08-07 14:52:00,188 [8] INFO  - 步骤“将需要加密的数据赋值到全局表EncryptionStr字段中”已成功结束
2015-08-07 14:52:00,189 [8] INFO  - 步骤“Encryption.SHA1”: 步骤“Encryption.SHA1”已启动
2015-08-07 14:53:15,997 [8] INFO  - 步骤“Encryption.SHA1”已成功结束
2015-08-07 14:53:15,998 [8] INFO  - 步骤“查询出加密后的token信息”: 步骤“查询出加密后的token信息”已启动
2015-08-07 14:53:16,001 [8] INFO  - 步骤“查询出加密后的token信息”已成功结束
2015-08-07 14:53:16,002 [8] INFO  - 步骤“将token更新至最新值”: 步骤“将token更新至最新值”已启动
2015-08-07 14:53:16,003 [8] INFO  - 步骤“将token更新至最新值”: 输入参数“源字符串”，值:“test”
2015-08-07 14:53:16,004 [8] INFO  - 步骤“将token更新至最新值”: 输入参数“搜索字符串 1”，值:“'305bbc2b43542b3d0203daffe9073c3cba5b47d9'”
2015-08-07 14:53:16,005 [8] INFO  - 步骤“将token更新至最新值”: 输入参数“替换字符串 1”，值:“'5d1e4b2331be7145c389e090a897b2cecb600d94'”
2015-08-07 14:53:16,005 [8] INFO  - 步骤“将token更新至最新值”: 输出参数“结果”，值:“test”
2015-08-07 14:53:16,006 [8] INFO  - 步骤“将token更新至最新值”已成功结束
2015-08-07 14:53:16,007 [8] INFO  - 步骤“调用/iq/getUCard.php”: 步骤“调用/iq/getUCard.php”已启动
2015-08-07 14:53:16,008 [8] INFO  - 步骤“调用/iq/getUCard.php”: 提取 HTTP URL: 'http://test-iq.365ime.com:8082/iq/getUCard.php'
2015-08-07 14:53:16,090 [8] INFO  - 步骤“调用/iq/getUCard.php”: 服务器返回了状态代码: 200
2015-08-07 14:53:16,091 [8] INFO  - 步骤“调用/iq/getUCard.php”: HTTP 原始请求:
2015-08-07 14:53:16,093 [8] INFO  - 步骤“调用/iq/getUCard.php”: POST http://test-iq.365ime.com:8082/iq/getUCard.php 1.1
Content-Type: application/x-www-form-urlencoded
Host: test-iq.365ime.com:8082
Content-Length: 106
Expect: 100-continue
xsid=x_0e1a5657n865d20b8aifxeafq394a1idub0a0b096du0t6j08ac112hb64t3ib&toJid=77401169@365ime.com&token=test

2015-08-07 14:53:16,094 [8] INFO  - 步骤“调用/iq/getUCard.php”: HTTP 原始响应:
2015-08-07 14:53:16,096 [8] INFO  - 步骤“调用/iq/getUCard.php”: HTTP/1.1 200 OK
Access-Control-Allow-Origin: *
Transfer-Encoding: chunked
Content-Type: text/html;charset=UTF-8
Date: Fri, 07 Aug 2015 06:50:35 GMT
Server: Apache-Coyote/1.1
{"message":"invalid xsid!","data":{},"errorCode":"1"}

2015-08-07 14:53:16,098 [8] INFO  - 步骤“调用/iq/getUCard.php”已成功结束
2015-08-07 14:53:16,100 [8] INFO  - 步骤“获取返回值转换为JSON”: 步骤“获取返回值转换为JSON”已启动
2015-08-07 14:53:16,102 [8] INFO  - 步骤“获取返回值转换为JSON”已成功结束
2015-08-07 14:53:16,103 [8] INFO  - 步骤“将获取到的JSON插入到sql中”: 步骤“将获取到的JSON插入到sql中”已启动
2015-08-07 14:53:16,342 [8] INFO  - 步骤“将获取到的JSON插入到sql中”已成功结束
2015-08-07 14:53:16,345 [8] INFO  - 步骤“将errorcode更新到sql中”: 步骤“将errorcode更新到sql中”已启动
2015-08-07 14:53:16,472 [8] INFO  - 步骤“将errorcode更新到sql中”已成功结束
2015-08-07 14:53:16,475 [8] INFO  - 步骤“获取当前Case的实际值”: 步骤“获取当前Case的实际值”已启动
2015-08-07 14:53:16,484 [8] INFO  - 步骤“获取当前Case的实际值”已成功结束
2015-08-07 14:53:16,486 [8] INFO  - 步骤“获取当前Case的期待值”: 步骤“获取当前Case的期待值”已启动
2015-08-07 14:53:16,494 [8] INFO  - 步骤“获取当前Case的期待值”已成功结束
2015-08-07 14:53:16,496 [8] INFO  - 步骤“填写Result”: 步骤“填写Result”已启动
2015-08-07 14:53:16,500 [8] INFO  - 步骤“IfElse64”: 计算方式: 使用条件
2015-08-07 14:53:16,502 [8] INFO  - 步骤“否”: 步骤“否”已启动
2015-08-07 14:53:16,505 [8] INFO  - 步骤“在Result字段插入False”: 步骤“在Result字段插入False”已启动
2015-08-07 14:53:16,571 [8] INFO  - 步骤“在Result字段插入False”已成功结束
2015-08-07 14:53:16,577 [8] INFO  - 步骤“否”已成功结束
2015-08-07 14:53:16,581 [8] INFO  - 步骤“填写Result”已成功结束
2015-08-07 14:53:16,585 [8] INFO  - 步骤“迭代 15”已成功结束
2015-08-07 14:53:16,590 [8] INFO  - 步骤“迭代 16”: 步骤“迭代 16”已启动
2015-08-07 14:53:16,594 [8] INFO  - 步骤“查询tb_getUcard_verification表中字段信息”: 步骤“查询tb_getUcard_verification表中字段信息”已启动
2015-08-07 14:53:16,600 [8] ERROR - Checkpoint 5: "305bbc2b43542b3d0203daffe9073c3cba5b47d9" = "61f048fc016c13ea5cdfa6416c6e6ef9532716b8" 失败
2015-08-07 14:53:16,606 [8] INFO  - 步骤“查询tb_getUcard_verification表中字段信息”已成功结束
2015-08-07 14:53:16,608 [8] INFO  - 步骤“将本地表的xsid更新”: 步骤“将本地表的xsid更新”已启动
2015-08-07 14:53:16,611 [8] INFO  - 步骤“将本地表的xsid更新”: 输入参数“源字符串”，值:“x_1f1a0e62u0t5j480c916h26642tc3didb95f5an861da049516m0y7pd5aiu00”
2015-08-07 14:53:16,612 [8] INFO  - 步骤“将本地表的xsid更新”: 输入参数“搜索字符串 1”，值:“'x_1f1a0e62u0t5j480c916h26642tc3didb95f5an861da049516m0y7pd5aiu00'”
2015-08-07 14:53:16,613 [8] INFO  - 步骤“将本地表的xsid更新”: 输入参数“替换字符串 1”，值:“'x_0e1a5657n865d20b8aifxeafq394a1idub0a0b096du0t6j08ac112hb64t3ib'”
2015-08-07 14:53:16,614 [8] INFO  - 步骤“将本地表的xsid更新”: 输出参数“结果”，值:“x_0e1a5657n865d20b8aifxeafq394a1idub0a0b096du0t6j08ac112hb64t3ib”
2015-08-07 14:53:16,616 [8] INFO  - 步骤“将本地表的xsid更新”已成功结束
2015-08-07 14:53:16,617 [8] INFO  - 步骤“将需要加密的数据赋值到全局表EncryptionStr字段中”: 步骤“将需要加密的数据赋值到全局表EncryptionStr字段中”已启动
2015-08-07 14:53:16,672 [8] INFO  - 步骤“将需要加密的数据赋值到全局表EncryptionStr字段中”已成功结束
2015-08-07 14:53:16,673 [8] INFO  - 步骤“Encryption.SHA1”: 步骤“Encryption.SHA1”已启动
2015-08-07 14:54:17,526 [8] INFO  - 步骤“Encryption.SHA1”已成功结束
2015-08-07 14:54:17,528 [8] INFO  - 步骤“查询出加密后的token信息”: 步骤“查询出加密后的token信息”已启动
2015-08-07 14:54:17,534 [8] INFO  - 步骤“查询出加密后的token信息”已成功结束
2015-08-07 14:54:17,535 [8] INFO  - 步骤“将token更新至最新值”: 步骤“将token更新至最新值”已启动
2015-08-07 14:54:17,537 [8] INFO  - 步骤“将token更新至最新值”: 输入参数“源字符串”，值:“305bbc2b43542b3d0203daffe9073c3cba5b47d9”
2015-08-07 14:54:17,538 [8] INFO  - 步骤“将token更新至最新值”: 输入参数“搜索字符串 1”，值:“'305bbc2b43542b3d0203daffe9073c3cba5b47d9'”
2015-08-07 14:54:17,539 [8] INFO  - 步骤“将token更新至最新值”: 输入参数“替换字符串 1”，值:“'5d1e4b2331be7145c389e090a897b2cecb600d94'”
2015-08-07 14:54:17,540 [8] INFO  - 步骤“将token更新至最新值”: 输出参数“结果”，值:“5d1e4b2331be7145c389e090a897b2cecb600d94”
2015-08-07 14:54:17,541 [8] INFO  - 步骤“将token更新至最新值”已成功结束
2015-08-07 14:54:17,542 [8] INFO  - 步骤“调用/iq/getUCard.php”: 步骤“调用/iq/getUCard.php”已启动
2015-08-07 14:54:17,544 [8] INFO  - 步骤“调用/iq/getUCard.php”: 提取 HTTP URL: 'http://test-iq.365ime.com:8082/iq/getUCard.php'
2015-08-07 14:54:18,027 [8] INFO  - 步骤“调用/iq/getUCard.php”: 服务器返回了状态代码: 200
2015-08-07 14:54:18,029 [8] INFO  - 步骤“调用/iq/getUCard.php”: HTTP 原始请求:
2015-08-07 14:54:18,032 [8] INFO  - 步骤“调用/iq/getUCard.php”: POST http://test-iq.365ime.com:8082/iq/getUCard.php 1.1
Content-Type: application/x-www-form-urlencoded
Host: test-iq.365ime.com:8082
Content-Length: 142
Expect: 100-continue
xsid=x_0e1a5657n865d20b8aifxeafq394a1idub0a0b096du0t6j08ac112hb64t3ib&toJid=77401169@365ime.com&token=5d1e4b2331be7145c389e090a897b2cecb600d94

2015-08-07 14:54:18,034 [8] INFO  - 步骤“调用/iq/getUCard.php”: HTTP 原始响应:
2015-08-07 14:54:18,037 [8] INFO  - 步骤“调用/iq/getUCard.php”: HTTP/1.1 200 OK
Access-Control-Allow-Origin: *
Transfer-Encoding: chunked
Content-Type: text/html;charset=UTF-8
Date: Fri, 07 Aug 2015 06:51:37 GMT
Server: Apache-Coyote/1.1
{"message":"","data":{"phone":"","status":"1","pid":"77246885","userRole":"s2","orgName":"刘丽","version":"1431138618","orgId":"622195","category":"0","email":"","thumbUrl":"http://download.ac-bj-oss.365ime.com/storage/2015-08-05/d83cb81c8ab1c78b12ed4475b56cba53e5a7f007","gender":"1","jid":"77401169@365ime.com","userDescription":"test","photoUrl":"http://download.ac-bj-oss.365ime.com/storage/2015-08-05/c05dfb5505a9e142874eba2cebeeb41b41cd4009","fn":"张坤老师"},"errorCode":"0"}

2015-08-07 14:54:18,044 [8] INFO  - 步骤“调用/iq/getUCard.php”已成功结束
2015-08-07 14:54:18,046 [8] INFO  - 步骤“获取返回值转换为JSON”: 步骤“获取返回值转换为JSON”已启动
2015-08-07 14:54:18,050 [8] INFO  - 步骤“获取返回值转换为JSON”已成功结束
2015-08-07 14:54:18,052 [8] INFO  - 步骤“将获取到的JSON插入到sql中”: 步骤“将获取到的JSON插入到sql中”已启动
2015-08-07 14:54:18,097 [8] INFO  - 步骤“将获取到的JSON插入到sql中”已成功结束
2015-08-07 14:54:18,099 [8] INFO  - 步骤“将errorcode更新到sql中”: 步骤“将errorcode更新到sql中”已启动
2015-08-07 14:54:18,131 [8] INFO  - 步骤“将errorcode更新到sql中”已成功结束
2015-08-07 14:54:18,133 [8] INFO  - 步骤“获取当前Case的实际值”: 步骤“获取当前Case的实际值”已启动
2015-08-07 14:54:18,137 [8] INFO  - 步骤“获取当前Case的实际值”已成功结束
2015-08-07 14:54:18,139 [8] INFO  - 步骤“获取当前Case的期待值”: 步骤“获取当前Case的期待值”已启动
2015-08-07 14:54:18,144 [8] INFO  - 步骤“获取当前Case的期待值”已成功结束
2015-08-07 14:54:18,150 [8] INFO  - 步骤“填写Result”: 步骤“填写Result”已启动
2015-08-07 14:54:18,154 [8] INFO  - 步骤“IfElse64”: 计算方式: 使用条件
2015-08-07 14:54:18,156 [8] INFO  - 步骤“否”: 步骤“否”已启动
2015-08-07 14:54:18,158 [8] INFO  - 步骤“在Result字段插入False”: 步骤“在Result字段插入False”已启动
2015-08-07 14:54:18,197 [8] INFO  - 步骤“在Result字段插入False”已成功结束
2015-08-07 14:54:18,202 [8] INFO  - 步骤“否”已成功结束
2015-08-07 14:54:18,205 [8] INFO  - 步骤“填写Result”已成功结束
2015-08-07 14:54:18,209 [8] INFO  - 步骤“迭代 16”已成功结束
2015-08-07 14:54:18,214 [8] INFO  - 步骤“循环执行tb_getUcard_verification中的测试用例”已成功结束
2015-08-07 14:54:18,216 [8] INFO  - 步骤“对/iq/getUCard.php接口token实行加密”: 步骤“对/iq/getUCard.php接口token实行加密”已启动
2015-08-07 14:54:18,252 [8] INFO  - 步骤“对/iq/getUCard.php接口token实行加密”已成功结束
2015-08-07 14:54:18,254 [8] INFO  - 步骤“Encryption.SHA1”: 步骤“Encryption.SHA1”已启动
2015-08-07 14:54:42,304 [8] INFO  - 步骤“Encryption.SHA1”已成功结束
2015-08-07 14:54:42,305 [8] INFO  - 步骤“查询出加密后EncryptionResult字段的值”: 步骤“查询出加密后EncryptionResult字段的值”已启动
2015-08-07 14:54:42,310 [8] INFO  - 步骤“查询出加密后EncryptionResult字段的值”已成功结束
2015-08-07 14:54:42,312 [8] INFO  - 步骤“调/iq/getUCard.php”: 步骤“调/iq/getUCard.php”已启动
2015-08-07 14:54:42,315 [8] INFO  - 步骤“调/iq/getUCard.php”: 提取 HTTP URL: 'http://test-iq.365ime.com:8082/iq/getUCard.php'
2015-08-07 14:54:43,110 [8] INFO  - 步骤“调/iq/getUCard.php”: 服务器返回了状态代码: 200
2015-08-07 14:54:43,113 [8] INFO  - 步骤“调/iq/getUCard.php”: HTTP 原始请求:
2015-08-07 14:54:43,115 [8] INFO  - 步骤“调/iq/getUCard.php”: POST http://test-iq.365ime.com:8082/iq/getUCard.php 1.1
Content-Type: application/x-www-form-urlencoded
Host: test-iq.365ime.com:8082
Content-Length: 142
Expect: 100-continue
xsid=x_0e1a5657n865d20b8aifxeafq394a1idub0a0b096du0t6j08ac112hb64t3ib&toJid=77401169@365ime.com&token=5d1e4b2331be7145c389e090a897b2cecb600d94

2015-08-07 14:54:43,117 [8] INFO  - 步骤“调/iq/getUCard.php”: HTTP 原始响应:
2015-08-07 14:54:43,119 [8] INFO  - 步骤“调/iq/getUCard.php”: HTTP/1.1 200 OK
Access-Control-Allow-Origin: *
Transfer-Encoding: chunked
Content-Type: text/html;charset=UTF-8
Date: Fri, 07 Aug 2015 06:52:03 GMT
Server: Apache-Coyote/1.1
{"message":"","data":{"phone":"","status":"1","pid":"77246885","userRole":"s2","orgName":"刘丽","version":"1431138618","orgId":"622195","category":"0","email":"","thumbUrl":"http://download.ac-bj-oss.365ime.com/storage/2015-08-05/d83cb81c8ab1c78b12ed4475b56cba53e5a7f007","gender":"1","jid":"77401169@365ime.com","userDescription":"test","photoUrl":"http://download.ac-bj-oss.365ime.com/storage/2015-08-05/c05dfb5505a9e142874eba2cebeeb41b41cd4009","fn":"张坤老师"},"errorCode":"0"}

2015-08-07 14:54:43,127 [8] INFO  - 步骤“调/iq/getUCard.php”已成功结束
2015-08-07 14:54:43,129 [8] INFO  - 步骤“将接口返回的Json更新至tb_result_table”: 步骤“将接口返回的Json更新至tb_result_table”已启动
2015-08-07 14:54:43,194 [8] INFO  - 步骤“将接口返回的Json更新至tb_result_table”已成功结束
2015-08-07 14:54:43,197 [8] INFO  - 步骤“迭代 1”已成功结束
2015-08-07 14:54:43,203 [8] INFO  - 步骤“测试流”已成功结束
2015-08-07 14:54:43,399 [8] INFO  - 步骤“结束”: 步骤“结束”已启动
2015-08-07 14:54:43,415 [8] INFO  - 步骤“结束”已成功结束
