2015-08-07 15:13:54,659 [8] ERROR - Checkpoint 2: "16" = "37" Ê§°Ü
2015-08-07 15:13:54,661 [8] ERROR - Failed to log checkpoint status:
2015-08-07 15:13:54,661 [8] ERROR - System.Collections.Generic.KeyNotFoundException: The given key was not present in the dictionary.
   at System.Collections.Generic.Dictionary`2.get_Item(TKey key)
   at HP.ST.Fwk.RunTimeFWK.CheckpointFWK.ReportImpl.WriteCPToLog(Dictionary`2 reportData, ILog log)
   at HP.ST.Fwk.RunTimeFWK.CheckpointFWK.ReportImpl.ReportToInternalLog(ISTRunTimeContext context, Dictionary`2 reportData)
2015-08-07 15:13:54,662 [8] ERROR - Failed to log checkpoint status:
2015-08-07 15:13:54,662 [8] ERROR - System.Collections.Generic.KeyNotFoundException: The given key was not present in the dictionary.
   at System.Collections.Generic.Dictionary`2.get_Item(TKey key)
   at HP.ST.Fwk.RunTimeFWK.CheckpointFWK.ReportImpl.WriteCPToLog(Dictionary`2 reportData, ILog log)
   at HP.ST.Fwk.RunTimeFWK.CheckpointFWK.ReportImpl.ReportToInternalLog(ISTRunTimeContext context, Dictionary`2 reportData)
2015-08-07 15:13:54,675 [8] ERROR - Checkpoint 5: "305bbc2b43542b3d0203daffe9073c3cba5b47d9" = "61f048fc016c13ea5cdfa6416c6e6ef9532716b8" Ê§°Ü
2015-08-07 15:13:54,676 [8] ERROR - Failed to log checkpoint status:
2015-08-07 15:13:54,676 [8] ERROR - System.Collections.Generic.KeyNotFoundException: The given key was not present in the dictionary.
   at System.Collections.Generic.Dictionary`2.get_Item(TKey key)
   at HP.ST.Fwk.RunTimeFWK.CheckpointFWK.ReportImpl.WriteCPToLog(Dictionary`2 reportData, ILog log)
   at HP.ST.Fwk.RunTimeFWK.CheckpointFWK.ReportImpl.ReportToInternalLog(ISTRunTimeContext context, Dictionary`2 reportData)
2015-08-07 15:13:54,676 [8] ERROR - Failed to log checkpoint status:
2015-08-07 15:13:54,676 [8] ERROR - System.Collections.Generic.KeyNotFoundException: The given key was not present in the dictionary.
   at System.Collections.Generic.Dictionary`2.get_Item(TKey key)
   at HP.ST.Fwk.RunTimeFWK.CheckpointFWK.ReportImpl.WriteCPToLog(Dictionary`2 reportData, ILog log)
   at HP.ST.Fwk.RunTimeFWK.CheckpointFWK.ReportImpl.ReportToInternalLog(ISTRunTimeContext context, Dictionary`2 reportData)
2015-08-07 15:14:23,482 [8] ERROR - Checkpoint 5: "305bbc2b43542b3d0203daffe9073c3cba5b47d9" = "61f048fc016c13ea5cdfa6416c6e6ef9532716b8" Ê§°Ü
2015-08-07 15:14:23,484 [8] ERROR - Failed to log checkpoint status:
2015-08-07 15:14:23,484 [8] ERROR - System.Collections.Generic.KeyNotFoundException: The given key was not present in the dictionary.
   at System.Collections.Generic.Dictionary`2.get_Item(TKey key)
   at HP.ST.Fwk.RunTimeFWK.CheckpointFWK.ReportImpl.WriteCPToLog(Dictionary`2 reportData, ILog log)
   at HP.ST.Fwk.RunTimeFWK.CheckpointFWK.ReportImpl.ReportToInternalLog(ISTRunTimeContext context, Dictionary`2 reportData)
2015-08-07 15:14:23,485 [8] ERROR - Failed to log checkpoint status:
2015-08-07 15:14:23,485 [8] ERROR - System.Collections.Generic.KeyNotFoundException: The given key was not present in the dictionary.
   at System.Collections.Generic.Dictionary`2.get_Item(TKey key)
   at HP.ST.Fwk.RunTimeFWK.CheckpointFWK.ReportImpl.WriteCPToLog(Dictionary`2 reportData, ILog log)
   at HP.ST.Fwk.RunTimeFWK.CheckpointFWK.ReportImpl.ReportToInternalLog(ISTRunTimeContext context, Dictionary`2 reportData)
2015-08-07 15:14:55,479 [8] ERROR - Checkpoint 5: "305bbc2b43542b3d0203daffe9073c3cba5b47d9" = "61f048fc016c13ea5cdfa6416c6e6ef9532716b8" Ê§°Ü
2015-08-07 15:14:55,480 [8] ERROR - Failed to log checkpoint status:
2015-08-07 15:14:55,480 [8] ERROR - System.Collections.Generic.KeyNotFoundException: The given key was not present in the dictionary.
   at System.Collections.Generic.Dictionary`2.get_Item(TKey key)
   at HP.ST.Fwk.RunTimeFWK.CheckpointFWK.ReportImpl.WriteCPToLog(Dictionary`2 reportData, ILog log)
   at HP.ST.Fwk.RunTimeFWK.CheckpointFWK.ReportImpl.ReportToInternalLog(ISTRunTimeContext context, Dictionary`2 reportData)
2015-08-07 15:14:55,481 [8] ERROR - Failed to log checkpoint status:
2015-08-07 15:14:55,481 [8] ERROR - System.Collections.Generic.KeyNotFoundException: The given key was not present in the dictionary.
   at System.Collections.Generic.Dictionary`2.get_Item(TKey key)
   at HP.ST.Fwk.RunTimeFWK.CheckpointFWK.ReportImpl.WriteCPToLog(Dictionary`2 reportData, ILog log)
   at HP.ST.Fwk.RunTimeFWK.CheckpointFWK.ReportImpl.ReportToInternalLog(ISTRunTimeContext context, Dictionary`2 reportData)
2015-08-07 15:15:27,074 [8] ERROR - Checkpoint 5: "305bbc2b43542b3d0203daffe9073c3cba5b47d9" = "61f048fc016c13ea5cdfa6416c6e6ef9532716b8" Ê§°Ü
2015-08-07 15:15:27,076 [8] ERROR - Failed to log checkpoint status:
2015-08-07 15:15:27,077 [8] ERROR - System.Collections.Generic.KeyNotFoundException: The given key was not present in the dictionary.
   at System.Collections.Generic.Dictionary`2.get_Item(TKey key)
   at HP.ST.Fwk.RunTimeFWK.CheckpointFWK.ReportImpl.WriteCPToLog(Dictionary`2 reportData, ILog log)
   at HP.ST.Fwk.RunTimeFWK.CheckpointFWK.ReportImpl.ReportToInternalLog(ISTRunTimeContext context, Dictionary`2 reportData)
2015-08-07 15:15:27,077 [8] ERROR - Failed to log checkpoint status:
2015-08-07 15:15:27,077 [8] ERROR - System.Collections.Generic.KeyNotFoundException: The given key was not present in the dictionary.
   at System.Collections.Generic.Dictionary`2.get_Item(TKey key)
   at HP.ST.Fwk.RunTimeFWK.CheckpointFWK.ReportImpl.WriteCPToLog(Dictionary`2 reportData, ILog log)
   at HP.ST.Fwk.RunTimeFWK.CheckpointFWK.ReportImpl.ReportToInternalLog(ISTRunTimeContext context, Dictionary`2 reportData)
2015-08-07 15:16:48,105 [8] ERROR - Checkpoint 5: "305bbc2b43542b3d0203daffe9073c3cba5b47d9" = "61f048fc016c13ea5cdfa6416c6e6ef9532716b8" Ê§°Ü
2015-08-07 15:16:48,107 [8] ERROR - Failed to log checkpoint status:
2015-08-07 15:16:48,107 [8] ERROR - System.Collections.Generic.KeyNotFoundException: The given key was not present in the dictionary.
   at System.Collections.Generic.Dictionary`2.get_Item(TKey key)
   at HP.ST.Fwk.RunTimeFWK.CheckpointFWK.ReportImpl.WriteCPToLog(Dictionary`2 reportData, ILog log)
   at HP.ST.Fwk.RunTimeFWK.CheckpointFWK.ReportImpl.ReportToInternalLog(ISTRunTimeContext context, Dictionary`2 reportData)
2015-08-07 15:16:48,107 [8] ERROR - Failed to log checkpoint status:
2015-08-07 15:16:48,107 [8] ERROR - System.Collections.Generic.KeyNotFoundException: The given key was not present in the dictionary.
   at System.Collections.Generic.Dictionary`2.get_Item(TKey key)
   at HP.ST.Fwk.RunTimeFWK.CheckpointFWK.ReportImpl.WriteCPToLog(Dictionary`2 reportData, ILog log)
   at HP.ST.Fwk.RunTimeFWK.CheckpointFWK.ReportImpl.ReportToInternalLog(ISTRunTimeContext context, Dictionary`2 reportData)
2015-08-07 15:17:05,031 [8] ERROR - Checkpoint 5: "305bbc2b43542b3d0203daffe9073c3cba5b47d9" = "61f048fc016c13ea5cdfa6416c6e6ef9532716b8" Ê§°Ü
2015-08-07 15:17:05,032 [8] ERROR - Failed to log checkpoint status:
2015-08-07 15:17:05,032 [8] ERROR - System.Collections.Generic.KeyNotFoundException: The given key was not present in the dictionary.
   at System.Collections.Generic.Dictionary`2.get_Item(TKey key)
   at HP.ST.Fwk.RunTimeFWK.CheckpointFWK.ReportImpl.WriteCPToLog(Dictionary`2 reportData, ILog log)
   at HP.ST.Fwk.RunTimeFWK.CheckpointFWK.ReportImpl.ReportToInternalLog(ISTRunTimeContext context, Dictionary`2 reportData)
2015-08-07 15:17:05,033 [8] ERROR - Failed to log checkpoint status:
2015-08-07 15:17:05,033 [8] ERROR - System.Collections.Generic.KeyNotFoundException: The given key was not present in the dictionary.
   at System.Collections.Generic.Dictionary`2.get_Item(TKey key)
   at HP.ST.Fwk.RunTimeFWK.CheckpointFWK.ReportImpl.WriteCPToLog(Dictionary`2 reportData, ILog log)
   at HP.ST.Fwk.RunTimeFWK.CheckpointFWK.ReportImpl.ReportToInternalLog(ISTRunTimeContext context, Dictionary`2 reportData)
2015-08-07 15:17:38,027 [8] ERROR - Checkpoint 5: "305bbc2b43542b3d0203daffe9073c3cba5b47d9" = "61f048fc016c13ea5cdfa6416c6e6ef9532716b8" Ê§°Ü
2015-08-07 15:17:38,029 [8] ERROR - Failed to log checkpoint status:
2015-08-07 15:17:38,029 [8] ERROR - System.Collections.Generic.KeyNotFoundException: The given key was not present in the dictionary.
   at System.Collections.Generic.Dictionary`2.get_Item(TKey key)
   at HP.ST.Fwk.RunTimeFWK.CheckpointFWK.ReportImpl.WriteCPToLog(Dictionary`2 reportData, ILog log)
   at HP.ST.Fwk.RunTimeFWK.CheckpointFWK.ReportImpl.ReportToInternalLog(ISTRunTimeContext context, Dictionary`2 reportData)
2015-08-07 15:17:38,029 [8] ERROR - Failed to log checkpoint status:
2015-08-07 15:17:38,029 [8] ERROR - System.Collections.Generic.KeyNotFoundException: The given key was not present in the dictionary.
   at System.Collections.Generic.Dictionary`2.get_Item(TKey key)
   at HP.ST.Fwk.RunTimeFWK.CheckpointFWK.ReportImpl.WriteCPToLog(Dictionary`2 reportData, ILog log)
   at HP.ST.Fwk.RunTimeFWK.CheckpointFWK.ReportImpl.ReportToInternalLog(ISTRunTimeContext context, Dictionary`2 reportData)
2015-08-07 15:18:57,057 [8] ERROR - Checkpoint 5: "305bbc2b43542b3d0203daffe9073c3cba5b47d9" = "61f048fc016c13ea5cdfa6416c6e6ef9532716b8" Ê§°Ü
2015-08-07 15:18:57,059 [8] ERROR - Failed to log checkpoint status:
2015-08-07 15:18:57,059 [8] ERROR - System.Collections.Generic.KeyNotFoundException: The given key was not present in the dictionary.
   at System.Collections.Generic.Dictionary`2.get_Item(TKey key)
   at HP.ST.Fwk.RunTimeFWK.CheckpointFWK.ReportImpl.WriteCPToLog(Dictionary`2 reportData, ILog log)
   at HP.ST.Fwk.RunTimeFWK.CheckpointFWK.ReportImpl.ReportToInternalLog(ISTRunTimeContext context, Dictionary`2 reportData)
2015-08-07 15:18:57,060 [8] ERROR - Failed to log checkpoint status:
2015-08-07 15:18:57,060 [8] ERROR - System.Collections.Generic.KeyNotFoundException: The given key was not present in the dictionary.
   at System.Collections.Generic.Dictionary`2.get_Item(TKey key)
   at HP.ST.Fwk.RunTimeFWK.CheckpointFWK.ReportImpl.WriteCPToLog(Dictionary`2 reportData, ILog log)
   at HP.ST.Fwk.RunTimeFWK.CheckpointFWK.ReportImpl.ReportToInternalLog(ISTRunTimeContext context, Dictionary`2 reportData)
2015-08-07 15:20:30,571 [8] ERROR - Checkpoint 5: "305bbc2b43542b3d0203daffe9073c3cba5b47d9" = "61f048fc016c13ea5cdfa6416c6e6ef9532716b8" Ê§°Ü
2015-08-07 15:20:30,574 [8] ERROR - Failed to log checkpoint status:
2015-08-07 15:20:30,574 [8] ERROR - System.Collections.Generic.KeyNotFoundException: The given key was not present in the dictionary.
   at System.Collections.Generic.Dictionary`2.get_Item(TKey key)
   at HP.ST.Fwk.RunTimeFWK.CheckpointFWK.ReportImpl.WriteCPToLog(Dictionary`2 reportData, ILog log)
   at HP.ST.Fwk.RunTimeFWK.CheckpointFWK.ReportImpl.ReportToInternalLog(ISTRunTimeContext context, Dictionary`2 reportData)
2015-08-07 15:20:30,574 [8] ERROR - Failed to log checkpoint status:
2015-08-07 15:20:30,574 [8] ERROR - System.Collections.Generic.KeyNotFoundException: The given key was not present in the dictionary.
   at System.Collections.Generic.Dictionary`2.get_Item(TKey key)
   at HP.ST.Fwk.RunTimeFWK.CheckpointFWK.ReportImpl.WriteCPToLog(Dictionary`2 reportData, ILog log)
   at HP.ST.Fwk.RunTimeFWK.CheckpointFWK.ReportImpl.ReportToInternalLog(ISTRunTimeContext context, Dictionary`2 reportData)
2015-08-07 15:20:59,422 [8] ERROR - Checkpoint 5: "305bbc2b43542b3d0203daffe9073c3cba5b47d9" = "61f048fc016c13ea5cdfa6416c6e6ef9532716b8" Ê§°Ü
2015-08-07 15:20:59,424 [8] ERROR - Failed to log checkpoint status:
2015-08-07 15:20:59,425 [8] ERROR - System.Collections.Generic.KeyNotFoundException: The given key was not present in the dictionary.
   at System.Collections.Generic.Dictionary`2.get_Item(TKey key)
   at HP.ST.Fwk.RunTimeFWK.CheckpointFWK.ReportImpl.WriteCPToLog(Dictionary`2 reportData, ILog log)
   at HP.ST.Fwk.RunTimeFWK.CheckpointFWK.ReportImpl.ReportToInternalLog(ISTRunTimeContext context, Dictionary`2 reportData)
2015-08-07 15:20:59,425 [8] ERROR - Failed to log checkpoint status:
2015-08-07 15:20:59,425 [8] ERROR - System.Collections.Generic.KeyNotFoundException: The given key was not present in the dictionary.
   at System.Collections.Generic.Dictionary`2.get_Item(TKey key)
   at HP.ST.Fwk.RunTimeFWK.CheckpointFWK.ReportImpl.WriteCPToLog(Dictionary`2 reportData, ILog log)
   at HP.ST.Fwk.RunTimeFWK.CheckpointFWK.ReportImpl.ReportToInternalLog(ISTRunTimeContext context, Dictionary`2 reportData)
2015-08-07 15:21:28,277 [8] ERROR - Checkpoint 5: "305bbc2b43542b3d0203daffe9073c3cba5b47d9" = "61f048fc016c13ea5cdfa6416c6e6ef9532716b8" Ê§°Ü
2015-08-07 15:21:28,279 [8] ERROR - Failed to log checkpoint status:
2015-08-07 15:21:28,279 [8] ERROR - System.Collections.Generic.KeyNotFoundException: The given key was not present in the dictionary.
   at System.Collections.Generic.Dictionary`2.get_Item(TKey key)
   at HP.ST.Fwk.RunTimeFWK.CheckpointFWK.ReportImpl.WriteCPToLog(Dictionary`2 reportData, ILog log)
   at HP.ST.Fwk.RunTimeFWK.CheckpointFWK.ReportImpl.ReportToInternalLog(ISTRunTimeContext context, Dictionary`2 reportData)
2015-08-07 15:21:28,279 [8] ERROR - Failed to log checkpoint status:
2015-08-07 15:21:28,279 [8] ERROR - System.Collections.Generic.KeyNotFoundException: The given key was not present in the dictionary.
   at System.Collections.Generic.Dictionary`2.get_Item(TKey key)
   at HP.ST.Fwk.RunTimeFWK.CheckpointFWK.ReportImpl.WriteCPToLog(Dictionary`2 reportData, ILog log)
   at HP.ST.Fwk.RunTimeFWK.CheckpointFWK.ReportImpl.ReportToInternalLog(ISTRunTimeContext context, Dictionary`2 reportData)
2015-08-07 15:21:57,850 [8] ERROR - Checkpoint 5: "Arguments[1]/ResultTable[1]/Row[1]/token[1]" = "61f048fc016c13ea5cdfa6416c6e6ef9532716b8" Ê§°Ü
2015-08-07 15:21:57,851 [8] ERROR - Failed to log checkpoint status:
2015-08-07 15:21:57,851 [8] ERROR - System.Collections.Generic.KeyNotFoundException: The given key was not present in the dictionary.
   at System.Collections.Generic.Dictionary`2.get_Item(TKey key)
   at HP.ST.Fwk.RunTimeFWK.CheckpointFWK.ReportImpl.WriteCPToLog(Dictionary`2 reportData, ILog log)
   at HP.ST.Fwk.RunTimeFWK.CheckpointFWK.ReportImpl.ReportToInternalLog(ISTRunTimeContext context, Dictionary`2 reportData)
2015-08-07 15:21:57,851 [8] ERROR - Failed to log checkpoint status:
2015-08-07 15:21:57,852 [8] ERROR - System.Collections.Generic.KeyNotFoundException: The given key was not present in the dictionary.
   at System.Collections.Generic.Dictionary`2.get_Item(TKey key)
   at HP.ST.Fwk.RunTimeFWK.CheckpointFWK.ReportImpl.WriteCPToLog(Dictionary`2 reportData, ILog log)
   at HP.ST.Fwk.RunTimeFWK.CheckpointFWK.ReportImpl.ReportToInternalLog(ISTRunTimeContext context, Dictionary`2 reportData)
2015-08-07 15:23:30,225 [8] ERROR - Checkpoint 5: "902ca048a73c5c8f2ad2e2ebe9ffebeb" = "61f048fc016c13ea5cdfa6416c6e6ef9532716b8" Ê§°Ü
2015-08-07 15:23:30,227 [8] ERROR - Failed to log checkpoint status:
2015-08-07 15:23:30,227 [8] ERROR - System.Collections.Generic.KeyNotFoundException: The given key was not present in the dictionary.
   at System.Collections.Generic.Dictionary`2.get_Item(TKey key)
   at HP.ST.Fwk.RunTimeFWK.CheckpointFWK.ReportImpl.WriteCPToLog(Dictionary`2 reportData, ILog log)
   at HP.ST.Fwk.RunTimeFWK.CheckpointFWK.ReportImpl.ReportToInternalLog(ISTRunTimeContext context, Dictionary`2 reportData)
2015-08-07 15:23:30,227 [8] ERROR - Failed to log checkpoint status:
2015-08-07 15:23:30,227 [8] ERROR - System.Collections.Generic.KeyNotFoundException: The given key was not present in the dictionary.
   at System.Collections.Generic.Dictionary`2.get_Item(TKey key)
   at HP.ST.Fwk.RunTimeFWK.CheckpointFWK.ReportImpl.WriteCPToLog(Dictionary`2 reportData, ILog log)
   at HP.ST.Fwk.RunTimeFWK.CheckpointFWK.ReportImpl.ReportToInternalLog(ISTRunTimeContext context, Dictionary`2 reportData)
2015-08-07 15:24:49,055 [8] ERROR - Checkpoint 5: "77401169@365ime.com" = "61f048fc016c13ea5cdfa6416c6e6ef9532716b8" Ê§°Ü
2015-08-07 15:24:49,056 [8] ERROR - Failed to log checkpoint status:
2015-08-07 15:24:49,056 [8] ERROR - System.Collections.Generic.KeyNotFoundException: The given key was not present in the dictionary.
   at System.Collections.Generic.Dictionary`2.get_Item(TKey key)
   at HP.ST.Fwk.RunTimeFWK.CheckpointFWK.ReportImpl.WriteCPToLog(Dictionary`2 reportData, ILog log)
   at HP.ST.Fwk.RunTimeFWK.CheckpointFWK.ReportImpl.ReportToInternalLog(ISTRunTimeContext context, Dictionary`2 reportData)
2015-08-07 15:24:49,057 [8] ERROR - Failed to log checkpoint status:
2015-08-07 15:24:49,057 [8] ERROR - System.Collections.Generic.KeyNotFoundException: The given key was not present in the dictionary.
   at System.Collections.Generic.Dictionary`2.get_Item(TKey key)
   at HP.ST.Fwk.RunTimeFWK.CheckpointFWK.ReportImpl.WriteCPToLog(Dictionary`2 reportData, ILog log)
   at HP.ST.Fwk.RunTimeFWK.CheckpointFWK.ReportImpl.ReportToInternalLog(ISTRunTimeContext context, Dictionary`2 reportData)
2015-08-07 15:25:17,598 [8] ERROR - Checkpoint 5: "test" = "61f048fc016c13ea5cdfa6416c6e6ef9532716b8" Ê§°Ü
2015-08-07 15:25:17,600 [8] ERROR - Failed to log checkpoint status:
2015-08-07 15:25:17,600 [8] ERROR - System.Collections.Generic.KeyNotFoundException: The given key was not present in the dictionary.
   at System.Collections.Generic.Dictionary`2.get_Item(TKey key)
   at HP.ST.Fwk.RunTimeFWK.CheckpointFWK.ReportImpl.WriteCPToLog(Dictionary`2 reportData, ILog log)
   at HP.ST.Fwk.RunTimeFWK.CheckpointFWK.ReportImpl.ReportToInternalLog(ISTRunTimeContext context, Dictionary`2 reportData)
2015-08-07 15:25:17,600 [8] ERROR - Failed to log checkpoint status:
2015-08-07 15:25:17,600 [8] ERROR - System.Collections.Generic.KeyNotFoundException: The given key was not present in the dictionary.
   at System.Collections.Generic.Dictionary`2.get_Item(TKey key)
   at HP.ST.Fwk.RunTimeFWK.CheckpointFWK.ReportImpl.WriteCPToLog(Dictionary`2 reportData, ILog log)
   at HP.ST.Fwk.RunTimeFWK.CheckpointFWK.ReportImpl.ReportToInternalLog(ISTRunTimeContext context, Dictionary`2 reportData)
2015-08-07 15:26:33,063 [8] ERROR - Checkpoint 5: "305bbc2b43542b3d0203daffe9073c3cba5b47d9" = "61f048fc016c13ea5cdfa6416c6e6ef9532716b8" Ê§°Ü
2015-08-07 15:26:33,066 [8] ERROR - Failed to log checkpoint status:
2015-08-07 15:26:33,066 [8] ERROR - System.Collections.Generic.KeyNotFoundException: The given key was not present in the dictionary.
   at System.Collections.Generic.Dictionary`2.get_Item(TKey key)
   at HP.ST.Fwk.RunTimeFWK.CheckpointFWK.ReportImpl.WriteCPToLog(Dictionary`2 reportData, ILog log)
   at HP.ST.Fwk.RunTimeFWK.CheckpointFWK.ReportImpl.ReportToInternalLog(ISTRunTimeContext context, Dictionary`2 reportData)
2015-08-07 15:26:33,066 [8] ERROR - Failed to log checkpoint status:
2015-08-07 15:26:33,067 [8] ERROR - System.Collections.Generic.KeyNotFoundException: The given key was not present in the dictionary.
   at System.Collections.Generic.Dictionary`2.get_Item(TKey key)
   at HP.ST.Fwk.RunTimeFWK.CheckpointFWK.ReportImpl.WriteCPToLog(Dictionary`2 reportData, ILog log)
   at HP.ST.Fwk.RunTimeFWK.CheckpointFWK.ReportImpl.ReportToInternalLog(ISTRunTimeContext context, Dictionary`2 reportData)
