2015-08-25 17:04:15,519 [7] ERROR - Checkpoint 2: "21" = "37" Ê§°Ü
2015-08-25 17:04:15,530 [7] ERROR - Failed to log checkpoint status:
2015-08-25 17:04:15,530 [7] ERROR - System.Collections.Generic.KeyNotFoundException: The given key was not present in the dictionary.
   at System.Collections.Generic.Dictionary`2.get_Item(TKey key)
   at HP.ST.Fwk.RunTimeFWK.CheckpointFWK.ReportImpl.WriteCPToLog(Dictionary`2 reportData, ILog log)
   at HP.ST.Fwk.RunTimeFWK.CheckpointFWK.ReportImpl.ReportToInternalLog(ISTRunTimeContext context, Dictionary`2 reportData)
2015-08-25 17:04:15,548 [7] ERROR - Failed to log checkpoint status:
2015-08-25 17:04:15,548 [7] ERROR - System.Collections.Generic.KeyNotFoundException: The given key was not present in the dictionary.
   at System.Collections.Generic.Dictionary`2.get_Item(TKey key)
   at HP.ST.Fwk.RunTimeFWK.CheckpointFWK.ReportImpl.WriteCPToLog(Dictionary`2 reportData, ILog log)
   at HP.ST.Fwk.RunTimeFWK.CheckpointFWK.ReportImpl.ReportToInternalLog(ISTRunTimeContext context, Dictionary`2 reportData)
2015-08-25 17:05:38,924 [7] ERROR - Checkpoint 5: "72738f03c2eb66d693992576857807ee7718b2fc" = "61f048fc016c13ea5cdfa6416c6e6ef9532716b8" Ê§°Ü
2015-08-25 17:05:38,926 [7] ERROR - Failed to log checkpoint status:
2015-08-25 17:05:38,926 [7] ERROR - System.Collections.Generic.KeyNotFoundException: The given key was not present in the dictionary.
   at System.Collections.Generic.Dictionary`2.get_Item(TKey key)
   at HP.ST.Fwk.RunTimeFWK.CheckpointFWK.ReportImpl.WriteCPToLog(Dictionary`2 reportData, ILog log)
   at HP.ST.Fwk.RunTimeFWK.CheckpointFWK.ReportImpl.ReportToInternalLog(ISTRunTimeContext context, Dictionary`2 reportData)
2015-08-25 17:05:38,926 [7] ERROR - Failed to log checkpoint status:
2015-08-25 17:05:38,926 [7] ERROR - System.Collections.Generic.KeyNotFoundException: The given key was not present in the dictionary.
   at System.Collections.Generic.Dictionary`2.get_Item(TKey key)
   at HP.ST.Fwk.RunTimeFWK.CheckpointFWK.ReportImpl.WriteCPToLog(Dictionary`2 reportData, ILog log)
   at HP.ST.Fwk.RunTimeFWK.CheckpointFWK.ReportImpl.ReportToInternalLog(ISTRunTimeContext context, Dictionary`2 reportData)
