2015-08-25 17:04:15,048 [7] INFO  - 步骤“开始”: 步骤“开始”已启动
2015-08-25 17:04:15,059 [7] INFO  - 步骤“开始”已成功结束
2015-08-25 17:04:15,061 [7] INFO  - 步骤“测试流”: 步骤“测试流”已启动
2015-08-25 17:04:15,392 [7] INFO  - 步骤“迭代 1”: 步骤“迭代 1”已启动
2015-08-25 17:04:15,394 [7] INFO  - 步骤“连接到mysql数据库”: 步骤“连接到mysql数据库”已启动
2015-08-25 17:04:15,400 [7] INFO  - 步骤“连接到mysql数据库”: Connection string: DSN=localhost;Uid=root;Pwd={PWD};
2015-08-25 17:04:15,410 [7] INFO  - 步骤“连接到mysql数据库”已成功结束
2015-08-25 17:04:15,412 [7] INFO  - 步骤“获取到tb_leaveRoom_verification表有效行数”: 步骤“获取到tb_leaveRoom_verification表有效行数”已启动
2015-08-25 17:04:15,519 [7] ERROR - Checkpoint 2: "21" = "37" 失败
2015-08-25 17:04:15,549 [7] INFO  - 步骤“获取到tb_leaveRoom_verification表有效行数”已成功结束
2015-08-25 17:04:15,551 [7] INFO  - 步骤“查询全局表中groupJid”: 步骤“查询全局表中groupJid”已启动
2015-08-25 17:04:15,555 [7] INFO  - 步骤“查询全局表中groupJid”已成功结束
2015-08-25 17:04:15,557 [7] INFO  - 步骤“查询tb_global_table表中ResponseXsid值”: 步骤“查询tb_global_table表中ResponseXsid值”已启动
2015-08-25 17:04:15,561 [7] INFO  - 步骤“查询tb_global_table表中ResponseXsid值”已成功结束
2015-08-25 17:04:15,562 [7] INFO  - 步骤“获取全局表中用户名密码”: 步骤“获取全局表中用户名密码”已启动
2015-08-25 17:04:15,566 [7] INFO  - 步骤“获取全局表中用户名密码”已成功结束
2015-08-25 17:04:15,567 [7] INFO  - 步骤“将需要加密的信息赋值到全局表中EncryptionStr”: 步骤“将需要加密的信息赋值到全局表中EncryptionStr”已启动
2015-08-25 17:04:15,614 [7] INFO  - 步骤“将需要加密的信息赋值到全局表中EncryptionStr”已成功结束
2015-08-25 17:04:15,617 [7] INFO  - 步骤“Encryption.SHA1”: 步骤“Encryption.SHA1”已启动
2015-08-25 17:05:14,791 [7] INFO  - 步骤“Encryption.SHA1”已成功结束
2015-08-25 17:05:14,796 [7] INFO  - 步骤“查询出全局表中EncryptionResult字段”: 步骤“查询出全局表中EncryptionResult字段”已启动
2015-08-25 17:05:14,802 [7] INFO  - 步骤“查询出全局表中EncryptionResult字段”已成功结束
2015-08-25 17:05:14,804 [7] INFO  - 步骤“Encryption.SHA1”: 步骤“Encryption.SHA1”已启动
2015-08-25 17:05:36,899 [7] INFO  - 步骤“Encryption.SHA1”已成功结束
2015-08-25 17:05:36,901 [7] INFO  - 步骤“查询出全局表中EncryptionResult字段”: 步骤“查询出全局表中EncryptionResult字段”已启动
2015-08-25 17:05:36,904 [7] INFO  - 步骤“查询出全局表中EncryptionResult字段”已成功结束
2015-08-25 17:05:36,905 [7] INFO  - 步骤“调用登录接口进行学生登录操作”: 步骤“调用登录接口进行学生登录操作”已启动
2015-08-25 17:05:37,009 [7] INFO  - 步骤“调用登录接口进行学生登录操作”: 提取 HTTP URL: 'http://yace-sso.365ime.com/sso/authorize'
2015-08-25 17:05:38,330 [7] INFO  - 步骤“调用登录接口进行学生登录操作”: 服务器返回了状态代码: 200
2015-08-25 17:05:38,331 [7] INFO  - 步骤“调用登录接口进行学生登录操作”: HTTP 原始请求:
2015-08-25 17:05:38,332 [7] INFO  - 步骤“调用登录接口进行学生登录操作”: POST http://yace-sso.365ime.com/sso/authorize 1.1
Content-Type: application/x-www-form-urlencoded
Host: yace-sso.365ime.com
Content-Length: 204
Expect: 100-continue
Connection: Keep-Alive
username=77401230&response_type=xsid&sha1shadow=7c222fb2927d828af22f592134e8932480637c0d&logintype=username&ver=2.6.9&client_id=ime_android&password=hjkj&md5shadow=7c222fb2927d828af22f592134e8932480637c0d

2015-08-25 17:05:38,333 [7] INFO  - 步骤“调用登录接口进行学生登录操作”: HTTP 原始响应:
2015-08-25 17:05:38,334 [7] INFO  - 步骤“调用登录接口进行学生登录操作”: HTTP/1.1 200 OK
Transfer-Encoding: chunked
Connection: keep-alive
Vary: Accept-Encoding,Accept-Encoding
Content-Type: text/html
Date: Tue, 25 Aug 2015 09:05:39 GMT
Set-Cookie: SERVERID=61def84601bb160c1a7eac976c6c91ff|1440493539|1440493539;Path=/
X-Powered-By: PHP/5.5.9-1ubuntu4.9
{"error":"","xsid":"x_071ah66781r2j10ab407b3c7aedfga9fq0rbf0t2h0aai0ub0f0d066cutj8c1","jid":"77401230@365ime.com","message":"success","pfr":{"type":"teacher","xms":["101.201.174.84:80"]}}
2015-08-25 17:05:38,339 [7] INFO  - 步骤“调用登录接口进行学生登录操作”已成功结束
2015-08-25 17:05:38,345 [7] INFO  - 步骤“将登录接口返回的response转换为JSON”: 步骤“将登录接口返回的response转换为JSON”已启动
2015-08-25 17:05:38,454 [7] INFO  - 步骤“将登录接口返回的response转换为JSON”已成功结束
2015-08-25 17:05:38,455 [7] INFO  - 步骤“循环执行tb_leaveRoom_verification中的测试用例”: 步骤“循环执行tb_leaveRoom_verification中的测试用例”已启动
2015-08-25 17:05:38,462 [7] INFO  - 步骤“迭代 1”: 步骤“迭代 1”已启动
2015-08-25 17:05:38,463 [7] INFO  - 步骤“调用发起加群申请请求”: 步骤“调用发起加群申请请求”已启动
2015-08-25 17:05:38,464 [7] INFO  - 步骤“调用发起加群申请请求”: 提取 HTTP URL: 'http://yace-sso.365ime.com/api/ClientFriendRequest/create'
2015-08-25 17:05:38,625 [7] INFO  - 步骤“调用发起加群申请请求”: 服务器返回了状态代码: 200
2015-08-25 17:05:38,627 [7] INFO  - 步骤“调用发起加群申请请求”: HTTP 原始请求:
2015-08-25 17:05:38,628 [7] INFO  - 步骤“调用发起加群申请请求”: POST http://yace-sso.365ime.com/api/ClientFriendRequest/create 1.1
Content-Type: application/x-www-form-urlencoded
Host: yace-sso.365ime.com
Content-Length: 201
Expect: 100-continue
message=你好，我是张坤老师2.让我加入你们的群会话吧&receiver_jid=e6c8f10cc84e400fbb2e1b22fd7e22d3@muc.365ime.com&xsid=x_021at4j48cc115hc644atbj52bbd3132n7a9dd0990c872t9q596a3ieu0006u

2015-08-25 17:05:38,629 [7] INFO  - 步骤“调用发起加群申请请求”: HTTP 原始响应:
2015-08-25 17:05:38,630 [7] INFO  - 步骤“调用发起加群申请请求”: HTTP/1.1 200 OK
Transfer-Encoding: chunked
Connection: keep-alive
Vary: Accept-Encoding
Content-Type: application/json; charset=utf-8
Date: Tue, 25 Aug 2015 09:05:39 GMT
Set-Cookie: SERVERID=61def84601bb160c1a7eac976c6c91ff|1440493539|1440493539;Path=/
X-Powered-By: PHP/5.5.9-1ubuntu4.9
{"errorCode":1,"errorMessage":"no such jid e6c8f10cc84e400fbb2e1b22fd7e22d3@muc.365ime.com"}
2015-08-25 17:05:38,632 [7] INFO  - 步骤“调用发起加群申请请求”已成功结束
2015-08-25 17:05:38,633 [7] INFO  - 步骤“调用获取所有请求申请接口”: 步骤“调用获取所有请求申请接口”已启动
2015-08-25 17:05:38,634 [7] INFO  - 步骤“调用获取所有请求申请接口”: 提取 HTTP URL: 'http://yace-sso.365ime.com/api/ClientFriendRequest/all'
2015-08-25 17:05:38,770 [7] INFO  - 步骤“调用获取所有请求申请接口”: 服务器返回了状态代码: 200
2015-08-25 17:05:38,773 [7] INFO  - 步骤“调用获取所有请求申请接口”: HTTP 原始请求:
2015-08-25 17:05:38,774 [7] INFO  - 步骤“调用获取所有请求申请接口”: POST http://yace-sso.365ime.com/api/ClientFriendRequest/all 1.1
Content-Type: application/x-www-form-urlencoded
Host: yace-sso.365ime.com
Content-Length: 69
Expect: 100-continue
xsid=x_081a618cr83fibb60080k7nbdcg29emdq718s0w0a9icuf030f026buatj8c1h

2015-08-25 17:05:38,774 [7] INFO  - 步骤“调用获取所有请求申请接口”: HTTP 原始响应:
2015-08-25 17:05:38,813 [7] INFO  - 步骤“调用获取所有请求申请接口”: HTTP/1.1 200 OK
Transfer-Encoding: chunked
Connection: keep-alive
Vary: Accept-Encoding,Accept-Encoding
Content-Type: text/html
Date: Tue, 25 Aug 2015 09:05:39 GMT
Set-Cookie: SERVERID=61def84601bb160c1a7eac976c6c91ff|1440493539|1440493539;Path=/
X-Powered-By: PHP/5.5.9-1ubuntu4.9
{
    "errorCode": -1,
    "errorType": "RuntimeException",
    "error": "invalid token"
}
2015-08-25 17:05:38,814 [7] INFO  - 步骤“调用获取所有请求申请接口”已成功结束
2015-08-25 17:05:38,815 [7] INFO  - 步骤“获取教师账号中所有的请求申请”: 步骤“获取教师账号中所有的请求申请”已启动
2015-08-25 17:05:38,849 [7] INFO  - 步骤“获取教师账号中所有的请求申请”已成功结束
2015-08-25 17:05:38,851 [7] INFO  - 步骤“调用同意申请接口”: 步骤“调用同意申请接口”已启动
2015-08-25 17:05:38,853 [7] INFO  - 步骤“调用同意申请接口”: 提取 HTTP URL: 'http://yace-sso.365ime.com/api/ClientFriendRequest/approve'
2015-08-25 17:05:38,908 [7] INFO  - 步骤“调用同意申请接口”: 服务器返回了状态代码: 200
2015-08-25 17:05:38,910 [7] INFO  - 步骤“调用同意申请接口”: HTTP 原始请求:
2015-08-25 17:05:38,912 [7] INFO  - 步骤“调用同意申请接口”: POST http://yace-sso.365ime.com/api/ClientFriendRequest/approve 1.1
Content-Type: application/x-www-form-urlencoded
Host: yace-sso.365ime.com
Content-Length: 97
Expect: 100-continue
id=System.Xml.XPathNodeList&xsid=x_081a618cr83fibb60080k7nbdcg29emdq718s0w0a9icuf030f026buatj8c1h

2015-08-25 17:05:38,913 [7] INFO  - 步骤“调用同意申请接口”: HTTP 原始响应:
2015-08-25 17:05:38,914 [7] INFO  - 步骤“调用同意申请接口”: HTTP/1.1 200 OK
Transfer-Encoding: chunked
Connection: keep-alive
Vary: Accept-Encoding,Accept-Encoding
Content-Type: text/html
Date: Tue, 25 Aug 2015 09:05:39 GMT
Set-Cookie: SERVERID=61def84601bb160c1a7eac976c6c91ff|1440493539|1440493539;Path=/
X-Powered-By: PHP/5.5.9-1ubuntu4.9
{
    "errorCode": -1,
    "errorType": "RuntimeException",
    "error": "invalid token"
}
2015-08-25 17:05:38,917 [7] INFO  - 步骤“调用同意申请接口”已成功结束
2015-08-25 17:05:38,918 [7] INFO  - 步骤“查询tb_leaveRoom_verification表中字段信息”: 步骤“查询tb_leaveRoom_verification表中字段信息”已启动
2015-08-25 17:05:38,924 [7] ERROR - Checkpoint 5: "72738f03c2eb66d693992576857807ee7718b2fc" = "61f048fc016c13ea5cdfa6416c6e6ef9532716b8" 失败
2015-08-25 17:05:38,928 [7] INFO  - 步骤“查询tb_leaveRoom_verification表中字段信息”已成功结束
2015-08-25 17:05:38,930 [7] INFO  - 步骤“更新本地表中groupid字段”: 步骤“更新本地表中groupid字段”已启动
2015-08-25 17:05:38,989 [7] INFO  - 步骤“更新本地表中groupid字段”: 输入参数“源字符串”，值:“b84ff35507754b1db1631c26abdc61f0@muc.365ime.com”
2015-08-25 17:05:38,991 [7] INFO  - 步骤“更新本地表中groupid字段”: 输入参数“搜索字符串 1”，值:“'b84ff35507754b1db1631c26abdc61f0@muc.365ime.com'”
2015-08-25 17:05:38,992 [7] INFO  - 步骤“更新本地表中groupid字段”: 输入参数“替换字符串 1”，值:“'e6c8f10cc84e400fbb2e1b22fd7e22d3@muc.365ime.com'”
2015-08-25 17:05:38,993 [7] INFO  - 步骤“更新本地表中groupid字段”: 输出参数“结果”，值:“e6c8f10cc84e400fbb2e1b22fd7e22d3@muc.365ime.com”
2015-08-25 17:05:38,995 [7] INFO  - 步骤“更新本地表中groupid字段”已成功结束
2015-08-25 17:05:38,996 [7] INFO  - 步骤“对于本地表中token进行加密”: 步骤“对于本地表中token进行加密”已启动
2015-08-25 17:05:39,026 [7] INFO  - 步骤“对于本地表中token进行加密”已成功结束
2015-08-25 17:05:39,026 [7] INFO  - 步骤“Encryption.SHA1”: 步骤“Encryption.SHA1”已启动
2015-08-25 17:06:50,648 [7] INFO  - 步骤“Encryption.SHA1”已成功结束
2015-08-25 17:06:50,648 [7] INFO  - 步骤“获取加密后的信息”: 步骤“获取加密后的信息”已启动
2015-08-25 17:06:50,650 [7] INFO  - 步骤“获取加密后的信息”已成功结束
2015-08-25 17:06:50,651 [7] INFO  - 步骤“更新本地表中token字段”: 步骤“更新本地表中token字段”已启动
2015-08-25 17:06:50,652 [7] INFO  - 步骤“更新本地表中token字段”: 输入参数“源字符串”，值:“72738f03c2eb66d693992576857807ee7718b2fc”
2015-08-25 17:06:50,653 [7] INFO  - 步骤“更新本地表中token字段”: 输入参数“搜索字符串 1”，值:“'72738f03c2eb66d693992576857807ee7718b2fc'”
2015-08-25 17:06:50,653 [7] INFO  - 步骤“更新本地表中token字段”: 输入参数“替换字符串 1”，值:“'6b69ebf096dca700d4887ad73a9124a820cfff29'”
2015-08-25 17:06:50,654 [7] INFO  - 步骤“更新本地表中token字段”: 输出参数“结果”，值:“6b69ebf096dca700d4887ad73a9124a820cfff29”
2015-08-25 17:06:50,655 [7] INFO  - 步骤“更新本地表中token字段”已成功结束
2015-08-25 17:06:50,655 [7] INFO  - 步骤“更新本地表中xsid字段”: 步骤“更新本地表中xsid字段”已启动
2015-08-25 17:06:50,656 [7] INFO  - 步骤“更新本地表中xsid字段”: 输入参数“源字符串”，值:“”
2015-08-25 17:06:50,657 [7] INFO  - 步骤“更新本地表中xsid字段”: 输入参数“搜索字符串 1”，值:“'x_1f1a0e62u0t5j480c916h26642tc3didb95f5an861da049516m0y7pd5aiu00'”
2015-08-25 17:06:50,657 [7] INFO  - 步骤“更新本地表中xsid字段”: 输入参数“替换字符串 1”，值:“'x_021at4j48cc115hc644atbj52bbd3132n7a9dd0990c872t9q596a3ieu0006u'”
2015-08-25 17:06:50,658 [7] INFO  - 步骤“更新本地表中xsid字段”: 输入参数“区分大小写”，值:“True”
2015-08-25 17:06:50,658 [7] INFO  - 步骤“更新本地表中xsid字段”: 输出参数“结果”，值:“”
2015-08-25 17:06:50,659 [7] INFO  - 步骤“更新本地表中xsid字段”已成功结束
2015-08-25 17:06:50,660 [7] INFO  - 步骤“调用/xmp/leave.php”: 步骤“调用/xmp/leave.php”已启动
2015-08-25 17:06:50,661 [7] INFO  - 步骤“调用/xmp/leave.php”: 提取 HTTP URL: 'http://yace-iq.365ime.com/xmp/leave.php'
2015-08-25 17:06:50,903 [7] INFO  - 步骤“调用/xmp/leave.php”: 服务器返回了状态代码: 200
2015-08-25 17:06:50,905 [7] INFO  - 步骤“调用/xmp/leave.php”: HTTP 原始请求:
2015-08-25 17:06:50,908 [7] INFO  - 步骤“调用/xmp/leave.php”: POST http://yace-iq.365ime.com/xmp/leave.php 1.1
Content-Type: application/x-www-form-urlencoded
Host: yace-iq.365ime.com
Content-Length: 132
Connection: Keep-Alive
roomJid=e6c8f10cc84e400fbb2e1b22fd7e22d3@muc.365ime.com&token=6b69ebf096dca700d4887ad73a9124a820cfff29&xsid=&Jid=77401171@365ime.com

2015-08-25 17:06:50,910 [7] INFO  - 步骤“调用/xmp/leave.php”: HTTP 原始响应:
2015-08-25 17:06:50,912 [7] INFO  - 步骤“调用/xmp/leave.php”: HTTP/1.1 200 OK
Access-Control-Allow-Origin: *
Transfer-Encoding: chunked
Content-Type: text/html;charset=UTF-8
Date: Tue, 25 Aug 2015 09:07:03 GMT
Server: Apache-Coyote/1.1
{"errorMessage":"Parameter is error !","errorCode":"1"}

2015-08-25 17:06:50,915 [7] INFO  - 步骤“调用/xmp/leave.php”已成功结束
2015-08-25 17:06:50,919 [7] INFO  - 步骤“获取返回值转换为JSON”: 步骤“获取返回值转换为JSON”已启动
2015-08-25 17:06:50,926 [7] INFO  - 步骤“获取返回值转换为JSON”已成功结束
2015-08-25 17:06:50,927 [7] INFO  - 步骤“将获取到的JSON插入到sql中”: 步骤“将获取到的JSON插入到sql中”已启动
2015-08-25 17:06:51,032 [7] INFO  - 步骤“将获取到的JSON插入到sql中”已成功结束
2015-08-25 17:06:51,033 [7] INFO  - 步骤“将errorcode更新到sql中”: 步骤“将errorcode更新到sql中”已启动
2015-08-25 17:06:51,155 [7] INFO  - 步骤“将errorcode更新到sql中”已成功结束
2015-08-25 17:06:51,159 [7] INFO  - 步骤“获取当前Case的实际值”: 步骤“获取当前Case的实际值”已启动
2015-08-25 17:06:51,169 [7] INFO  - 步骤“获取当前Case的实际值”已成功结束
2015-08-25 17:06:51,173 [7] INFO  - 步骤“获取当前Case的期待值”: 步骤“获取当前Case的期待值”已启动
2015-08-25 17:06:51,180 [7] INFO  - 步骤“获取当前Case的期待值”已成功结束
2015-08-25 17:06:51,182 [7] INFO  - 步骤“填写Result”: 步骤“填写Result”已启动
2015-08-25 17:06:51,196 [7] INFO  - 步骤“IfElse64”: 计算方式: 使用条件
2015-08-25 17:06:51,197 [7] INFO  - 步骤“否”: 步骤“否”已启动
2015-08-25 17:06:51,199 [7] INFO  - 步骤“在Result字段插入False”: 步骤“在Result字段插入False”已启动
2015-08-25 17:06:51,232 [7] INFO  - 步骤“在Result字段插入False”已成功结束
2015-08-25 17:06:51,234 [7] INFO  - 步骤“否”已成功结束
2015-08-25 17:06:51,236 [7] INFO  - 步骤“填写Result”已成功结束
2015-08-25 17:06:51,238 [7] INFO  - 步骤“迭代 1”已成功结束
2015-08-25 17:06:51,240 [7] INFO  - 步骤“循环执行tb_leaveRoom_verification中的测试用例”已成功结束
2015-08-25 17:06:51,241 [7] INFO  - 步骤“调用发起加群申请请求”: 步骤“调用发起加群申请请求”已启动
2015-08-25 17:06:51,243 [7] INFO  - 步骤“调用发起加群申请请求”: 提取 HTTP URL: 'http://yace-sso.365ime.com/api/ClientFriendRequest/create'
2015-08-25 17:06:51,379 [7] INFO  - 步骤“调用发起加群申请请求”: 服务器返回了状态代码: 200
2015-08-25 17:06:51,380 [7] INFO  - 步骤“调用发起加群申请请求”: HTTP 原始请求:
2015-08-25 17:06:51,381 [7] INFO  - 步骤“调用发起加群申请请求”: POST http://yace-sso.365ime.com/api/ClientFriendRequest/create 1.1
Content-Type: application/x-www-form-urlencoded
Host: yace-sso.365ime.com
Content-Length: 201
Expect: 100-continue
message=你好，我是张坤老师2.让我加入你们的群会话吧&receiver_jid=e6c8f10cc84e400fbb2e1b22fd7e22d3@muc.365ime.com&xsid=x_021at4j48cc115hc644atbj52bbd3132n7a9dd0990c872t9q596a3ieu0006u

2015-08-25 17:06:51,381 [7] INFO  - 步骤“调用发起加群申请请求”: HTTP 原始响应:
2015-08-25 17:06:51,382 [7] INFO  - 步骤“调用发起加群申请请求”: HTTP/1.1 200 OK
Transfer-Encoding: chunked
Connection: keep-alive
Vary: Accept-Encoding
Content-Type: application/json; charset=utf-8
Date: Tue, 25 Aug 2015 09:06:52 GMT
Set-Cookie: SERVERID=61def84601bb160c1a7eac976c6c91ff|1440493612|1440493612;Path=/
X-Powered-By: PHP/5.5.9-1ubuntu4.9
{"errorCode":1,"errorMessage":"no such jid e6c8f10cc84e400fbb2e1b22fd7e22d3@muc.365ime.com"}
2015-08-25 17:06:51,383 [7] INFO  - 步骤“调用发起加群申请请求”已成功结束
2015-08-25 17:06:51,384 [7] INFO  - 步骤“调用获取所有请求申请接口”: 步骤“调用获取所有请求申请接口”已启动
2015-08-25 17:06:51,385 [7] INFO  - 步骤“调用获取所有请求申请接口”: 提取 HTTP URL: 'http://yace-sso.365ime.com/api/ClientFriendRequest/all'
2015-08-25 17:06:51,441 [7] INFO  - 步骤“调用获取所有请求申请接口”: 服务器返回了状态代码: 200
2015-08-25 17:06:51,442 [7] INFO  - 步骤“调用获取所有请求申请接口”: HTTP 原始请求:
2015-08-25 17:06:51,442 [7] INFO  - 步骤“调用获取所有请求申请接口”: POST http://yace-sso.365ime.com/api/ClientFriendRequest/all 1.1
Content-Type: application/x-www-form-urlencoded
Host: yace-sso.365ime.com
Content-Length: 69
Expect: 100-continue
xsid=x_081a618cr83fibb60080k7nbdcg29emdq718s0w0a9icuf030f026buatj8c1h

2015-08-25 17:06:51,443 [7] INFO  - 步骤“调用获取所有请求申请接口”: HTTP 原始响应:
2015-08-25 17:06:51,444 [7] INFO  - 步骤“调用获取所有请求申请接口”: HTTP/1.1 200 OK
Transfer-Encoding: chunked
Connection: keep-alive
Vary: Accept-Encoding,Accept-Encoding
Content-Type: text/html
Date: Tue, 25 Aug 2015 09:06:52 GMT
Set-Cookie: SERVERID=61def84601bb160c1a7eac976c6c91ff|1440493612|1440493612;Path=/
X-Powered-By: PHP/5.5.9-1ubuntu4.9
{
    "errorCode": -1,
    "errorType": "RuntimeException",
    "error": "invalid token"
}
2015-08-25 17:06:51,446 [7] INFO  - 步骤“调用获取所有请求申请接口”已成功结束
2015-08-25 17:06:51,447 [7] INFO  - 步骤“获取教师账号中所有的请求申请”: 步骤“获取教师账号中所有的请求申请”已启动
2015-08-25 17:06:51,448 [7] INFO  - 步骤“获取教师账号中所有的请求申请”已成功结束
2015-08-25 17:06:51,449 [7] INFO  - 步骤“调用同意申请接口”: 步骤“调用同意申请接口”已启动
2015-08-25 17:06:51,451 [7] INFO  - 步骤“调用同意申请接口”: 提取 HTTP URL: 'http://yace-sso.365ime.com/api/ClientFriendRequest/approve'
2015-08-25 17:06:51,616 [7] INFO  - 步骤“调用同意申请接口”: 服务器返回了状态代码: 200
2015-08-25 17:06:51,618 [7] INFO  - 步骤“调用同意申请接口”: HTTP 原始请求:
2015-08-25 17:06:51,621 [7] INFO  - 步骤“调用同意申请接口”: POST http://yace-sso.365ime.com/api/ClientFriendRequest/approve 1.1
Content-Type: application/x-www-form-urlencoded
Host: yace-sso.365ime.com
Content-Length: 97
Expect: 100-continue
id=System.Xml.XPathNodeList&xsid=x_071ah66781r2j10ab407b3c7aedfga9fq0rbf0t2h0aai0ub0f0d066cutj8c1

2015-08-25 17:06:51,623 [7] INFO  - 步骤“调用同意申请接口”: HTTP 原始响应:
2015-08-25 17:06:51,625 [7] INFO  - 步骤“调用同意申请接口”: HTTP/1.1 200 OK
Transfer-Encoding: chunked
Connection: keep-alive
Vary: Accept-Encoding
Content-Type: application/json; charset=utf-8
Date: Tue, 25 Aug 2015 09:06:52 GMT
Set-Cookie: SERVERID=61def84601bb160c1a7eac976c6c91ff|1440493612|1440493612;Path=/
X-Powered-By: PHP/5.5.9-1ubuntu4.9
{"errorCode":1,"errorMessage":"access denied"}
2015-08-25 17:06:51,630 [7] INFO  - 步骤“调用同意申请接口”已成功结束
2015-08-25 17:06:51,632 [7] INFO  - 步骤“对/xmp/createGroup.php接口token实行加密”: 步骤“对/xmp/createGroup.php接口token实行加密”已启动
2015-08-25 17:06:51,675 [7] INFO  - 步骤“对/xmp/createGroup.php接口token实行加密”已成功结束
2015-08-25 17:06:51,677 [7] INFO  - 步骤“Encryption.SHA1”: 步骤“Encryption.SHA1”已启动
2015-08-25 17:07:13,047 [7] INFO  - 步骤“Encryption.SHA1”已成功结束
2015-08-25 17:07:13,050 [7] INFO  - 步骤“查询出加密后EncryptionResult字段的值”: 步骤“查询出加密后EncryptionResult字段的值”已启动
2015-08-25 17:07:13,053 [7] INFO  - 步骤“查询出加密后EncryptionResult字段的值”已成功结束
2015-08-25 17:07:13,054 [7] INFO  - 步骤“调用/xmp/leave.php”: 步骤“调用/xmp/leave.php”已启动
2015-08-25 17:07:13,056 [7] INFO  - 步骤“调用/xmp/leave.php”: 提取 HTTP URL: 'http://yace-iq.365ime.com/xmp/leave.php'
2015-08-25 17:07:13,131 [7] INFO  - 步骤“调用/xmp/leave.php”: 服务器返回了状态代码: 200
2015-08-25 17:07:13,132 [7] INFO  - 步骤“调用/xmp/leave.php”: HTTP 原始请求:
2015-08-25 17:07:13,132 [7] INFO  - 步骤“调用/xmp/leave.php”: POST http://yace-iq.365ime.com/xmp/leave.php 1.1
Content-Type: application/x-www-form-urlencoded
Host: yace-iq.365ime.com
Content-Length: 196
roomJid=e6c8f10cc84e400fbb2e1b22fd7e22d3@muc.365ime.com&token=b8ebaf372ead7b51c762617fe18b8341b5c0d0e9&xsid=x_081a618cr83fibb60080k7nbdcg29emdq718s0w0a9icuf030f026buatj8c1h&Jid=77401230@365ime.com

2015-08-25 17:07:13,133 [7] INFO  - 步骤“调用/xmp/leave.php”: HTTP 原始响应:
2015-08-25 17:07:13,133 [7] INFO  - 步骤“调用/xmp/leave.php”: HTTP/1.1 200 OK
Access-Control-Allow-Origin: *
Transfer-Encoding: chunked
Content-Type: text/html;charset=UTF-8
Date: Tue, 25 Aug 2015 09:07:25 GMT
Server: Apache-Coyote/1.1
{"errorMessage":"invalid xsid !","errorCode":"1"}

2015-08-25 17:07:13,134 [7] INFO  - 步骤“调用/xmp/leave.php”已成功结束
2015-08-25 17:07:13,135 [7] INFO  - 步骤“将接口返回的Json更新至tb_result_table”: 步骤“将接口返回的Json更新至tb_result_table”已启动
2015-08-25 17:07:13,253 [7] INFO  - 步骤“将接口返回的Json更新至tb_result_table”已成功结束
2015-08-25 17:07:13,257 [7] INFO  - 步骤“迭代 1”已成功结束
2015-08-25 17:07:13,258 [7] INFO  - 步骤“测试流”已成功结束
2015-08-25 17:07:13,790 [7] INFO  - 步骤“结束”: 步骤“结束”已启动
2015-08-25 17:07:13,864 [7] INFO  - 步骤“结束”已成功结束
